Building DAG of jobs...
Using shell: /usr/bin/bash
Provided cluster nodes: 96
Job stats:
job                   count
------------------  -------
R_ldsc_gls                2
all                       1
gls_loadings_chrom       44
plot_bc                   1
plot_metab                1
topsnps_fctgls           22
total                    71

Select jobs to execute...

[Thu Oct  3 19:26:46 2024]
localrule plot_metab:
    input: ../../results/applied_analysis/gfa_results/metab_gfa_gfaseed1_cn100.ldpruned_r20.01_kb1000_pvalue_jitter0_0.R_ldsc.final.RDS
    output: ../../results/applied_analysis/plots/metab_plot.gfaseed1_cn100.ldpruned_r20.01_kb1000_pvalue_jitter0_0.R_ldsc.png
    jobid: 65
    reason: Missing output files: ../../results/applied_analysis/plots/metab_plot.gfaseed1_cn100.ldpruned_r20.01_kb1000_pvalue_jitter0_0.R_ldsc.png
    wildcards: analysis=gfaseed1_cn100.ldpruned_r20.01_kb1000_pvalue_jitter0_0.R_ldsc
    resources: mem_mb=1000, mem_mib=954, disk_mb=1000, disk_mib=954, tmpdir=/tmp

[Thu Oct  3 19:26:46 2024]
rule gls_loadings_chrom:
    input: ../../data/gfa_intermediate_data/metab_zmat.14.RDS, ../../results/applied_analysis/gfa_results/metab_gfa_gfaseed1_cn100.ldpruned_r20.01_kb1000_pvalue_jitter0_0.R_ldsc.final.RDS, ../../data/gfa_intermediate_data/metab_R_estimate.R_ldsc.RDS
    output: ../../results/applied_analysis/gfa_results/metab_gls_loadings.gfaseed1_cn100.ldpruned_r20.01_kb1000_pvalue_jitter0_0.R_ldsc.14.RDS
    jobid: 172
    reason: Missing output files: ../../results/applied_analysis/gfa_results/metab_gls_loadings.gfaseed1_cn100.ldpruned_r20.01_kb1000_pvalue_jitter0_0.R_ldsc.14.RDS
    wildcards: prefix=metab, fs=1_cn100, ldstring=r20.01_kb1000_pvalue_jitter0_0, Rstring=ldsc, chrom=14
    resources: mem_mb=1000, mem_mib=954, disk_mb=1000, disk_mib=954, tmpdir=<TBD>

Submitted job 172 with external jobid 'Submitted batch job 14980239'.

[Thu Oct  3 19:26:46 2024]
rule gls_loadings_chrom:
    input: ../../data/gfa_intermediate_data/bc_zmat.13.RDS, ../../results/applied_analysis/gfa_results/bc_gfa_gfaseed1_cn100.ldpruned_r20.01_kb1000_pvalue_jitter0_0.R_ldsc.final.RDS, ../../data/gfa_intermediate_data/bc_R_estimate.R_ldsc.RDS
    output: ../../results/applied_analysis/gfa_results/bc_gls_loadings.gfaseed1_cn100.ldpruned_r20.01_kb1000_pvalue_jitter0_0.R_ldsc.13.RDS
    jobid: 103
    reason: Missing output files: ../../results/applied_analysis/gfa_results/bc_gls_loadings.gfaseed1_cn100.ldpruned_r20.01_kb1000_pvalue_jitter0_0.R_ldsc.13.RDS
    wildcards: prefix=bc, fs=1_cn100, ldstring=r20.01_kb1000_pvalue_jitter0_0, Rstring=ldsc, chrom=13
    resources: mem_mb=1000, mem_mib=954, disk_mb=1000, disk_mib=954, tmpdir=<TBD>

Submitted job 103 with external jobid 'Submitted batch job 14980240'.

[Thu Oct  3 19:26:46 2024]
rule gls_loadings_chrom:
    input: ../../data/gfa_intermediate_data/metab_zmat.20.RDS, ../../results/applied_analysis/gfa_results/metab_gfa_gfaseed1_cn100.ldpruned_r20.01_kb1000_pvalue_jitter0_0.R_ldsc.final.RDS, ../../data/gfa_intermediate_data/metab_R_estimate.R_ldsc.RDS
    output: ../../results/applied_analysis/gfa_results/metab_gls_loadings.gfaseed1_cn100.ldpruned_r20.01_kb1000_pvalue_jitter0_0.R_ldsc.20.RDS
    jobid: 178
    reason: Missing output files: ../../results/applied_analysis/gfa_results/metab_gls_loadings.gfaseed1_cn100.ldpruned_r20.01_kb1000_pvalue_jitter0_0.R_ldsc.20.RDS
    wildcards: prefix=metab, fs=1_cn100, ldstring=r20.01_kb1000_pvalue_jitter0_0, Rstring=ldsc, chrom=20
    resources: mem_mb=1000, mem_mib=954, disk_mb=1000, disk_mib=954, tmpdir=<TBD>

Submitted job 178 with external jobid 'Submitted batch job 14980241'.

[Thu Oct  3 19:26:46 2024]
rule gls_loadings_chrom:
    input: ../../data/gfa_intermediate_data/metab_zmat.22.RDS, ../../results/applied_analysis/gfa_results/metab_gfa_gfaseed1_cn100.ldpruned_r20.01_kb1000_pvalue_jitter0_0.R_ldsc.final.RDS, ../../data/gfa_intermediate_data/metab_R_estimate.R_ldsc.RDS
    output: ../../results/applied_analysis/gfa_results/metab_gls_loadings.gfaseed1_cn100.ldpruned_r20.01_kb1000_pvalue_jitter0_0.R_ldsc.22.RDS
    jobid: 180
    reason: Missing output files: ../../results/applied_analysis/gfa_results/metab_gls_loadings.gfaseed1_cn100.ldpruned_r20.01_kb1000_pvalue_jitter0_0.R_ldsc.22.RDS
    wildcards: prefix=metab, fs=1_cn100, ldstring=r20.01_kb1000_pvalue_jitter0_0, Rstring=ldsc, chrom=22
    resources: mem_mb=1000, mem_mib=954, disk_mb=1000, disk_mib=954, tmpdir=<TBD>

Submitted job 180 with external jobid 'Submitted batch job 14980242'.

[Thu Oct  3 19:26:46 2024]
rule gls_loadings_chrom:
    input: ../../data/gfa_intermediate_data/bc_zmat.15.RDS, ../../results/applied_analysis/gfa_results/bc_gfa_gfaseed1_cn100.ldpruned_r20.01_kb1000_pvalue_jitter0_0.R_ldsc.final.RDS, ../../data/gfa_intermediate_data/bc_R_estimate.R_ldsc.RDS
    output: ../../results/applied_analysis/gfa_results/bc_gls_loadings.gfaseed1_cn100.ldpruned_r20.01_kb1000_pvalue_jitter0_0.R_ldsc.15.RDS
    jobid: 105
    reason: Missing output files: ../../results/applied_analysis/gfa_results/bc_gls_loadings.gfaseed1_cn100.ldpruned_r20.01_kb1000_pvalue_jitter0_0.R_ldsc.15.RDS
    wildcards: prefix=bc, fs=1_cn100, ldstring=r20.01_kb1000_pvalue_jitter0_0, Rstring=ldsc, chrom=15
    resources: mem_mb=1000, mem_mib=954, disk_mb=1000, disk_mib=954, tmpdir=<TBD>

Submitted job 105 with external jobid 'Submitted batch job 14980243'.

[Thu Oct  3 19:26:46 2024]
rule gls_loadings_chrom:
    input: ../../data/gfa_intermediate_data/bc_zmat.10.RDS, ../../results/applied_analysis/gfa_results/bc_gfa_gfaseed1_cn100.ldpruned_r20.01_kb1000_pvalue_jitter0_0.R_ldsc.final.RDS, ../../data/gfa_intermediate_data/bc_R_estimate.R_ldsc.RDS
    output: ../../results/applied_analysis/gfa_results/bc_gls_loadings.gfaseed1_cn100.ldpruned_r20.01_kb1000_pvalue_jitter0_0.R_ldsc.10.RDS
    jobid: 100
    reason: Missing output files: ../../results/applied_analysis/gfa_results/bc_gls_loadings.gfaseed1_cn100.ldpruned_r20.01_kb1000_pvalue_jitter0_0.R_ldsc.10.RDS
    wildcards: prefix=bc, fs=1_cn100, ldstring=r20.01_kb1000_pvalue_jitter0_0, Rstring=ldsc, chrom=10
    resources: mem_mb=1000, mem_mib=954, disk_mb=1000, disk_mib=954, tmpdir=<TBD>

Submitted job 100 with external jobid 'Submitted batch job 14980244'.

[Thu Oct  3 19:26:46 2024]
rule gls_loadings_chrom:
    input: ../../data/gfa_intermediate_data/metab_zmat.3.RDS, ../../results/applied_analysis/gfa_results/metab_gfa_gfaseed1_cn100.ldpruned_r20.01_kb1000_pvalue_jitter0_0.R_ldsc.final.RDS, ../../data/gfa_intermediate_data/metab_R_estimate.R_ldsc.RDS
    output: ../../results/applied_analysis/gfa_results/metab_gls_loadings.gfaseed1_cn100.ldpruned_r20.01_kb1000_pvalue_jitter0_0.R_ldsc.3.RDS
    jobid: 161
    reason: Missing output files: ../../results/applied_analysis/gfa_results/metab_gls_loadings.gfaseed1_cn100.ldpruned_r20.01_kb1000_pvalue_jitter0_0.R_ldsc.3.RDS
    wildcards: prefix=metab, fs=1_cn100, ldstring=r20.01_kb1000_pvalue_jitter0_0, Rstring=ldsc, chrom=3
    resources: mem_mb=1000, mem_mib=954, disk_mb=1000, disk_mib=954, tmpdir=<TBD>

Submitted job 161 with external jobid 'Submitted batch job 14980245'.

[Thu Oct  3 19:26:46 2024]
rule gls_loadings_chrom:
    input: ../../data/gfa_intermediate_data/metab_zmat.18.RDS, ../../results/applied_analysis/gfa_results/metab_gfa_gfaseed1_cn100.ldpruned_r20.01_kb1000_pvalue_jitter0_0.R_ldsc.final.RDS, ../../data/gfa_intermediate_data/metab_R_estimate.R_ldsc.RDS
    output: ../../results/applied_analysis/gfa_results/metab_gls_loadings.gfaseed1_cn100.ldpruned_r20.01_kb1000_pvalue_jitter0_0.R_ldsc.18.RDS
    jobid: 176
    reason: Missing output files: ../../results/applied_analysis/gfa_results/metab_gls_loadings.gfaseed1_cn100.ldpruned_r20.01_kb1000_pvalue_jitter0_0.R_ldsc.18.RDS
    wildcards: prefix=metab, fs=1_cn100, ldstring=r20.01_kb1000_pvalue_jitter0_0, Rstring=ldsc, chrom=18
    resources: mem_mb=1000, mem_mib=954, disk_mb=1000, disk_mib=954, tmpdir=<TBD>

Submitted job 176 with external jobid 'Submitted batch job 14980246'.

[Thu Oct  3 19:26:46 2024]
rule gls_loadings_chrom:
    input: ../../data/gfa_intermediate_data/bc_zmat.1.RDS, ../../results/applied_analysis/gfa_results/bc_gfa_gfaseed1_cn100.ldpruned_r20.01_kb1000_pvalue_jitter0_0.R_ldsc.final.RDS, ../../data/gfa_intermediate_data/bc_R_estimate.R_ldsc.RDS
    output: ../../results/applied_analysis/gfa_results/bc_gls_loadings.gfaseed1_cn100.ldpruned_r20.01_kb1000_pvalue_jitter0_0.R_ldsc.1.RDS
    jobid: 68
    reason: Missing output files: ../../results/applied_analysis/gfa_results/bc_gls_loadings.gfaseed1_cn100.ldpruned_r20.01_kb1000_pvalue_jitter0_0.R_ldsc.1.RDS
    wildcards: prefix=bc, fs=1_cn100, ldstring=r20.01_kb1000_pvalue_jitter0_0, Rstring=ldsc, chrom=1
    resources: mem_mb=1000, mem_mib=954, disk_mb=1000, disk_mib=954, tmpdir=<TBD>

Submitted job 68 with external jobid 'Submitted batch job 14980247'.

[Thu Oct  3 19:26:47 2024]
rule gls_loadings_chrom:
    input: ../../data/gfa_intermediate_data/bc_zmat.12.RDS, ../../results/applied_analysis/gfa_results/bc_gfa_gfaseed1_cn100.ldpruned_r20.01_kb1000_pvalue_jitter0_0.R_ldsc.final.RDS, ../../data/gfa_intermediate_data/bc_R_estimate.R_ldsc.RDS
    output: ../../results/applied_analysis/gfa_results/bc_gls_loadings.gfaseed1_cn100.ldpruned_r20.01_kb1000_pvalue_jitter0_0.R_ldsc.12.RDS
    jobid: 102
    reason: Missing output files: ../../results/applied_analysis/gfa_results/bc_gls_loadings.gfaseed1_cn100.ldpruned_r20.01_kb1000_pvalue_jitter0_0.R_ldsc.12.RDS
    wildcards: prefix=bc, fs=1_cn100, ldstring=r20.01_kb1000_pvalue_jitter0_0, Rstring=ldsc, chrom=12
    resources: mem_mb=1000, mem_mib=954, disk_mb=1000, disk_mib=954, tmpdir=<TBD>

Submitted job 102 with external jobid 'Submitted batch job 14980248'.

[Thu Oct  3 19:26:47 2024]
rule gls_loadings_chrom:
    input: ../../data/gfa_intermediate_data/bc_zmat.22.RDS, ../../results/applied_analysis/gfa_results/bc_gfa_gfaseed1_cn100.ldpruned_r20.01_kb1000_pvalue_jitter0_0.R_ldsc.final.RDS, ../../data/gfa_intermediate_data/bc_R_estimate.R_ldsc.RDS
    output: ../../results/applied_analysis/gfa_results/bc_gls_loadings.gfaseed1_cn100.ldpruned_r20.01_kb1000_pvalue_jitter0_0.R_ldsc.22.RDS
    jobid: 112
    reason: Missing output files: ../../results/applied_analysis/gfa_results/bc_gls_loadings.gfaseed1_cn100.ldpruned_r20.01_kb1000_pvalue_jitter0_0.R_ldsc.22.RDS
    wildcards: prefix=bc, fs=1_cn100, ldstring=r20.01_kb1000_pvalue_jitter0_0, Rstring=ldsc, chrom=22
    resources: mem_mb=1000, mem_mib=954, disk_mb=1000, disk_mib=954, tmpdir=<TBD>

Submitted job 112 with external jobid 'Submitted batch job 14980249'.

[Thu Oct  3 19:26:47 2024]
rule gls_loadings_chrom:
    input: ../../data/gfa_intermediate_data/metab_zmat.8.RDS, ../../results/applied_analysis/gfa_results/metab_gfa_gfaseed1_cn100.ldpruned_r20.01_kb1000_pvalue_jitter0_0.R_ldsc.final.RDS, ../../data/gfa_intermediate_data/metab_R_estimate.R_ldsc.RDS
    output: ../../results/applied_analysis/gfa_results/metab_gls_loadings.gfaseed1_cn100.ldpruned_r20.01_kb1000_pvalue_jitter0_0.R_ldsc.8.RDS
    jobid: 166
    reason: Missing output files: ../../results/applied_analysis/gfa_results/metab_gls_loadings.gfaseed1_cn100.ldpruned_r20.01_kb1000_pvalue_jitter0_0.R_ldsc.8.RDS
    wildcards: prefix=metab, fs=1_cn100, ldstring=r20.01_kb1000_pvalue_jitter0_0, Rstring=ldsc, chrom=8
    resources: mem_mb=1000, mem_mib=954, disk_mb=1000, disk_mib=954, tmpdir=<TBD>

Submitted job 166 with external jobid 'Submitted batch job 14980250'.

[Thu Oct  3 19:26:47 2024]
rule gls_loadings_chrom:
    input: ../../data/gfa_intermediate_data/metab_zmat.11.RDS, ../../results/applied_analysis/gfa_results/metab_gfa_gfaseed1_cn100.ldpruned_r20.01_kb1000_pvalue_jitter0_0.R_ldsc.final.RDS, ../../data/gfa_intermediate_data/metab_R_estimate.R_ldsc.RDS
    output: ../../results/applied_analysis/gfa_results/metab_gls_loadings.gfaseed1_cn100.ldpruned_r20.01_kb1000_pvalue_jitter0_0.R_ldsc.11.RDS
    jobid: 169
    reason: Missing output files: ../../results/applied_analysis/gfa_results/metab_gls_loadings.gfaseed1_cn100.ldpruned_r20.01_kb1000_pvalue_jitter0_0.R_ldsc.11.RDS
    wildcards: prefix=metab, fs=1_cn100, ldstring=r20.01_kb1000_pvalue_jitter0_0, Rstring=ldsc, chrom=11
    resources: mem_mb=1000, mem_mib=954, disk_mb=1000, disk_mib=954, tmpdir=<TBD>

Submitted job 169 with external jobid 'Submitted batch job 14980251'.

[Thu Oct  3 19:26:47 2024]
rule gls_loadings_chrom:
    input: ../../data/gfa_intermediate_data/bc_zmat.14.RDS, ../../results/applied_analysis/gfa_results/bc_gfa_gfaseed1_cn100.ldpruned_r20.01_kb1000_pvalue_jitter0_0.R_ldsc.final.RDS, ../../data/gfa_intermediate_data/bc_R_estimate.R_ldsc.RDS
    output: ../../results/applied_analysis/gfa_results/bc_gls_loadings.gfaseed1_cn100.ldpruned_r20.01_kb1000_pvalue_jitter0_0.R_ldsc.14.RDS
    jobid: 104
    reason: Missing output files: ../../results/applied_analysis/gfa_results/bc_gls_loadings.gfaseed1_cn100.ldpruned_r20.01_kb1000_pvalue_jitter0_0.R_ldsc.14.RDS
    wildcards: prefix=bc, fs=1_cn100, ldstring=r20.01_kb1000_pvalue_jitter0_0, Rstring=ldsc, chrom=14
    resources: mem_mb=1000, mem_mib=954, disk_mb=1000, disk_mib=954, tmpdir=<TBD>

Submitted job 104 with external jobid 'Submitted batch job 14980252'.

[Thu Oct  3 19:26:47 2024]
rule gls_loadings_chrom:
    input: ../../data/gfa_intermediate_data/bc_zmat.6.RDS, ../../results/applied_analysis/gfa_results/bc_gfa_gfaseed1_cn100.ldpruned_r20.01_kb1000_pvalue_jitter0_0.R_ldsc.final.RDS, ../../data/gfa_intermediate_data/bc_R_estimate.R_ldsc.RDS
    output: ../../results/applied_analysis/gfa_results/bc_gls_loadings.gfaseed1_cn100.ldpruned_r20.01_kb1000_pvalue_jitter0_0.R_ldsc.6.RDS
    jobid: 96
    reason: Missing output files: ../../results/applied_analysis/gfa_results/bc_gls_loadings.gfaseed1_cn100.ldpruned_r20.01_kb1000_pvalue_jitter0_0.R_ldsc.6.RDS
    wildcards: prefix=bc, fs=1_cn100, ldstring=r20.01_kb1000_pvalue_jitter0_0, Rstring=ldsc, chrom=6
    resources: mem_mb=1000, mem_mib=954, disk_mb=1000, disk_mib=954, tmpdir=<TBD>

Submitted job 96 with external jobid 'Submitted batch job 14980253'.

[Thu Oct  3 19:26:47 2024]
rule gls_loadings_chrom:
    input: ../../data/gfa_intermediate_data/bc_zmat.2.RDS, ../../results/applied_analysis/gfa_results/bc_gfa_gfaseed1_cn100.ldpruned_r20.01_kb1000_pvalue_jitter0_0.R_ldsc.final.RDS, ../../data/gfa_intermediate_data/bc_R_estimate.R_ldsc.RDS
    output: ../../results/applied_analysis/gfa_results/bc_gls_loadings.gfaseed1_cn100.ldpruned_r20.01_kb1000_pvalue_jitter0_0.R_ldsc.2.RDS
    jobid: 92
    reason: Missing output files: ../../results/applied_analysis/gfa_results/bc_gls_loadings.gfaseed1_cn100.ldpruned_r20.01_kb1000_pvalue_jitter0_0.R_ldsc.2.RDS
    wildcards: prefix=bc, fs=1_cn100, ldstring=r20.01_kb1000_pvalue_jitter0_0, Rstring=ldsc, chrom=2
    resources: mem_mb=1012, mem_mib=966, disk_mb=1012, disk_mib=966, tmpdir=<TBD>

Submitted job 92 with external jobid 'Submitted batch job 14980254'.

[Thu Oct  3 19:26:47 2024]
rule gls_loadings_chrom:
    input: ../../data/gfa_intermediate_data/bc_zmat.9.RDS, ../../results/applied_analysis/gfa_results/bc_gfa_gfaseed1_cn100.ldpruned_r20.01_kb1000_pvalue_jitter0_0.R_ldsc.final.RDS, ../../data/gfa_intermediate_data/bc_R_estimate.R_ldsc.RDS
    output: ../../results/applied_analysis/gfa_results/bc_gls_loadings.gfaseed1_cn100.ldpruned_r20.01_kb1000_pvalue_jitter0_0.R_ldsc.9.RDS
    jobid: 99
    reason: Missing output files: ../../results/applied_analysis/gfa_results/bc_gls_loadings.gfaseed1_cn100.ldpruned_r20.01_kb1000_pvalue_jitter0_0.R_ldsc.9.RDS
    wildcards: prefix=bc, fs=1_cn100, ldstring=r20.01_kb1000_pvalue_jitter0_0, Rstring=ldsc, chrom=9
    resources: mem_mb=1000, mem_mib=954, disk_mb=1000, disk_mib=954, tmpdir=<TBD>

Submitted job 99 with external jobid 'Submitted batch job 14980255'.

[Thu Oct  3 19:26:47 2024]
rule gls_loadings_chrom:
    input: ../../data/gfa_intermediate_data/metab_zmat.13.RDS, ../../results/applied_analysis/gfa_results/metab_gfa_gfaseed1_cn100.ldpruned_r20.01_kb1000_pvalue_jitter0_0.R_ldsc.final.RDS, ../../data/gfa_intermediate_data/metab_R_estimate.R_ldsc.RDS
    output: ../../results/applied_analysis/gfa_results/metab_gls_loadings.gfaseed1_cn100.ldpruned_r20.01_kb1000_pvalue_jitter0_0.R_ldsc.13.RDS
    jobid: 171
    reason: Missing output files: ../../results/applied_analysis/gfa_results/metab_gls_loadings.gfaseed1_cn100.ldpruned_r20.01_kb1000_pvalue_jitter0_0.R_ldsc.13.RDS
    wildcards: prefix=metab, fs=1_cn100, ldstring=r20.01_kb1000_pvalue_jitter0_0, Rstring=ldsc, chrom=13
    resources: mem_mb=1000, mem_mib=954, disk_mb=1000, disk_mib=954, tmpdir=<TBD>

Submitted job 171 with external jobid 'Submitted batch job 14980256'.

[Thu Oct  3 19:26:47 2024]
rule gls_loadings_chrom:
    input: ../../data/gfa_intermediate_data/metab_zmat.4.RDS, ../../results/applied_analysis/gfa_results/metab_gfa_gfaseed1_cn100.ldpruned_r20.01_kb1000_pvalue_jitter0_0.R_ldsc.final.RDS, ../../data/gfa_intermediate_data/metab_R_estimate.R_ldsc.RDS
    output: ../../results/applied_analysis/gfa_results/metab_gls_loadings.gfaseed1_cn100.ldpruned_r20.01_kb1000_pvalue_jitter0_0.R_ldsc.4.RDS
    jobid: 162
    reason: Missing output files: ../../results/applied_analysis/gfa_results/metab_gls_loadings.gfaseed1_cn100.ldpruned_r20.01_kb1000_pvalue_jitter0_0.R_ldsc.4.RDS
    wildcards: prefix=metab, fs=1_cn100, ldstring=r20.01_kb1000_pvalue_jitter0_0, Rstring=ldsc, chrom=4
    resources: mem_mb=1000, mem_mib=954, disk_mb=1000, disk_mib=954, tmpdir=<TBD>

Submitted job 162 with external jobid 'Submitted batch job 14980257'.

[Thu Oct  3 19:26:47 2024]
rule gls_loadings_chrom:
    input: ../../data/gfa_intermediate_data/bc_zmat.17.RDS, ../../results/applied_analysis/gfa_results/bc_gfa_gfaseed1_cn100.ldpruned_r20.01_kb1000_pvalue_jitter0_0.R_ldsc.final.RDS, ../../data/gfa_intermediate_data/bc_R_estimate.R_ldsc.RDS
    output: ../../results/applied_analysis/gfa_results/bc_gls_loadings.gfaseed1_cn100.ldpruned_r20.01_kb1000_pvalue_jitter0_0.R_ldsc.17.RDS
    jobid: 107
    reason: Missing output files: ../../results/applied_analysis/gfa_results/bc_gls_loadings.gfaseed1_cn100.ldpruned_r20.01_kb1000_pvalue_jitter0_0.R_ldsc.17.RDS
    wildcards: prefix=bc, fs=1_cn100, ldstring=r20.01_kb1000_pvalue_jitter0_0, Rstring=ldsc, chrom=17
    resources: mem_mb=1000, mem_mib=954, disk_mb=1000, disk_mib=954, tmpdir=<TBD>

Submitted job 107 with external jobid 'Submitted batch job 14980258'.

[Thu Oct  3 19:26:47 2024]
rule gls_loadings_chrom:
    input: ../../data/gfa_intermediate_data/metab_zmat.1.RDS, ../../results/applied_analysis/gfa_results/metab_gfa_gfaseed1_cn100.ldpruned_r20.01_kb1000_pvalue_jitter0_0.R_ldsc.final.RDS, ../../data/gfa_intermediate_data/metab_R_estimate.R_ldsc.RDS
    output: ../../results/applied_analysis/gfa_results/metab_gls_loadings.gfaseed1_cn100.ldpruned_r20.01_kb1000_pvalue_jitter0_0.R_ldsc.1.RDS
    jobid: 136
    reason: Missing output files: ../../results/applied_analysis/gfa_results/metab_gls_loadings.gfaseed1_cn100.ldpruned_r20.01_kb1000_pvalue_jitter0_0.R_ldsc.1.RDS
    wildcards: prefix=metab, fs=1_cn100, ldstring=r20.01_kb1000_pvalue_jitter0_0, Rstring=ldsc, chrom=1
    resources: mem_mb=1000, mem_mib=954, disk_mb=1000, disk_mib=954, tmpdir=<TBD>

Submitted job 136 with external jobid 'Submitted batch job 14980259'.

[Thu Oct  3 19:26:47 2024]
rule gls_loadings_chrom:
    input: ../../data/gfa_intermediate_data/metab_zmat.16.RDS, ../../results/applied_analysis/gfa_results/metab_gfa_gfaseed1_cn100.ldpruned_r20.01_kb1000_pvalue_jitter0_0.R_ldsc.final.RDS, ../../data/gfa_intermediate_data/metab_R_estimate.R_ldsc.RDS
    output: ../../results/applied_analysis/gfa_results/metab_gls_loadings.gfaseed1_cn100.ldpruned_r20.01_kb1000_pvalue_jitter0_0.R_ldsc.16.RDS
    jobid: 174
    reason: Missing output files: ../../results/applied_analysis/gfa_results/metab_gls_loadings.gfaseed1_cn100.ldpruned_r20.01_kb1000_pvalue_jitter0_0.R_ldsc.16.RDS
    wildcards: prefix=metab, fs=1_cn100, ldstring=r20.01_kb1000_pvalue_jitter0_0, Rstring=ldsc, chrom=16
    resources: mem_mb=1000, mem_mib=954, disk_mb=1000, disk_mib=954, tmpdir=<TBD>

Submitted job 174 with external jobid 'Submitted batch job 14980260'.

[Thu Oct  3 19:26:47 2024]
rule gls_loadings_chrom:
    input: ../../data/gfa_intermediate_data/metab_zmat.9.RDS, ../../results/applied_analysis/gfa_results/metab_gfa_gfaseed1_cn100.ldpruned_r20.01_kb1000_pvalue_jitter0_0.R_ldsc.final.RDS, ../../data/gfa_intermediate_data/metab_R_estimate.R_ldsc.RDS
    output: ../../results/applied_analysis/gfa_results/metab_gls_loadings.gfaseed1_cn100.ldpruned_r20.01_kb1000_pvalue_jitter0_0.R_ldsc.9.RDS
    jobid: 167
    reason: Missing output files: ../../results/applied_analysis/gfa_results/metab_gls_loadings.gfaseed1_cn100.ldpruned_r20.01_kb1000_pvalue_jitter0_0.R_ldsc.9.RDS
    wildcards: prefix=metab, fs=1_cn100, ldstring=r20.01_kb1000_pvalue_jitter0_0, Rstring=ldsc, chrom=9
    resources: mem_mb=1000, mem_mib=954, disk_mb=1000, disk_mib=954, tmpdir=<TBD>

Submitted job 167 with external jobid 'Submitted batch job 14980261'.

[Thu Oct  3 19:26:47 2024]
rule gls_loadings_chrom:
    input: ../../data/gfa_intermediate_data/bc_zmat.8.RDS, ../../results/applied_analysis/gfa_results/bc_gfa_gfaseed1_cn100.ldpruned_r20.01_kb1000_pvalue_jitter0_0.R_ldsc.final.RDS, ../../data/gfa_intermediate_data/bc_R_estimate.R_ldsc.RDS
    output: ../../results/applied_analysis/gfa_results/bc_gls_loadings.gfaseed1_cn100.ldpruned_r20.01_kb1000_pvalue_jitter0_0.R_ldsc.8.RDS
    jobid: 98
    reason: Missing output files: ../../results/applied_analysis/gfa_results/bc_gls_loadings.gfaseed1_cn100.ldpruned_r20.01_kb1000_pvalue_jitter0_0.R_ldsc.8.RDS
    wildcards: prefix=bc, fs=1_cn100, ldstring=r20.01_kb1000_pvalue_jitter0_0, Rstring=ldsc, chrom=8
    resources: mem_mb=1000, mem_mib=954, disk_mb=1000, disk_mib=954, tmpdir=<TBD>

Submitted job 98 with external jobid 'Submitted batch job 14980262'.

[Thu Oct  3 19:26:47 2024]
rule gls_loadings_chrom:
    input: ../../data/gfa_intermediate_data/bc_zmat.7.RDS, ../../results/applied_analysis/gfa_results/bc_gfa_gfaseed1_cn100.ldpruned_r20.01_kb1000_pvalue_jitter0_0.R_ldsc.final.RDS, ../../data/gfa_intermediate_data/bc_R_estimate.R_ldsc.RDS
    output: ../../results/applied_analysis/gfa_results/bc_gls_loadings.gfaseed1_cn100.ldpruned_r20.01_kb1000_pvalue_jitter0_0.R_ldsc.7.RDS
    jobid: 97
    reason: Missing output files: ../../results/applied_analysis/gfa_results/bc_gls_loadings.gfaseed1_cn100.ldpruned_r20.01_kb1000_pvalue_jitter0_0.R_ldsc.7.RDS
    wildcards: prefix=bc, fs=1_cn100, ldstring=r20.01_kb1000_pvalue_jitter0_0, Rstring=ldsc, chrom=7
    resources: mem_mb=1000, mem_mib=954, disk_mb=1000, disk_mib=954, tmpdir=<TBD>

Submitted job 97 with external jobid 'Submitted batch job 14980263'.

[Thu Oct  3 19:26:47 2024]
rule gls_loadings_chrom:
    input: ../../data/gfa_intermediate_data/metab_zmat.2.RDS, ../../results/applied_analysis/gfa_results/metab_gfa_gfaseed1_cn100.ldpruned_r20.01_kb1000_pvalue_jitter0_0.R_ldsc.final.RDS, ../../data/gfa_intermediate_data/metab_R_estimate.R_ldsc.RDS
    output: ../../results/applied_analysis/gfa_results/metab_gls_loadings.gfaseed1_cn100.ldpruned_r20.01_kb1000_pvalue_jitter0_0.R_ldsc.2.RDS
    jobid: 160
    reason: Missing output files: ../../results/applied_analysis/gfa_results/metab_gls_loadings.gfaseed1_cn100.ldpruned_r20.01_kb1000_pvalue_jitter0_0.R_ldsc.2.RDS
    wildcards: prefix=metab, fs=1_cn100, ldstring=r20.01_kb1000_pvalue_jitter0_0, Rstring=ldsc, chrom=2
    resources: mem_mb=1000, mem_mib=954, disk_mb=1000, disk_mib=954, tmpdir=<TBD>

Submitted job 160 with external jobid 'Submitted batch job 14980264'.

[Thu Oct  3 19:26:47 2024]
rule gls_loadings_chrom:
    input: ../../data/gfa_intermediate_data/metab_zmat.10.RDS, ../../results/applied_analysis/gfa_results/metab_gfa_gfaseed1_cn100.ldpruned_r20.01_kb1000_pvalue_jitter0_0.R_ldsc.final.RDS, ../../data/gfa_intermediate_data/metab_R_estimate.R_ldsc.RDS
    output: ../../results/applied_analysis/gfa_results/metab_gls_loadings.gfaseed1_cn100.ldpruned_r20.01_kb1000_pvalue_jitter0_0.R_ldsc.10.RDS
    jobid: 168
    reason: Missing output files: ../../results/applied_analysis/gfa_results/metab_gls_loadings.gfaseed1_cn100.ldpruned_r20.01_kb1000_pvalue_jitter0_0.R_ldsc.10.RDS
    wildcards: prefix=metab, fs=1_cn100, ldstring=r20.01_kb1000_pvalue_jitter0_0, Rstring=ldsc, chrom=10
    resources: mem_mb=1000, mem_mib=954, disk_mb=1000, disk_mib=954, tmpdir=<TBD>

Submitted job 168 with external jobid 'Submitted batch job 14980265'.

[Thu Oct  3 19:26:47 2024]
rule gls_loadings_chrom:
    input: ../../data/gfa_intermediate_data/metab_zmat.15.RDS, ../../results/applied_analysis/gfa_results/metab_gfa_gfaseed1_cn100.ldpruned_r20.01_kb1000_pvalue_jitter0_0.R_ldsc.final.RDS, ../../data/gfa_intermediate_data/metab_R_estimate.R_ldsc.RDS
    output: ../../results/applied_analysis/gfa_results/metab_gls_loadings.gfaseed1_cn100.ldpruned_r20.01_kb1000_pvalue_jitter0_0.R_ldsc.15.RDS
    jobid: 173
    reason: Missing output files: ../../results/applied_analysis/gfa_results/metab_gls_loadings.gfaseed1_cn100.ldpruned_r20.01_kb1000_pvalue_jitter0_0.R_ldsc.15.RDS
    wildcards: prefix=metab, fs=1_cn100, ldstring=r20.01_kb1000_pvalue_jitter0_0, Rstring=ldsc, chrom=15
    resources: mem_mb=1000, mem_mib=954, disk_mb=1000, disk_mib=954, tmpdir=<TBD>

Submitted job 173 with external jobid 'Submitted batch job 14980266'.

[Thu Oct  3 19:26:47 2024]
rule gls_loadings_chrom:
    input: ../../data/gfa_intermediate_data/bc_zmat.21.RDS, ../../results/applied_analysis/gfa_results/bc_gfa_gfaseed1_cn100.ldpruned_r20.01_kb1000_pvalue_jitter0_0.R_ldsc.final.RDS, ../../data/gfa_intermediate_data/bc_R_estimate.R_ldsc.RDS
    output: ../../results/applied_analysis/gfa_results/bc_gls_loadings.gfaseed1_cn100.ldpruned_r20.01_kb1000_pvalue_jitter0_0.R_ldsc.21.RDS
    jobid: 111
    reason: Missing output files: ../../results/applied_analysis/gfa_results/bc_gls_loadings.gfaseed1_cn100.ldpruned_r20.01_kb1000_pvalue_jitter0_0.R_ldsc.21.RDS
    wildcards: prefix=bc, fs=1_cn100, ldstring=r20.01_kb1000_pvalue_jitter0_0, Rstring=ldsc, chrom=21
    resources: mem_mb=1000, mem_mib=954, disk_mb=1000, disk_mib=954, tmpdir=<TBD>

Submitted job 111 with external jobid 'Submitted batch job 14980267'.

[Thu Oct  3 19:26:47 2024]
rule gls_loadings_chrom:
    input: ../../data/gfa_intermediate_data/metab_zmat.5.RDS, ../../results/applied_analysis/gfa_results/metab_gfa_gfaseed1_cn100.ldpruned_r20.01_kb1000_pvalue_jitter0_0.R_ldsc.final.RDS, ../../data/gfa_intermediate_data/metab_R_estimate.R_ldsc.RDS
    output: ../../results/applied_analysis/gfa_results/metab_gls_loadings.gfaseed1_cn100.ldpruned_r20.01_kb1000_pvalue_jitter0_0.R_ldsc.5.RDS
    jobid: 163
    reason: Missing output files: ../../results/applied_analysis/gfa_results/metab_gls_loadings.gfaseed1_cn100.ldpruned_r20.01_kb1000_pvalue_jitter0_0.R_ldsc.5.RDS
    wildcards: prefix=metab, fs=1_cn100, ldstring=r20.01_kb1000_pvalue_jitter0_0, Rstring=ldsc, chrom=5
    resources: mem_mb=1000, mem_mib=954, disk_mb=1000, disk_mib=954, tmpdir=<TBD>

Submitted job 163 with external jobid 'Submitted batch job 14980268'.

[Thu Oct  3 19:26:47 2024]
rule gls_loadings_chrom:
    input: ../../data/gfa_intermediate_data/bc_zmat.5.RDS, ../../results/applied_analysis/gfa_results/bc_gfa_gfaseed1_cn100.ldpruned_r20.01_kb1000_pvalue_jitter0_0.R_ldsc.final.RDS, ../../data/gfa_intermediate_data/bc_R_estimate.R_ldsc.RDS
    output: ../../results/applied_analysis/gfa_results/bc_gls_loadings.gfaseed1_cn100.ldpruned_r20.01_kb1000_pvalue_jitter0_0.R_ldsc.5.RDS
    jobid: 95
    reason: Missing output files: ../../results/applied_analysis/gfa_results/bc_gls_loadings.gfaseed1_cn100.ldpruned_r20.01_kb1000_pvalue_jitter0_0.R_ldsc.5.RDS
    wildcards: prefix=bc, fs=1_cn100, ldstring=r20.01_kb1000_pvalue_jitter0_0, Rstring=ldsc, chrom=5
    resources: mem_mb=1000, mem_mib=954, disk_mb=1000, disk_mib=954, tmpdir=<TBD>

Submitted job 95 with external jobid 'Submitted batch job 14980269'.

[Thu Oct  3 19:26:47 2024]
rule gls_loadings_chrom:
    input: ../../data/gfa_intermediate_data/metab_zmat.6.RDS, ../../results/applied_analysis/gfa_results/metab_gfa_gfaseed1_cn100.ldpruned_r20.01_kb1000_pvalue_jitter0_0.R_ldsc.final.RDS, ../../data/gfa_intermediate_data/metab_R_estimate.R_ldsc.RDS
    output: ../../results/applied_analysis/gfa_results/metab_gls_loadings.gfaseed1_cn100.ldpruned_r20.01_kb1000_pvalue_jitter0_0.R_ldsc.6.RDS
    jobid: 164
    reason: Missing output files: ../../results/applied_analysis/gfa_results/metab_gls_loadings.gfaseed1_cn100.ldpruned_r20.01_kb1000_pvalue_jitter0_0.R_ldsc.6.RDS
    wildcards: prefix=metab, fs=1_cn100, ldstring=r20.01_kb1000_pvalue_jitter0_0, Rstring=ldsc, chrom=6
    resources: mem_mb=1000, mem_mib=954, disk_mb=1000, disk_mib=954, tmpdir=<TBD>

Submitted job 164 with external jobid 'Submitted batch job 14980270'.

[Thu Oct  3 19:26:47 2024]
rule gls_loadings_chrom:
    input: ../../data/gfa_intermediate_data/bc_zmat.11.RDS, ../../results/applied_analysis/gfa_results/bc_gfa_gfaseed1_cn100.ldpruned_r20.01_kb1000_pvalue_jitter0_0.R_ldsc.final.RDS, ../../data/gfa_intermediate_data/bc_R_estimate.R_ldsc.RDS
    output: ../../results/applied_analysis/gfa_results/bc_gls_loadings.gfaseed1_cn100.ldpruned_r20.01_kb1000_pvalue_jitter0_0.R_ldsc.11.RDS
    jobid: 101
    reason: Missing output files: ../../results/applied_analysis/gfa_results/bc_gls_loadings.gfaseed1_cn100.ldpruned_r20.01_kb1000_pvalue_jitter0_0.R_ldsc.11.RDS
    wildcards: prefix=bc, fs=1_cn100, ldstring=r20.01_kb1000_pvalue_jitter0_0, Rstring=ldsc, chrom=11
    resources: mem_mb=1000, mem_mib=954, disk_mb=1000, disk_mib=954, tmpdir=<TBD>

Submitted job 101 with external jobid 'Submitted batch job 14980271'.

[Thu Oct  3 19:26:47 2024]
rule gls_loadings_chrom:
    input: ../../data/gfa_intermediate_data/bc_zmat.4.RDS, ../../results/applied_analysis/gfa_results/bc_gfa_gfaseed1_cn100.ldpruned_r20.01_kb1000_pvalue_jitter0_0.R_ldsc.final.RDS, ../../data/gfa_intermediate_data/bc_R_estimate.R_ldsc.RDS
    output: ../../results/applied_analysis/gfa_results/bc_gls_loadings.gfaseed1_cn100.ldpruned_r20.01_kb1000_pvalue_jitter0_0.R_ldsc.4.RDS
    jobid: 94
    reason: Missing output files: ../../results/applied_analysis/gfa_results/bc_gls_loadings.gfaseed1_cn100.ldpruned_r20.01_kb1000_pvalue_jitter0_0.R_ldsc.4.RDS
    wildcards: prefix=bc, fs=1_cn100, ldstring=r20.01_kb1000_pvalue_jitter0_0, Rstring=ldsc, chrom=4
    resources: mem_mb=1000, mem_mib=954, disk_mb=1000, disk_mib=954, tmpdir=<TBD>

Submitted job 94 with external jobid 'Submitted batch job 14980272'.

[Thu Oct  3 19:26:47 2024]
rule gls_loadings_chrom:
    input: ../../data/gfa_intermediate_data/metab_zmat.17.RDS, ../../results/applied_analysis/gfa_results/metab_gfa_gfaseed1_cn100.ldpruned_r20.01_kb1000_pvalue_jitter0_0.R_ldsc.final.RDS, ../../data/gfa_intermediate_data/metab_R_estimate.R_ldsc.RDS
    output: ../../results/applied_analysis/gfa_results/metab_gls_loadings.gfaseed1_cn100.ldpruned_r20.01_kb1000_pvalue_jitter0_0.R_ldsc.17.RDS
    jobid: 175
    reason: Missing output files: ../../results/applied_analysis/gfa_results/metab_gls_loadings.gfaseed1_cn100.ldpruned_r20.01_kb1000_pvalue_jitter0_0.R_ldsc.17.RDS
    wildcards: prefix=metab, fs=1_cn100, ldstring=r20.01_kb1000_pvalue_jitter0_0, Rstring=ldsc, chrom=17
    resources: mem_mb=1000, mem_mib=954, disk_mb=1000, disk_mib=954, tmpdir=<TBD>

Submitted job 175 with external jobid 'Submitted batch job 14980273'.

[Thu Oct  3 19:26:47 2024]
rule gls_loadings_chrom:
    input: ../../data/gfa_intermediate_data/bc_zmat.20.RDS, ../../results/applied_analysis/gfa_results/bc_gfa_gfaseed1_cn100.ldpruned_r20.01_kb1000_pvalue_jitter0_0.R_ldsc.final.RDS, ../../data/gfa_intermediate_data/bc_R_estimate.R_ldsc.RDS
    output: ../../results/applied_analysis/gfa_results/bc_gls_loadings.gfaseed1_cn100.ldpruned_r20.01_kb1000_pvalue_jitter0_0.R_ldsc.20.RDS
    jobid: 110
    reason: Missing output files: ../../results/applied_analysis/gfa_results/bc_gls_loadings.gfaseed1_cn100.ldpruned_r20.01_kb1000_pvalue_jitter0_0.R_ldsc.20.RDS
    wildcards: prefix=bc, fs=1_cn100, ldstring=r20.01_kb1000_pvalue_jitter0_0, Rstring=ldsc, chrom=20
    resources: mem_mb=1000, mem_mib=954, disk_mb=1000, disk_mib=954, tmpdir=<TBD>

Submitted job 110 with external jobid 'Submitted batch job 14980274'.

[Thu Oct  3 19:26:47 2024]
rule gls_loadings_chrom:
    input: ../../data/gfa_intermediate_data/bc_zmat.19.RDS, ../../results/applied_analysis/gfa_results/bc_gfa_gfaseed1_cn100.ldpruned_r20.01_kb1000_pvalue_jitter0_0.R_ldsc.final.RDS, ../../data/gfa_intermediate_data/bc_R_estimate.R_ldsc.RDS
    output: ../../results/applied_analysis/gfa_results/bc_gls_loadings.gfaseed1_cn100.ldpruned_r20.01_kb1000_pvalue_jitter0_0.R_ldsc.19.RDS
    jobid: 109
    reason: Missing output files: ../../results/applied_analysis/gfa_results/bc_gls_loadings.gfaseed1_cn100.ldpruned_r20.01_kb1000_pvalue_jitter0_0.R_ldsc.19.RDS
    wildcards: prefix=bc, fs=1_cn100, ldstring=r20.01_kb1000_pvalue_jitter0_0, Rstring=ldsc, chrom=19
    resources: mem_mb=1000, mem_mib=954, disk_mb=1000, disk_mib=954, tmpdir=<TBD>

Submitted job 109 with external jobid 'Submitted batch job 14980275'.

[Thu Oct  3 19:26:47 2024]
rule gls_loadings_chrom:
    input: ../../data/gfa_intermediate_data/bc_zmat.18.RDS, ../../results/applied_analysis/gfa_results/bc_gfa_gfaseed1_cn100.ldpruned_r20.01_kb1000_pvalue_jitter0_0.R_ldsc.final.RDS, ../../data/gfa_intermediate_data/bc_R_estimate.R_ldsc.RDS
    output: ../../results/applied_analysis/gfa_results/bc_gls_loadings.gfaseed1_cn100.ldpruned_r20.01_kb1000_pvalue_jitter0_0.R_ldsc.18.RDS
    jobid: 108
    reason: Missing output files: ../../results/applied_analysis/gfa_results/bc_gls_loadings.gfaseed1_cn100.ldpruned_r20.01_kb1000_pvalue_jitter0_0.R_ldsc.18.RDS
    wildcards: prefix=bc, fs=1_cn100, ldstring=r20.01_kb1000_pvalue_jitter0_0, Rstring=ldsc, chrom=18
    resources: mem_mb=1000, mem_mib=954, disk_mb=1000, disk_mib=954, tmpdir=<TBD>

Submitted job 108 with external jobid 'Submitted batch job 14980276'.

[Thu Oct  3 19:26:47 2024]
rule gls_loadings_chrom:
    input: ../../data/gfa_intermediate_data/metab_zmat.21.RDS, ../../results/applied_analysis/gfa_results/metab_gfa_gfaseed1_cn100.ldpruned_r20.01_kb1000_pvalue_jitter0_0.R_ldsc.final.RDS, ../../data/gfa_intermediate_data/metab_R_estimate.R_ldsc.RDS
    output: ../../results/applied_analysis/gfa_results/metab_gls_loadings.gfaseed1_cn100.ldpruned_r20.01_kb1000_pvalue_jitter0_0.R_ldsc.21.RDS
    jobid: 179
    reason: Missing output files: ../../results/applied_analysis/gfa_results/metab_gls_loadings.gfaseed1_cn100.ldpruned_r20.01_kb1000_pvalue_jitter0_0.R_ldsc.21.RDS
    wildcards: prefix=metab, fs=1_cn100, ldstring=r20.01_kb1000_pvalue_jitter0_0, Rstring=ldsc, chrom=21
    resources: mem_mb=1000, mem_mib=954, disk_mb=1000, disk_mib=954, tmpdir=<TBD>

Submitted job 179 with external jobid 'Submitted batch job 14980277'.

[Thu Oct  3 19:26:47 2024]
rule gls_loadings_chrom:
    input: ../../data/gfa_intermediate_data/bc_zmat.3.RDS, ../../results/applied_analysis/gfa_results/bc_gfa_gfaseed1_cn100.ldpruned_r20.01_kb1000_pvalue_jitter0_0.R_ldsc.final.RDS, ../../data/gfa_intermediate_data/bc_R_estimate.R_ldsc.RDS
    output: ../../results/applied_analysis/gfa_results/bc_gls_loadings.gfaseed1_cn100.ldpruned_r20.01_kb1000_pvalue_jitter0_0.R_ldsc.3.RDS
    jobid: 93
    reason: Missing output files: ../../results/applied_analysis/gfa_results/bc_gls_loadings.gfaseed1_cn100.ldpruned_r20.01_kb1000_pvalue_jitter0_0.R_ldsc.3.RDS
    wildcards: prefix=bc, fs=1_cn100, ldstring=r20.01_kb1000_pvalue_jitter0_0, Rstring=ldsc, chrom=3
    resources: mem_mb=1000, mem_mib=954, disk_mb=1000, disk_mib=954, tmpdir=<TBD>

Submitted job 93 with external jobid 'Submitted batch job 14980278'.

[Thu Oct  3 19:26:47 2024]
rule gls_loadings_chrom:
    input: ../../data/gfa_intermediate_data/metab_zmat.19.RDS, ../../results/applied_analysis/gfa_results/metab_gfa_gfaseed1_cn100.ldpruned_r20.01_kb1000_pvalue_jitter0_0.R_ldsc.final.RDS, ../../data/gfa_intermediate_data/metab_R_estimate.R_ldsc.RDS
    output: ../../results/applied_analysis/gfa_results/metab_gls_loadings.gfaseed1_cn100.ldpruned_r20.01_kb1000_pvalue_jitter0_0.R_ldsc.19.RDS
    jobid: 177
    reason: Missing output files: ../../results/applied_analysis/gfa_results/metab_gls_loadings.gfaseed1_cn100.ldpruned_r20.01_kb1000_pvalue_jitter0_0.R_ldsc.19.RDS
    wildcards: prefix=metab, fs=1_cn100, ldstring=r20.01_kb1000_pvalue_jitter0_0, Rstring=ldsc, chrom=19
    resources: mem_mb=1000, mem_mib=954, disk_mb=1000, disk_mib=954, tmpdir=<TBD>

Submitted job 177 with external jobid 'Submitted batch job 14980279'.

[Thu Oct  3 19:26:47 2024]
rule gls_loadings_chrom:
    input: ../../data/gfa_intermediate_data/metab_zmat.7.RDS, ../../results/applied_analysis/gfa_results/metab_gfa_gfaseed1_cn100.ldpruned_r20.01_kb1000_pvalue_jitter0_0.R_ldsc.final.RDS, ../../data/gfa_intermediate_data/metab_R_estimate.R_ldsc.RDS
    output: ../../results/applied_analysis/gfa_results/metab_gls_loadings.gfaseed1_cn100.ldpruned_r20.01_kb1000_pvalue_jitter0_0.R_ldsc.7.RDS
    jobid: 165
    reason: Missing output files: ../../results/applied_analysis/gfa_results/metab_gls_loadings.gfaseed1_cn100.ldpruned_r20.01_kb1000_pvalue_jitter0_0.R_ldsc.7.RDS
    wildcards: prefix=metab, fs=1_cn100, ldstring=r20.01_kb1000_pvalue_jitter0_0, Rstring=ldsc, chrom=7
    resources: mem_mb=1000, mem_mib=954, disk_mb=1000, disk_mib=954, tmpdir=<TBD>

Submitted job 165 with external jobid 'Submitted batch job 14980280'.

[Thu Oct  3 19:26:47 2024]
rule gls_loadings_chrom:
    input: ../../data/gfa_intermediate_data/bc_zmat.16.RDS, ../../results/applied_analysis/gfa_results/bc_gfa_gfaseed1_cn100.ldpruned_r20.01_kb1000_pvalue_jitter0_0.R_ldsc.final.RDS, ../../data/gfa_intermediate_data/bc_R_estimate.R_ldsc.RDS
    output: ../../results/applied_analysis/gfa_results/bc_gls_loadings.gfaseed1_cn100.ldpruned_r20.01_kb1000_pvalue_jitter0_0.R_ldsc.16.RDS
    jobid: 106
    reason: Missing output files: ../../results/applied_analysis/gfa_results/bc_gls_loadings.gfaseed1_cn100.ldpruned_r20.01_kb1000_pvalue_jitter0_0.R_ldsc.16.RDS
    wildcards: prefix=bc, fs=1_cn100, ldstring=r20.01_kb1000_pvalue_jitter0_0, Rstring=ldsc, chrom=16
    resources: mem_mb=1000, mem_mib=954, disk_mb=1000, disk_mib=954, tmpdir=<TBD>

Submitted job 106 with external jobid 'Submitted batch job 14980281'.

[Thu Oct  3 19:26:47 2024]
rule gls_loadings_chrom:
    input: ../../data/gfa_intermediate_data/metab_zmat.12.RDS, ../../results/applied_analysis/gfa_results/metab_gfa_gfaseed1_cn100.ldpruned_r20.01_kb1000_pvalue_jitter0_0.R_ldsc.final.RDS, ../../data/gfa_intermediate_data/metab_R_estimate.R_ldsc.RDS
    output: ../../results/applied_analysis/gfa_results/metab_gls_loadings.gfaseed1_cn100.ldpruned_r20.01_kb1000_pvalue_jitter0_0.R_ldsc.12.RDS
    jobid: 170
    reason: Missing output files: ../../results/applied_analysis/gfa_results/metab_gls_loadings.gfaseed1_cn100.ldpruned_r20.01_kb1000_pvalue_jitter0_0.R_ldsc.12.RDS
    wildcards: prefix=metab, fs=1_cn100, ldstring=r20.01_kb1000_pvalue_jitter0_0, Rstring=ldsc, chrom=12
    resources: mem_mb=1000, mem_mib=954, disk_mb=1000, disk_mib=954, tmpdir=<TBD>

Submitted job 170 with external jobid 'Submitted batch job 14980282'.
[Thu Oct  3 19:27:11 2024]
Error in rule gls_loadings_chrom:
    jobid: 174
    input: ../../data/gfa_intermediate_data/metab_zmat.16.RDS, ../../results/applied_analysis/gfa_results/metab_gfa_gfaseed1_cn100.ldpruned_r20.01_kb1000_pvalue_jitter0_0.R_ldsc.final.RDS, ../../data/gfa_intermediate_data/metab_R_estimate.R_ldsc.RDS
    output: ../../results/applied_analysis/gfa_results/metab_gls_loadings.gfaseed1_cn100.ldpruned_r20.01_kb1000_pvalue_jitter0_0.R_ldsc.16.RDS
    cluster_jobid: Submitted batch job 14980260

Error executing rule gls_loadings_chrom on cluster (jobid: 174, external: Submitted batch job 14980260, jobscript: /gpfs/accounts/jvmorr_root/jvmorr0/jvmorr/GFA_analysis/gfa_manuscript/code/revision_applied/.snakemake/tmp.4h8lzev0/snakejob.gls_loadings_chrom.174.sh). For error details see the cluster log and the log files of the involved rule(s).
[Thu Oct  3 19:27:11 2024]
Error in rule gls_loadings_chrom:
    jobid: 173
    input: ../../data/gfa_intermediate_data/metab_zmat.15.RDS, ../../results/applied_analysis/gfa_results/metab_gfa_gfaseed1_cn100.ldpruned_r20.01_kb1000_pvalue_jitter0_0.R_ldsc.final.RDS, ../../data/gfa_intermediate_data/metab_R_estimate.R_ldsc.RDS
    output: ../../results/applied_analysis/gfa_results/metab_gls_loadings.gfaseed1_cn100.ldpruned_r20.01_kb1000_pvalue_jitter0_0.R_ldsc.15.RDS
    cluster_jobid: Submitted batch job 14980266

Error executing rule gls_loadings_chrom on cluster (jobid: 173, external: Submitted batch job 14980266, jobscript: /gpfs/accounts/jvmorr_root/jvmorr0/jvmorr/GFA_analysis/gfa_manuscript/code/revision_applied/.snakemake/tmp.4h8lzev0/snakejob.gls_loadings_chrom.173.sh). For error details see the cluster log and the log files of the involved rule(s).
[Thu Oct  3 19:27:11 2024]
Finished job 65.
1 of 71 steps (1%) done
[Thu Oct  3 19:27:12 2024]
Error in rule gls_loadings_chrom:
    jobid: 164
    input: ../../data/gfa_intermediate_data/metab_zmat.6.RDS, ../../results/applied_analysis/gfa_results/metab_gfa_gfaseed1_cn100.ldpruned_r20.01_kb1000_pvalue_jitter0_0.R_ldsc.final.RDS, ../../data/gfa_intermediate_data/metab_R_estimate.R_ldsc.RDS
    output: ../../results/applied_analysis/gfa_results/metab_gls_loadings.gfaseed1_cn100.ldpruned_r20.01_kb1000_pvalue_jitter0_0.R_ldsc.6.RDS
    cluster_jobid: Submitted batch job 14980270

Error executing rule gls_loadings_chrom on cluster (jobid: 164, external: Submitted batch job 14980270, jobscript: /gpfs/accounts/jvmorr_root/jvmorr0/jvmorr/GFA_analysis/gfa_manuscript/code/revision_applied/.snakemake/tmp.4h8lzev0/snakejob.gls_loadings_chrom.164.sh). For error details see the cluster log and the log files of the involved rule(s).
[Thu Oct  3 19:27:12 2024]
Error in rule gls_loadings_chrom:
    jobid: 175
    input: ../../data/gfa_intermediate_data/metab_zmat.17.RDS, ../../results/applied_analysis/gfa_results/metab_gfa_gfaseed1_cn100.ldpruned_r20.01_kb1000_pvalue_jitter0_0.R_ldsc.final.RDS, ../../data/gfa_intermediate_data/metab_R_estimate.R_ldsc.RDS
    output: ../../results/applied_analysis/gfa_results/metab_gls_loadings.gfaseed1_cn100.ldpruned_r20.01_kb1000_pvalue_jitter0_0.R_ldsc.17.RDS
    cluster_jobid: Submitted batch job 14980273

Error executing rule gls_loadings_chrom on cluster (jobid: 175, external: Submitted batch job 14980273, jobscript: /gpfs/accounts/jvmorr_root/jvmorr0/jvmorr/GFA_analysis/gfa_manuscript/code/revision_applied/.snakemake/tmp.4h8lzev0/snakejob.gls_loadings_chrom.175.sh). For error details see the cluster log and the log files of the involved rule(s).
[Thu Oct  3 19:27:12 2024]
Error in rule gls_loadings_chrom:
    jobid: 179
    input: ../../data/gfa_intermediate_data/metab_zmat.21.RDS, ../../results/applied_analysis/gfa_results/metab_gfa_gfaseed1_cn100.ldpruned_r20.01_kb1000_pvalue_jitter0_0.R_ldsc.final.RDS, ../../data/gfa_intermediate_data/metab_R_estimate.R_ldsc.RDS
    output: ../../results/applied_analysis/gfa_results/metab_gls_loadings.gfaseed1_cn100.ldpruned_r20.01_kb1000_pvalue_jitter0_0.R_ldsc.21.RDS
    cluster_jobid: Submitted batch job 14980277

Error executing rule gls_loadings_chrom on cluster (jobid: 179, external: Submitted batch job 14980277, jobscript: /gpfs/accounts/jvmorr_root/jvmorr0/jvmorr/GFA_analysis/gfa_manuscript/code/revision_applied/.snakemake/tmp.4h8lzev0/snakejob.gls_loadings_chrom.179.sh). For error details see the cluster log and the log files of the involved rule(s).
[Thu Oct  3 19:27:13 2024]
Error in rule gls_loadings_chrom:
    jobid: 177
    input: ../../data/gfa_intermediate_data/metab_zmat.19.RDS, ../../results/applied_analysis/gfa_results/metab_gfa_gfaseed1_cn100.ldpruned_r20.01_kb1000_pvalue_jitter0_0.R_ldsc.final.RDS, ../../data/gfa_intermediate_data/metab_R_estimate.R_ldsc.RDS
    output: ../../results/applied_analysis/gfa_results/metab_gls_loadings.gfaseed1_cn100.ldpruned_r20.01_kb1000_pvalue_jitter0_0.R_ldsc.19.RDS
    cluster_jobid: Submitted batch job 14980279

Error executing rule gls_loadings_chrom on cluster (jobid: 177, external: Submitted batch job 14980279, jobscript: /gpfs/accounts/jvmorr_root/jvmorr0/jvmorr/GFA_analysis/gfa_manuscript/code/revision_applied/.snakemake/tmp.4h8lzev0/snakejob.gls_loadings_chrom.177.sh). For error details see the cluster log and the log files of the involved rule(s).
[Thu Oct  3 19:27:13 2024]
Error in rule gls_loadings_chrom:
    jobid: 165
    input: ../../data/gfa_intermediate_data/metab_zmat.7.RDS, ../../results/applied_analysis/gfa_results/metab_gfa_gfaseed1_cn100.ldpruned_r20.01_kb1000_pvalue_jitter0_0.R_ldsc.final.RDS, ../../data/gfa_intermediate_data/metab_R_estimate.R_ldsc.RDS
    output: ../../results/applied_analysis/gfa_results/metab_gls_loadings.gfaseed1_cn100.ldpruned_r20.01_kb1000_pvalue_jitter0_0.R_ldsc.7.RDS
    cluster_jobid: Submitted batch job 14980280

Error executing rule gls_loadings_chrom on cluster (jobid: 165, external: Submitted batch job 14980280, jobscript: /gpfs/accounts/jvmorr_root/jvmorr0/jvmorr/GFA_analysis/gfa_manuscript/code/revision_applied/.snakemake/tmp.4h8lzev0/snakejob.gls_loadings_chrom.165.sh). For error details see the cluster log and the log files of the involved rule(s).
[Thu Oct  3 19:27:13 2024]
Error in rule gls_loadings_chrom:
    jobid: 170
    input: ../../data/gfa_intermediate_data/metab_zmat.12.RDS, ../../results/applied_analysis/gfa_results/metab_gfa_gfaseed1_cn100.ldpruned_r20.01_kb1000_pvalue_jitter0_0.R_ldsc.final.RDS, ../../data/gfa_intermediate_data/metab_R_estimate.R_ldsc.RDS
    output: ../../results/applied_analysis/gfa_results/metab_gls_loadings.gfaseed1_cn100.ldpruned_r20.01_kb1000_pvalue_jitter0_0.R_ldsc.12.RDS
    cluster_jobid: Submitted batch job 14980282

Error executing rule gls_loadings_chrom on cluster (jobid: 170, external: Submitted batch job 14980282, jobscript: /gpfs/accounts/jvmorr_root/jvmorr0/jvmorr/GFA_analysis/gfa_manuscript/code/revision_applied/.snakemake/tmp.4h8lzev0/snakejob.gls_loadings_chrom.170.sh). For error details see the cluster log and the log files of the involved rule(s).
[Thu Oct  3 19:27:23 2024]
Error in rule gls_loadings_chrom:
    jobid: 172
    input: ../../data/gfa_intermediate_data/metab_zmat.14.RDS, ../../results/applied_analysis/gfa_results/metab_gfa_gfaseed1_cn100.ldpruned_r20.01_kb1000_pvalue_jitter0_0.R_ldsc.final.RDS, ../../data/gfa_intermediate_data/metab_R_estimate.R_ldsc.RDS
    output: ../../results/applied_analysis/gfa_results/metab_gls_loadings.gfaseed1_cn100.ldpruned_r20.01_kb1000_pvalue_jitter0_0.R_ldsc.14.RDS
    cluster_jobid: Submitted batch job 14980239

Error executing rule gls_loadings_chrom on cluster (jobid: 172, external: Submitted batch job 14980239, jobscript: /gpfs/accounts/jvmorr_root/jvmorr0/jvmorr/GFA_analysis/gfa_manuscript/code/revision_applied/.snakemake/tmp.4h8lzev0/snakejob.gls_loadings_chrom.172.sh). For error details see the cluster log and the log files of the involved rule(s).
[Thu Oct  3 19:27:23 2024]
Error in rule gls_loadings_chrom:
    jobid: 103
    input: ../../data/gfa_intermediate_data/bc_zmat.13.RDS, ../../results/applied_analysis/gfa_results/bc_gfa_gfaseed1_cn100.ldpruned_r20.01_kb1000_pvalue_jitter0_0.R_ldsc.final.RDS, ../../data/gfa_intermediate_data/bc_R_estimate.R_ldsc.RDS
    output: ../../results/applied_analysis/gfa_results/bc_gls_loadings.gfaseed1_cn100.ldpruned_r20.01_kb1000_pvalue_jitter0_0.R_ldsc.13.RDS
    cluster_jobid: Submitted batch job 14980240

Error executing rule gls_loadings_chrom on cluster (jobid: 103, external: Submitted batch job 14980240, jobscript: /gpfs/accounts/jvmorr_root/jvmorr0/jvmorr/GFA_analysis/gfa_manuscript/code/revision_applied/.snakemake/tmp.4h8lzev0/snakejob.gls_loadings_chrom.103.sh). For error details see the cluster log and the log files of the involved rule(s).
[Thu Oct  3 19:27:23 2024]
Error in rule gls_loadings_chrom:
    jobid: 178
    input: ../../data/gfa_intermediate_data/metab_zmat.20.RDS, ../../results/applied_analysis/gfa_results/metab_gfa_gfaseed1_cn100.ldpruned_r20.01_kb1000_pvalue_jitter0_0.R_ldsc.final.RDS, ../../data/gfa_intermediate_data/metab_R_estimate.R_ldsc.RDS
    output: ../../results/applied_analysis/gfa_results/metab_gls_loadings.gfaseed1_cn100.ldpruned_r20.01_kb1000_pvalue_jitter0_0.R_ldsc.20.RDS
    cluster_jobid: Submitted batch job 14980241

Error executing rule gls_loadings_chrom on cluster (jobid: 178, external: Submitted batch job 14980241, jobscript: /gpfs/accounts/jvmorr_root/jvmorr0/jvmorr/GFA_analysis/gfa_manuscript/code/revision_applied/.snakemake/tmp.4h8lzev0/snakejob.gls_loadings_chrom.178.sh). For error details see the cluster log and the log files of the involved rule(s).
[Thu Oct  3 19:27:23 2024]
Error in rule gls_loadings_chrom:
    jobid: 180
    input: ../../data/gfa_intermediate_data/metab_zmat.22.RDS, ../../results/applied_analysis/gfa_results/metab_gfa_gfaseed1_cn100.ldpruned_r20.01_kb1000_pvalue_jitter0_0.R_ldsc.final.RDS, ../../data/gfa_intermediate_data/metab_R_estimate.R_ldsc.RDS
    output: ../../results/applied_analysis/gfa_results/metab_gls_loadings.gfaseed1_cn100.ldpruned_r20.01_kb1000_pvalue_jitter0_0.R_ldsc.22.RDS
    cluster_jobid: Submitted batch job 14980242

Error executing rule gls_loadings_chrom on cluster (jobid: 180, external: Submitted batch job 14980242, jobscript: /gpfs/accounts/jvmorr_root/jvmorr0/jvmorr/GFA_analysis/gfa_manuscript/code/revision_applied/.snakemake/tmp.4h8lzev0/snakejob.gls_loadings_chrom.180.sh). For error details see the cluster log and the log files of the involved rule(s).
[Thu Oct  3 19:27:23 2024]
Error in rule gls_loadings_chrom:
    jobid: 105
    input: ../../data/gfa_intermediate_data/bc_zmat.15.RDS, ../../results/applied_analysis/gfa_results/bc_gfa_gfaseed1_cn100.ldpruned_r20.01_kb1000_pvalue_jitter0_0.R_ldsc.final.RDS, ../../data/gfa_intermediate_data/bc_R_estimate.R_ldsc.RDS
    output: ../../results/applied_analysis/gfa_results/bc_gls_loadings.gfaseed1_cn100.ldpruned_r20.01_kb1000_pvalue_jitter0_0.R_ldsc.15.RDS
    cluster_jobid: Submitted batch job 14980243

Error executing rule gls_loadings_chrom on cluster (jobid: 105, external: Submitted batch job 14980243, jobscript: /gpfs/accounts/jvmorr_root/jvmorr0/jvmorr/GFA_analysis/gfa_manuscript/code/revision_applied/.snakemake/tmp.4h8lzev0/snakejob.gls_loadings_chrom.105.sh). For error details see the cluster log and the log files of the involved rule(s).
[Thu Oct  3 19:27:23 2024]
Error in rule gls_loadings_chrom:
    jobid: 100
    input: ../../data/gfa_intermediate_data/bc_zmat.10.RDS, ../../results/applied_analysis/gfa_results/bc_gfa_gfaseed1_cn100.ldpruned_r20.01_kb1000_pvalue_jitter0_0.R_ldsc.final.RDS, ../../data/gfa_intermediate_data/bc_R_estimate.R_ldsc.RDS
    output: ../../results/applied_analysis/gfa_results/bc_gls_loadings.gfaseed1_cn100.ldpruned_r20.01_kb1000_pvalue_jitter0_0.R_ldsc.10.RDS
    cluster_jobid: Submitted batch job 14980244

Error executing rule gls_loadings_chrom on cluster (jobid: 100, external: Submitted batch job 14980244, jobscript: /gpfs/accounts/jvmorr_root/jvmorr0/jvmorr/GFA_analysis/gfa_manuscript/code/revision_applied/.snakemake/tmp.4h8lzev0/snakejob.gls_loadings_chrom.100.sh). For error details see the cluster log and the log files of the involved rule(s).
[Thu Oct  3 19:27:23 2024]
Error in rule gls_loadings_chrom:
    jobid: 161
    input: ../../data/gfa_intermediate_data/metab_zmat.3.RDS, ../../results/applied_analysis/gfa_results/metab_gfa_gfaseed1_cn100.ldpruned_r20.01_kb1000_pvalue_jitter0_0.R_ldsc.final.RDS, ../../data/gfa_intermediate_data/metab_R_estimate.R_ldsc.RDS
    output: ../../results/applied_analysis/gfa_results/metab_gls_loadings.gfaseed1_cn100.ldpruned_r20.01_kb1000_pvalue_jitter0_0.R_ldsc.3.RDS
    cluster_jobid: Submitted batch job 14980245

Error executing rule gls_loadings_chrom on cluster (jobid: 161, external: Submitted batch job 14980245, jobscript: /gpfs/accounts/jvmorr_root/jvmorr0/jvmorr/GFA_analysis/gfa_manuscript/code/revision_applied/.snakemake/tmp.4h8lzev0/snakejob.gls_loadings_chrom.161.sh). For error details see the cluster log and the log files of the involved rule(s).
[Thu Oct  3 19:27:23 2024]
Error in rule gls_loadings_chrom:
    jobid: 176
    input: ../../data/gfa_intermediate_data/metab_zmat.18.RDS, ../../results/applied_analysis/gfa_results/metab_gfa_gfaseed1_cn100.ldpruned_r20.01_kb1000_pvalue_jitter0_0.R_ldsc.final.RDS, ../../data/gfa_intermediate_data/metab_R_estimate.R_ldsc.RDS
    output: ../../results/applied_analysis/gfa_results/metab_gls_loadings.gfaseed1_cn100.ldpruned_r20.01_kb1000_pvalue_jitter0_0.R_ldsc.18.RDS
    cluster_jobid: Submitted batch job 14980246

Error executing rule gls_loadings_chrom on cluster (jobid: 176, external: Submitted batch job 14980246, jobscript: /gpfs/accounts/jvmorr_root/jvmorr0/jvmorr/GFA_analysis/gfa_manuscript/code/revision_applied/.snakemake/tmp.4h8lzev0/snakejob.gls_loadings_chrom.176.sh). For error details see the cluster log and the log files of the involved rule(s).
[Thu Oct  3 19:27:23 2024]
Error in rule gls_loadings_chrom:
    jobid: 68
    input: ../../data/gfa_intermediate_data/bc_zmat.1.RDS, ../../results/applied_analysis/gfa_results/bc_gfa_gfaseed1_cn100.ldpruned_r20.01_kb1000_pvalue_jitter0_0.R_ldsc.final.RDS, ../../data/gfa_intermediate_data/bc_R_estimate.R_ldsc.RDS
    output: ../../results/applied_analysis/gfa_results/bc_gls_loadings.gfaseed1_cn100.ldpruned_r20.01_kb1000_pvalue_jitter0_0.R_ldsc.1.RDS
    cluster_jobid: Submitted batch job 14980247

Error executing rule gls_loadings_chrom on cluster (jobid: 68, external: Submitted batch job 14980247, jobscript: /gpfs/accounts/jvmorr_root/jvmorr0/jvmorr/GFA_analysis/gfa_manuscript/code/revision_applied/.snakemake/tmp.4h8lzev0/snakejob.gls_loadings_chrom.68.sh). For error details see the cluster log and the log files of the involved rule(s).
[Thu Oct  3 19:27:23 2024]
Error in rule gls_loadings_chrom:
    jobid: 102
    input: ../../data/gfa_intermediate_data/bc_zmat.12.RDS, ../../results/applied_analysis/gfa_results/bc_gfa_gfaseed1_cn100.ldpruned_r20.01_kb1000_pvalue_jitter0_0.R_ldsc.final.RDS, ../../data/gfa_intermediate_data/bc_R_estimate.R_ldsc.RDS
    output: ../../results/applied_analysis/gfa_results/bc_gls_loadings.gfaseed1_cn100.ldpruned_r20.01_kb1000_pvalue_jitter0_0.R_ldsc.12.RDS
    cluster_jobid: Submitted batch job 14980248

Error executing rule gls_loadings_chrom on cluster (jobid: 102, external: Submitted batch job 14980248, jobscript: /gpfs/accounts/jvmorr_root/jvmorr0/jvmorr/GFA_analysis/gfa_manuscript/code/revision_applied/.snakemake/tmp.4h8lzev0/snakejob.gls_loadings_chrom.102.sh). For error details see the cluster log and the log files of the involved rule(s).
[Thu Oct  3 19:27:24 2024]
Error in rule gls_loadings_chrom:
    jobid: 112
    input: ../../data/gfa_intermediate_data/bc_zmat.22.RDS, ../../results/applied_analysis/gfa_results/bc_gfa_gfaseed1_cn100.ldpruned_r20.01_kb1000_pvalue_jitter0_0.R_ldsc.final.RDS, ../../data/gfa_intermediate_data/bc_R_estimate.R_ldsc.RDS
    output: ../../results/applied_analysis/gfa_results/bc_gls_loadings.gfaseed1_cn100.ldpruned_r20.01_kb1000_pvalue_jitter0_0.R_ldsc.22.RDS
    cluster_jobid: Submitted batch job 14980249

Error executing rule gls_loadings_chrom on cluster (jobid: 112, external: Submitted batch job 14980249, jobscript: /gpfs/accounts/jvmorr_root/jvmorr0/jvmorr/GFA_analysis/gfa_manuscript/code/revision_applied/.snakemake/tmp.4h8lzev0/snakejob.gls_loadings_chrom.112.sh). For error details see the cluster log and the log files of the involved rule(s).
[Thu Oct  3 19:27:24 2024]
Error in rule gls_loadings_chrom:
    jobid: 166
    input: ../../data/gfa_intermediate_data/metab_zmat.8.RDS, ../../results/applied_analysis/gfa_results/metab_gfa_gfaseed1_cn100.ldpruned_r20.01_kb1000_pvalue_jitter0_0.R_ldsc.final.RDS, ../../data/gfa_intermediate_data/metab_R_estimate.R_ldsc.RDS
    output: ../../results/applied_analysis/gfa_results/metab_gls_loadings.gfaseed1_cn100.ldpruned_r20.01_kb1000_pvalue_jitter0_0.R_ldsc.8.RDS
    cluster_jobid: Submitted batch job 14980250

Error executing rule gls_loadings_chrom on cluster (jobid: 166, external: Submitted batch job 14980250, jobscript: /gpfs/accounts/jvmorr_root/jvmorr0/jvmorr/GFA_analysis/gfa_manuscript/code/revision_applied/.snakemake/tmp.4h8lzev0/snakejob.gls_loadings_chrom.166.sh). For error details see the cluster log and the log files of the involved rule(s).
[Thu Oct  3 19:27:24 2024]
Error in rule gls_loadings_chrom:
    jobid: 169
    input: ../../data/gfa_intermediate_data/metab_zmat.11.RDS, ../../results/applied_analysis/gfa_results/metab_gfa_gfaseed1_cn100.ldpruned_r20.01_kb1000_pvalue_jitter0_0.R_ldsc.final.RDS, ../../data/gfa_intermediate_data/metab_R_estimate.R_ldsc.RDS
    output: ../../results/applied_analysis/gfa_results/metab_gls_loadings.gfaseed1_cn100.ldpruned_r20.01_kb1000_pvalue_jitter0_0.R_ldsc.11.RDS
    cluster_jobid: Submitted batch job 14980251

Error executing rule gls_loadings_chrom on cluster (jobid: 169, external: Submitted batch job 14980251, jobscript: /gpfs/accounts/jvmorr_root/jvmorr0/jvmorr/GFA_analysis/gfa_manuscript/code/revision_applied/.snakemake/tmp.4h8lzev0/snakejob.gls_loadings_chrom.169.sh). For error details see the cluster log and the log files of the involved rule(s).
[Thu Oct  3 19:27:24 2024]
Error in rule gls_loadings_chrom:
    jobid: 104
    input: ../../data/gfa_intermediate_data/bc_zmat.14.RDS, ../../results/applied_analysis/gfa_results/bc_gfa_gfaseed1_cn100.ldpruned_r20.01_kb1000_pvalue_jitter0_0.R_ldsc.final.RDS, ../../data/gfa_intermediate_data/bc_R_estimate.R_ldsc.RDS
    output: ../../results/applied_analysis/gfa_results/bc_gls_loadings.gfaseed1_cn100.ldpruned_r20.01_kb1000_pvalue_jitter0_0.R_ldsc.14.RDS
    cluster_jobid: Submitted batch job 14980252

Error executing rule gls_loadings_chrom on cluster (jobid: 104, external: Submitted batch job 14980252, jobscript: /gpfs/accounts/jvmorr_root/jvmorr0/jvmorr/GFA_analysis/gfa_manuscript/code/revision_applied/.snakemake/tmp.4h8lzev0/snakejob.gls_loadings_chrom.104.sh). For error details see the cluster log and the log files of the involved rule(s).
[Thu Oct  3 19:27:24 2024]
Error in rule gls_loadings_chrom:
    jobid: 96
    input: ../../data/gfa_intermediate_data/bc_zmat.6.RDS, ../../results/applied_analysis/gfa_results/bc_gfa_gfaseed1_cn100.ldpruned_r20.01_kb1000_pvalue_jitter0_0.R_ldsc.final.RDS, ../../data/gfa_intermediate_data/bc_R_estimate.R_ldsc.RDS
    output: ../../results/applied_analysis/gfa_results/bc_gls_loadings.gfaseed1_cn100.ldpruned_r20.01_kb1000_pvalue_jitter0_0.R_ldsc.6.RDS
    cluster_jobid: Submitted batch job 14980253

Error executing rule gls_loadings_chrom on cluster (jobid: 96, external: Submitted batch job 14980253, jobscript: /gpfs/accounts/jvmorr_root/jvmorr0/jvmorr/GFA_analysis/gfa_manuscript/code/revision_applied/.snakemake/tmp.4h8lzev0/snakejob.gls_loadings_chrom.96.sh). For error details see the cluster log and the log files of the involved rule(s).
[Thu Oct  3 19:27:24 2024]
Error in rule gls_loadings_chrom:
    jobid: 92
    input: ../../data/gfa_intermediate_data/bc_zmat.2.RDS, ../../results/applied_analysis/gfa_results/bc_gfa_gfaseed1_cn100.ldpruned_r20.01_kb1000_pvalue_jitter0_0.R_ldsc.final.RDS, ../../data/gfa_intermediate_data/bc_R_estimate.R_ldsc.RDS
    output: ../../results/applied_analysis/gfa_results/bc_gls_loadings.gfaseed1_cn100.ldpruned_r20.01_kb1000_pvalue_jitter0_0.R_ldsc.2.RDS
    cluster_jobid: Submitted batch job 14980254

Error executing rule gls_loadings_chrom on cluster (jobid: 92, external: Submitted batch job 14980254, jobscript: /gpfs/accounts/jvmorr_root/jvmorr0/jvmorr/GFA_analysis/gfa_manuscript/code/revision_applied/.snakemake/tmp.4h8lzev0/snakejob.gls_loadings_chrom.92.sh). For error details see the cluster log and the log files of the involved rule(s).
[Thu Oct  3 19:27:24 2024]
Error in rule gls_loadings_chrom:
    jobid: 99
    input: ../../data/gfa_intermediate_data/bc_zmat.9.RDS, ../../results/applied_analysis/gfa_results/bc_gfa_gfaseed1_cn100.ldpruned_r20.01_kb1000_pvalue_jitter0_0.R_ldsc.final.RDS, ../../data/gfa_intermediate_data/bc_R_estimate.R_ldsc.RDS
    output: ../../results/applied_analysis/gfa_results/bc_gls_loadings.gfaseed1_cn100.ldpruned_r20.01_kb1000_pvalue_jitter0_0.R_ldsc.9.RDS
    cluster_jobid: Submitted batch job 14980255

Error executing rule gls_loadings_chrom on cluster (jobid: 99, external: Submitted batch job 14980255, jobscript: /gpfs/accounts/jvmorr_root/jvmorr0/jvmorr/GFA_analysis/gfa_manuscript/code/revision_applied/.snakemake/tmp.4h8lzev0/snakejob.gls_loadings_chrom.99.sh). For error details see the cluster log and the log files of the involved rule(s).
[Thu Oct  3 19:27:24 2024]
Error in rule gls_loadings_chrom:
    jobid: 171
    input: ../../data/gfa_intermediate_data/metab_zmat.13.RDS, ../../results/applied_analysis/gfa_results/metab_gfa_gfaseed1_cn100.ldpruned_r20.01_kb1000_pvalue_jitter0_0.R_ldsc.final.RDS, ../../data/gfa_intermediate_data/metab_R_estimate.R_ldsc.RDS
    output: ../../results/applied_analysis/gfa_results/metab_gls_loadings.gfaseed1_cn100.ldpruned_r20.01_kb1000_pvalue_jitter0_0.R_ldsc.13.RDS
    cluster_jobid: Submitted batch job 14980256

Error executing rule gls_loadings_chrom on cluster (jobid: 171, external: Submitted batch job 14980256, jobscript: /gpfs/accounts/jvmorr_root/jvmorr0/jvmorr/GFA_analysis/gfa_manuscript/code/revision_applied/.snakemake/tmp.4h8lzev0/snakejob.gls_loadings_chrom.171.sh). For error details see the cluster log and the log files of the involved rule(s).
[Thu Oct  3 19:27:24 2024]
Error in rule gls_loadings_chrom:
    jobid: 162
    input: ../../data/gfa_intermediate_data/metab_zmat.4.RDS, ../../results/applied_analysis/gfa_results/metab_gfa_gfaseed1_cn100.ldpruned_r20.01_kb1000_pvalue_jitter0_0.R_ldsc.final.RDS, ../../data/gfa_intermediate_data/metab_R_estimate.R_ldsc.RDS
    output: ../../results/applied_analysis/gfa_results/metab_gls_loadings.gfaseed1_cn100.ldpruned_r20.01_kb1000_pvalue_jitter0_0.R_ldsc.4.RDS
    cluster_jobid: Submitted batch job 14980257

Error executing rule gls_loadings_chrom on cluster (jobid: 162, external: Submitted batch job 14980257, jobscript: /gpfs/accounts/jvmorr_root/jvmorr0/jvmorr/GFA_analysis/gfa_manuscript/code/revision_applied/.snakemake/tmp.4h8lzev0/snakejob.gls_loadings_chrom.162.sh). For error details see the cluster log and the log files of the involved rule(s).
[Thu Oct  3 19:27:24 2024]
Error in rule gls_loadings_chrom:
    jobid: 107
    input: ../../data/gfa_intermediate_data/bc_zmat.17.RDS, ../../results/applied_analysis/gfa_results/bc_gfa_gfaseed1_cn100.ldpruned_r20.01_kb1000_pvalue_jitter0_0.R_ldsc.final.RDS, ../../data/gfa_intermediate_data/bc_R_estimate.R_ldsc.RDS
    output: ../../results/applied_analysis/gfa_results/bc_gls_loadings.gfaseed1_cn100.ldpruned_r20.01_kb1000_pvalue_jitter0_0.R_ldsc.17.RDS
    cluster_jobid: Submitted batch job 14980258

Error executing rule gls_loadings_chrom on cluster (jobid: 107, external: Submitted batch job 14980258, jobscript: /gpfs/accounts/jvmorr_root/jvmorr0/jvmorr/GFA_analysis/gfa_manuscript/code/revision_applied/.snakemake/tmp.4h8lzev0/snakejob.gls_loadings_chrom.107.sh). For error details see the cluster log and the log files of the involved rule(s).
[Thu Oct  3 19:27:25 2024]
Error in rule gls_loadings_chrom:
    jobid: 136
    input: ../../data/gfa_intermediate_data/metab_zmat.1.RDS, ../../results/applied_analysis/gfa_results/metab_gfa_gfaseed1_cn100.ldpruned_r20.01_kb1000_pvalue_jitter0_0.R_ldsc.final.RDS, ../../data/gfa_intermediate_data/metab_R_estimate.R_ldsc.RDS
    output: ../../results/applied_analysis/gfa_results/metab_gls_loadings.gfaseed1_cn100.ldpruned_r20.01_kb1000_pvalue_jitter0_0.R_ldsc.1.RDS
    cluster_jobid: Submitted batch job 14980259

Error executing rule gls_loadings_chrom on cluster (jobid: 136, external: Submitted batch job 14980259, jobscript: /gpfs/accounts/jvmorr_root/jvmorr0/jvmorr/GFA_analysis/gfa_manuscript/code/revision_applied/.snakemake/tmp.4h8lzev0/snakejob.gls_loadings_chrom.136.sh). For error details see the cluster log and the log files of the involved rule(s).
[Thu Oct  3 19:27:25 2024]
Error in rule gls_loadings_chrom:
    jobid: 167
    input: ../../data/gfa_intermediate_data/metab_zmat.9.RDS, ../../results/applied_analysis/gfa_results/metab_gfa_gfaseed1_cn100.ldpruned_r20.01_kb1000_pvalue_jitter0_0.R_ldsc.final.RDS, ../../data/gfa_intermediate_data/metab_R_estimate.R_ldsc.RDS
    output: ../../results/applied_analysis/gfa_results/metab_gls_loadings.gfaseed1_cn100.ldpruned_r20.01_kb1000_pvalue_jitter0_0.R_ldsc.9.RDS
    cluster_jobid: Submitted batch job 14980261

Error executing rule gls_loadings_chrom on cluster (jobid: 167, external: Submitted batch job 14980261, jobscript: /gpfs/accounts/jvmorr_root/jvmorr0/jvmorr/GFA_analysis/gfa_manuscript/code/revision_applied/.snakemake/tmp.4h8lzev0/snakejob.gls_loadings_chrom.167.sh). For error details see the cluster log and the log files of the involved rule(s).
[Thu Oct  3 19:27:25 2024]
Error in rule gls_loadings_chrom:
    jobid: 98
    input: ../../data/gfa_intermediate_data/bc_zmat.8.RDS, ../../results/applied_analysis/gfa_results/bc_gfa_gfaseed1_cn100.ldpruned_r20.01_kb1000_pvalue_jitter0_0.R_ldsc.final.RDS, ../../data/gfa_intermediate_data/bc_R_estimate.R_ldsc.RDS
    output: ../../results/applied_analysis/gfa_results/bc_gls_loadings.gfaseed1_cn100.ldpruned_r20.01_kb1000_pvalue_jitter0_0.R_ldsc.8.RDS
    cluster_jobid: Submitted batch job 14980262

Error executing rule gls_loadings_chrom on cluster (jobid: 98, external: Submitted batch job 14980262, jobscript: /gpfs/accounts/jvmorr_root/jvmorr0/jvmorr/GFA_analysis/gfa_manuscript/code/revision_applied/.snakemake/tmp.4h8lzev0/snakejob.gls_loadings_chrom.98.sh). For error details see the cluster log and the log files of the involved rule(s).
[Thu Oct  3 19:27:25 2024]
Error in rule gls_loadings_chrom:
    jobid: 97
    input: ../../data/gfa_intermediate_data/bc_zmat.7.RDS, ../../results/applied_analysis/gfa_results/bc_gfa_gfaseed1_cn100.ldpruned_r20.01_kb1000_pvalue_jitter0_0.R_ldsc.final.RDS, ../../data/gfa_intermediate_data/bc_R_estimate.R_ldsc.RDS
    output: ../../results/applied_analysis/gfa_results/bc_gls_loadings.gfaseed1_cn100.ldpruned_r20.01_kb1000_pvalue_jitter0_0.R_ldsc.7.RDS
    cluster_jobid: Submitted batch job 14980263

Error executing rule gls_loadings_chrom on cluster (jobid: 97, external: Submitted batch job 14980263, jobscript: /gpfs/accounts/jvmorr_root/jvmorr0/jvmorr/GFA_analysis/gfa_manuscript/code/revision_applied/.snakemake/tmp.4h8lzev0/snakejob.gls_loadings_chrom.97.sh). For error details see the cluster log and the log files of the involved rule(s).
[Thu Oct  3 19:27:25 2024]
Error in rule gls_loadings_chrom:
    jobid: 160
    input: ../../data/gfa_intermediate_data/metab_zmat.2.RDS, ../../results/applied_analysis/gfa_results/metab_gfa_gfaseed1_cn100.ldpruned_r20.01_kb1000_pvalue_jitter0_0.R_ldsc.final.RDS, ../../data/gfa_intermediate_data/metab_R_estimate.R_ldsc.RDS
    output: ../../results/applied_analysis/gfa_results/metab_gls_loadings.gfaseed1_cn100.ldpruned_r20.01_kb1000_pvalue_jitter0_0.R_ldsc.2.RDS
    cluster_jobid: Submitted batch job 14980264

Error executing rule gls_loadings_chrom on cluster (jobid: 160, external: Submitted batch job 14980264, jobscript: /gpfs/accounts/jvmorr_root/jvmorr0/jvmorr/GFA_analysis/gfa_manuscript/code/revision_applied/.snakemake/tmp.4h8lzev0/snakejob.gls_loadings_chrom.160.sh). For error details see the cluster log and the log files of the involved rule(s).
[Thu Oct  3 19:27:25 2024]
Error in rule gls_loadings_chrom:
    jobid: 168
    input: ../../data/gfa_intermediate_data/metab_zmat.10.RDS, ../../results/applied_analysis/gfa_results/metab_gfa_gfaseed1_cn100.ldpruned_r20.01_kb1000_pvalue_jitter0_0.R_ldsc.final.RDS, ../../data/gfa_intermediate_data/metab_R_estimate.R_ldsc.RDS
    output: ../../results/applied_analysis/gfa_results/metab_gls_loadings.gfaseed1_cn100.ldpruned_r20.01_kb1000_pvalue_jitter0_0.R_ldsc.10.RDS
    cluster_jobid: Submitted batch job 14980265

Error executing rule gls_loadings_chrom on cluster (jobid: 168, external: Submitted batch job 14980265, jobscript: /gpfs/accounts/jvmorr_root/jvmorr0/jvmorr/GFA_analysis/gfa_manuscript/code/revision_applied/.snakemake/tmp.4h8lzev0/snakejob.gls_loadings_chrom.168.sh). For error details see the cluster log and the log files of the involved rule(s).
[Thu Oct  3 19:27:25 2024]
Error in rule gls_loadings_chrom:
    jobid: 111
    input: ../../data/gfa_intermediate_data/bc_zmat.21.RDS, ../../results/applied_analysis/gfa_results/bc_gfa_gfaseed1_cn100.ldpruned_r20.01_kb1000_pvalue_jitter0_0.R_ldsc.final.RDS, ../../data/gfa_intermediate_data/bc_R_estimate.R_ldsc.RDS
    output: ../../results/applied_analysis/gfa_results/bc_gls_loadings.gfaseed1_cn100.ldpruned_r20.01_kb1000_pvalue_jitter0_0.R_ldsc.21.RDS
    cluster_jobid: Submitted batch job 14980267

Error executing rule gls_loadings_chrom on cluster (jobid: 111, external: Submitted batch job 14980267, jobscript: /gpfs/accounts/jvmorr_root/jvmorr0/jvmorr/GFA_analysis/gfa_manuscript/code/revision_applied/.snakemake/tmp.4h8lzev0/snakejob.gls_loadings_chrom.111.sh). For error details see the cluster log and the log files of the involved rule(s).
[Thu Oct  3 19:27:25 2024]
Error in rule gls_loadings_chrom:
    jobid: 163
    input: ../../data/gfa_intermediate_data/metab_zmat.5.RDS, ../../results/applied_analysis/gfa_results/metab_gfa_gfaseed1_cn100.ldpruned_r20.01_kb1000_pvalue_jitter0_0.R_ldsc.final.RDS, ../../data/gfa_intermediate_data/metab_R_estimate.R_ldsc.RDS
    output: ../../results/applied_analysis/gfa_results/metab_gls_loadings.gfaseed1_cn100.ldpruned_r20.01_kb1000_pvalue_jitter0_0.R_ldsc.5.RDS
    cluster_jobid: Submitted batch job 14980268

Error executing rule gls_loadings_chrom on cluster (jobid: 163, external: Submitted batch job 14980268, jobscript: /gpfs/accounts/jvmorr_root/jvmorr0/jvmorr/GFA_analysis/gfa_manuscript/code/revision_applied/.snakemake/tmp.4h8lzev0/snakejob.gls_loadings_chrom.163.sh). For error details see the cluster log and the log files of the involved rule(s).
[Thu Oct  3 19:27:25 2024]
Error in rule gls_loadings_chrom:
    jobid: 95
    input: ../../data/gfa_intermediate_data/bc_zmat.5.RDS, ../../results/applied_analysis/gfa_results/bc_gfa_gfaseed1_cn100.ldpruned_r20.01_kb1000_pvalue_jitter0_0.R_ldsc.final.RDS, ../../data/gfa_intermediate_data/bc_R_estimate.R_ldsc.RDS
    output: ../../results/applied_analysis/gfa_results/bc_gls_loadings.gfaseed1_cn100.ldpruned_r20.01_kb1000_pvalue_jitter0_0.R_ldsc.5.RDS
    cluster_jobid: Submitted batch job 14980269

Error executing rule gls_loadings_chrom on cluster (jobid: 95, external: Submitted batch job 14980269, jobscript: /gpfs/accounts/jvmorr_root/jvmorr0/jvmorr/GFA_analysis/gfa_manuscript/code/revision_applied/.snakemake/tmp.4h8lzev0/snakejob.gls_loadings_chrom.95.sh). For error details see the cluster log and the log files of the involved rule(s).
[Thu Oct  3 19:27:25 2024]
Error in rule gls_loadings_chrom:
    jobid: 101
    input: ../../data/gfa_intermediate_data/bc_zmat.11.RDS, ../../results/applied_analysis/gfa_results/bc_gfa_gfaseed1_cn100.ldpruned_r20.01_kb1000_pvalue_jitter0_0.R_ldsc.final.RDS, ../../data/gfa_intermediate_data/bc_R_estimate.R_ldsc.RDS
    output: ../../results/applied_analysis/gfa_results/bc_gls_loadings.gfaseed1_cn100.ldpruned_r20.01_kb1000_pvalue_jitter0_0.R_ldsc.11.RDS
    cluster_jobid: Submitted batch job 14980271

Error executing rule gls_loadings_chrom on cluster (jobid: 101, external: Submitted batch job 14980271, jobscript: /gpfs/accounts/jvmorr_root/jvmorr0/jvmorr/GFA_analysis/gfa_manuscript/code/revision_applied/.snakemake/tmp.4h8lzev0/snakejob.gls_loadings_chrom.101.sh). For error details see the cluster log and the log files of the involved rule(s).
[Thu Oct  3 19:27:26 2024]
Error in rule gls_loadings_chrom:
    jobid: 94
    input: ../../data/gfa_intermediate_data/bc_zmat.4.RDS, ../../results/applied_analysis/gfa_results/bc_gfa_gfaseed1_cn100.ldpruned_r20.01_kb1000_pvalue_jitter0_0.R_ldsc.final.RDS, ../../data/gfa_intermediate_data/bc_R_estimate.R_ldsc.RDS
    output: ../../results/applied_analysis/gfa_results/bc_gls_loadings.gfaseed1_cn100.ldpruned_r20.01_kb1000_pvalue_jitter0_0.R_ldsc.4.RDS
    cluster_jobid: Submitted batch job 14980272

Error executing rule gls_loadings_chrom on cluster (jobid: 94, external: Submitted batch job 14980272, jobscript: /gpfs/accounts/jvmorr_root/jvmorr0/jvmorr/GFA_analysis/gfa_manuscript/code/revision_applied/.snakemake/tmp.4h8lzev0/snakejob.gls_loadings_chrom.94.sh). For error details see the cluster log and the log files of the involved rule(s).
[Thu Oct  3 19:27:26 2024]
Error in rule gls_loadings_chrom:
    jobid: 110
    input: ../../data/gfa_intermediate_data/bc_zmat.20.RDS, ../../results/applied_analysis/gfa_results/bc_gfa_gfaseed1_cn100.ldpruned_r20.01_kb1000_pvalue_jitter0_0.R_ldsc.final.RDS, ../../data/gfa_intermediate_data/bc_R_estimate.R_ldsc.RDS
    output: ../../results/applied_analysis/gfa_results/bc_gls_loadings.gfaseed1_cn100.ldpruned_r20.01_kb1000_pvalue_jitter0_0.R_ldsc.20.RDS
    cluster_jobid: Submitted batch job 14980274

Error executing rule gls_loadings_chrom on cluster (jobid: 110, external: Submitted batch job 14980274, jobscript: /gpfs/accounts/jvmorr_root/jvmorr0/jvmorr/GFA_analysis/gfa_manuscript/code/revision_applied/.snakemake/tmp.4h8lzev0/snakejob.gls_loadings_chrom.110.sh). For error details see the cluster log and the log files of the involved rule(s).
[Thu Oct  3 19:27:26 2024]
Error in rule gls_loadings_chrom:
    jobid: 109
    input: ../../data/gfa_intermediate_data/bc_zmat.19.RDS, ../../results/applied_analysis/gfa_results/bc_gfa_gfaseed1_cn100.ldpruned_r20.01_kb1000_pvalue_jitter0_0.R_ldsc.final.RDS, ../../data/gfa_intermediate_data/bc_R_estimate.R_ldsc.RDS
    output: ../../results/applied_analysis/gfa_results/bc_gls_loadings.gfaseed1_cn100.ldpruned_r20.01_kb1000_pvalue_jitter0_0.R_ldsc.19.RDS
    cluster_jobid: Submitted batch job 14980275

Error executing rule gls_loadings_chrom on cluster (jobid: 109, external: Submitted batch job 14980275, jobscript: /gpfs/accounts/jvmorr_root/jvmorr0/jvmorr/GFA_analysis/gfa_manuscript/code/revision_applied/.snakemake/tmp.4h8lzev0/snakejob.gls_loadings_chrom.109.sh). For error details see the cluster log and the log files of the involved rule(s).
[Thu Oct  3 19:27:26 2024]
Error in rule gls_loadings_chrom:
    jobid: 108
    input: ../../data/gfa_intermediate_data/bc_zmat.18.RDS, ../../results/applied_analysis/gfa_results/bc_gfa_gfaseed1_cn100.ldpruned_r20.01_kb1000_pvalue_jitter0_0.R_ldsc.final.RDS, ../../data/gfa_intermediate_data/bc_R_estimate.R_ldsc.RDS
    output: ../../results/applied_analysis/gfa_results/bc_gls_loadings.gfaseed1_cn100.ldpruned_r20.01_kb1000_pvalue_jitter0_0.R_ldsc.18.RDS
    cluster_jobid: Submitted batch job 14980276

Error executing rule gls_loadings_chrom on cluster (jobid: 108, external: Submitted batch job 14980276, jobscript: /gpfs/accounts/jvmorr_root/jvmorr0/jvmorr/GFA_analysis/gfa_manuscript/code/revision_applied/.snakemake/tmp.4h8lzev0/snakejob.gls_loadings_chrom.108.sh). For error details see the cluster log and the log files of the involved rule(s).
[Thu Oct  3 19:27:26 2024]
Error in rule gls_loadings_chrom:
    jobid: 93
    input: ../../data/gfa_intermediate_data/bc_zmat.3.RDS, ../../results/applied_analysis/gfa_results/bc_gfa_gfaseed1_cn100.ldpruned_r20.01_kb1000_pvalue_jitter0_0.R_ldsc.final.RDS, ../../data/gfa_intermediate_data/bc_R_estimate.R_ldsc.RDS
    output: ../../results/applied_analysis/gfa_results/bc_gls_loadings.gfaseed1_cn100.ldpruned_r20.01_kb1000_pvalue_jitter0_0.R_ldsc.3.RDS
    cluster_jobid: Submitted batch job 14980278

Error executing rule gls_loadings_chrom on cluster (jobid: 93, external: Submitted batch job 14980278, jobscript: /gpfs/accounts/jvmorr_root/jvmorr0/jvmorr/GFA_analysis/gfa_manuscript/code/revision_applied/.snakemake/tmp.4h8lzev0/snakejob.gls_loadings_chrom.93.sh). For error details see the cluster log and the log files of the involved rule(s).
[Thu Oct  3 19:27:26 2024]
Error in rule gls_loadings_chrom:
    jobid: 106
    input: ../../data/gfa_intermediate_data/bc_zmat.16.RDS, ../../results/applied_analysis/gfa_results/bc_gfa_gfaseed1_cn100.ldpruned_r20.01_kb1000_pvalue_jitter0_0.R_ldsc.final.RDS, ../../data/gfa_intermediate_data/bc_R_estimate.R_ldsc.RDS
    output: ../../results/applied_analysis/gfa_results/bc_gls_loadings.gfaseed1_cn100.ldpruned_r20.01_kb1000_pvalue_jitter0_0.R_ldsc.16.RDS
    cluster_jobid: Submitted batch job 14980281

Error executing rule gls_loadings_chrom on cluster (jobid: 106, external: Submitted batch job 14980281, jobscript: /gpfs/accounts/jvmorr_root/jvmorr0/jvmorr/GFA_analysis/gfa_manuscript/code/revision_applied/.snakemake/tmp.4h8lzev0/snakejob.gls_loadings_chrom.106.sh). For error details see the cluster log and the log files of the involved rule(s).
Exiting because a job execution failed. Look above for error message
Complete log: .snakemake/log/2024-10-03T192636.660624.snakemake.log
