Building DAG of jobs...
Using shell: /usr/bin/bash
Provided cluster nodes: 96
Job stats:
job               count
--------------  -------
all                   1
get_mr_results        1
mht                   2
plot_metab            3
total                 7

Select jobs to execute...

[Wed Oct 30 17:45:34 2024]
localrule get_mr_results:
    input: ../../results/applied_analysis/mr_results/bc_mr_fct.Bentham_2015_26502338__lupus.gfaseed1_cn100.ldpruned_r20.01_kb1000_pvalue_jitter0_0.R_ldsc.RDS, ../../results/applied_analysis/mr_results/bc_mr_fct.Okada_2014_24390342__rheumatoid-arthritis.gfaseed1_cn100.ldpruned_r20.01_kb1000_pvalue_jitter0_0.R_ldsc.RDS, ../../results/applied_analysis/mr_results/bc_mr_fct.Ferreira_2015_29083406__allergy.gfaseed1_cn100.ldpruned_r20.01_kb1000_pvalue_jitter0_0.R_ldsc.RDS, ../../results/applied_analysis/mr_results/bc_mr_fct.Demenais_2017_29273806__asthma.gfaseed1_cn100.ldpruned_r20.01_kb1000_pvalue_jitter0_0.R_ldsc.RDS, ../../results/applied_analysis/mr_results/bc_mr_fct.deLange_2017_28067908__crohns-disease.gfaseed1_cn100.ldpruned_r20.01_kb1000_pvalue_jitter0_0.R_ldsc.RDS, ../../results/applied_analysis/mr_results/bc_mr_fct.deLange_2018_28067909__ulcerative-colitis.gfaseed1_cn100.ldpruned_r20.01_kb1000_pvalue_jitter0_0.R_ldsc.RDS, ../../results/applied_analysis/mr_results/bc_mr_fct.Liu_2015_26192919__inflammatory-bowel-disease.gfaseed1_cn100.ldpruned_r20.01_kb1000_pvalue_jitter0_0.R_ldsc.RDS, ../../results/applied_analysis/mr_results/bc_mr_fct.Chiou_2021_34012112__type-1-diabetes.gfaseed1_cn100.ldpruned_r20.01_kb1000_pvalue_jitter0_0.R_ldsc.RDS, ../../results/applied_analysis/mr_results/bc_mr_fct.Dubois_2010_20190752__celiac-disease.gfaseed1_cn100.ldpruned_r20.01_kb1000_pvalue_jitter0_0.R_ldsc.RDS, ../../results/applied_analysis/mr_results/bc_mr_fct.Patsopoulos_2019_31604244__multiple-sclerosis.gfaseed1_cn100.ldpruned_r20.01_kb1000_pvalue_jitter0_0.R_ldsc.RDS, ../../results/applied_analysis/mr_results/bc_mr_fct.van-der-Harst_2017_29212778__CAD.gfaseed1_cn100.ldpruned_r20.01_kb1000_pvalue_jitter0_0.R_ldsc.RDS, ../../results/applied_analysis/mr_results/bc_mr_fct.Xue_2018_30054458__type-2-diabetes.gfaseed1_cn100.ldpruned_r20.01_kb1000_pvalue_jitter0_0.R_ldsc.RDS, ../../results/applied_analysis/mr_results/bc_mr_fct.Bentham_2015_26502338__lupus.gfaseed1_cn100.ldpruned_r20.01_kb1000_pvalue_jitter0_0.R_ldsc.RDS, ../../results/applied_analysis/mr_results/bc_mr_fct.Okada_2014_24390342__rheumatoid-arthritis.gfaseed1_cn100.ldpruned_r20.01_kb1000_pvalue_jitter0_0.R_ldsc.RDS, ../../results/applied_analysis/mr_results/bc_mr_fct.Ferreira_2015_29083406__allergy.gfaseed1_cn100.ldpruned_r20.01_kb1000_pvalue_jitter0_0.R_ldsc.RDS, ../../results/applied_analysis/mr_results/bc_mr_fct.Demenais_2017_29273806__asthma.gfaseed1_cn100.ldpruned_r20.01_kb1000_pvalue_jitter0_0.R_ldsc.RDS, ../../results/applied_analysis/mr_results/bc_mr_fct.deLange_2017_28067908__crohns-disease.gfaseed1_cn100.ldpruned_r20.01_kb1000_pvalue_jitter0_0.R_ldsc.RDS, ../../results/applied_analysis/mr_results/bc_mr_fct.deLange_2018_28067909__ulcerative-colitis.gfaseed1_cn100.ldpruned_r20.01_kb1000_pvalue_jitter0_0.R_ldsc.RDS, ../../results/applied_analysis/mr_results/bc_mr_fct.Liu_2015_26192919__inflammatory-bowel-disease.gfaseed1_cn100.ldpruned_r20.01_kb1000_pvalue_jitter0_0.R_ldsc.RDS, ../../results/applied_analysis/mr_results/bc_mr_fct.Chiou_2021_34012112__type-1-diabetes.gfaseed1_cn100.ldpruned_r20.01_kb1000_pvalue_jitter0_0.R_ldsc.RDS, ../../results/applied_analysis/mr_results/bc_mr_fct.Dubois_2010_20190752__celiac-disease.gfaseed1_cn100.ldpruned_r20.01_kb1000_pvalue_jitter0_0.R_ldsc.RDS, ../../results/applied_analysis/mr_results/bc_mr_fct.Patsopoulos_2019_31604244__multiple-sclerosis.gfaseed1_cn100.ldpruned_r20.01_kb1000_pvalue_jitter0_0.R_ldsc.RDS, ../../results/applied_analysis/mr_results/bc_mr_fct.van-der-Harst_2017_29212778__CAD.gfaseed1_cn100.ldpruned_r20.01_kb1000_pvalue_jitter0_0.R_ldsc.RDS, ../../results/applied_analysis/mr_results/bc_mr_fct.Xue_2018_30054458__type-2-diabetes.gfaseed1_cn100.ldpruned_r20.01_kb1000_pvalue_jitter0_0.R_ldsc.RDS, ../../results/applied_analysis/gfa_results/bc_gfa_gfaseed1_cn100.ldpruned_r20.01_kb1000_pvalue_jitter0_0.R_ldsc.final.RDS
    output: ../../results/applied_analysis/plots/bc_mr_results.gfaseed1_cn100.ldpruned_r20.01_kb1000_pvalue_jitter0_0.R_ldsc.csv
    jobid: 383
    reason: Missing output files: ../../results/applied_analysis/plots/bc_mr_results.gfaseed1_cn100.ldpruned_r20.01_kb1000_pvalue_jitter0_0.R_ldsc.csv
    wildcards: analysis=gfaseed1_cn100.ldpruned_r20.01_kb1000_pvalue_jitter0_0.R_ldsc
    resources: mem_mb=1000, mem_mib=954, disk_mb=1000, disk_mib=954, tmpdir=/tmp

[Wed Oct 30 17:45:34 2024]
rule mht:
    input: ../../results/applied_analysis/gfa_results/metab_gls_loadings.gfaseed1_cn100.ldpruned_r20.01_kb1000_pvalue_jitter0_0.R_ldsc.1.RDS, ../../results/applied_analysis/gfa_results/metab_gls_loadings.gfaseed1_cn100.ldpruned_r20.01_kb1000_pvalue_jitter0_0.R_ldsc.2.RDS, ../../results/applied_analysis/gfa_results/metab_gls_loadings.gfaseed1_cn100.ldpruned_r20.01_kb1000_pvalue_jitter0_0.R_ldsc.3.RDS, ../../results/applied_analysis/gfa_results/metab_gls_loadings.gfaseed1_cn100.ldpruned_r20.01_kb1000_pvalue_jitter0_0.R_ldsc.4.RDS, ../../results/applied_analysis/gfa_results/metab_gls_loadings.gfaseed1_cn100.ldpruned_r20.01_kb1000_pvalue_jitter0_0.R_ldsc.5.RDS, ../../results/applied_analysis/gfa_results/metab_gls_loadings.gfaseed1_cn100.ldpruned_r20.01_kb1000_pvalue_jitter0_0.R_ldsc.6.RDS, ../../results/applied_analysis/gfa_results/metab_gls_loadings.gfaseed1_cn100.ldpruned_r20.01_kb1000_pvalue_jitter0_0.R_ldsc.7.RDS, ../../results/applied_analysis/gfa_results/metab_gls_loadings.gfaseed1_cn100.ldpruned_r20.01_kb1000_pvalue_jitter0_0.R_ldsc.8.RDS, ../../results/applied_analysis/gfa_results/metab_gls_loadings.gfaseed1_cn100.ldpruned_r20.01_kb1000_pvalue_jitter0_0.R_ldsc.9.RDS, ../../results/applied_analysis/gfa_results/metab_gls_loadings.gfaseed1_cn100.ldpruned_r20.01_kb1000_pvalue_jitter0_0.R_ldsc.10.RDS, ../../results/applied_analysis/gfa_results/metab_gls_loadings.gfaseed1_cn100.ldpruned_r20.01_kb1000_pvalue_jitter0_0.R_ldsc.11.RDS, ../../results/applied_analysis/gfa_results/metab_gls_loadings.gfaseed1_cn100.ldpruned_r20.01_kb1000_pvalue_jitter0_0.R_ldsc.12.RDS, ../../results/applied_analysis/gfa_results/metab_gls_loadings.gfaseed1_cn100.ldpruned_r20.01_kb1000_pvalue_jitter0_0.R_ldsc.13.RDS, ../../results/applied_analysis/gfa_results/metab_gls_loadings.gfaseed1_cn100.ldpruned_r20.01_kb1000_pvalue_jitter0_0.R_ldsc.14.RDS, ../../results/applied_analysis/gfa_results/metab_gls_loadings.gfaseed1_cn100.ldpruned_r20.01_kb1000_pvalue_jitter0_0.R_ldsc.15.RDS, ../../results/applied_analysis/gfa_results/metab_gls_loadings.gfaseed1_cn100.ldpruned_r20.01_kb1000_pvalue_jitter0_0.R_ldsc.16.RDS, ../../results/applied_analysis/gfa_results/metab_gls_loadings.gfaseed1_cn100.ldpruned_r20.01_kb1000_pvalue_jitter0_0.R_ldsc.17.RDS, ../../results/applied_analysis/gfa_results/metab_gls_loadings.gfaseed1_cn100.ldpruned_r20.01_kb1000_pvalue_jitter0_0.R_ldsc.18.RDS, ../../results/applied_analysis/gfa_results/metab_gls_loadings.gfaseed1_cn100.ldpruned_r20.01_kb1000_pvalue_jitter0_0.R_ldsc.19.RDS, ../../results/applied_analysis/gfa_results/metab_gls_loadings.gfaseed1_cn100.ldpruned_r20.01_kb1000_pvalue_jitter0_0.R_ldsc.20.RDS, ../../results/applied_analysis/gfa_results/metab_gls_loadings.gfaseed1_cn100.ldpruned_r20.01_kb1000_pvalue_jitter0_0.R_ldsc.21.RDS, ../../results/applied_analysis/gfa_results/metab_gls_loadings.gfaseed1_cn100.ldpruned_r20.01_kb1000_pvalue_jitter0_0.R_ldsc.22.RDS
    output: ../../results/applied_analysis/plots/metab_mhtplot.gfaseed1_cn100.ldpruned_r20.01_kb1000_pvalue_jitter0_0.R_ldsc.1.png
    jobid: 381
    reason: Missing output files: ../../results/applied_analysis/plots/metab_mhtplot.gfaseed1_cn100.ldpruned_r20.01_kb1000_pvalue_jitter0_0.R_ldsc.1.png
    wildcards: prefix=metab, analysis=gfaseed1_cn100.ldpruned_r20.01_kb1000_pvalue_jitter0_0.R_ldsc
    resources: mem_mb=1014, mem_mib=968, disk_mb=1014, disk_mib=968, tmpdir=<TBD>

Submitted job 381 with external jobid 'Submitted batch job 16393893'.

[Wed Oct 30 17:45:39 2024]
rule plot_metab:
    input: ../../results/applied_analysis/gfa_results/metab_gfa_gfaseed1_cn100.ldpruned_r20.01_kb1000_pvalue_jitter0_0.R_none.final.RDS
    output: ../../results/applied_analysis/plots/metab_plot.gfaseed1_cn100.ldpruned_r20.01_kb1000_pvalue_jitter0_0.R_none.png, ../../results/applied_analysis/gfa_results/metab_pveci_gfaseed1_cn100.ldpruned_r20.01_kb1000_pvalue_jitter0_0.R_none.RDS
    jobid: 146
    reason: Missing output files: ../../results/applied_analysis/plots/metab_plot.gfaseed1_cn100.ldpruned_r20.01_kb1000_pvalue_jitter0_0.R_none.png
    wildcards: analysis=gfaseed1_cn100.ldpruned_r20.01_kb1000_pvalue_jitter0_0.R_none
    resources: mem_mb=1000, mem_mib=954, disk_mb=1000, disk_mib=954, tmpdir=<TBD>

Submitted job 146 with external jobid 'Submitted batch job 16393895'.

[Wed Oct 30 17:45:45 2024]
rule plot_metab:
    input: ../../results/applied_analysis/gfa_results/metab_gfa_gfaseed1_cn100.ldpruned_r20.01_kb1000_pvalue_jitter0_0.R_ldsc.final.RDS
    output: ../../results/applied_analysis/plots/metab_plot.gfaseed1_cn100.ldpruned_r20.01_kb1000_pvalue_jitter0_0.R_ldsc.png, ../../results/applied_analysis/gfa_results/metab_pveci_gfaseed1_cn100.ldpruned_r20.01_kb1000_pvalue_jitter0_0.R_ldsc.RDS
    jobid: 145
    reason: Missing output files: ../../results/applied_analysis/plots/metab_plot.gfaseed1_cn100.ldpruned_r20.01_kb1000_pvalue_jitter0_0.R_ldsc.png
    wildcards: analysis=gfaseed1_cn100.ldpruned_r20.01_kb1000_pvalue_jitter0_0.R_ldsc
    resources: mem_mb=1000, mem_mib=954, disk_mb=1000, disk_mib=954, tmpdir=<TBD>

Submitted job 145 with external jobid 'Submitted batch job 16393896'.

[Wed Oct 30 17:45:51 2024]
rule plot_metab:
    input: ../../results/applied_analysis/gfa_results/metab_gfa_gfaseed1_cn100.ldpruned_r20.01_kb1000_pvalue_jitter0_0.R_pt0.05.final.RDS
    output: ../../results/applied_analysis/plots/metab_plot.gfaseed1_cn100.ldpruned_r20.01_kb1000_pvalue_jitter0_0.R_pt0.05.png, ../../results/applied_analysis/gfa_results/metab_pveci_gfaseed1_cn100.ldpruned_r20.01_kb1000_pvalue_jitter0_0.R_pt0.05.RDS
    jobid: 147
    reason: Missing output files: ../../results/applied_analysis/plots/metab_plot.gfaseed1_cn100.ldpruned_r20.01_kb1000_pvalue_jitter0_0.R_pt0.05.png
    wildcards: analysis=gfaseed1_cn100.ldpruned_r20.01_kb1000_pvalue_jitter0_0.R_pt0.05
    resources: mem_mb=1000, mem_mib=954, disk_mb=1000, disk_mib=954, tmpdir=<TBD>

Submitted job 147 with external jobid 'Submitted batch job 16393897'.

[Wed Oct 30 17:45:51 2024]
rule mht:
    input: ../../results/applied_analysis/gfa_results/bc_gls_loadings.gfaseed1_cn100.ldpruned_r20.01_kb1000_pvalue_jitter0_0.R_ldsc.1.RDS, ../../results/applied_analysis/gfa_results/bc_gls_loadings.gfaseed1_cn100.ldpruned_r20.01_kb1000_pvalue_jitter0_0.R_ldsc.2.RDS, ../../results/applied_analysis/gfa_results/bc_gls_loadings.gfaseed1_cn100.ldpruned_r20.01_kb1000_pvalue_jitter0_0.R_ldsc.3.RDS, ../../results/applied_analysis/gfa_results/bc_gls_loadings.gfaseed1_cn100.ldpruned_r20.01_kb1000_pvalue_jitter0_0.R_ldsc.4.RDS, ../../results/applied_analysis/gfa_results/bc_gls_loadings.gfaseed1_cn100.ldpruned_r20.01_kb1000_pvalue_jitter0_0.R_ldsc.5.RDS, ../../results/applied_analysis/gfa_results/bc_gls_loadings.gfaseed1_cn100.ldpruned_r20.01_kb1000_pvalue_jitter0_0.R_ldsc.6.RDS, ../../results/applied_analysis/gfa_results/bc_gls_loadings.gfaseed1_cn100.ldpruned_r20.01_kb1000_pvalue_jitter0_0.R_ldsc.7.RDS, ../../results/applied_analysis/gfa_results/bc_gls_loadings.gfaseed1_cn100.ldpruned_r20.01_kb1000_pvalue_jitter0_0.R_ldsc.8.RDS, ../../results/applied_analysis/gfa_results/bc_gls_loadings.gfaseed1_cn100.ldpruned_r20.01_kb1000_pvalue_jitter0_0.R_ldsc.9.RDS, ../../results/applied_analysis/gfa_results/bc_gls_loadings.gfaseed1_cn100.ldpruned_r20.01_kb1000_pvalue_jitter0_0.R_ldsc.10.RDS, ../../results/applied_analysis/gfa_results/bc_gls_loadings.gfaseed1_cn100.ldpruned_r20.01_kb1000_pvalue_jitter0_0.R_ldsc.11.RDS, ../../results/applied_analysis/gfa_results/bc_gls_loadings.gfaseed1_cn100.ldpruned_r20.01_kb1000_pvalue_jitter0_0.R_ldsc.12.RDS, ../../results/applied_analysis/gfa_results/bc_gls_loadings.gfaseed1_cn100.ldpruned_r20.01_kb1000_pvalue_jitter0_0.R_ldsc.13.RDS, ../../results/applied_analysis/gfa_results/bc_gls_loadings.gfaseed1_cn100.ldpruned_r20.01_kb1000_pvalue_jitter0_0.R_ldsc.14.RDS, ../../results/applied_analysis/gfa_results/bc_gls_loadings.gfaseed1_cn100.ldpruned_r20.01_kb1000_pvalue_jitter0_0.R_ldsc.15.RDS, ../../results/applied_analysis/gfa_results/bc_gls_loadings.gfaseed1_cn100.ldpruned_r20.01_kb1000_pvalue_jitter0_0.R_ldsc.16.RDS, ../../results/applied_analysis/gfa_results/bc_gls_loadings.gfaseed1_cn100.ldpruned_r20.01_kb1000_pvalue_jitter0_0.R_ldsc.17.RDS, ../../results/applied_analysis/gfa_results/bc_gls_loadings.gfaseed1_cn100.ldpruned_r20.01_kb1000_pvalue_jitter0_0.R_ldsc.18.RDS, ../../results/applied_analysis/gfa_results/bc_gls_loadings.gfaseed1_cn100.ldpruned_r20.01_kb1000_pvalue_jitter0_0.R_ldsc.19.RDS, ../../results/applied_analysis/gfa_results/bc_gls_loadings.gfaseed1_cn100.ldpruned_r20.01_kb1000_pvalue_jitter0_0.R_ldsc.20.RDS, ../../results/applied_analysis/gfa_results/bc_gls_loadings.gfaseed1_cn100.ldpruned_r20.01_kb1000_pvalue_jitter0_0.R_ldsc.21.RDS, ../../results/applied_analysis/gfa_results/bc_gls_loadings.gfaseed1_cn100.ldpruned_r20.01_kb1000_pvalue_jitter0_0.R_ldsc.22.RDS
    output: ../../results/applied_analysis/plots/bc_mhtplot.gfaseed1_cn100.ldpruned_r20.01_kb1000_pvalue_jitter0_0.R_ldsc.1.png
    jobid: 382
    reason: Missing output files: ../../results/applied_analysis/plots/bc_mhtplot.gfaseed1_cn100.ldpruned_r20.01_kb1000_pvalue_jitter0_0.R_ldsc.1.png
    wildcards: prefix=bc, analysis=gfaseed1_cn100.ldpruned_r20.01_kb1000_pvalue_jitter0_0.R_ldsc
    resources: mem_mb=3053, mem_mib=2912, disk_mb=3053, disk_mib=2912, tmpdir=<TBD>

Submitted job 382 with external jobid 'Submitted batch job 16393898'.
[Wed Oct 30 17:45:51 2024]
Finished job 383.
1 of 7 steps (14%) done
[Wed Oct 30 17:53:14 2024]
Error in rule plot_metab:
    jobid: 145
    input: ../../results/applied_analysis/gfa_results/metab_gfa_gfaseed1_cn100.ldpruned_r20.01_kb1000_pvalue_jitter0_0.R_ldsc.final.RDS
    output: ../../results/applied_analysis/plots/metab_plot.gfaseed1_cn100.ldpruned_r20.01_kb1000_pvalue_jitter0_0.R_ldsc.png, ../../results/applied_analysis/gfa_results/metab_pveci_gfaseed1_cn100.ldpruned_r20.01_kb1000_pvalue_jitter0_0.R_ldsc.RDS
    cluster_jobid: Submitted batch job 16393896

Error executing rule plot_metab on cluster (jobid: 145, external: Submitted batch job 16393896, jobscript: /gpfs/accounts/jvmorr_root/jvmorr0/jvmorr/GFA_analysis/gfa_manuscript/code/revision_applied/.snakemake/tmp.w_orteeo/snakejob.plot_metab.145.sh). For error details see the cluster log and the log files of the involved rule(s).
[Wed Oct 30 17:53:14 2024]
Error in rule plot_metab:
    jobid: 147
    input: ../../results/applied_analysis/gfa_results/metab_gfa_gfaseed1_cn100.ldpruned_r20.01_kb1000_pvalue_jitter0_0.R_pt0.05.final.RDS
    output: ../../results/applied_analysis/plots/metab_plot.gfaseed1_cn100.ldpruned_r20.01_kb1000_pvalue_jitter0_0.R_pt0.05.png, ../../results/applied_analysis/gfa_results/metab_pveci_gfaseed1_cn100.ldpruned_r20.01_kb1000_pvalue_jitter0_0.R_pt0.05.RDS
    cluster_jobid: Submitted batch job 16393897

Error executing rule plot_metab on cluster (jobid: 147, external: Submitted batch job 16393897, jobscript: /gpfs/accounts/jvmorr_root/jvmorr0/jvmorr/GFA_analysis/gfa_manuscript/code/revision_applied/.snakemake/tmp.w_orteeo/snakejob.plot_metab.147.sh). For error details see the cluster log and the log files of the involved rule(s).
[Wed Oct 30 17:53:24 2024]
Error in rule plot_metab:
    jobid: 146
    input: ../../results/applied_analysis/gfa_results/metab_gfa_gfaseed1_cn100.ldpruned_r20.01_kb1000_pvalue_jitter0_0.R_none.final.RDS
    output: ../../results/applied_analysis/plots/metab_plot.gfaseed1_cn100.ldpruned_r20.01_kb1000_pvalue_jitter0_0.R_none.png, ../../results/applied_analysis/gfa_results/metab_pveci_gfaseed1_cn100.ldpruned_r20.01_kb1000_pvalue_jitter0_0.R_none.RDS
    cluster_jobid: Submitted batch job 16393895

Error executing rule plot_metab on cluster (jobid: 146, external: Submitted batch job 16393895, jobscript: /gpfs/accounts/jvmorr_root/jvmorr0/jvmorr/GFA_analysis/gfa_manuscript/code/revision_applied/.snakemake/tmp.w_orteeo/snakejob.plot_metab.146.sh). For error details see the cluster log and the log files of the involved rule(s).
[Wed Oct 30 18:07:15 2024]
Finished job 381.
2 of 7 steps (29%) done
[Wed Oct 30 18:34:07 2024]
Finished job 382.
3 of 7 steps (43%) done
Exiting because a job execution failed. Look above for error message
Complete log: .snakemake/log/2024-10-30T174531.385395.snakemake.log
