localrules directive specifies rules that are not present in the Snakefile:
	cor_clust

Building DAG of jobs...
Using shell: /usr/bin/bash
Provided cluster nodes: 96
Job stats:
job        count
-------  -------
all            1
plot_bc        3
total          4

Select jobs to execute...

[Fri Sep 20 03:25:08 2024]
localrule plot_bc:
    input: ../../results/applied_analysis/gfa_results/bc_gfa_gfaseed1.ldpruned_r20.01_kb1000_pvalue.R_pt0.05.final.RDS, ../../results/applied_analysis/gfa_results/bc_gls_loadings.gfaseed1.ldpruned_r20.01_kb1000_pvalue.R_pt0.05.Rgcor.RDS, ../../results/applied_analysis/gfa_results/bc_gls_loadings.gfaseed1.ldpruned_r20.01_kb1000_pvalue.R_pt0.05.top_snps.1.RDS, ../../results/applied_analysis/gfa_results/bc_gls_loadings.gfaseed1.ldpruned_r20.01_kb1000_pvalue.R_pt0.05.top_snps.2.RDS, ../../results/applied_analysis/gfa_results/bc_gls_loadings.gfaseed1.ldpruned_r20.01_kb1000_pvalue.R_pt0.05.top_snps.3.RDS, ../../results/applied_analysis/gfa_results/bc_gls_loadings.gfaseed1.ldpruned_r20.01_kb1000_pvalue.R_pt0.05.top_snps.4.RDS, ../../results/applied_analysis/gfa_results/bc_gls_loadings.gfaseed1.ldpruned_r20.01_kb1000_pvalue.R_pt0.05.top_snps.5.RDS, ../../results/applied_analysis/gfa_results/bc_gls_loadings.gfaseed1.ldpruned_r20.01_kb1000_pvalue.R_pt0.05.top_snps.6.RDS, ../../results/applied_analysis/gfa_results/bc_gls_loadings.gfaseed1.ldpruned_r20.01_kb1000_pvalue.R_pt0.05.top_snps.7.RDS, ../../results/applied_analysis/gfa_results/bc_gls_loadings.gfaseed1.ldpruned_r20.01_kb1000_pvalue.R_pt0.05.top_snps.8.RDS, ../../results/applied_analysis/gfa_results/bc_gls_loadings.gfaseed1.ldpruned_r20.01_kb1000_pvalue.R_pt0.05.top_snps.9.RDS, ../../results/applied_analysis/gfa_results/bc_gls_loadings.gfaseed1.ldpruned_r20.01_kb1000_pvalue.R_pt0.05.top_snps.10.RDS, ../../results/applied_analysis/gfa_results/bc_gls_loadings.gfaseed1.ldpruned_r20.01_kb1000_pvalue.R_pt0.05.top_snps.11.RDS, ../../results/applied_analysis/gfa_results/bc_gls_loadings.gfaseed1.ldpruned_r20.01_kb1000_pvalue.R_pt0.05.top_snps.12.RDS, ../../results/applied_analysis/gfa_results/bc_gls_loadings.gfaseed1.ldpruned_r20.01_kb1000_pvalue.R_pt0.05.top_snps.13.RDS, ../../results/applied_analysis/gfa_results/bc_gls_loadings.gfaseed1.ldpruned_r20.01_kb1000_pvalue.R_pt0.05.top_snps.14.RDS, ../../results/applied_analysis/gfa_results/bc_gls_loadings.gfaseed1.ldpruned_r20.01_kb1000_pvalue.R_pt0.05.top_snps.15.RDS, ../../results/applied_analysis/gfa_results/bc_gls_loadings.gfaseed1.ldpruned_r20.01_kb1000_pvalue.R_pt0.05.top_snps.16.RDS, ../../results/applied_analysis/gfa_results/bc_gls_loadings.gfaseed1.ldpruned_r20.01_kb1000_pvalue.R_pt0.05.top_snps.17.RDS, ../../results/applied_analysis/gfa_results/bc_gls_loadings.gfaseed1.ldpruned_r20.01_kb1000_pvalue.R_pt0.05.top_snps.18.RDS, ../../results/applied_analysis/gfa_results/bc_gls_loadings.gfaseed1.ldpruned_r20.01_kb1000_pvalue.R_pt0.05.top_snps.19.RDS, ../../results/applied_analysis/gfa_results/bc_gls_loadings.gfaseed1.ldpruned_r20.01_kb1000_pvalue.R_pt0.05.top_snps.20.RDS, ../../results/applied_analysis/gfa_results/bc_gls_loadings.gfaseed1.ldpruned_r20.01_kb1000_pvalue.R_pt0.05.top_snps.21.RDS, ../../results/applied_analysis/gfa_results/bc_gls_loadings.gfaseed1.ldpruned_r20.01_kb1000_pvalue.R_pt0.05.top_snps.22.RDS
    output: ../../results/applied_analysis/plots/bc_plot.gfaseed1.ldpruned_r20.01_kb1000_pvalue.R_pt0.05.png
    jobid: 248
    reason: Code has changed since last execution
    wildcards: analysis=gfaseed1.ldpruned_r20.01_kb1000_pvalue.R_pt0.05
    resources: mem_mb=1000, mem_mib=954, disk_mb=1000, disk_mib=954, tmpdir=/tmp

[Fri Sep 20 03:25:08 2024]
localrule plot_bc:
    input: ../../results/applied_analysis/gfa_results/bc_gfa_gfaseed1.ldpruned_r20.01_kb1000_pvalue.R_ldsc.final.RDS, ../../results/applied_analysis/gfa_results/bc_gls_loadings.gfaseed1.ldpruned_r20.01_kb1000_pvalue.R_ldsc.Rgcor.RDS, ../../results/applied_analysis/gfa_results/bc_gls_loadings.gfaseed1.ldpruned_r20.01_kb1000_pvalue.R_ldsc.top_snps.1.RDS, ../../results/applied_analysis/gfa_results/bc_gls_loadings.gfaseed1.ldpruned_r20.01_kb1000_pvalue.R_ldsc.top_snps.2.RDS, ../../results/applied_analysis/gfa_results/bc_gls_loadings.gfaseed1.ldpruned_r20.01_kb1000_pvalue.R_ldsc.top_snps.3.RDS, ../../results/applied_analysis/gfa_results/bc_gls_loadings.gfaseed1.ldpruned_r20.01_kb1000_pvalue.R_ldsc.top_snps.4.RDS, ../../results/applied_analysis/gfa_results/bc_gls_loadings.gfaseed1.ldpruned_r20.01_kb1000_pvalue.R_ldsc.top_snps.5.RDS, ../../results/applied_analysis/gfa_results/bc_gls_loadings.gfaseed1.ldpruned_r20.01_kb1000_pvalue.R_ldsc.top_snps.6.RDS, ../../results/applied_analysis/gfa_results/bc_gls_loadings.gfaseed1.ldpruned_r20.01_kb1000_pvalue.R_ldsc.top_snps.7.RDS, ../../results/applied_analysis/gfa_results/bc_gls_loadings.gfaseed1.ldpruned_r20.01_kb1000_pvalue.R_ldsc.top_snps.8.RDS, ../../results/applied_analysis/gfa_results/bc_gls_loadings.gfaseed1.ldpruned_r20.01_kb1000_pvalue.R_ldsc.top_snps.9.RDS, ../../results/applied_analysis/gfa_results/bc_gls_loadings.gfaseed1.ldpruned_r20.01_kb1000_pvalue.R_ldsc.top_snps.10.RDS, ../../results/applied_analysis/gfa_results/bc_gls_loadings.gfaseed1.ldpruned_r20.01_kb1000_pvalue.R_ldsc.top_snps.11.RDS, ../../results/applied_analysis/gfa_results/bc_gls_loadings.gfaseed1.ldpruned_r20.01_kb1000_pvalue.R_ldsc.top_snps.12.RDS, ../../results/applied_analysis/gfa_results/bc_gls_loadings.gfaseed1.ldpruned_r20.01_kb1000_pvalue.R_ldsc.top_snps.13.RDS, ../../results/applied_analysis/gfa_results/bc_gls_loadings.gfaseed1.ldpruned_r20.01_kb1000_pvalue.R_ldsc.top_snps.14.RDS, ../../results/applied_analysis/gfa_results/bc_gls_loadings.gfaseed1.ldpruned_r20.01_kb1000_pvalue.R_ldsc.top_snps.15.RDS, ../../results/applied_analysis/gfa_results/bc_gls_loadings.gfaseed1.ldpruned_r20.01_kb1000_pvalue.R_ldsc.top_snps.16.RDS, ../../results/applied_analysis/gfa_results/bc_gls_loadings.gfaseed1.ldpruned_r20.01_kb1000_pvalue.R_ldsc.top_snps.17.RDS, ../../results/applied_analysis/gfa_results/bc_gls_loadings.gfaseed1.ldpruned_r20.01_kb1000_pvalue.R_ldsc.top_snps.18.RDS, ../../results/applied_analysis/gfa_results/bc_gls_loadings.gfaseed1.ldpruned_r20.01_kb1000_pvalue.R_ldsc.top_snps.19.RDS, ../../results/applied_analysis/gfa_results/bc_gls_loadings.gfaseed1.ldpruned_r20.01_kb1000_pvalue.R_ldsc.top_snps.20.RDS, ../../results/applied_analysis/gfa_results/bc_gls_loadings.gfaseed1.ldpruned_r20.01_kb1000_pvalue.R_ldsc.top_snps.21.RDS, ../../results/applied_analysis/gfa_results/bc_gls_loadings.gfaseed1.ldpruned_r20.01_kb1000_pvalue.R_ldsc.top_snps.22.RDS
    output: ../../results/applied_analysis/plots/bc_plot.gfaseed1.ldpruned_r20.01_kb1000_pvalue.R_ldsc.png
    jobid: 271
    reason: Code has changed since last execution
    wildcards: analysis=gfaseed1.ldpruned_r20.01_kb1000_pvalue.R_ldsc
    resources: mem_mb=1000, mem_mib=954, disk_mb=1000, disk_mib=954, tmpdir=/tmp

[Fri Sep 20 03:25:08 2024]
localrule plot_bc:
    input: ../../results/applied_analysis/gfa_results/bc_gfa_gfaseed1.ldpruned_r20.01_kb1000_pvalue.R_none.final.RDS, ../../results/applied_analysis/gfa_results/bc_gls_loadings.gfaseed1.ldpruned_r20.01_kb1000_pvalue.R_none.Rgcor.RDS, ../../results/applied_analysis/gfa_results/bc_gls_loadings.gfaseed1.ldpruned_r20.01_kb1000_pvalue.R_none.top_snps.1.RDS, ../../results/applied_analysis/gfa_results/bc_gls_loadings.gfaseed1.ldpruned_r20.01_kb1000_pvalue.R_none.top_snps.2.RDS, ../../results/applied_analysis/gfa_results/bc_gls_loadings.gfaseed1.ldpruned_r20.01_kb1000_pvalue.R_none.top_snps.3.RDS, ../../results/applied_analysis/gfa_results/bc_gls_loadings.gfaseed1.ldpruned_r20.01_kb1000_pvalue.R_none.top_snps.4.RDS, ../../results/applied_analysis/gfa_results/bc_gls_loadings.gfaseed1.ldpruned_r20.01_kb1000_pvalue.R_none.top_snps.5.RDS, ../../results/applied_analysis/gfa_results/bc_gls_loadings.gfaseed1.ldpruned_r20.01_kb1000_pvalue.R_none.top_snps.6.RDS, ../../results/applied_analysis/gfa_results/bc_gls_loadings.gfaseed1.ldpruned_r20.01_kb1000_pvalue.R_none.top_snps.7.RDS, ../../results/applied_analysis/gfa_results/bc_gls_loadings.gfaseed1.ldpruned_r20.01_kb1000_pvalue.R_none.top_snps.8.RDS, ../../results/applied_analysis/gfa_results/bc_gls_loadings.gfaseed1.ldpruned_r20.01_kb1000_pvalue.R_none.top_snps.9.RDS, ../../results/applied_analysis/gfa_results/bc_gls_loadings.gfaseed1.ldpruned_r20.01_kb1000_pvalue.R_none.top_snps.10.RDS, ../../results/applied_analysis/gfa_results/bc_gls_loadings.gfaseed1.ldpruned_r20.01_kb1000_pvalue.R_none.top_snps.11.RDS, ../../results/applied_analysis/gfa_results/bc_gls_loadings.gfaseed1.ldpruned_r20.01_kb1000_pvalue.R_none.top_snps.12.RDS, ../../results/applied_analysis/gfa_results/bc_gls_loadings.gfaseed1.ldpruned_r20.01_kb1000_pvalue.R_none.top_snps.13.RDS, ../../results/applied_analysis/gfa_results/bc_gls_loadings.gfaseed1.ldpruned_r20.01_kb1000_pvalue.R_none.top_snps.14.RDS, ../../results/applied_analysis/gfa_results/bc_gls_loadings.gfaseed1.ldpruned_r20.01_kb1000_pvalue.R_none.top_snps.15.RDS, ../../results/applied_analysis/gfa_results/bc_gls_loadings.gfaseed1.ldpruned_r20.01_kb1000_pvalue.R_none.top_snps.16.RDS, ../../results/applied_analysis/gfa_results/bc_gls_loadings.gfaseed1.ldpruned_r20.01_kb1000_pvalue.R_none.top_snps.17.RDS, ../../results/applied_analysis/gfa_results/bc_gls_loadings.gfaseed1.ldpruned_r20.01_kb1000_pvalue.R_none.top_snps.18.RDS, ../../results/applied_analysis/gfa_results/bc_gls_loadings.gfaseed1.ldpruned_r20.01_kb1000_pvalue.R_none.top_snps.19.RDS, ../../results/applied_analysis/gfa_results/bc_gls_loadings.gfaseed1.ldpruned_r20.01_kb1000_pvalue.R_none.top_snps.20.RDS, ../../results/applied_analysis/gfa_results/bc_gls_loadings.gfaseed1.ldpruned_r20.01_kb1000_pvalue.R_none.top_snps.21.RDS, ../../results/applied_analysis/gfa_results/bc_gls_loadings.gfaseed1.ldpruned_r20.01_kb1000_pvalue.R_none.top_snps.22.RDS
    output: ../../results/applied_analysis/plots/bc_plot.gfaseed1.ldpruned_r20.01_kb1000_pvalue.R_none.png
    jobid: 294
    reason: Missing output files: ../../results/applied_analysis/plots/bc_plot.gfaseed1.ldpruned_r20.01_kb1000_pvalue.R_none.png
    wildcards: analysis=gfaseed1.ldpruned_r20.01_kb1000_pvalue.R_none
    resources: mem_mb=1000, mem_mib=954, disk_mb=1000, disk_mib=954, tmpdir=/tmp

[Fri Sep 20 03:25:20 2024]
Finished job 294.
1 of 4 steps (25%) done
[Fri Sep 20 03:25:21 2024]
Finished job 271.
2 of 4 steps (50%) done
[Fri Sep 20 03:25:22 2024]
Finished job 248.
3 of 4 steps (75%) done
Select jobs to execute...

[Fri Sep 20 03:25:22 2024]
localrule all:
    input: ../../results/applied_analysis/gfa_results/metab_gls_loadings.gfaseed1.ldpruned_r20.01_kb1000_pvalue.R_pt0.05.Rgcor.RDS, ../../results/applied_analysis/gfa_results/metab_gls_loadings.gfaseed1.ldpruned_r20.01_kb1000_pvalue.R_ldsc.Rgcor.RDS, ../../results/applied_analysis/gfa_results/metab_gls_loadings.gfaseed1.ldpruned_r20.01_kb1000_pvalue.R_none.Rgcor.RDS, ../../results/applied_analysis/gfa_results/bc_gls_loadings.gfaseed1.ldpruned_r20.01_kb1000_pvalue.R_pt0.05.Rgcor.RDS, ../../results/applied_analysis/gfa_results/bc_gls_loadings.gfaseed1.ldpruned_r20.01_kb1000_pvalue.R_ldsc.Rgcor.RDS, ../../results/applied_analysis/gfa_results/bc_gls_loadings.gfaseed1.ldpruned_r20.01_kb1000_pvalue.R_none.Rgcor.RDS, ../../results/applied_analysis/plots/metab_plot.gfaseed1.ldpruned_r20.01_kb1000_pvalue.R_pt0.05.png, ../../results/applied_analysis/plots/metab_plot.gfaseed1.ldpruned_r20.01_kb1000_pvalue.R_ldsc.png, ../../results/applied_analysis/plots/metab_plot.gfaseed1.ldpruned_r20.01_kb1000_pvalue.R_none.png, ../../results/applied_analysis/plots/bc_plot.gfaseed1.ldpruned_r20.01_kb1000_pvalue.R_pt0.05.png, ../../results/applied_analysis/plots/bc_plot.gfaseed1.ldpruned_r20.01_kb1000_pvalue.R_ldsc.png, ../../results/applied_analysis/plots/bc_plot.gfaseed1.ldpruned_r20.01_kb1000_pvalue.R_none.png, ../../results/applied_analysis/plots/bc_traitgencor_plot.png
    jobid: 0
    reason: Input files updated by another job: ../../results/applied_analysis/plots/bc_plot.gfaseed1.ldpruned_r20.01_kb1000_pvalue.R_pt0.05.png, ../../results/applied_analysis/plots/bc_plot.gfaseed1.ldpruned_r20.01_kb1000_pvalue.R_ldsc.png, ../../results/applied_analysis/plots/bc_plot.gfaseed1.ldpruned_r20.01_kb1000_pvalue.R_none.png
    resources: mem_mb=1000, mem_mib=954, disk_mb=1000, disk_mib=954, tmpdir=/tmp

[Fri Sep 20 03:25:22 2024]
Finished job 0.
4 of 4 steps (100%) done
Complete log: .snakemake/log/2024-09-20T032505.196422.snakemake.log
