localrules directive specifies rules that are not present in the Snakefile:
	cor_clust

Building DAG of jobs...
Using shell: /usr/bin/bash
Provided cluster nodes: 96
Job stats:
job                   count
------------------  -------
R_ldsc_gls                2
all                       1
gls_loadings_chrom       44
plot_bc                   1
topsnps_fctgls           22
total                    70

Select jobs to execute...

[Fri Sep 20 03:03:34 2024]
rule gls_loadings_chrom:
    input: ../../data/gfa_intermediate_data/bc_zmat.18.RDS, ../../results/applied_analysis/gfa_results/bc_gfa_gfaseed1.ldpruned_r20.01_kb1000_pvalue.R_none.final.RDS, ../../data/gfa_intermediate_data/bc_R_estimate.R_none.RDS
    output: ../../results/applied_analysis/gfa_results/bc_gls_loadings.gfaseed1.ldpruned_r20.01_kb1000_pvalue.R_none.18.RDS
    jobid: 240
    reason: Missing output files: ../../results/applied_analysis/gfa_results/bc_gls_loadings.gfaseed1.ldpruned_r20.01_kb1000_pvalue.R_none.18.RDS
    wildcards: prefix=bc, fs=1, ldstring=r20.01_kb1000_pvalue, Rstring=none, chrom=18
    resources: mem_mb=1000, mem_mib=954, disk_mb=1000, disk_mib=954, tmpdir=<TBD>

Submitted job 240 with external jobid 'Submitted batch job 14103366'.

[Fri Sep 20 03:03:34 2024]
rule gls_loadings_chrom:
    input: ../../data/gfa_intermediate_data/metab_zmat.10.RDS, ../../results/applied_analysis/gfa_results/metab_gfa_gfaseed1.ldpruned_r20.01_kb1000_pvalue.R_none.final.RDS, ../../data/gfa_intermediate_data/metab_R_estimate.R_none.RDS
    output: ../../results/applied_analysis/gfa_results/metab_gls_loadings.gfaseed1.ldpruned_r20.01_kb1000_pvalue.R_none.10.RDS
    jobid: 110
    reason: Missing output files: ../../results/applied_analysis/gfa_results/metab_gls_loadings.gfaseed1.ldpruned_r20.01_kb1000_pvalue.R_none.10.RDS
    wildcards: prefix=metab, fs=1, ldstring=r20.01_kb1000_pvalue, Rstring=none, chrom=10
    resources: mem_mb=1000, mem_mib=954, disk_mb=1000, disk_mib=954, tmpdir=<TBD>

Submitted job 110 with external jobid 'Submitted batch job 14103367'.

[Fri Sep 20 03:03:34 2024]
rule gls_loadings_chrom:
    input: ../../data/gfa_intermediate_data/metab_zmat.18.RDS, ../../results/applied_analysis/gfa_results/metab_gfa_gfaseed1.ldpruned_r20.01_kb1000_pvalue.R_none.final.RDS, ../../data/gfa_intermediate_data/metab_R_estimate.R_none.RDS
    output: ../../results/applied_analysis/gfa_results/metab_gls_loadings.gfaseed1.ldpruned_r20.01_kb1000_pvalue.R_none.18.RDS
    jobid: 118
    reason: Missing output files: ../../results/applied_analysis/gfa_results/metab_gls_loadings.gfaseed1.ldpruned_r20.01_kb1000_pvalue.R_none.18.RDS
    wildcards: prefix=metab, fs=1, ldstring=r20.01_kb1000_pvalue, Rstring=none, chrom=18
    resources: mem_mb=1000, mem_mib=954, disk_mb=1000, disk_mib=954, tmpdir=<TBD>

Submitted job 118 with external jobid 'Submitted batch job 14103368'.

[Fri Sep 20 03:03:34 2024]
rule gls_loadings_chrom:
    input: ../../data/gfa_intermediate_data/bc_zmat.7.RDS, ../../results/applied_analysis/gfa_results/bc_gfa_gfaseed1.ldpruned_r20.01_kb1000_pvalue.R_none.final.RDS, ../../data/gfa_intermediate_data/bc_R_estimate.R_none.RDS
    output: ../../results/applied_analysis/gfa_results/bc_gls_loadings.gfaseed1.ldpruned_r20.01_kb1000_pvalue.R_none.7.RDS
    jobid: 229
    reason: Missing output files: ../../results/applied_analysis/gfa_results/bc_gls_loadings.gfaseed1.ldpruned_r20.01_kb1000_pvalue.R_none.7.RDS
    wildcards: prefix=bc, fs=1, ldstring=r20.01_kb1000_pvalue, Rstring=none, chrom=7
    resources: mem_mb=1000, mem_mib=954, disk_mb=1000, disk_mib=954, tmpdir=<TBD>

Submitted job 229 with external jobid 'Submitted batch job 14103369'.

[Fri Sep 20 03:03:34 2024]
rule gls_loadings_chrom:
    input: ../../data/gfa_intermediate_data/metab_zmat.13.RDS, ../../results/applied_analysis/gfa_results/metab_gfa_gfaseed1.ldpruned_r20.01_kb1000_pvalue.R_none.final.RDS, ../../data/gfa_intermediate_data/metab_R_estimate.R_none.RDS
    output: ../../results/applied_analysis/gfa_results/metab_gls_loadings.gfaseed1.ldpruned_r20.01_kb1000_pvalue.R_none.13.RDS
    jobid: 113
    reason: Missing output files: ../../results/applied_analysis/gfa_results/metab_gls_loadings.gfaseed1.ldpruned_r20.01_kb1000_pvalue.R_none.13.RDS
    wildcards: prefix=metab, fs=1, ldstring=r20.01_kb1000_pvalue, Rstring=none, chrom=13
    resources: mem_mb=1000, mem_mib=954, disk_mb=1000, disk_mib=954, tmpdir=<TBD>

Submitted job 113 with external jobid 'Submitted batch job 14103370'.

[Fri Sep 20 03:03:35 2024]
rule gls_loadings_chrom:
    input: ../../data/gfa_intermediate_data/bc_zmat.17.RDS, ../../results/applied_analysis/gfa_results/bc_gfa_gfaseed1.ldpruned_r20.01_kb1000_pvalue.R_none.final.RDS, ../../data/gfa_intermediate_data/bc_R_estimate.R_none.RDS
    output: ../../results/applied_analysis/gfa_results/bc_gls_loadings.gfaseed1.ldpruned_r20.01_kb1000_pvalue.R_none.17.RDS
    jobid: 239
    reason: Missing output files: ../../results/applied_analysis/gfa_results/bc_gls_loadings.gfaseed1.ldpruned_r20.01_kb1000_pvalue.R_none.17.RDS
    wildcards: prefix=bc, fs=1, ldstring=r20.01_kb1000_pvalue, Rstring=none, chrom=17
    resources: mem_mb=1000, mem_mib=954, disk_mb=1000, disk_mib=954, tmpdir=<TBD>

Submitted job 239 with external jobid 'Submitted batch job 14103371'.

[Fri Sep 20 03:03:35 2024]
rule gls_loadings_chrom:
    input: ../../data/gfa_intermediate_data/bc_zmat.20.RDS, ../../results/applied_analysis/gfa_results/bc_gfa_gfaseed1.ldpruned_r20.01_kb1000_pvalue.R_none.final.RDS, ../../data/gfa_intermediate_data/bc_R_estimate.R_none.RDS
    output: ../../results/applied_analysis/gfa_results/bc_gls_loadings.gfaseed1.ldpruned_r20.01_kb1000_pvalue.R_none.20.RDS
    jobid: 242
    reason: Missing output files: ../../results/applied_analysis/gfa_results/bc_gls_loadings.gfaseed1.ldpruned_r20.01_kb1000_pvalue.R_none.20.RDS
    wildcards: prefix=bc, fs=1, ldstring=r20.01_kb1000_pvalue, Rstring=none, chrom=20
    resources: mem_mb=1000, mem_mib=954, disk_mb=1000, disk_mib=954, tmpdir=<TBD>

Submitted job 242 with external jobid 'Submitted batch job 14103372'.

[Fri Sep 20 03:03:35 2024]
rule gls_loadings_chrom:
    input: ../../data/gfa_intermediate_data/bc_zmat.22.RDS, ../../results/applied_analysis/gfa_results/bc_gfa_gfaseed1.ldpruned_r20.01_kb1000_pvalue.R_none.final.RDS, ../../data/gfa_intermediate_data/bc_R_estimate.R_none.RDS
    output: ../../results/applied_analysis/gfa_results/bc_gls_loadings.gfaseed1.ldpruned_r20.01_kb1000_pvalue.R_none.22.RDS
    jobid: 244
    reason: Missing output files: ../../results/applied_analysis/gfa_results/bc_gls_loadings.gfaseed1.ldpruned_r20.01_kb1000_pvalue.R_none.22.RDS
    wildcards: prefix=bc, fs=1, ldstring=r20.01_kb1000_pvalue, Rstring=none, chrom=22
    resources: mem_mb=1000, mem_mib=954, disk_mb=1000, disk_mib=954, tmpdir=<TBD>

Submitted job 244 with external jobid 'Submitted batch job 14103373'.

[Fri Sep 20 03:03:35 2024]
rule gls_loadings_chrom:
    input: ../../data/gfa_intermediate_data/bc_zmat.9.RDS, ../../results/applied_analysis/gfa_results/bc_gfa_gfaseed1.ldpruned_r20.01_kb1000_pvalue.R_none.final.RDS, ../../data/gfa_intermediate_data/bc_R_estimate.R_none.RDS
    output: ../../results/applied_analysis/gfa_results/bc_gls_loadings.gfaseed1.ldpruned_r20.01_kb1000_pvalue.R_none.9.RDS
    jobid: 231
    reason: Missing output files: ../../results/applied_analysis/gfa_results/bc_gls_loadings.gfaseed1.ldpruned_r20.01_kb1000_pvalue.R_none.9.RDS
    wildcards: prefix=bc, fs=1, ldstring=r20.01_kb1000_pvalue, Rstring=none, chrom=9
    resources: mem_mb=1000, mem_mib=954, disk_mb=1000, disk_mib=954, tmpdir=<TBD>

Submitted job 231 with external jobid 'Submitted batch job 14103374'.

[Fri Sep 20 03:03:35 2024]
rule gls_loadings_chrom:
    input: ../../data/gfa_intermediate_data/metab_zmat.22.RDS, ../../results/applied_analysis/gfa_results/metab_gfa_gfaseed1.ldpruned_r20.01_kb1000_pvalue.R_none.final.RDS, ../../data/gfa_intermediate_data/metab_R_estimate.R_none.RDS
    output: ../../results/applied_analysis/gfa_results/metab_gls_loadings.gfaseed1.ldpruned_r20.01_kb1000_pvalue.R_none.22.RDS
    jobid: 122
    reason: Missing output files: ../../results/applied_analysis/gfa_results/metab_gls_loadings.gfaseed1.ldpruned_r20.01_kb1000_pvalue.R_none.22.RDS
    wildcards: prefix=metab, fs=1, ldstring=r20.01_kb1000_pvalue, Rstring=none, chrom=22
    resources: mem_mb=1000, mem_mib=954, disk_mb=1000, disk_mib=954, tmpdir=<TBD>

Submitted job 122 with external jobid 'Submitted batch job 14103375'.

[Fri Sep 20 03:03:35 2024]
rule gls_loadings_chrom:
    input: ../../data/gfa_intermediate_data/metab_zmat.11.RDS, ../../results/applied_analysis/gfa_results/metab_gfa_gfaseed1.ldpruned_r20.01_kb1000_pvalue.R_none.final.RDS, ../../data/gfa_intermediate_data/metab_R_estimate.R_none.RDS
    output: ../../results/applied_analysis/gfa_results/metab_gls_loadings.gfaseed1.ldpruned_r20.01_kb1000_pvalue.R_none.11.RDS
    jobid: 111
    reason: Missing output files: ../../results/applied_analysis/gfa_results/metab_gls_loadings.gfaseed1.ldpruned_r20.01_kb1000_pvalue.R_none.11.RDS
    wildcards: prefix=metab, fs=1, ldstring=r20.01_kb1000_pvalue, Rstring=none, chrom=11
    resources: mem_mb=1000, mem_mib=954, disk_mb=1000, disk_mib=954, tmpdir=<TBD>

Submitted job 111 with external jobid 'Submitted batch job 14103376'.

[Fri Sep 20 03:03:35 2024]
rule gls_loadings_chrom:
    input: ../../data/gfa_intermediate_data/metab_zmat.8.RDS, ../../results/applied_analysis/gfa_results/metab_gfa_gfaseed1.ldpruned_r20.01_kb1000_pvalue.R_none.final.RDS, ../../data/gfa_intermediate_data/metab_R_estimate.R_none.RDS
    output: ../../results/applied_analysis/gfa_results/metab_gls_loadings.gfaseed1.ldpruned_r20.01_kb1000_pvalue.R_none.8.RDS
    jobid: 108
    reason: Missing output files: ../../results/applied_analysis/gfa_results/metab_gls_loadings.gfaseed1.ldpruned_r20.01_kb1000_pvalue.R_none.8.RDS
    wildcards: prefix=metab, fs=1, ldstring=r20.01_kb1000_pvalue, Rstring=none, chrom=8
    resources: mem_mb=1000, mem_mib=954, disk_mb=1000, disk_mib=954, tmpdir=<TBD>

Submitted job 108 with external jobid 'Submitted batch job 14103377'.

[Fri Sep 20 03:03:35 2024]
rule gls_loadings_chrom:
    input: ../../data/gfa_intermediate_data/metab_zmat.5.RDS, ../../results/applied_analysis/gfa_results/metab_gfa_gfaseed1.ldpruned_r20.01_kb1000_pvalue.R_none.final.RDS, ../../data/gfa_intermediate_data/metab_R_estimate.R_none.RDS
    output: ../../results/applied_analysis/gfa_results/metab_gls_loadings.gfaseed1.ldpruned_r20.01_kb1000_pvalue.R_none.5.RDS
    jobid: 105
    reason: Missing output files: ../../results/applied_analysis/gfa_results/metab_gls_loadings.gfaseed1.ldpruned_r20.01_kb1000_pvalue.R_none.5.RDS
    wildcards: prefix=metab, fs=1, ldstring=r20.01_kb1000_pvalue, Rstring=none, chrom=5
    resources: mem_mb=1000, mem_mib=954, disk_mb=1000, disk_mib=954, tmpdir=<TBD>

Submitted job 105 with external jobid 'Submitted batch job 14103378'.

[Fri Sep 20 03:03:35 2024]
rule gls_loadings_chrom:
    input: ../../data/gfa_intermediate_data/bc_zmat.19.RDS, ../../results/applied_analysis/gfa_results/bc_gfa_gfaseed1.ldpruned_r20.01_kb1000_pvalue.R_none.final.RDS, ../../data/gfa_intermediate_data/bc_R_estimate.R_none.RDS
    output: ../../results/applied_analysis/gfa_results/bc_gls_loadings.gfaseed1.ldpruned_r20.01_kb1000_pvalue.R_none.19.RDS
    jobid: 241
    reason: Missing output files: ../../results/applied_analysis/gfa_results/bc_gls_loadings.gfaseed1.ldpruned_r20.01_kb1000_pvalue.R_none.19.RDS
    wildcards: prefix=bc, fs=1, ldstring=r20.01_kb1000_pvalue, Rstring=none, chrom=19
    resources: mem_mb=1000, mem_mib=954, disk_mb=1000, disk_mib=954, tmpdir=<TBD>

Submitted job 241 with external jobid 'Submitted batch job 14103379'.

[Fri Sep 20 03:03:35 2024]
rule gls_loadings_chrom:
    input: ../../data/gfa_intermediate_data/metab_zmat.20.RDS, ../../results/applied_analysis/gfa_results/metab_gfa_gfaseed1.ldpruned_r20.01_kb1000_pvalue.R_none.final.RDS, ../../data/gfa_intermediate_data/metab_R_estimate.R_none.RDS
    output: ../../results/applied_analysis/gfa_results/metab_gls_loadings.gfaseed1.ldpruned_r20.01_kb1000_pvalue.R_none.20.RDS
    jobid: 120
    reason: Missing output files: ../../results/applied_analysis/gfa_results/metab_gls_loadings.gfaseed1.ldpruned_r20.01_kb1000_pvalue.R_none.20.RDS
    wildcards: prefix=metab, fs=1, ldstring=r20.01_kb1000_pvalue, Rstring=none, chrom=20
    resources: mem_mb=1000, mem_mib=954, disk_mb=1000, disk_mib=954, tmpdir=<TBD>

Submitted job 120 with external jobid 'Submitted batch job 14103380'.

[Fri Sep 20 03:03:35 2024]
rule gls_loadings_chrom:
    input: ../../data/gfa_intermediate_data/metab_zmat.17.RDS, ../../results/applied_analysis/gfa_results/metab_gfa_gfaseed1.ldpruned_r20.01_kb1000_pvalue.R_none.final.RDS, ../../data/gfa_intermediate_data/metab_R_estimate.R_none.RDS
    output: ../../results/applied_analysis/gfa_results/metab_gls_loadings.gfaseed1.ldpruned_r20.01_kb1000_pvalue.R_none.17.RDS
    jobid: 117
    reason: Missing output files: ../../results/applied_analysis/gfa_results/metab_gls_loadings.gfaseed1.ldpruned_r20.01_kb1000_pvalue.R_none.17.RDS
    wildcards: prefix=metab, fs=1, ldstring=r20.01_kb1000_pvalue, Rstring=none, chrom=17
    resources: mem_mb=1000, mem_mib=954, disk_mb=1000, disk_mib=954, tmpdir=<TBD>

Submitted job 117 with external jobid 'Submitted batch job 14103381'.

[Fri Sep 20 03:03:35 2024]
rule gls_loadings_chrom:
    input: ../../data/gfa_intermediate_data/metab_zmat.12.RDS, ../../results/applied_analysis/gfa_results/metab_gfa_gfaseed1.ldpruned_r20.01_kb1000_pvalue.R_none.final.RDS, ../../data/gfa_intermediate_data/metab_R_estimate.R_none.RDS
    output: ../../results/applied_analysis/gfa_results/metab_gls_loadings.gfaseed1.ldpruned_r20.01_kb1000_pvalue.R_none.12.RDS
    jobid: 112
    reason: Missing output files: ../../results/applied_analysis/gfa_results/metab_gls_loadings.gfaseed1.ldpruned_r20.01_kb1000_pvalue.R_none.12.RDS
    wildcards: prefix=metab, fs=1, ldstring=r20.01_kb1000_pvalue, Rstring=none, chrom=12
    resources: mem_mb=1000, mem_mib=954, disk_mb=1000, disk_mib=954, tmpdir=<TBD>

Submitted job 112 with external jobid 'Submitted batch job 14103382'.

[Fri Sep 20 03:03:35 2024]
rule gls_loadings_chrom:
    input: ../../data/gfa_intermediate_data/bc_zmat.21.RDS, ../../results/applied_analysis/gfa_results/bc_gfa_gfaseed1.ldpruned_r20.01_kb1000_pvalue.R_none.final.RDS, ../../data/gfa_intermediate_data/bc_R_estimate.R_none.RDS
    output: ../../results/applied_analysis/gfa_results/bc_gls_loadings.gfaseed1.ldpruned_r20.01_kb1000_pvalue.R_none.21.RDS
    jobid: 243
    reason: Missing output files: ../../results/applied_analysis/gfa_results/bc_gls_loadings.gfaseed1.ldpruned_r20.01_kb1000_pvalue.R_none.21.RDS
    wildcards: prefix=bc, fs=1, ldstring=r20.01_kb1000_pvalue, Rstring=none, chrom=21
    resources: mem_mb=1000, mem_mib=954, disk_mb=1000, disk_mib=954, tmpdir=<TBD>

Submitted job 243 with external jobid 'Submitted batch job 14103383'.

[Fri Sep 20 03:03:35 2024]
rule gls_loadings_chrom:
    input: ../../data/gfa_intermediate_data/bc_zmat.11.RDS, ../../results/applied_analysis/gfa_results/bc_gfa_gfaseed1.ldpruned_r20.01_kb1000_pvalue.R_none.final.RDS, ../../data/gfa_intermediate_data/bc_R_estimate.R_none.RDS
    output: ../../results/applied_analysis/gfa_results/bc_gls_loadings.gfaseed1.ldpruned_r20.01_kb1000_pvalue.R_none.11.RDS
    jobid: 233
    reason: Missing output files: ../../results/applied_analysis/gfa_results/bc_gls_loadings.gfaseed1.ldpruned_r20.01_kb1000_pvalue.R_none.11.RDS
    wildcards: prefix=bc, fs=1, ldstring=r20.01_kb1000_pvalue, Rstring=none, chrom=11
    resources: mem_mb=1000, mem_mib=954, disk_mb=1000, disk_mib=954, tmpdir=<TBD>

Submitted job 233 with external jobid 'Submitted batch job 14103384'.

[Fri Sep 20 03:03:35 2024]
rule gls_loadings_chrom:
    input: ../../data/gfa_intermediate_data/metab_zmat.15.RDS, ../../results/applied_analysis/gfa_results/metab_gfa_gfaseed1.ldpruned_r20.01_kb1000_pvalue.R_none.final.RDS, ../../data/gfa_intermediate_data/metab_R_estimate.R_none.RDS
    output: ../../results/applied_analysis/gfa_results/metab_gls_loadings.gfaseed1.ldpruned_r20.01_kb1000_pvalue.R_none.15.RDS
    jobid: 115
    reason: Missing output files: ../../results/applied_analysis/gfa_results/metab_gls_loadings.gfaseed1.ldpruned_r20.01_kb1000_pvalue.R_none.15.RDS
    wildcards: prefix=metab, fs=1, ldstring=r20.01_kb1000_pvalue, Rstring=none, chrom=15
    resources: mem_mb=1000, mem_mib=954, disk_mb=1000, disk_mib=954, tmpdir=<TBD>

Submitted job 115 with external jobid 'Submitted batch job 14103385'.

[Fri Sep 20 03:03:35 2024]
rule gls_loadings_chrom:
    input: ../../data/gfa_intermediate_data/bc_zmat.8.RDS, ../../results/applied_analysis/gfa_results/bc_gfa_gfaseed1.ldpruned_r20.01_kb1000_pvalue.R_none.final.RDS, ../../data/gfa_intermediate_data/bc_R_estimate.R_none.RDS
    output: ../../results/applied_analysis/gfa_results/bc_gls_loadings.gfaseed1.ldpruned_r20.01_kb1000_pvalue.R_none.8.RDS
    jobid: 230
    reason: Missing output files: ../../results/applied_analysis/gfa_results/bc_gls_loadings.gfaseed1.ldpruned_r20.01_kb1000_pvalue.R_none.8.RDS
    wildcards: prefix=bc, fs=1, ldstring=r20.01_kb1000_pvalue, Rstring=none, chrom=8
    resources: mem_mb=1000, mem_mib=954, disk_mb=1000, disk_mib=954, tmpdir=<TBD>

Submitted job 230 with external jobid 'Submitted batch job 14103386'.

[Fri Sep 20 03:03:35 2024]
rule gls_loadings_chrom:
    input: ../../data/gfa_intermediate_data/bc_zmat.10.RDS, ../../results/applied_analysis/gfa_results/bc_gfa_gfaseed1.ldpruned_r20.01_kb1000_pvalue.R_none.final.RDS, ../../data/gfa_intermediate_data/bc_R_estimate.R_none.RDS
    output: ../../results/applied_analysis/gfa_results/bc_gls_loadings.gfaseed1.ldpruned_r20.01_kb1000_pvalue.R_none.10.RDS
    jobid: 232
    reason: Missing output files: ../../results/applied_analysis/gfa_results/bc_gls_loadings.gfaseed1.ldpruned_r20.01_kb1000_pvalue.R_none.10.RDS
    wildcards: prefix=bc, fs=1, ldstring=r20.01_kb1000_pvalue, Rstring=none, chrom=10
    resources: mem_mb=1000, mem_mib=954, disk_mb=1000, disk_mib=954, tmpdir=<TBD>

Submitted job 232 with external jobid 'Submitted batch job 14103387'.

[Fri Sep 20 03:03:35 2024]
rule gls_loadings_chrom:
    input: ../../data/gfa_intermediate_data/bc_zmat.5.RDS, ../../results/applied_analysis/gfa_results/bc_gfa_gfaseed1.ldpruned_r20.01_kb1000_pvalue.R_none.final.RDS, ../../data/gfa_intermediate_data/bc_R_estimate.R_none.RDS
    output: ../../results/applied_analysis/gfa_results/bc_gls_loadings.gfaseed1.ldpruned_r20.01_kb1000_pvalue.R_none.5.RDS
    jobid: 227
    reason: Missing output files: ../../results/applied_analysis/gfa_results/bc_gls_loadings.gfaseed1.ldpruned_r20.01_kb1000_pvalue.R_none.5.RDS
    wildcards: prefix=bc, fs=1, ldstring=r20.01_kb1000_pvalue, Rstring=none, chrom=5
    resources: mem_mb=1000, mem_mib=954, disk_mb=1000, disk_mib=954, tmpdir=<TBD>

Submitted job 227 with external jobid 'Submitted batch job 14103388'.

[Fri Sep 20 03:03:35 2024]
rule gls_loadings_chrom:
    input: ../../data/gfa_intermediate_data/metab_zmat.21.RDS, ../../results/applied_analysis/gfa_results/metab_gfa_gfaseed1.ldpruned_r20.01_kb1000_pvalue.R_none.final.RDS, ../../data/gfa_intermediate_data/metab_R_estimate.R_none.RDS
    output: ../../results/applied_analysis/gfa_results/metab_gls_loadings.gfaseed1.ldpruned_r20.01_kb1000_pvalue.R_none.21.RDS
    jobid: 121
    reason: Missing output files: ../../results/applied_analysis/gfa_results/metab_gls_loadings.gfaseed1.ldpruned_r20.01_kb1000_pvalue.R_none.21.RDS
    wildcards: prefix=metab, fs=1, ldstring=r20.01_kb1000_pvalue, Rstring=none, chrom=21
    resources: mem_mb=1000, mem_mib=954, disk_mb=1000, disk_mib=954, tmpdir=<TBD>

Submitted job 121 with external jobid 'Submitted batch job 14103389'.

[Fri Sep 20 03:03:35 2024]
rule gls_loadings_chrom:
    input: ../../data/gfa_intermediate_data/metab_zmat.3.RDS, ../../results/applied_analysis/gfa_results/metab_gfa_gfaseed1.ldpruned_r20.01_kb1000_pvalue.R_none.final.RDS, ../../data/gfa_intermediate_data/metab_R_estimate.R_none.RDS
    output: ../../results/applied_analysis/gfa_results/metab_gls_loadings.gfaseed1.ldpruned_r20.01_kb1000_pvalue.R_none.3.RDS
    jobid: 103
    reason: Missing output files: ../../results/applied_analysis/gfa_results/metab_gls_loadings.gfaseed1.ldpruned_r20.01_kb1000_pvalue.R_none.3.RDS
    wildcards: prefix=metab, fs=1, ldstring=r20.01_kb1000_pvalue, Rstring=none, chrom=3
    resources: mem_mb=1000, mem_mib=954, disk_mb=1000, disk_mib=954, tmpdir=<TBD>

Submitted job 103 with external jobid 'Submitted batch job 14103390'.

[Fri Sep 20 03:03:35 2024]
rule gls_loadings_chrom:
    input: ../../data/gfa_intermediate_data/metab_zmat.16.RDS, ../../results/applied_analysis/gfa_results/metab_gfa_gfaseed1.ldpruned_r20.01_kb1000_pvalue.R_none.final.RDS, ../../data/gfa_intermediate_data/metab_R_estimate.R_none.RDS
    output: ../../results/applied_analysis/gfa_results/metab_gls_loadings.gfaseed1.ldpruned_r20.01_kb1000_pvalue.R_none.16.RDS
    jobid: 116
    reason: Missing output files: ../../results/applied_analysis/gfa_results/metab_gls_loadings.gfaseed1.ldpruned_r20.01_kb1000_pvalue.R_none.16.RDS
    wildcards: prefix=metab, fs=1, ldstring=r20.01_kb1000_pvalue, Rstring=none, chrom=16
    resources: mem_mb=1000, mem_mib=954, disk_mb=1000, disk_mib=954, tmpdir=<TBD>

Submitted job 116 with external jobid 'Submitted batch job 14103391'.

[Fri Sep 20 03:03:35 2024]
rule gls_loadings_chrom:
    input: ../../data/gfa_intermediate_data/metab_zmat.2.RDS, ../../results/applied_analysis/gfa_results/metab_gfa_gfaseed1.ldpruned_r20.01_kb1000_pvalue.R_none.final.RDS, ../../data/gfa_intermediate_data/metab_R_estimate.R_none.RDS
    output: ../../results/applied_analysis/gfa_results/metab_gls_loadings.gfaseed1.ldpruned_r20.01_kb1000_pvalue.R_none.2.RDS
    jobid: 102
    reason: Missing output files: ../../results/applied_analysis/gfa_results/metab_gls_loadings.gfaseed1.ldpruned_r20.01_kb1000_pvalue.R_none.2.RDS
    wildcards: prefix=metab, fs=1, ldstring=r20.01_kb1000_pvalue, Rstring=none, chrom=2
    resources: mem_mb=1000, mem_mib=954, disk_mb=1000, disk_mib=954, tmpdir=<TBD>

Submitted job 102 with external jobid 'Submitted batch job 14103392'.

[Fri Sep 20 03:03:35 2024]
rule gls_loadings_chrom:
    input: ../../data/gfa_intermediate_data/bc_zmat.14.RDS, ../../results/applied_analysis/gfa_results/bc_gfa_gfaseed1.ldpruned_r20.01_kb1000_pvalue.R_none.final.RDS, ../../data/gfa_intermediate_data/bc_R_estimate.R_none.RDS
    output: ../../results/applied_analysis/gfa_results/bc_gls_loadings.gfaseed1.ldpruned_r20.01_kb1000_pvalue.R_none.14.RDS
    jobid: 236
    reason: Missing output files: ../../results/applied_analysis/gfa_results/bc_gls_loadings.gfaseed1.ldpruned_r20.01_kb1000_pvalue.R_none.14.RDS
    wildcards: prefix=bc, fs=1, ldstring=r20.01_kb1000_pvalue, Rstring=none, chrom=14
    resources: mem_mb=1000, mem_mib=954, disk_mb=1000, disk_mib=954, tmpdir=<TBD>

Submitted job 236 with external jobid 'Submitted batch job 14103393'.

[Fri Sep 20 03:03:35 2024]
rule gls_loadings_chrom:
    input: ../../data/gfa_intermediate_data/metab_zmat.1.RDS, ../../results/applied_analysis/gfa_results/metab_gfa_gfaseed1.ldpruned_r20.01_kb1000_pvalue.R_none.final.RDS, ../../data/gfa_intermediate_data/metab_R_estimate.R_none.RDS
    output: ../../results/applied_analysis/gfa_results/metab_gls_loadings.gfaseed1.ldpruned_r20.01_kb1000_pvalue.R_none.1.RDS
    jobid: 101
    reason: Missing output files: ../../results/applied_analysis/gfa_results/metab_gls_loadings.gfaseed1.ldpruned_r20.01_kb1000_pvalue.R_none.1.RDS
    wildcards: prefix=metab, fs=1, ldstring=r20.01_kb1000_pvalue, Rstring=none, chrom=1
    resources: mem_mb=1000, mem_mib=954, disk_mb=1000, disk_mib=954, tmpdir=<TBD>

Submitted job 101 with external jobid 'Submitted batch job 14103394'.

[Fri Sep 20 03:03:35 2024]
rule gls_loadings_chrom:
    input: ../../data/gfa_intermediate_data/bc_zmat.15.RDS, ../../results/applied_analysis/gfa_results/bc_gfa_gfaseed1.ldpruned_r20.01_kb1000_pvalue.R_none.final.RDS, ../../data/gfa_intermediate_data/bc_R_estimate.R_none.RDS
    output: ../../results/applied_analysis/gfa_results/bc_gls_loadings.gfaseed1.ldpruned_r20.01_kb1000_pvalue.R_none.15.RDS
    jobid: 237
    reason: Missing output files: ../../results/applied_analysis/gfa_results/bc_gls_loadings.gfaseed1.ldpruned_r20.01_kb1000_pvalue.R_none.15.RDS
    wildcards: prefix=bc, fs=1, ldstring=r20.01_kb1000_pvalue, Rstring=none, chrom=15
    resources: mem_mb=1000, mem_mib=954, disk_mb=1000, disk_mib=954, tmpdir=<TBD>

Submitted job 237 with external jobid 'Submitted batch job 14103395'.

[Fri Sep 20 03:03:35 2024]
rule gls_loadings_chrom:
    input: ../../data/gfa_intermediate_data/bc_zmat.16.RDS, ../../results/applied_analysis/gfa_results/bc_gfa_gfaseed1.ldpruned_r20.01_kb1000_pvalue.R_none.final.RDS, ../../data/gfa_intermediate_data/bc_R_estimate.R_none.RDS
    output: ../../results/applied_analysis/gfa_results/bc_gls_loadings.gfaseed1.ldpruned_r20.01_kb1000_pvalue.R_none.16.RDS
    jobid: 238
    reason: Missing output files: ../../results/applied_analysis/gfa_results/bc_gls_loadings.gfaseed1.ldpruned_r20.01_kb1000_pvalue.R_none.16.RDS
    wildcards: prefix=bc, fs=1, ldstring=r20.01_kb1000_pvalue, Rstring=none, chrom=16
    resources: mem_mb=1000, mem_mib=954, disk_mb=1000, disk_mib=954, tmpdir=<TBD>

Submitted job 238 with external jobid 'Submitted batch job 14103396'.

[Fri Sep 20 03:03:35 2024]
rule gls_loadings_chrom:
    input: ../../data/gfa_intermediate_data/metab_zmat.7.RDS, ../../results/applied_analysis/gfa_results/metab_gfa_gfaseed1.ldpruned_r20.01_kb1000_pvalue.R_none.final.RDS, ../../data/gfa_intermediate_data/metab_R_estimate.R_none.RDS
    output: ../../results/applied_analysis/gfa_results/metab_gls_loadings.gfaseed1.ldpruned_r20.01_kb1000_pvalue.R_none.7.RDS
    jobid: 107
    reason: Missing output files: ../../results/applied_analysis/gfa_results/metab_gls_loadings.gfaseed1.ldpruned_r20.01_kb1000_pvalue.R_none.7.RDS
    wildcards: prefix=metab, fs=1, ldstring=r20.01_kb1000_pvalue, Rstring=none, chrom=7
    resources: mem_mb=1000, mem_mib=954, disk_mb=1000, disk_mib=954, tmpdir=<TBD>

Submitted job 107 with external jobid 'Submitted batch job 14103397'.

[Fri Sep 20 03:03:35 2024]
rule gls_loadings_chrom:
    input: ../../data/gfa_intermediate_data/bc_zmat.3.RDS, ../../results/applied_analysis/gfa_results/bc_gfa_gfaseed1.ldpruned_r20.01_kb1000_pvalue.R_none.final.RDS, ../../data/gfa_intermediate_data/bc_R_estimate.R_none.RDS
    output: ../../results/applied_analysis/gfa_results/bc_gls_loadings.gfaseed1.ldpruned_r20.01_kb1000_pvalue.R_none.3.RDS
    jobid: 225
    reason: Missing output files: ../../results/applied_analysis/gfa_results/bc_gls_loadings.gfaseed1.ldpruned_r20.01_kb1000_pvalue.R_none.3.RDS
    wildcards: prefix=bc, fs=1, ldstring=r20.01_kb1000_pvalue, Rstring=none, chrom=3
    resources: mem_mb=1000, mem_mib=954, disk_mb=1000, disk_mib=954, tmpdir=<TBD>

Submitted job 225 with external jobid 'Submitted batch job 14103398'.

[Fri Sep 20 03:03:35 2024]
rule gls_loadings_chrom:
    input: ../../data/gfa_intermediate_data/metab_zmat.6.RDS, ../../results/applied_analysis/gfa_results/metab_gfa_gfaseed1.ldpruned_r20.01_kb1000_pvalue.R_none.final.RDS, ../../data/gfa_intermediate_data/metab_R_estimate.R_none.RDS
    output: ../../results/applied_analysis/gfa_results/metab_gls_loadings.gfaseed1.ldpruned_r20.01_kb1000_pvalue.R_none.6.RDS
    jobid: 106
    reason: Missing output files: ../../results/applied_analysis/gfa_results/metab_gls_loadings.gfaseed1.ldpruned_r20.01_kb1000_pvalue.R_none.6.RDS
    wildcards: prefix=metab, fs=1, ldstring=r20.01_kb1000_pvalue, Rstring=none, chrom=6
    resources: mem_mb=1000, mem_mib=954, disk_mb=1000, disk_mib=954, tmpdir=<TBD>

Submitted job 106 with external jobid 'Submitted batch job 14103399'.

[Fri Sep 20 03:03:35 2024]
rule gls_loadings_chrom:
    input: ../../data/gfa_intermediate_data/metab_zmat.4.RDS, ../../results/applied_analysis/gfa_results/metab_gfa_gfaseed1.ldpruned_r20.01_kb1000_pvalue.R_none.final.RDS, ../../data/gfa_intermediate_data/metab_R_estimate.R_none.RDS
    output: ../../results/applied_analysis/gfa_results/metab_gls_loadings.gfaseed1.ldpruned_r20.01_kb1000_pvalue.R_none.4.RDS
    jobid: 104
    reason: Missing output files: ../../results/applied_analysis/gfa_results/metab_gls_loadings.gfaseed1.ldpruned_r20.01_kb1000_pvalue.R_none.4.RDS
    wildcards: prefix=metab, fs=1, ldstring=r20.01_kb1000_pvalue, Rstring=none, chrom=4
    resources: mem_mb=1000, mem_mib=954, disk_mb=1000, disk_mib=954, tmpdir=<TBD>

Submitted job 104 with external jobid 'Submitted batch job 14103400'.

[Fri Sep 20 03:03:35 2024]
rule gls_loadings_chrom:
    input: ../../data/gfa_intermediate_data/metab_zmat.9.RDS, ../../results/applied_analysis/gfa_results/metab_gfa_gfaseed1.ldpruned_r20.01_kb1000_pvalue.R_none.final.RDS, ../../data/gfa_intermediate_data/metab_R_estimate.R_none.RDS
    output: ../../results/applied_analysis/gfa_results/metab_gls_loadings.gfaseed1.ldpruned_r20.01_kb1000_pvalue.R_none.9.RDS
    jobid: 109
    reason: Missing output files: ../../results/applied_analysis/gfa_results/metab_gls_loadings.gfaseed1.ldpruned_r20.01_kb1000_pvalue.R_none.9.RDS
    wildcards: prefix=metab, fs=1, ldstring=r20.01_kb1000_pvalue, Rstring=none, chrom=9
    resources: mem_mb=1000, mem_mib=954, disk_mb=1000, disk_mib=954, tmpdir=<TBD>

Submitted job 109 with external jobid 'Submitted batch job 14103401'.

[Fri Sep 20 03:03:35 2024]
rule gls_loadings_chrom:
    input: ../../data/gfa_intermediate_data/bc_zmat.6.RDS, ../../results/applied_analysis/gfa_results/bc_gfa_gfaseed1.ldpruned_r20.01_kb1000_pvalue.R_none.final.RDS, ../../data/gfa_intermediate_data/bc_R_estimate.R_none.RDS
    output: ../../results/applied_analysis/gfa_results/bc_gls_loadings.gfaseed1.ldpruned_r20.01_kb1000_pvalue.R_none.6.RDS
    jobid: 228
    reason: Missing output files: ../../results/applied_analysis/gfa_results/bc_gls_loadings.gfaseed1.ldpruned_r20.01_kb1000_pvalue.R_none.6.RDS
    wildcards: prefix=bc, fs=1, ldstring=r20.01_kb1000_pvalue, Rstring=none, chrom=6
    resources: mem_mb=1000, mem_mib=954, disk_mb=1000, disk_mib=954, tmpdir=<TBD>

Submitted job 228 with external jobid 'Submitted batch job 14103402'.

[Fri Sep 20 03:03:35 2024]
rule gls_loadings_chrom:
    input: ../../data/gfa_intermediate_data/bc_zmat.13.RDS, ../../results/applied_analysis/gfa_results/bc_gfa_gfaseed1.ldpruned_r20.01_kb1000_pvalue.R_none.final.RDS, ../../data/gfa_intermediate_data/bc_R_estimate.R_none.RDS
    output: ../../results/applied_analysis/gfa_results/bc_gls_loadings.gfaseed1.ldpruned_r20.01_kb1000_pvalue.R_none.13.RDS
    jobid: 235
    reason: Missing output files: ../../results/applied_analysis/gfa_results/bc_gls_loadings.gfaseed1.ldpruned_r20.01_kb1000_pvalue.R_none.13.RDS
    wildcards: prefix=bc, fs=1, ldstring=r20.01_kb1000_pvalue, Rstring=none, chrom=13
    resources: mem_mb=1000, mem_mib=954, disk_mb=1000, disk_mib=954, tmpdir=<TBD>

Submitted job 235 with external jobid 'Submitted batch job 14103403'.

[Fri Sep 20 03:03:35 2024]
rule gls_loadings_chrom:
    input: ../../data/gfa_intermediate_data/metab_zmat.14.RDS, ../../results/applied_analysis/gfa_results/metab_gfa_gfaseed1.ldpruned_r20.01_kb1000_pvalue.R_none.final.RDS, ../../data/gfa_intermediate_data/metab_R_estimate.R_none.RDS
    output: ../../results/applied_analysis/gfa_results/metab_gls_loadings.gfaseed1.ldpruned_r20.01_kb1000_pvalue.R_none.14.RDS
    jobid: 114
    reason: Missing output files: ../../results/applied_analysis/gfa_results/metab_gls_loadings.gfaseed1.ldpruned_r20.01_kb1000_pvalue.R_none.14.RDS
    wildcards: prefix=metab, fs=1, ldstring=r20.01_kb1000_pvalue, Rstring=none, chrom=14
    resources: mem_mb=1000, mem_mib=954, disk_mb=1000, disk_mib=954, tmpdir=<TBD>

Submitted job 114 with external jobid 'Submitted batch job 14103404'.

[Fri Sep 20 03:03:35 2024]
rule gls_loadings_chrom:
    input: ../../data/gfa_intermediate_data/bc_zmat.2.RDS, ../../results/applied_analysis/gfa_results/bc_gfa_gfaseed1.ldpruned_r20.01_kb1000_pvalue.R_none.final.RDS, ../../data/gfa_intermediate_data/bc_R_estimate.R_none.RDS
    output: ../../results/applied_analysis/gfa_results/bc_gls_loadings.gfaseed1.ldpruned_r20.01_kb1000_pvalue.R_none.2.RDS
    jobid: 224
    reason: Missing output files: ../../results/applied_analysis/gfa_results/bc_gls_loadings.gfaseed1.ldpruned_r20.01_kb1000_pvalue.R_none.2.RDS
    wildcards: prefix=bc, fs=1, ldstring=r20.01_kb1000_pvalue, Rstring=none, chrom=2
    resources: mem_mb=1000, mem_mib=954, disk_mb=1000, disk_mib=954, tmpdir=<TBD>

Submitted job 224 with external jobid 'Submitted batch job 14103405'.

[Fri Sep 20 03:03:35 2024]
rule gls_loadings_chrom:
    input: ../../data/gfa_intermediate_data/bc_zmat.1.RDS, ../../results/applied_analysis/gfa_results/bc_gfa_gfaseed1.ldpruned_r20.01_kb1000_pvalue.R_none.final.RDS, ../../data/gfa_intermediate_data/bc_R_estimate.R_none.RDS
    output: ../../results/applied_analysis/gfa_results/bc_gls_loadings.gfaseed1.ldpruned_r20.01_kb1000_pvalue.R_none.1.RDS
    jobid: 223
    reason: Missing output files: ../../results/applied_analysis/gfa_results/bc_gls_loadings.gfaseed1.ldpruned_r20.01_kb1000_pvalue.R_none.1.RDS
    wildcards: prefix=bc, fs=1, ldstring=r20.01_kb1000_pvalue, Rstring=none, chrom=1
    resources: mem_mb=1000, mem_mib=954, disk_mb=1000, disk_mib=954, tmpdir=<TBD>

Submitted job 223 with external jobid 'Submitted batch job 14103406'.

[Fri Sep 20 03:03:35 2024]
rule gls_loadings_chrom:
    input: ../../data/gfa_intermediate_data/bc_zmat.12.RDS, ../../results/applied_analysis/gfa_results/bc_gfa_gfaseed1.ldpruned_r20.01_kb1000_pvalue.R_none.final.RDS, ../../data/gfa_intermediate_data/bc_R_estimate.R_none.RDS
    output: ../../results/applied_analysis/gfa_results/bc_gls_loadings.gfaseed1.ldpruned_r20.01_kb1000_pvalue.R_none.12.RDS
    jobid: 234
    reason: Missing output files: ../../results/applied_analysis/gfa_results/bc_gls_loadings.gfaseed1.ldpruned_r20.01_kb1000_pvalue.R_none.12.RDS
    wildcards: prefix=bc, fs=1, ldstring=r20.01_kb1000_pvalue, Rstring=none, chrom=12
    resources: mem_mb=1000, mem_mib=954, disk_mb=1000, disk_mib=954, tmpdir=<TBD>

Submitted job 234 with external jobid 'Submitted batch job 14103407'.

[Fri Sep 20 03:03:35 2024]
rule gls_loadings_chrom:
    input: ../../data/gfa_intermediate_data/bc_zmat.4.RDS, ../../results/applied_analysis/gfa_results/bc_gfa_gfaseed1.ldpruned_r20.01_kb1000_pvalue.R_none.final.RDS, ../../data/gfa_intermediate_data/bc_R_estimate.R_none.RDS
    output: ../../results/applied_analysis/gfa_results/bc_gls_loadings.gfaseed1.ldpruned_r20.01_kb1000_pvalue.R_none.4.RDS
    jobid: 226
    reason: Missing output files: ../../results/applied_analysis/gfa_results/bc_gls_loadings.gfaseed1.ldpruned_r20.01_kb1000_pvalue.R_none.4.RDS
    wildcards: prefix=bc, fs=1, ldstring=r20.01_kb1000_pvalue, Rstring=none, chrom=4
    resources: mem_mb=1000, mem_mib=954, disk_mb=1000, disk_mib=954, tmpdir=<TBD>

Submitted job 226 with external jobid 'Submitted batch job 14103408'.

[Fri Sep 20 03:03:35 2024]
rule gls_loadings_chrom:
    input: ../../data/gfa_intermediate_data/metab_zmat.19.RDS, ../../results/applied_analysis/gfa_results/metab_gfa_gfaseed1.ldpruned_r20.01_kb1000_pvalue.R_none.final.RDS, ../../data/gfa_intermediate_data/metab_R_estimate.R_none.RDS
    output: ../../results/applied_analysis/gfa_results/metab_gls_loadings.gfaseed1.ldpruned_r20.01_kb1000_pvalue.R_none.19.RDS
    jobid: 119
    reason: Missing output files: ../../results/applied_analysis/gfa_results/metab_gls_loadings.gfaseed1.ldpruned_r20.01_kb1000_pvalue.R_none.19.RDS
    wildcards: prefix=metab, fs=1, ldstring=r20.01_kb1000_pvalue, Rstring=none, chrom=19
    resources: mem_mb=1000, mem_mib=954, disk_mb=1000, disk_mib=954, tmpdir=<TBD>

Submitted job 119 with external jobid 'Submitted batch job 14103409'.
[Fri Sep 20 03:03:44 2024]
Finished job 118.
1 of 70 steps (1%) done
[Fri Sep 20 03:03:45 2024]
Finished job 115.
2 of 70 steps (3%) done
[Fri Sep 20 03:03:46 2024]
Finished job 121.
3 of 70 steps (4%) done
[Fri Sep 20 03:03:46 2024]
Finished job 116.
4 of 70 steps (6%) done
[Fri Sep 20 03:03:47 2024]
Finished job 109.
5 of 70 steps (7%) done
[Fri Sep 20 03:03:47 2024]
Finished job 114.
6 of 70 steps (9%) done
[Fri Sep 20 03:03:48 2024]
Finished job 119.
7 of 70 steps (10%) done
[Fri Sep 20 03:03:58 2024]
Finished job 240.
8 of 70 steps (11%) done
Select jobs to execute...

[Fri Sep 20 03:03:58 2024]
rule topsnps_fctgls:
    input: ../../results/applied_analysis/gfa_results/bc_gls_loadings.gfaseed1.ldpruned_r20.01_kb1000_pvalue.R_none.18.RDS
    output: ../../results/applied_analysis/gfa_results/bc_gls_loadings.gfaseed1.ldpruned_r20.01_kb1000_pvalue.R_none.top_snps.18.RDS
    jobid: 312
    reason: Missing output files: ../../results/applied_analysis/gfa_results/bc_gls_loadings.gfaseed1.ldpruned_r20.01_kb1000_pvalue.R_none.top_snps.18.RDS; Input files updated by another job: ../../results/applied_analysis/gfa_results/bc_gls_loadings.gfaseed1.ldpruned_r20.01_kb1000_pvalue.R_none.18.RDS
    wildcards: prefix=bc, analysis=gfaseed1.ldpruned_r20.01_kb1000_pvalue.R_none, chrom=18
    resources: mem_mb=1000, mem_mib=954, disk_mb=1000, disk_mib=954, tmpdir=<TBD>

Submitted job 312 with external jobid 'Submitted batch job 14103410'.
[Fri Sep 20 03:03:58 2024]
Finished job 110.
9 of 70 steps (13%) done
[Fri Sep 20 03:03:58 2024]
Finished job 113.
10 of 70 steps (14%) done
[Fri Sep 20 03:03:58 2024]
Finished job 239.
11 of 70 steps (16%) done
[Fri Sep 20 03:03:58 2024]
Finished job 242.
12 of 70 steps (17%) done
[Fri Sep 20 03:03:58 2024]
Finished job 244.
13 of 70 steps (19%) done
[Fri Sep 20 03:03:58 2024]
Finished job 231.
14 of 70 steps (20%) done
[Fri Sep 20 03:03:58 2024]
Finished job 122.
15 of 70 steps (21%) done
[Fri Sep 20 03:03:58 2024]
Finished job 111.
16 of 70 steps (23%) done
Select jobs to execute...

[Fri Sep 20 03:03:58 2024]
rule topsnps_fctgls:
    input: ../../results/applied_analysis/gfa_results/bc_gls_loadings.gfaseed1.ldpruned_r20.01_kb1000_pvalue.R_none.17.RDS
    output: ../../results/applied_analysis/gfa_results/bc_gls_loadings.gfaseed1.ldpruned_r20.01_kb1000_pvalue.R_none.top_snps.17.RDS
    jobid: 311
    reason: Missing output files: ../../results/applied_analysis/gfa_results/bc_gls_loadings.gfaseed1.ldpruned_r20.01_kb1000_pvalue.R_none.top_snps.17.RDS; Input files updated by another job: ../../results/applied_analysis/gfa_results/bc_gls_loadings.gfaseed1.ldpruned_r20.01_kb1000_pvalue.R_none.17.RDS
    wildcards: prefix=bc, analysis=gfaseed1.ldpruned_r20.01_kb1000_pvalue.R_none, chrom=17
    resources: mem_mb=1000, mem_mib=954, disk_mb=1000, disk_mib=954, tmpdir=<TBD>

Submitted job 311 with external jobid 'Submitted batch job 14103411'.

[Fri Sep 20 03:03:58 2024]
rule topsnps_fctgls:
    input: ../../results/applied_analysis/gfa_results/bc_gls_loadings.gfaseed1.ldpruned_r20.01_kb1000_pvalue.R_none.20.RDS
    output: ../../results/applied_analysis/gfa_results/bc_gls_loadings.gfaseed1.ldpruned_r20.01_kb1000_pvalue.R_none.top_snps.20.RDS
    jobid: 314
    reason: Missing output files: ../../results/applied_analysis/gfa_results/bc_gls_loadings.gfaseed1.ldpruned_r20.01_kb1000_pvalue.R_none.top_snps.20.RDS; Input files updated by another job: ../../results/applied_analysis/gfa_results/bc_gls_loadings.gfaseed1.ldpruned_r20.01_kb1000_pvalue.R_none.20.RDS
    wildcards: prefix=bc, analysis=gfaseed1.ldpruned_r20.01_kb1000_pvalue.R_none, chrom=20
    resources: mem_mb=1000, mem_mib=954, disk_mb=1000, disk_mib=954, tmpdir=<TBD>

Submitted job 314 with external jobid 'Submitted batch job 14103412'.

[Fri Sep 20 03:03:58 2024]
rule topsnps_fctgls:
    input: ../../results/applied_analysis/gfa_results/bc_gls_loadings.gfaseed1.ldpruned_r20.01_kb1000_pvalue.R_none.22.RDS
    output: ../../results/applied_analysis/gfa_results/bc_gls_loadings.gfaseed1.ldpruned_r20.01_kb1000_pvalue.R_none.top_snps.22.RDS
    jobid: 316
    reason: Missing output files: ../../results/applied_analysis/gfa_results/bc_gls_loadings.gfaseed1.ldpruned_r20.01_kb1000_pvalue.R_none.top_snps.22.RDS; Input files updated by another job: ../../results/applied_analysis/gfa_results/bc_gls_loadings.gfaseed1.ldpruned_r20.01_kb1000_pvalue.R_none.22.RDS
    wildcards: prefix=bc, analysis=gfaseed1.ldpruned_r20.01_kb1000_pvalue.R_none, chrom=22
    resources: mem_mb=1000, mem_mib=954, disk_mb=1000, disk_mib=954, tmpdir=<TBD>

Submitted job 316 with external jobid 'Submitted batch job 14103413'.

[Fri Sep 20 03:03:58 2024]
rule topsnps_fctgls:
    input: ../../results/applied_analysis/gfa_results/bc_gls_loadings.gfaseed1.ldpruned_r20.01_kb1000_pvalue.R_none.9.RDS
    output: ../../results/applied_analysis/gfa_results/bc_gls_loadings.gfaseed1.ldpruned_r20.01_kb1000_pvalue.R_none.top_snps.9.RDS
    jobid: 303
    reason: Missing output files: ../../results/applied_analysis/gfa_results/bc_gls_loadings.gfaseed1.ldpruned_r20.01_kb1000_pvalue.R_none.top_snps.9.RDS; Input files updated by another job: ../../results/applied_analysis/gfa_results/bc_gls_loadings.gfaseed1.ldpruned_r20.01_kb1000_pvalue.R_none.9.RDS
    wildcards: prefix=bc, analysis=gfaseed1.ldpruned_r20.01_kb1000_pvalue.R_none, chrom=9
    resources: mem_mb=1000, mem_mib=954, disk_mb=1000, disk_mib=954, tmpdir=<TBD>

Submitted job 303 with external jobid 'Submitted batch job 14103414'.
[Fri Sep 20 03:03:59 2024]
Finished job 108.
17 of 70 steps (24%) done
[Fri Sep 20 03:03:59 2024]
Finished job 105.
18 of 70 steps (26%) done
[Fri Sep 20 03:03:59 2024]
Finished job 241.
19 of 70 steps (27%) done
Select jobs to execute...

[Fri Sep 20 03:03:59 2024]
rule topsnps_fctgls:
    input: ../../results/applied_analysis/gfa_results/bc_gls_loadings.gfaseed1.ldpruned_r20.01_kb1000_pvalue.R_none.19.RDS
    output: ../../results/applied_analysis/gfa_results/bc_gls_loadings.gfaseed1.ldpruned_r20.01_kb1000_pvalue.R_none.top_snps.19.RDS
    jobid: 313
    reason: Missing output files: ../../results/applied_analysis/gfa_results/bc_gls_loadings.gfaseed1.ldpruned_r20.01_kb1000_pvalue.R_none.top_snps.19.RDS; Input files updated by another job: ../../results/applied_analysis/gfa_results/bc_gls_loadings.gfaseed1.ldpruned_r20.01_kb1000_pvalue.R_none.19.RDS
    wildcards: prefix=bc, analysis=gfaseed1.ldpruned_r20.01_kb1000_pvalue.R_none, chrom=19
    resources: mem_mb=1000, mem_mib=954, disk_mb=1000, disk_mib=954, tmpdir=<TBD>

Submitted job 313 with external jobid 'Submitted batch job 14103415'.
[Fri Sep 20 03:03:59 2024]
Finished job 120.
20 of 70 steps (29%) done
[Fri Sep 20 03:03:59 2024]
Finished job 117.
21 of 70 steps (30%) done
[Fri Sep 20 03:03:59 2024]
Finished job 112.
22 of 70 steps (31%) done
[Fri Sep 20 03:03:59 2024]
Finished job 243.
23 of 70 steps (33%) done
[Fri Sep 20 03:03:59 2024]
Finished job 233.
24 of 70 steps (34%) done
[Fri Sep 20 03:03:59 2024]
Finished job 230.
25 of 70 steps (36%) done
[Fri Sep 20 03:03:59 2024]
Finished job 232.
26 of 70 steps (37%) done
Select jobs to execute...

[Fri Sep 20 03:03:59 2024]
rule topsnps_fctgls:
    input: ../../results/applied_analysis/gfa_results/bc_gls_loadings.gfaseed1.ldpruned_r20.01_kb1000_pvalue.R_none.11.RDS
    output: ../../results/applied_analysis/gfa_results/bc_gls_loadings.gfaseed1.ldpruned_r20.01_kb1000_pvalue.R_none.top_snps.11.RDS
    jobid: 305
    reason: Missing output files: ../../results/applied_analysis/gfa_results/bc_gls_loadings.gfaseed1.ldpruned_r20.01_kb1000_pvalue.R_none.top_snps.11.RDS; Input files updated by another job: ../../results/applied_analysis/gfa_results/bc_gls_loadings.gfaseed1.ldpruned_r20.01_kb1000_pvalue.R_none.11.RDS
    wildcards: prefix=bc, analysis=gfaseed1.ldpruned_r20.01_kb1000_pvalue.R_none, chrom=11
    resources: mem_mb=1000, mem_mib=954, disk_mb=1000, disk_mib=954, tmpdir=<TBD>

Submitted job 305 with external jobid 'Submitted batch job 14103416'.

[Fri Sep 20 03:03:59 2024]
rule topsnps_fctgls:
    input: ../../results/applied_analysis/gfa_results/bc_gls_loadings.gfaseed1.ldpruned_r20.01_kb1000_pvalue.R_none.10.RDS
    output: ../../results/applied_analysis/gfa_results/bc_gls_loadings.gfaseed1.ldpruned_r20.01_kb1000_pvalue.R_none.top_snps.10.RDS
    jobid: 304
    reason: Missing output files: ../../results/applied_analysis/gfa_results/bc_gls_loadings.gfaseed1.ldpruned_r20.01_kb1000_pvalue.R_none.top_snps.10.RDS; Input files updated by another job: ../../results/applied_analysis/gfa_results/bc_gls_loadings.gfaseed1.ldpruned_r20.01_kb1000_pvalue.R_none.10.RDS
    wildcards: prefix=bc, analysis=gfaseed1.ldpruned_r20.01_kb1000_pvalue.R_none, chrom=10
    resources: mem_mb=1000, mem_mib=954, disk_mb=1000, disk_mib=954, tmpdir=<TBD>

Submitted job 304 with external jobid 'Submitted batch job 14103417'.

[Fri Sep 20 03:03:59 2024]
rule topsnps_fctgls:
    input: ../../results/applied_analysis/gfa_results/bc_gls_loadings.gfaseed1.ldpruned_r20.01_kb1000_pvalue.R_none.8.RDS
    output: ../../results/applied_analysis/gfa_results/bc_gls_loadings.gfaseed1.ldpruned_r20.01_kb1000_pvalue.R_none.top_snps.8.RDS
    jobid: 302
    reason: Missing output files: ../../results/applied_analysis/gfa_results/bc_gls_loadings.gfaseed1.ldpruned_r20.01_kb1000_pvalue.R_none.top_snps.8.RDS; Input files updated by another job: ../../results/applied_analysis/gfa_results/bc_gls_loadings.gfaseed1.ldpruned_r20.01_kb1000_pvalue.R_none.8.RDS
    wildcards: prefix=bc, analysis=gfaseed1.ldpruned_r20.01_kb1000_pvalue.R_none, chrom=8
    resources: mem_mb=1000, mem_mib=954, disk_mb=1000, disk_mib=954, tmpdir=<TBD>

Submitted job 302 with external jobid 'Submitted batch job 14103418'.

[Fri Sep 20 03:03:59 2024]
rule topsnps_fctgls:
    input: ../../results/applied_analysis/gfa_results/bc_gls_loadings.gfaseed1.ldpruned_r20.01_kb1000_pvalue.R_none.21.RDS
    output: ../../results/applied_analysis/gfa_results/bc_gls_loadings.gfaseed1.ldpruned_r20.01_kb1000_pvalue.R_none.top_snps.21.RDS
    jobid: 315
    reason: Missing output files: ../../results/applied_analysis/gfa_results/bc_gls_loadings.gfaseed1.ldpruned_r20.01_kb1000_pvalue.R_none.top_snps.21.RDS; Input files updated by another job: ../../results/applied_analysis/gfa_results/bc_gls_loadings.gfaseed1.ldpruned_r20.01_kb1000_pvalue.R_none.21.RDS
    wildcards: prefix=bc, analysis=gfaseed1.ldpruned_r20.01_kb1000_pvalue.R_none, chrom=21
    resources: mem_mb=1000, mem_mib=954, disk_mb=1000, disk_mib=954, tmpdir=<TBD>

Submitted job 315 with external jobid 'Submitted batch job 14103419'.
[Fri Sep 20 03:04:00 2024]
Finished job 227.
27 of 70 steps (39%) done
Select jobs to execute...

[Fri Sep 20 03:04:00 2024]
rule topsnps_fctgls:
    input: ../../results/applied_analysis/gfa_results/bc_gls_loadings.gfaseed1.ldpruned_r20.01_kb1000_pvalue.R_none.5.RDS
    output: ../../results/applied_analysis/gfa_results/bc_gls_loadings.gfaseed1.ldpruned_r20.01_kb1000_pvalue.R_none.top_snps.5.RDS
    jobid: 299
    reason: Missing output files: ../../results/applied_analysis/gfa_results/bc_gls_loadings.gfaseed1.ldpruned_r20.01_kb1000_pvalue.R_none.top_snps.5.RDS; Input files updated by another job: ../../results/applied_analysis/gfa_results/bc_gls_loadings.gfaseed1.ldpruned_r20.01_kb1000_pvalue.R_none.5.RDS
    wildcards: prefix=bc, analysis=gfaseed1.ldpruned_r20.01_kb1000_pvalue.R_none, chrom=5
    resources: mem_mb=1000, mem_mib=954, disk_mb=1000, disk_mib=954, tmpdir=<TBD>

Submitted job 299 with external jobid 'Submitted batch job 14103420'.
[Fri Sep 20 03:04:00 2024]
Finished job 103.
28 of 70 steps (40%) done
[Fri Sep 20 03:04:00 2024]
Finished job 102.
29 of 70 steps (41%) done
[Fri Sep 20 03:04:00 2024]
Finished job 236.
30 of 70 steps (43%) done
Select jobs to execute...

[Fri Sep 20 03:04:00 2024]
rule topsnps_fctgls:
    input: ../../results/applied_analysis/gfa_results/bc_gls_loadings.gfaseed1.ldpruned_r20.01_kb1000_pvalue.R_none.14.RDS
    output: ../../results/applied_analysis/gfa_results/bc_gls_loadings.gfaseed1.ldpruned_r20.01_kb1000_pvalue.R_none.top_snps.14.RDS
    jobid: 308
    reason: Missing output files: ../../results/applied_analysis/gfa_results/bc_gls_loadings.gfaseed1.ldpruned_r20.01_kb1000_pvalue.R_none.top_snps.14.RDS; Input files updated by another job: ../../results/applied_analysis/gfa_results/bc_gls_loadings.gfaseed1.ldpruned_r20.01_kb1000_pvalue.R_none.14.RDS
    wildcards: prefix=bc, analysis=gfaseed1.ldpruned_r20.01_kb1000_pvalue.R_none, chrom=14
    resources: mem_mb=1000, mem_mib=954, disk_mb=1000, disk_mib=954, tmpdir=<TBD>

Submitted job 308 with external jobid 'Submitted batch job 14103421'.
[Fri Sep 20 03:04:00 2024]
Finished job 101.
31 of 70 steps (44%) done
[Fri Sep 20 03:04:00 2024]
Finished job 237.
32 of 70 steps (46%) done
[Fri Sep 20 03:04:00 2024]
Finished job 238.
33 of 70 steps (47%) done
[Fri Sep 20 03:04:00 2024]
Finished job 107.
34 of 70 steps (49%) done
[Fri Sep 20 03:04:00 2024]
Finished job 106.
35 of 70 steps (50%) done
Select jobs to execute...

[Fri Sep 20 03:04:00 2024]
rule topsnps_fctgls:
    input: ../../results/applied_analysis/gfa_results/bc_gls_loadings.gfaseed1.ldpruned_r20.01_kb1000_pvalue.R_none.16.RDS
    output: ../../results/applied_analysis/gfa_results/bc_gls_loadings.gfaseed1.ldpruned_r20.01_kb1000_pvalue.R_none.top_snps.16.RDS
    jobid: 310
    reason: Missing output files: ../../results/applied_analysis/gfa_results/bc_gls_loadings.gfaseed1.ldpruned_r20.01_kb1000_pvalue.R_none.top_snps.16.RDS; Input files updated by another job: ../../results/applied_analysis/gfa_results/bc_gls_loadings.gfaseed1.ldpruned_r20.01_kb1000_pvalue.R_none.16.RDS
    wildcards: prefix=bc, analysis=gfaseed1.ldpruned_r20.01_kb1000_pvalue.R_none, chrom=16
    resources: mem_mb=1000, mem_mib=954, disk_mb=1000, disk_mib=954, tmpdir=<TBD>

Submitted job 310 with external jobid 'Submitted batch job 14103422'.

[Fri Sep 20 03:04:00 2024]
rule topsnps_fctgls:
    input: ../../results/applied_analysis/gfa_results/bc_gls_loadings.gfaseed1.ldpruned_r20.01_kb1000_pvalue.R_none.15.RDS
    output: ../../results/applied_analysis/gfa_results/bc_gls_loadings.gfaseed1.ldpruned_r20.01_kb1000_pvalue.R_none.top_snps.15.RDS
    jobid: 309
    reason: Missing output files: ../../results/applied_analysis/gfa_results/bc_gls_loadings.gfaseed1.ldpruned_r20.01_kb1000_pvalue.R_none.top_snps.15.RDS; Input files updated by another job: ../../results/applied_analysis/gfa_results/bc_gls_loadings.gfaseed1.ldpruned_r20.01_kb1000_pvalue.R_none.15.RDS
    wildcards: prefix=bc, analysis=gfaseed1.ldpruned_r20.01_kb1000_pvalue.R_none, chrom=15
    resources: mem_mb=1000, mem_mib=954, disk_mb=1000, disk_mib=954, tmpdir=<TBD>

Submitted job 309 with external jobid 'Submitted batch job 14103423'.
[Fri Sep 20 03:04:01 2024]
Finished job 104.
36 of 70 steps (51%) done
Select jobs to execute...

[Fri Sep 20 03:04:01 2024]
rule R_ldsc_gls:
    input: ../../results/applied_analysis/gfa_results/metab_gls_loadings.gfaseed1.ldpruned_r20.01_kb1000_pvalue.R_none.1.RDS, ../../results/applied_analysis/gfa_results/metab_gls_loadings.gfaseed1.ldpruned_r20.01_kb1000_pvalue.R_none.2.RDS, ../../results/applied_analysis/gfa_results/metab_gls_loadings.gfaseed1.ldpruned_r20.01_kb1000_pvalue.R_none.3.RDS, ../../results/applied_analysis/gfa_results/metab_gls_loadings.gfaseed1.ldpruned_r20.01_kb1000_pvalue.R_none.4.RDS, ../../results/applied_analysis/gfa_results/metab_gls_loadings.gfaseed1.ldpruned_r20.01_kb1000_pvalue.R_none.5.RDS, ../../results/applied_analysis/gfa_results/metab_gls_loadings.gfaseed1.ldpruned_r20.01_kb1000_pvalue.R_none.6.RDS, ../../results/applied_analysis/gfa_results/metab_gls_loadings.gfaseed1.ldpruned_r20.01_kb1000_pvalue.R_none.7.RDS, ../../results/applied_analysis/gfa_results/metab_gls_loadings.gfaseed1.ldpruned_r20.01_kb1000_pvalue.R_none.8.RDS, ../../results/applied_analysis/gfa_results/metab_gls_loadings.gfaseed1.ldpruned_r20.01_kb1000_pvalue.R_none.9.RDS, ../../results/applied_analysis/gfa_results/metab_gls_loadings.gfaseed1.ldpruned_r20.01_kb1000_pvalue.R_none.10.RDS, ../../results/applied_analysis/gfa_results/metab_gls_loadings.gfaseed1.ldpruned_r20.01_kb1000_pvalue.R_none.11.RDS, ../../results/applied_analysis/gfa_results/metab_gls_loadings.gfaseed1.ldpruned_r20.01_kb1000_pvalue.R_none.12.RDS, ../../results/applied_analysis/gfa_results/metab_gls_loadings.gfaseed1.ldpruned_r20.01_kb1000_pvalue.R_none.13.RDS, ../../results/applied_analysis/gfa_results/metab_gls_loadings.gfaseed1.ldpruned_r20.01_kb1000_pvalue.R_none.14.RDS, ../../results/applied_analysis/gfa_results/metab_gls_loadings.gfaseed1.ldpruned_r20.01_kb1000_pvalue.R_none.15.RDS, ../../results/applied_analysis/gfa_results/metab_gls_loadings.gfaseed1.ldpruned_r20.01_kb1000_pvalue.R_none.16.RDS, ../../results/applied_analysis/gfa_results/metab_gls_loadings.gfaseed1.ldpruned_r20.01_kb1000_pvalue.R_none.17.RDS, ../../results/applied_analysis/gfa_results/metab_gls_loadings.gfaseed1.ldpruned_r20.01_kb1000_pvalue.R_none.18.RDS, ../../results/applied_analysis/gfa_results/metab_gls_loadings.gfaseed1.ldpruned_r20.01_kb1000_pvalue.R_none.19.RDS, ../../results/applied_analysis/gfa_results/metab_gls_loadings.gfaseed1.ldpruned_r20.01_kb1000_pvalue.R_none.20.RDS, ../../results/applied_analysis/gfa_results/metab_gls_loadings.gfaseed1.ldpruned_r20.01_kb1000_pvalue.R_none.21.RDS, ../../results/applied_analysis/gfa_results/metab_gls_loadings.gfaseed1.ldpruned_r20.01_kb1000_pvalue.R_none.22.RDS, /nfs/turbo/sph-jvmorr/ld_reference_files/ldsc_reference_files/eur_w_ld_chr/1.l2.M_5_50, /nfs/turbo/sph-jvmorr/ld_reference_files/ldsc_reference_files/eur_w_ld_chr/2.l2.M_5_50, /nfs/turbo/sph-jvmorr/ld_reference_files/ldsc_reference_files/eur_w_ld_chr/3.l2.M_5_50, /nfs/turbo/sph-jvmorr/ld_reference_files/ldsc_reference_files/eur_w_ld_chr/4.l2.M_5_50, /nfs/turbo/sph-jvmorr/ld_reference_files/ldsc_reference_files/eur_w_ld_chr/5.l2.M_5_50, /nfs/turbo/sph-jvmorr/ld_reference_files/ldsc_reference_files/eur_w_ld_chr/6.l2.M_5_50, /nfs/turbo/sph-jvmorr/ld_reference_files/ldsc_reference_files/eur_w_ld_chr/7.l2.M_5_50, /nfs/turbo/sph-jvmorr/ld_reference_files/ldsc_reference_files/eur_w_ld_chr/8.l2.M_5_50, /nfs/turbo/sph-jvmorr/ld_reference_files/ldsc_reference_files/eur_w_ld_chr/9.l2.M_5_50, /nfs/turbo/sph-jvmorr/ld_reference_files/ldsc_reference_files/eur_w_ld_chr/10.l2.M_5_50, /nfs/turbo/sph-jvmorr/ld_reference_files/ldsc_reference_files/eur_w_ld_chr/11.l2.M_5_50, /nfs/turbo/sph-jvmorr/ld_reference_files/ldsc_reference_files/eur_w_ld_chr/12.l2.M_5_50, /nfs/turbo/sph-jvmorr/ld_reference_files/ldsc_reference_files/eur_w_ld_chr/13.l2.M_5_50, /nfs/turbo/sph-jvmorr/ld_reference_files/ldsc_reference_files/eur_w_ld_chr/14.l2.M_5_50, /nfs/turbo/sph-jvmorr/ld_reference_files/ldsc_reference_files/eur_w_ld_chr/15.l2.M_5_50, /nfs/turbo/sph-jvmorr/ld_reference_files/ldsc_reference_files/eur_w_ld_chr/16.l2.M_5_50, /nfs/turbo/sph-jvmorr/ld_reference_files/ldsc_reference_files/eur_w_ld_chr/17.l2.M_5_50, /nfs/turbo/sph-jvmorr/ld_reference_files/ldsc_reference_files/eur_w_ld_chr/18.l2.M_5_50, /nfs/turbo/sph-jvmorr/ld_reference_files/ldsc_reference_files/eur_w_ld_chr/19.l2.M_5_50, /nfs/turbo/sph-jvmorr/ld_reference_files/ldsc_reference_files/eur_w_ld_chr/20.l2.M_5_50, /nfs/turbo/sph-jvmorr/ld_reference_files/ldsc_reference_files/eur_w_ld_chr/21.l2.M_5_50, /nfs/turbo/sph-jvmorr/ld_reference_files/ldsc_reference_files/eur_w_ld_chr/22.l2.M_5_50, /nfs/turbo/sph-jvmorr/ld_reference_files/ldsc_reference_files/eur_w_ld_chr/1.l2.ldscore.gz, /nfs/turbo/sph-jvmorr/ld_reference_files/ldsc_reference_files/eur_w_ld_chr/2.l2.ldscore.gz, /nfs/turbo/sph-jvmorr/ld_reference_files/ldsc_reference_files/eur_w_ld_chr/3.l2.ldscore.gz, /nfs/turbo/sph-jvmorr/ld_reference_files/ldsc_reference_files/eur_w_ld_chr/4.l2.ldscore.gz, /nfs/turbo/sph-jvmorr/ld_reference_files/ldsc_reference_files/eur_w_ld_chr/5.l2.ldscore.gz, /nfs/turbo/sph-jvmorr/ld_reference_files/ldsc_reference_files/eur_w_ld_chr/6.l2.ldscore.gz, /nfs/turbo/sph-jvmorr/ld_reference_files/ldsc_reference_files/eur_w_ld_chr/7.l2.ldscore.gz, /nfs/turbo/sph-jvmorr/ld_reference_files/ldsc_reference_files/eur_w_ld_chr/8.l2.ldscore.gz, /nfs/turbo/sph-jvmorr/ld_reference_files/ldsc_reference_files/eur_w_ld_chr/9.l2.ldscore.gz, /nfs/turbo/sph-jvmorr/ld_reference_files/ldsc_reference_files/eur_w_ld_chr/10.l2.ldscore.gz, /nfs/turbo/sph-jvmorr/ld_reference_files/ldsc_reference_files/eur_w_ld_chr/11.l2.ldscore.gz, /nfs/turbo/sph-jvmorr/ld_reference_files/ldsc_reference_files/eur_w_ld_chr/12.l2.ldscore.gz, /nfs/turbo/sph-jvmorr/ld_reference_files/ldsc_reference_files/eur_w_ld_chr/13.l2.ldscore.gz, /nfs/turbo/sph-jvmorr/ld_reference_files/ldsc_reference_files/eur_w_ld_chr/14.l2.ldscore.gz, /nfs/turbo/sph-jvmorr/ld_reference_files/ldsc_reference_files/eur_w_ld_chr/15.l2.ldscore.gz, /nfs/turbo/sph-jvmorr/ld_reference_files/ldsc_reference_files/eur_w_ld_chr/16.l2.ldscore.gz, /nfs/turbo/sph-jvmorr/ld_reference_files/ldsc_reference_files/eur_w_ld_chr/17.l2.ldscore.gz, /nfs/turbo/sph-jvmorr/ld_reference_files/ldsc_reference_files/eur_w_ld_chr/18.l2.ldscore.gz, /nfs/turbo/sph-jvmorr/ld_reference_files/ldsc_reference_files/eur_w_ld_chr/19.l2.ldscore.gz, /nfs/turbo/sph-jvmorr/ld_reference_files/ldsc_reference_files/eur_w_ld_chr/20.l2.ldscore.gz, /nfs/turbo/sph-jvmorr/ld_reference_files/ldsc_reference_files/eur_w_ld_chr/21.l2.ldscore.gz, /nfs/turbo/sph-jvmorr/ld_reference_files/ldsc_reference_files/eur_w_ld_chr/22.l2.ldscore.gz
    output: ../../results/applied_analysis/gfa_results/metab_gls_loadings.gfaseed1.ldpruned_r20.01_kb1000_pvalue.R_none.Rgcor.RDS
    jobid: 100
    reason: Missing output files: ../../results/applied_analysis/gfa_results/metab_gls_loadings.gfaseed1.ldpruned_r20.01_kb1000_pvalue.R_none.Rgcor.RDS; Input files updated by another job: ../../results/applied_analysis/gfa_results/metab_gls_loadings.gfaseed1.ldpruned_r20.01_kb1000_pvalue.R_none.17.RDS, ../../results/applied_analysis/gfa_results/metab_gls_loadings.gfaseed1.ldpruned_r20.01_kb1000_pvalue.R_none.9.RDS, ../../results/applied_analysis/gfa_results/metab_gls_loadings.gfaseed1.ldpruned_r20.01_kb1000_pvalue.R_none.14.RDS, ../../results/applied_analysis/gfa_results/metab_gls_loadings.gfaseed1.ldpruned_r20.01_kb1000_pvalue.R_none.7.RDS, ../../results/applied_analysis/gfa_results/metab_gls_loadings.gfaseed1.ldpruned_r20.01_kb1000_pvalue.R_none.22.RDS, ../../results/applied_analysis/gfa_results/metab_gls_loadings.gfaseed1.ldpruned_r20.01_kb1000_pvalue.R_none.19.RDS, ../../results/applied_analysis/gfa_results/metab_gls_loadings.gfaseed1.ldpruned_r20.01_kb1000_pvalue.R_none.10.RDS, ../../results/applied_analysis/gfa_results/metab_gls_loadings.gfaseed1.ldpruned_r20.01_kb1000_pvalue.R_none.16.RDS, ../../results/applied_analysis/gfa_results/metab_gls_loadings.gfaseed1.ldpruned_r20.01_kb1000_pvalue.R_none.3.RDS, ../../results/applied_analysis/gfa_results/metab_gls_loadings.gfaseed1.ldpruned_r20.01_kb1000_pvalue.R_none.2.RDS, ../../results/applied_analysis/gfa_results/metab_gls_loadings.gfaseed1.ldpruned_r20.01_kb1000_pvalue.R_none.20.RDS, ../../results/applied_analysis/gfa_results/metab_gls_loadings.gfaseed1.ldpruned_r20.01_kb1000_pvalue.R_none.1.RDS, ../../results/applied_analysis/gfa_results/metab_gls_loadings.gfaseed1.ldpruned_r20.01_kb1000_pvalue.R_none.11.RDS, ../../results/applied_analysis/gfa_results/metab_gls_loadings.gfaseed1.ldpruned_r20.01_kb1000_pvalue.R_none.6.RDS, ../../results/applied_analysis/gfa_results/metab_gls_loadings.gfaseed1.ldpruned_r20.01_kb1000_pvalue.R_none.12.RDS, ../../results/applied_analysis/gfa_results/metab_gls_loadings.gfaseed1.ldpruned_r20.01_kb1000_pvalue.R_none.18.RDS, ../../results/applied_analysis/gfa_results/metab_gls_loadings.gfaseed1.ldpruned_r20.01_kb1000_pvalue.R_none.13.RDS, ../../results/applied_analysis/gfa_results/metab_gls_loadings.gfaseed1.ldpruned_r20.01_kb1000_pvalue.R_none.21.RDS, ../../results/applied_analysis/gfa_results/metab_gls_loadings.gfaseed1.ldpruned_r20.01_kb1000_pvalue.R_none.8.RDS, ../../results/applied_analysis/gfa_results/metab_gls_loadings.gfaseed1.ldpruned_r20.01_kb1000_pvalue.R_none.15.RDS, ../../results/applied_analysis/gfa_results/metab_gls_loadings.gfaseed1.ldpruned_r20.01_kb1000_pvalue.R_none.5.RDS, ../../results/applied_analysis/gfa_results/metab_gls_loadings.gfaseed1.ldpruned_r20.01_kb1000_pvalue.R_none.4.RDS
    wildcards: prefix=metab, analysis=gfaseed1.ldpruned_r20.01_kb1000_pvalue.R_none
    resources: mem_mb=1053, mem_mib=1005, disk_mb=1053, disk_mib=1005, tmpdir=<TBD>

Submitted job 100 with external jobid 'Submitted batch job 14103424'.
[Fri Sep 20 03:04:01 2024]
Finished job 228.
37 of 70 steps (53%) done
[Fri Sep 20 03:04:01 2024]
Finished job 235.
38 of 70 steps (54%) done
[Fri Sep 20 03:04:01 2024]
Finished job 224.
39 of 70 steps (56%) done
[Fri Sep 20 03:04:01 2024]
Finished job 223.
40 of 70 steps (57%) done
Select jobs to execute...

[Fri Sep 20 03:04:01 2024]
rule topsnps_fctgls:
    input: ../../results/applied_analysis/gfa_results/bc_gls_loadings.gfaseed1.ldpruned_r20.01_kb1000_pvalue.R_none.6.RDS
    output: ../../results/applied_analysis/gfa_results/bc_gls_loadings.gfaseed1.ldpruned_r20.01_kb1000_pvalue.R_none.top_snps.6.RDS
    jobid: 300
    reason: Missing output files: ../../results/applied_analysis/gfa_results/bc_gls_loadings.gfaseed1.ldpruned_r20.01_kb1000_pvalue.R_none.top_snps.6.RDS; Input files updated by another job: ../../results/applied_analysis/gfa_results/bc_gls_loadings.gfaseed1.ldpruned_r20.01_kb1000_pvalue.R_none.6.RDS
    wildcards: prefix=bc, analysis=gfaseed1.ldpruned_r20.01_kb1000_pvalue.R_none, chrom=6
    resources: mem_mb=1000, mem_mib=954, disk_mb=1000, disk_mib=954, tmpdir=<TBD>

Submitted job 300 with external jobid 'Submitted batch job 14103425'.

[Fri Sep 20 03:04:01 2024]
rule topsnps_fctgls:
    input: ../../results/applied_analysis/gfa_results/bc_gls_loadings.gfaseed1.ldpruned_r20.01_kb1000_pvalue.R_none.1.RDS
    output: ../../results/applied_analysis/gfa_results/bc_gls_loadings.gfaseed1.ldpruned_r20.01_kb1000_pvalue.R_none.top_snps.1.RDS
    jobid: 295
    reason: Missing output files: ../../results/applied_analysis/gfa_results/bc_gls_loadings.gfaseed1.ldpruned_r20.01_kb1000_pvalue.R_none.top_snps.1.RDS; Input files updated by another job: ../../results/applied_analysis/gfa_results/bc_gls_loadings.gfaseed1.ldpruned_r20.01_kb1000_pvalue.R_none.1.RDS
    wildcards: prefix=bc, analysis=gfaseed1.ldpruned_r20.01_kb1000_pvalue.R_none, chrom=1
    resources: mem_mb=1000, mem_mib=954, disk_mb=1000, disk_mib=954, tmpdir=<TBD>

Submitted job 295 with external jobid 'Submitted batch job 14103426'.

[Fri Sep 20 03:04:01 2024]
rule topsnps_fctgls:
    input: ../../results/applied_analysis/gfa_results/bc_gls_loadings.gfaseed1.ldpruned_r20.01_kb1000_pvalue.R_none.13.RDS
    output: ../../results/applied_analysis/gfa_results/bc_gls_loadings.gfaseed1.ldpruned_r20.01_kb1000_pvalue.R_none.top_snps.13.RDS
    jobid: 307
    reason: Missing output files: ../../results/applied_analysis/gfa_results/bc_gls_loadings.gfaseed1.ldpruned_r20.01_kb1000_pvalue.R_none.top_snps.13.RDS; Input files updated by another job: ../../results/applied_analysis/gfa_results/bc_gls_loadings.gfaseed1.ldpruned_r20.01_kb1000_pvalue.R_none.13.RDS
    wildcards: prefix=bc, analysis=gfaseed1.ldpruned_r20.01_kb1000_pvalue.R_none, chrom=13
    resources: mem_mb=1000, mem_mib=954, disk_mb=1000, disk_mib=954, tmpdir=<TBD>

Submitted job 307 with external jobid 'Submitted batch job 14103427'.

[Fri Sep 20 03:04:01 2024]
rule topsnps_fctgls:
    input: ../../results/applied_analysis/gfa_results/bc_gls_loadings.gfaseed1.ldpruned_r20.01_kb1000_pvalue.R_none.2.RDS
    output: ../../results/applied_analysis/gfa_results/bc_gls_loadings.gfaseed1.ldpruned_r20.01_kb1000_pvalue.R_none.top_snps.2.RDS
    jobid: 296
    reason: Missing output files: ../../results/applied_analysis/gfa_results/bc_gls_loadings.gfaseed1.ldpruned_r20.01_kb1000_pvalue.R_none.top_snps.2.RDS; Input files updated by another job: ../../results/applied_analysis/gfa_results/bc_gls_loadings.gfaseed1.ldpruned_r20.01_kb1000_pvalue.R_none.2.RDS
    wildcards: prefix=bc, analysis=gfaseed1.ldpruned_r20.01_kb1000_pvalue.R_none, chrom=2
    resources: mem_mb=1000, mem_mib=954, disk_mb=1000, disk_mib=954, tmpdir=<TBD>

Submitted job 296 with external jobid 'Submitted batch job 14103428'.
[Fri Sep 20 03:04:01 2024]
Finished job 234.
41 of 70 steps (59%) done
[Fri Sep 20 03:04:01 2024]
Finished job 226.
42 of 70 steps (60%) done
Select jobs to execute...

[Fri Sep 20 03:04:01 2024]
rule topsnps_fctgls:
    input: ../../results/applied_analysis/gfa_results/bc_gls_loadings.gfaseed1.ldpruned_r20.01_kb1000_pvalue.R_none.4.RDS
    output: ../../results/applied_analysis/gfa_results/bc_gls_loadings.gfaseed1.ldpruned_r20.01_kb1000_pvalue.R_none.top_snps.4.RDS
    jobid: 298
    reason: Missing output files: ../../results/applied_analysis/gfa_results/bc_gls_loadings.gfaseed1.ldpruned_r20.01_kb1000_pvalue.R_none.top_snps.4.RDS; Input files updated by another job: ../../results/applied_analysis/gfa_results/bc_gls_loadings.gfaseed1.ldpruned_r20.01_kb1000_pvalue.R_none.4.RDS
    wildcards: prefix=bc, analysis=gfaseed1.ldpruned_r20.01_kb1000_pvalue.R_none, chrom=4
    resources: mem_mb=1000, mem_mib=954, disk_mb=1000, disk_mib=954, tmpdir=<TBD>

Submitted job 298 with external jobid 'Submitted batch job 14103429'.

[Fri Sep 20 03:04:01 2024]
rule topsnps_fctgls:
    input: ../../results/applied_analysis/gfa_results/bc_gls_loadings.gfaseed1.ldpruned_r20.01_kb1000_pvalue.R_none.12.RDS
    output: ../../results/applied_analysis/gfa_results/bc_gls_loadings.gfaseed1.ldpruned_r20.01_kb1000_pvalue.R_none.top_snps.12.RDS
    jobid: 306
    reason: Missing output files: ../../results/applied_analysis/gfa_results/bc_gls_loadings.gfaseed1.ldpruned_r20.01_kb1000_pvalue.R_none.top_snps.12.RDS; Input files updated by another job: ../../results/applied_analysis/gfa_results/bc_gls_loadings.gfaseed1.ldpruned_r20.01_kb1000_pvalue.R_none.12.RDS
    wildcards: prefix=bc, analysis=gfaseed1.ldpruned_r20.01_kb1000_pvalue.R_none, chrom=12
    resources: mem_mb=1000, mem_mib=954, disk_mb=1000, disk_mib=954, tmpdir=<TBD>

Submitted job 306 with external jobid 'Submitted batch job 14103430'.
[Fri Sep 20 03:04:12 2024]
Finished job 229.
43 of 70 steps (61%) done
Select jobs to execute...

[Fri Sep 20 03:04:12 2024]
rule topsnps_fctgls:
    input: ../../results/applied_analysis/gfa_results/bc_gls_loadings.gfaseed1.ldpruned_r20.01_kb1000_pvalue.R_none.7.RDS
    output: ../../results/applied_analysis/gfa_results/bc_gls_loadings.gfaseed1.ldpruned_r20.01_kb1000_pvalue.R_none.top_snps.7.RDS
    jobid: 301
    reason: Missing output files: ../../results/applied_analysis/gfa_results/bc_gls_loadings.gfaseed1.ldpruned_r20.01_kb1000_pvalue.R_none.top_snps.7.RDS; Input files updated by another job: ../../results/applied_analysis/gfa_results/bc_gls_loadings.gfaseed1.ldpruned_r20.01_kb1000_pvalue.R_none.7.RDS
    wildcards: prefix=bc, analysis=gfaseed1.ldpruned_r20.01_kb1000_pvalue.R_none, chrom=7
    resources: mem_mb=1000, mem_mib=954, disk_mb=1000, disk_mib=954, tmpdir=<TBD>

Submitted job 301 with external jobid 'Submitted batch job 14103431'.
[Fri Sep 20 03:04:12 2024]
Finished job 225.
44 of 70 steps (63%) done
Select jobs to execute...

[Fri Sep 20 03:04:12 2024]
rule topsnps_fctgls:
    input: ../../results/applied_analysis/gfa_results/bc_gls_loadings.gfaseed1.ldpruned_r20.01_kb1000_pvalue.R_none.3.RDS
    output: ../../results/applied_analysis/gfa_results/bc_gls_loadings.gfaseed1.ldpruned_r20.01_kb1000_pvalue.R_none.top_snps.3.RDS
    jobid: 297
    reason: Missing output files: ../../results/applied_analysis/gfa_results/bc_gls_loadings.gfaseed1.ldpruned_r20.01_kb1000_pvalue.R_none.top_snps.3.RDS; Input files updated by another job: ../../results/applied_analysis/gfa_results/bc_gls_loadings.gfaseed1.ldpruned_r20.01_kb1000_pvalue.R_none.3.RDS
    wildcards: prefix=bc, analysis=gfaseed1.ldpruned_r20.01_kb1000_pvalue.R_none, chrom=3
    resources: mem_mb=1000, mem_mib=954, disk_mb=1000, disk_mib=954, tmpdir=<TBD>

Submitted job 297 with external jobid 'Submitted batch job 14103432'.

[Fri Sep 20 03:04:12 2024]
rule R_ldsc_gls:
    input: ../../results/applied_analysis/gfa_results/bc_gls_loadings.gfaseed1.ldpruned_r20.01_kb1000_pvalue.R_none.1.RDS, ../../results/applied_analysis/gfa_results/bc_gls_loadings.gfaseed1.ldpruned_r20.01_kb1000_pvalue.R_none.2.RDS, ../../results/applied_analysis/gfa_results/bc_gls_loadings.gfaseed1.ldpruned_r20.01_kb1000_pvalue.R_none.3.RDS, ../../results/applied_analysis/gfa_results/bc_gls_loadings.gfaseed1.ldpruned_r20.01_kb1000_pvalue.R_none.4.RDS, ../../results/applied_analysis/gfa_results/bc_gls_loadings.gfaseed1.ldpruned_r20.01_kb1000_pvalue.R_none.5.RDS, ../../results/applied_analysis/gfa_results/bc_gls_loadings.gfaseed1.ldpruned_r20.01_kb1000_pvalue.R_none.6.RDS, ../../results/applied_analysis/gfa_results/bc_gls_loadings.gfaseed1.ldpruned_r20.01_kb1000_pvalue.R_none.7.RDS, ../../results/applied_analysis/gfa_results/bc_gls_loadings.gfaseed1.ldpruned_r20.01_kb1000_pvalue.R_none.8.RDS, ../../results/applied_analysis/gfa_results/bc_gls_loadings.gfaseed1.ldpruned_r20.01_kb1000_pvalue.R_none.9.RDS, ../../results/applied_analysis/gfa_results/bc_gls_loadings.gfaseed1.ldpruned_r20.01_kb1000_pvalue.R_none.10.RDS, ../../results/applied_analysis/gfa_results/bc_gls_loadings.gfaseed1.ldpruned_r20.01_kb1000_pvalue.R_none.11.RDS, ../../results/applied_analysis/gfa_results/bc_gls_loadings.gfaseed1.ldpruned_r20.01_kb1000_pvalue.R_none.12.RDS, ../../results/applied_analysis/gfa_results/bc_gls_loadings.gfaseed1.ldpruned_r20.01_kb1000_pvalue.R_none.13.RDS, ../../results/applied_analysis/gfa_results/bc_gls_loadings.gfaseed1.ldpruned_r20.01_kb1000_pvalue.R_none.14.RDS, ../../results/applied_analysis/gfa_results/bc_gls_loadings.gfaseed1.ldpruned_r20.01_kb1000_pvalue.R_none.15.RDS, ../../results/applied_analysis/gfa_results/bc_gls_loadings.gfaseed1.ldpruned_r20.01_kb1000_pvalue.R_none.16.RDS, ../../results/applied_analysis/gfa_results/bc_gls_loadings.gfaseed1.ldpruned_r20.01_kb1000_pvalue.R_none.17.RDS, ../../results/applied_analysis/gfa_results/bc_gls_loadings.gfaseed1.ldpruned_r20.01_kb1000_pvalue.R_none.18.RDS, ../../results/applied_analysis/gfa_results/bc_gls_loadings.gfaseed1.ldpruned_r20.01_kb1000_pvalue.R_none.19.RDS, ../../results/applied_analysis/gfa_results/bc_gls_loadings.gfaseed1.ldpruned_r20.01_kb1000_pvalue.R_none.20.RDS, ../../results/applied_analysis/gfa_results/bc_gls_loadings.gfaseed1.ldpruned_r20.01_kb1000_pvalue.R_none.21.RDS, ../../results/applied_analysis/gfa_results/bc_gls_loadings.gfaseed1.ldpruned_r20.01_kb1000_pvalue.R_none.22.RDS, /nfs/turbo/sph-jvmorr/ld_reference_files/ldsc_reference_files/eur_w_ld_chr/1.l2.M_5_50, /nfs/turbo/sph-jvmorr/ld_reference_files/ldsc_reference_files/eur_w_ld_chr/2.l2.M_5_50, /nfs/turbo/sph-jvmorr/ld_reference_files/ldsc_reference_files/eur_w_ld_chr/3.l2.M_5_50, /nfs/turbo/sph-jvmorr/ld_reference_files/ldsc_reference_files/eur_w_ld_chr/4.l2.M_5_50, /nfs/turbo/sph-jvmorr/ld_reference_files/ldsc_reference_files/eur_w_ld_chr/5.l2.M_5_50, /nfs/turbo/sph-jvmorr/ld_reference_files/ldsc_reference_files/eur_w_ld_chr/6.l2.M_5_50, /nfs/turbo/sph-jvmorr/ld_reference_files/ldsc_reference_files/eur_w_ld_chr/7.l2.M_5_50, /nfs/turbo/sph-jvmorr/ld_reference_files/ldsc_reference_files/eur_w_ld_chr/8.l2.M_5_50, /nfs/turbo/sph-jvmorr/ld_reference_files/ldsc_reference_files/eur_w_ld_chr/9.l2.M_5_50, /nfs/turbo/sph-jvmorr/ld_reference_files/ldsc_reference_files/eur_w_ld_chr/10.l2.M_5_50, /nfs/turbo/sph-jvmorr/ld_reference_files/ldsc_reference_files/eur_w_ld_chr/11.l2.M_5_50, /nfs/turbo/sph-jvmorr/ld_reference_files/ldsc_reference_files/eur_w_ld_chr/12.l2.M_5_50, /nfs/turbo/sph-jvmorr/ld_reference_files/ldsc_reference_files/eur_w_ld_chr/13.l2.M_5_50, /nfs/turbo/sph-jvmorr/ld_reference_files/ldsc_reference_files/eur_w_ld_chr/14.l2.M_5_50, /nfs/turbo/sph-jvmorr/ld_reference_files/ldsc_reference_files/eur_w_ld_chr/15.l2.M_5_50, /nfs/turbo/sph-jvmorr/ld_reference_files/ldsc_reference_files/eur_w_ld_chr/16.l2.M_5_50, /nfs/turbo/sph-jvmorr/ld_reference_files/ldsc_reference_files/eur_w_ld_chr/17.l2.M_5_50, /nfs/turbo/sph-jvmorr/ld_reference_files/ldsc_reference_files/eur_w_ld_chr/18.l2.M_5_50, /nfs/turbo/sph-jvmorr/ld_reference_files/ldsc_reference_files/eur_w_ld_chr/19.l2.M_5_50, /nfs/turbo/sph-jvmorr/ld_reference_files/ldsc_reference_files/eur_w_ld_chr/20.l2.M_5_50, /nfs/turbo/sph-jvmorr/ld_reference_files/ldsc_reference_files/eur_w_ld_chr/21.l2.M_5_50, /nfs/turbo/sph-jvmorr/ld_reference_files/ldsc_reference_files/eur_w_ld_chr/22.l2.M_5_50, /nfs/turbo/sph-jvmorr/ld_reference_files/ldsc_reference_files/eur_w_ld_chr/1.l2.ldscore.gz, /nfs/turbo/sph-jvmorr/ld_reference_files/ldsc_reference_files/eur_w_ld_chr/2.l2.ldscore.gz, /nfs/turbo/sph-jvmorr/ld_reference_files/ldsc_reference_files/eur_w_ld_chr/3.l2.ldscore.gz, /nfs/turbo/sph-jvmorr/ld_reference_files/ldsc_reference_files/eur_w_ld_chr/4.l2.ldscore.gz, /nfs/turbo/sph-jvmorr/ld_reference_files/ldsc_reference_files/eur_w_ld_chr/5.l2.ldscore.gz, /nfs/turbo/sph-jvmorr/ld_reference_files/ldsc_reference_files/eur_w_ld_chr/6.l2.ldscore.gz, /nfs/turbo/sph-jvmorr/ld_reference_files/ldsc_reference_files/eur_w_ld_chr/7.l2.ldscore.gz, /nfs/turbo/sph-jvmorr/ld_reference_files/ldsc_reference_files/eur_w_ld_chr/8.l2.ldscore.gz, /nfs/turbo/sph-jvmorr/ld_reference_files/ldsc_reference_files/eur_w_ld_chr/9.l2.ldscore.gz, /nfs/turbo/sph-jvmorr/ld_reference_files/ldsc_reference_files/eur_w_ld_chr/10.l2.ldscore.gz, /nfs/turbo/sph-jvmorr/ld_reference_files/ldsc_reference_files/eur_w_ld_chr/11.l2.ldscore.gz, /nfs/turbo/sph-jvmorr/ld_reference_files/ldsc_reference_files/eur_w_ld_chr/12.l2.ldscore.gz, /nfs/turbo/sph-jvmorr/ld_reference_files/ldsc_reference_files/eur_w_ld_chr/13.l2.ldscore.gz, /nfs/turbo/sph-jvmorr/ld_reference_files/ldsc_reference_files/eur_w_ld_chr/14.l2.ldscore.gz, /nfs/turbo/sph-jvmorr/ld_reference_files/ldsc_reference_files/eur_w_ld_chr/15.l2.ldscore.gz, /nfs/turbo/sph-jvmorr/ld_reference_files/ldsc_reference_files/eur_w_ld_chr/16.l2.ldscore.gz, /nfs/turbo/sph-jvmorr/ld_reference_files/ldsc_reference_files/eur_w_ld_chr/17.l2.ldscore.gz, /nfs/turbo/sph-jvmorr/ld_reference_files/ldsc_reference_files/eur_w_ld_chr/18.l2.ldscore.gz, /nfs/turbo/sph-jvmorr/ld_reference_files/ldsc_reference_files/eur_w_ld_chr/19.l2.ldscore.gz, /nfs/turbo/sph-jvmorr/ld_reference_files/ldsc_reference_files/eur_w_ld_chr/20.l2.ldscore.gz, /nfs/turbo/sph-jvmorr/ld_reference_files/ldsc_reference_files/eur_w_ld_chr/21.l2.ldscore.gz, /nfs/turbo/sph-jvmorr/ld_reference_files/ldsc_reference_files/eur_w_ld_chr/22.l2.ldscore.gz
    output: ../../results/applied_analysis/gfa_results/bc_gls_loadings.gfaseed1.ldpruned_r20.01_kb1000_pvalue.R_none.Rgcor.RDS
    jobid: 222
    reason: Missing output files: ../../results/applied_analysis/gfa_results/bc_gls_loadings.gfaseed1.ldpruned_r20.01_kb1000_pvalue.R_none.Rgcor.RDS; Input files updated by another job: ../../results/applied_analysis/gfa_results/bc_gls_loadings.gfaseed1.ldpruned_r20.01_kb1000_pvalue.R_none.1.RDS, ../../results/applied_analysis/gfa_results/bc_gls_loadings.gfaseed1.ldpruned_r20.01_kb1000_pvalue.R_none.17.RDS, ../../results/applied_analysis/gfa_results/bc_gls_loadings.gfaseed1.ldpruned_r20.01_kb1000_pvalue.R_none.22.RDS, ../../results/applied_analysis/gfa_results/bc_gls_loadings.gfaseed1.ldpruned_r20.01_kb1000_pvalue.R_none.8.RDS, ../../results/applied_analysis/gfa_results/bc_gls_loadings.gfaseed1.ldpruned_r20.01_kb1000_pvalue.R_none.4.RDS, ../../results/applied_analysis/gfa_results/bc_gls_loadings.gfaseed1.ldpruned_r20.01_kb1000_pvalue.R_none.20.RDS, ../../results/applied_analysis/gfa_results/bc_gls_loadings.gfaseed1.ldpruned_r20.01_kb1000_pvalue.R_none.10.RDS, ../../results/applied_analysis/gfa_results/bc_gls_loadings.gfaseed1.ldpruned_r20.01_kb1000_pvalue.R_none.21.RDS, ../../results/applied_analysis/gfa_results/bc_gls_loadings.gfaseed1.ldpruned_r20.01_kb1000_pvalue.R_none.6.RDS, ../../results/applied_analysis/gfa_results/bc_gls_loadings.gfaseed1.ldpruned_r20.01_kb1000_pvalue.R_none.5.RDS, ../../results/applied_analysis/gfa_results/bc_gls_loadings.gfaseed1.ldpruned_r20.01_kb1000_pvalue.R_none.7.RDS, ../../results/applied_analysis/gfa_results/bc_gls_loadings.gfaseed1.ldpruned_r20.01_kb1000_pvalue.R_none.14.RDS, ../../results/applied_analysis/gfa_results/bc_gls_loadings.gfaseed1.ldpruned_r20.01_kb1000_pvalue.R_none.13.RDS, ../../results/applied_analysis/gfa_results/bc_gls_loadings.gfaseed1.ldpruned_r20.01_kb1000_pvalue.R_none.3.RDS, ../../results/applied_analysis/gfa_results/bc_gls_loadings.gfaseed1.ldpruned_r20.01_kb1000_pvalue.R_none.2.RDS, ../../results/applied_analysis/gfa_results/bc_gls_loadings.gfaseed1.ldpruned_r20.01_kb1000_pvalue.R_none.11.RDS, ../../results/applied_analysis/gfa_results/bc_gls_loadings.gfaseed1.ldpruned_r20.01_kb1000_pvalue.R_none.16.RDS, ../../results/applied_analysis/gfa_results/bc_gls_loadings.gfaseed1.ldpruned_r20.01_kb1000_pvalue.R_none.12.RDS, ../../results/applied_analysis/gfa_results/bc_gls_loadings.gfaseed1.ldpruned_r20.01_kb1000_pvalue.R_none.9.RDS, ../../results/applied_analysis/gfa_results/bc_gls_loadings.gfaseed1.ldpruned_r20.01_kb1000_pvalue.R_none.15.RDS, ../../results/applied_analysis/gfa_results/bc_gls_loadings.gfaseed1.ldpruned_r20.01_kb1000_pvalue.R_none.19.RDS, ../../results/applied_analysis/gfa_results/bc_gls_loadings.gfaseed1.ldpruned_r20.01_kb1000_pvalue.R_none.18.RDS
    wildcards: prefix=bc, analysis=gfaseed1.ldpruned_r20.01_kb1000_pvalue.R_none
    resources: mem_mb=2653, mem_mib=2531, disk_mb=2653, disk_mib=2531, tmpdir=<TBD>

Submitted job 222 with external jobid 'Submitted batch job 14103433'.
[Fri Sep 20 03:04:47 2024]
Finished job 312.
45 of 70 steps (64%) done
[Fri Sep 20 03:04:47 2024]
Finished job 314.
46 of 70 steps (66%) done
[Fri Sep 20 03:04:48 2024]
Finished job 304.
47 of 70 steps (67%) done
[Fri Sep 20 03:04:48 2024]
Finished job 308.
48 of 70 steps (69%) done
[Fri Sep 20 03:04:48 2024]
Finished job 310.
49 of 70 steps (70%) done
[Fri Sep 20 03:04:48 2024]
Finished job 309.
50 of 70 steps (71%) done
[Fri Sep 20 03:04:59 2024]
Finished job 311.
51 of 70 steps (73%) done
[Fri Sep 20 03:04:59 2024]
Finished job 316.
52 of 70 steps (74%) done
[Fri Sep 20 03:04:59 2024]
Finished job 303.
53 of 70 steps (76%) done
[Fri Sep 20 03:04:59 2024]
Finished job 313.
54 of 70 steps (77%) done
[Fri Sep 20 03:04:59 2024]
Finished job 305.
55 of 70 steps (79%) done
[Fri Sep 20 03:04:59 2024]
Finished job 302.
56 of 70 steps (80%) done
[Fri Sep 20 03:04:59 2024]
Finished job 315.
57 of 70 steps (81%) done
[Fri Sep 20 03:05:00 2024]
Finished job 299.
58 of 70 steps (83%) done
[Fri Sep 20 03:05:00 2024]
Finished job 300.
59 of 70 steps (84%) done
[Fri Sep 20 03:05:00 2024]
Finished job 295.
60 of 70 steps (86%) done
[Fri Sep 20 03:05:00 2024]
Finished job 307.
61 of 70 steps (87%) done
[Fri Sep 20 03:05:00 2024]
Finished job 296.
62 of 70 steps (89%) done
[Fri Sep 20 03:05:00 2024]
Finished job 298.
63 of 70 steps (90%) done
[Fri Sep 20 03:05:00 2024]
Finished job 306.
64 of 70 steps (91%) done
[Fri Sep 20 03:05:10 2024]
Finished job 301.
65 of 70 steps (93%) done
[Fri Sep 20 03:05:10 2024]
Finished job 297.
66 of 70 steps (94%) done
[Fri Sep 20 03:07:10 2024]
Finished job 100.
67 of 70 steps (96%) done
[Fri Sep 20 03:08:10 2024]
Finished job 222.
68 of 70 steps (97%) done
Select jobs to execute...

[Fri Sep 20 03:08:10 2024]
localrule plot_bc:
    input: ../../results/applied_analysis/gfa_results/bc_gfa_gfaseed1.ldpruned_r20.01_kb1000_pvalue.R_none.final.RDS, ../../results/applied_analysis/gfa_results/bc_gls_loadings.gfaseed1.ldpruned_r20.01_kb1000_pvalue.R_none.Rgcor.RDS, ../../results/applied_analysis/gfa_results/bc_gls_loadings.gfaseed1.ldpruned_r20.01_kb1000_pvalue.R_none.top_snps.1.RDS, ../../results/applied_analysis/gfa_results/bc_gls_loadings.gfaseed1.ldpruned_r20.01_kb1000_pvalue.R_none.top_snps.2.RDS, ../../results/applied_analysis/gfa_results/bc_gls_loadings.gfaseed1.ldpruned_r20.01_kb1000_pvalue.R_none.top_snps.3.RDS, ../../results/applied_analysis/gfa_results/bc_gls_loadings.gfaseed1.ldpruned_r20.01_kb1000_pvalue.R_none.top_snps.4.RDS, ../../results/applied_analysis/gfa_results/bc_gls_loadings.gfaseed1.ldpruned_r20.01_kb1000_pvalue.R_none.top_snps.5.RDS, ../../results/applied_analysis/gfa_results/bc_gls_loadings.gfaseed1.ldpruned_r20.01_kb1000_pvalue.R_none.top_snps.6.RDS, ../../results/applied_analysis/gfa_results/bc_gls_loadings.gfaseed1.ldpruned_r20.01_kb1000_pvalue.R_none.top_snps.7.RDS, ../../results/applied_analysis/gfa_results/bc_gls_loadings.gfaseed1.ldpruned_r20.01_kb1000_pvalue.R_none.top_snps.8.RDS, ../../results/applied_analysis/gfa_results/bc_gls_loadings.gfaseed1.ldpruned_r20.01_kb1000_pvalue.R_none.top_snps.9.RDS, ../../results/applied_analysis/gfa_results/bc_gls_loadings.gfaseed1.ldpruned_r20.01_kb1000_pvalue.R_none.top_snps.10.RDS, ../../results/applied_analysis/gfa_results/bc_gls_loadings.gfaseed1.ldpruned_r20.01_kb1000_pvalue.R_none.top_snps.11.RDS, ../../results/applied_analysis/gfa_results/bc_gls_loadings.gfaseed1.ldpruned_r20.01_kb1000_pvalue.R_none.top_snps.12.RDS, ../../results/applied_analysis/gfa_results/bc_gls_loadings.gfaseed1.ldpruned_r20.01_kb1000_pvalue.R_none.top_snps.13.RDS, ../../results/applied_analysis/gfa_results/bc_gls_loadings.gfaseed1.ldpruned_r20.01_kb1000_pvalue.R_none.top_snps.14.RDS, ../../results/applied_analysis/gfa_results/bc_gls_loadings.gfaseed1.ldpruned_r20.01_kb1000_pvalue.R_none.top_snps.15.RDS, ../../results/applied_analysis/gfa_results/bc_gls_loadings.gfaseed1.ldpruned_r20.01_kb1000_pvalue.R_none.top_snps.16.RDS, ../../results/applied_analysis/gfa_results/bc_gls_loadings.gfaseed1.ldpruned_r20.01_kb1000_pvalue.R_none.top_snps.17.RDS, ../../results/applied_analysis/gfa_results/bc_gls_loadings.gfaseed1.ldpruned_r20.01_kb1000_pvalue.R_none.top_snps.18.RDS, ../../results/applied_analysis/gfa_results/bc_gls_loadings.gfaseed1.ldpruned_r20.01_kb1000_pvalue.R_none.top_snps.19.RDS, ../../results/applied_analysis/gfa_results/bc_gls_loadings.gfaseed1.ldpruned_r20.01_kb1000_pvalue.R_none.top_snps.20.RDS, ../../results/applied_analysis/gfa_results/bc_gls_loadings.gfaseed1.ldpruned_r20.01_kb1000_pvalue.R_none.top_snps.21.RDS, ../../results/applied_analysis/gfa_results/bc_gls_loadings.gfaseed1.ldpruned_r20.01_kb1000_pvalue.R_none.top_snps.22.RDS
    output: ../../results/applied_analysis/plots/bc_plot.gfaseed1.ldpruned_r20.01_kb1000_pvalue.R_none.png
    jobid: 294
    reason: Missing output files: ../../results/applied_analysis/plots/bc_plot.gfaseed1.ldpruned_r20.01_kb1000_pvalue.R_none.png; Input files updated by another job: ../../results/applied_analysis/gfa_results/bc_gls_loadings.gfaseed1.ldpruned_r20.01_kb1000_pvalue.R_none.top_snps.4.RDS, ../../results/applied_analysis/gfa_results/bc_gls_loadings.gfaseed1.ldpruned_r20.01_kb1000_pvalue.R_none.top_snps.13.RDS, ../../results/applied_analysis/gfa_results/bc_gls_loadings.gfaseed1.ldpruned_r20.01_kb1000_pvalue.R_none.top_snps.14.RDS, ../../results/applied_analysis/gfa_results/bc_gls_loadings.gfaseed1.ldpruned_r20.01_kb1000_pvalue.R_none.top_snps.6.RDS, ../../results/applied_analysis/gfa_results/bc_gls_loadings.gfaseed1.ldpruned_r20.01_kb1000_pvalue.R_none.top_snps.17.RDS, ../../results/applied_analysis/gfa_results/bc_gls_loadings.gfaseed1.ldpruned_r20.01_kb1000_pvalue.R_none.top_snps.19.RDS, ../../results/applied_analysis/gfa_results/bc_gls_loadings.gfaseed1.ldpruned_r20.01_kb1000_pvalue.R_none.top_snps.10.RDS, ../../results/applied_analysis/gfa_results/bc_gls_loadings.gfaseed1.ldpruned_r20.01_kb1000_pvalue.R_none.top_snps.11.RDS, ../../results/applied_analysis/gfa_results/bc_gls_loadings.gfaseed1.ldpruned_r20.01_kb1000_pvalue.R_none.top_snps.9.RDS, ../../results/applied_analysis/gfa_results/bc_gls_loadings.gfaseed1.ldpruned_r20.01_kb1000_pvalue.R_none.top_snps.15.RDS, ../../results/applied_analysis/gfa_results/bc_gls_loadings.gfaseed1.ldpruned_r20.01_kb1000_pvalue.R_none.top_snps.3.RDS, ../../results/applied_analysis/gfa_results/bc_gls_loadings.gfaseed1.ldpruned_r20.01_kb1000_pvalue.R_none.top_snps.20.RDS, ../../results/applied_analysis/gfa_results/bc_gls_loadings.gfaseed1.ldpruned_r20.01_kb1000_pvalue.R_none.top_snps.12.RDS, ../../results/applied_analysis/gfa_results/bc_gls_loadings.gfaseed1.ldpruned_r20.01_kb1000_pvalue.R_none.top_snps.22.RDS, ../../results/applied_analysis/gfa_results/bc_gls_loadings.gfaseed1.ldpruned_r20.01_kb1000_pvalue.R_none.top_snps.1.RDS, ../../results/applied_analysis/gfa_results/bc_gls_loadings.gfaseed1.ldpruned_r20.01_kb1000_pvalue.R_none.top_snps.7.RDS, ../../results/applied_analysis/gfa_results/bc_gls_loadings.gfaseed1.ldpruned_r20.01_kb1000_pvalue.R_none.Rgcor.RDS, ../../results/applied_analysis/gfa_results/bc_gls_loadings.gfaseed1.ldpruned_r20.01_kb1000_pvalue.R_none.top_snps.16.RDS, ../../results/applied_analysis/gfa_results/bc_gls_loadings.gfaseed1.ldpruned_r20.01_kb1000_pvalue.R_none.top_snps.2.RDS, ../../results/applied_analysis/gfa_results/bc_gls_loadings.gfaseed1.ldpruned_r20.01_kb1000_pvalue.R_none.top_snps.21.RDS, ../../results/applied_analysis/gfa_results/bc_gls_loadings.gfaseed1.ldpruned_r20.01_kb1000_pvalue.R_none.top_snps.8.RDS, ../../results/applied_analysis/gfa_results/bc_gls_loadings.gfaseed1.ldpruned_r20.01_kb1000_pvalue.R_none.top_snps.18.RDS, ../../results/applied_analysis/gfa_results/bc_gls_loadings.gfaseed1.ldpruned_r20.01_kb1000_pvalue.R_none.top_snps.5.RDS
    wildcards: analysis=gfaseed1.ldpruned_r20.01_kb1000_pvalue.R_none
    resources: mem_mb=1000, mem_mib=954, disk_mb=1000, disk_mib=954, tmpdir=/tmp

[Fri Sep 20 03:08:15 2024]
Error in rule plot_bc:
    jobid: 294
    input: ../../results/applied_analysis/gfa_results/bc_gfa_gfaseed1.ldpruned_r20.01_kb1000_pvalue.R_none.final.RDS, ../../results/applied_analysis/gfa_results/bc_gls_loadings.gfaseed1.ldpruned_r20.01_kb1000_pvalue.R_none.Rgcor.RDS, ../../results/applied_analysis/gfa_results/bc_gls_loadings.gfaseed1.ldpruned_r20.01_kb1000_pvalue.R_none.top_snps.1.RDS, ../../results/applied_analysis/gfa_results/bc_gls_loadings.gfaseed1.ldpruned_r20.01_kb1000_pvalue.R_none.top_snps.2.RDS, ../../results/applied_analysis/gfa_results/bc_gls_loadings.gfaseed1.ldpruned_r20.01_kb1000_pvalue.R_none.top_snps.3.RDS, ../../results/applied_analysis/gfa_results/bc_gls_loadings.gfaseed1.ldpruned_r20.01_kb1000_pvalue.R_none.top_snps.4.RDS, ../../results/applied_analysis/gfa_results/bc_gls_loadings.gfaseed1.ldpruned_r20.01_kb1000_pvalue.R_none.top_snps.5.RDS, ../../results/applied_analysis/gfa_results/bc_gls_loadings.gfaseed1.ldpruned_r20.01_kb1000_pvalue.R_none.top_snps.6.RDS, ../../results/applied_analysis/gfa_results/bc_gls_loadings.gfaseed1.ldpruned_r20.01_kb1000_pvalue.R_none.top_snps.7.RDS, ../../results/applied_analysis/gfa_results/bc_gls_loadings.gfaseed1.ldpruned_r20.01_kb1000_pvalue.R_none.top_snps.8.RDS, ../../results/applied_analysis/gfa_results/bc_gls_loadings.gfaseed1.ldpruned_r20.01_kb1000_pvalue.R_none.top_snps.9.RDS, ../../results/applied_analysis/gfa_results/bc_gls_loadings.gfaseed1.ldpruned_r20.01_kb1000_pvalue.R_none.top_snps.10.RDS, ../../results/applied_analysis/gfa_results/bc_gls_loadings.gfaseed1.ldpruned_r20.01_kb1000_pvalue.R_none.top_snps.11.RDS, ../../results/applied_analysis/gfa_results/bc_gls_loadings.gfaseed1.ldpruned_r20.01_kb1000_pvalue.R_none.top_snps.12.RDS, ../../results/applied_analysis/gfa_results/bc_gls_loadings.gfaseed1.ldpruned_r20.01_kb1000_pvalue.R_none.top_snps.13.RDS, ../../results/applied_analysis/gfa_results/bc_gls_loadings.gfaseed1.ldpruned_r20.01_kb1000_pvalue.R_none.top_snps.14.RDS, ../../results/applied_analysis/gfa_results/bc_gls_loadings.gfaseed1.ldpruned_r20.01_kb1000_pvalue.R_none.top_snps.15.RDS, ../../results/applied_analysis/gfa_results/bc_gls_loadings.gfaseed1.ldpruned_r20.01_kb1000_pvalue.R_none.top_snps.16.RDS, ../../results/applied_analysis/gfa_results/bc_gls_loadings.gfaseed1.ldpruned_r20.01_kb1000_pvalue.R_none.top_snps.17.RDS, ../../results/applied_analysis/gfa_results/bc_gls_loadings.gfaseed1.ldpruned_r20.01_kb1000_pvalue.R_none.top_snps.18.RDS, ../../results/applied_analysis/gfa_results/bc_gls_loadings.gfaseed1.ldpruned_r20.01_kb1000_pvalue.R_none.top_snps.19.RDS, ../../results/applied_analysis/gfa_results/bc_gls_loadings.gfaseed1.ldpruned_r20.01_kb1000_pvalue.R_none.top_snps.20.RDS, ../../results/applied_analysis/gfa_results/bc_gls_loadings.gfaseed1.ldpruned_r20.01_kb1000_pvalue.R_none.top_snps.21.RDS, ../../results/applied_analysis/gfa_results/bc_gls_loadings.gfaseed1.ldpruned_r20.01_kb1000_pvalue.R_none.top_snps.22.RDS
    output: ../../results/applied_analysis/plots/bc_plot.gfaseed1.ldpruned_r20.01_kb1000_pvalue.R_none.png

RuleException:
CalledProcessError in file /gpfs/accounts/jvmorr_root/jvmorr0/jvmorr/GFA_analysis/gfa_manuscript/code/revision_applied/Snakefile_gfa, line 272:
Command 'set -euo pipefail;  Rscript --vanilla /gpfs/accounts/jvmorr_root/jvmorr0/jvmorr/GFA_analysis/gfa_manuscript/code/revision_applied/.snakemake/scripts/tmpgu3s7nwc.9_plot_bloodcell.R' returned non-zero exit status 1.
  File "/gpfs/accounts/jvmorr_root/jvmorr0/jvmorr/GFA_analysis/gfa_manuscript/code/revision_applied/Snakefile_gfa", line 272, in __rule_plot_bc
  File "/home/jvmorr/miniconda3/envs/snakemake/lib/python3.11/concurrent/futures/thread.py", line 58, in run
Exiting because a job execution failed. Look above for error message
Complete log: .snakemake/log/2024-09-20T030330.358172.snakemake.log
