Building DAG of jobs...
Using shell: /usr/bin/bash
Provided cluster nodes: 96
Job stats:
job           count
----------  -------
all               1
plot_metab        3
total             4

Select jobs to execute...

[Thu Oct 31 10:00:54 2024]
rule plot_metab:
    input: ../../results/applied_analysis/gfa_results/metab_gfa_gfaseed1_cn100.ldpruned_r20.01_kb1000_pvalue_jitter0_0.R_pt0.05.final.RDS
    output: ../../results/applied_analysis/plots/metab_plot.gfaseed1_cn100.ldpruned_r20.01_kb1000_pvalue_jitter0_0.R_pt0.05.png, ../../results/applied_analysis/gfa_results/metab_pveci_gfaseed1_cn100.ldpruned_r20.01_kb1000_pvalue_jitter0_0.R_pt0.05.RDS
    jobid: 147
    reason: Missing output files: ../../results/applied_analysis/plots/metab_plot.gfaseed1_cn100.ldpruned_r20.01_kb1000_pvalue_jitter0_0.R_pt0.05.png
    wildcards: analysis=gfaseed1_cn100.ldpruned_r20.01_kb1000_pvalue_jitter0_0.R_pt0.05
    resources: mem_mb=1000, mem_mib=954, disk_mb=1000, disk_mib=954, tmpdir=<TBD>

Submitted job 147 with external jobid 'Submitted batch job 16431296'.

[Thu Oct 31 10:00:54 2024]
rule plot_metab:
    input: ../../results/applied_analysis/gfa_results/metab_gfa_gfaseed1_cn100.ldpruned_r20.01_kb1000_pvalue_jitter0_0.R_ldsc.final.RDS
    output: ../../results/applied_analysis/plots/metab_plot.gfaseed1_cn100.ldpruned_r20.01_kb1000_pvalue_jitter0_0.R_ldsc.png, ../../results/applied_analysis/gfa_results/metab_pveci_gfaseed1_cn100.ldpruned_r20.01_kb1000_pvalue_jitter0_0.R_ldsc.RDS
    jobid: 145
    reason: Missing output files: ../../results/applied_analysis/plots/metab_plot.gfaseed1_cn100.ldpruned_r20.01_kb1000_pvalue_jitter0_0.R_ldsc.png
    wildcards: analysis=gfaseed1_cn100.ldpruned_r20.01_kb1000_pvalue_jitter0_0.R_ldsc
    resources: mem_mb=1000, mem_mib=954, disk_mb=1000, disk_mib=954, tmpdir=<TBD>

Submitted job 145 with external jobid 'Submitted batch job 16431297'.

[Thu Oct 31 10:00:54 2024]
rule plot_metab:
    input: ../../results/applied_analysis/gfa_results/metab_gfa_gfaseed1_cn100.ldpruned_r20.01_kb1000_pvalue_jitter0_0.R_none.final.RDS
    output: ../../results/applied_analysis/plots/metab_plot.gfaseed1_cn100.ldpruned_r20.01_kb1000_pvalue_jitter0_0.R_none.png, ../../results/applied_analysis/gfa_results/metab_pveci_gfaseed1_cn100.ldpruned_r20.01_kb1000_pvalue_jitter0_0.R_none.RDS
    jobid: 146
    reason: Missing output files: ../../results/applied_analysis/plots/metab_plot.gfaseed1_cn100.ldpruned_r20.01_kb1000_pvalue_jitter0_0.R_none.png
    wildcards: analysis=gfaseed1_cn100.ldpruned_r20.01_kb1000_pvalue_jitter0_0.R_none
    resources: mem_mb=1000, mem_mib=954, disk_mb=1000, disk_mib=954, tmpdir=<TBD>

Submitted job 146 with external jobid 'Submitted batch job 16431298'.
[Thu Oct 31 10:01:34 2024]
Error in rule plot_metab:
    jobid: 147
    input: ../../results/applied_analysis/gfa_results/metab_gfa_gfaseed1_cn100.ldpruned_r20.01_kb1000_pvalue_jitter0_0.R_pt0.05.final.RDS
    output: ../../results/applied_analysis/plots/metab_plot.gfaseed1_cn100.ldpruned_r20.01_kb1000_pvalue_jitter0_0.R_pt0.05.png, ../../results/applied_analysis/gfa_results/metab_pveci_gfaseed1_cn100.ldpruned_r20.01_kb1000_pvalue_jitter0_0.R_pt0.05.RDS
    cluster_jobid: Submitted batch job 16431296

Error executing rule plot_metab on cluster (jobid: 147, external: Submitted batch job 16431296, jobscript: /gpfs/accounts/jvmorr_root/jvmorr0/jvmorr/GFA_analysis/gfa_manuscript/code/revision_applied/.snakemake/tmp.vpmlb8nj/snakejob.plot_metab.147.sh). For error details see the cluster log and the log files of the involved rule(s).
[Thu Oct 31 10:01:34 2024]
Error in rule plot_metab:
    jobid: 145
    input: ../../results/applied_analysis/gfa_results/metab_gfa_gfaseed1_cn100.ldpruned_r20.01_kb1000_pvalue_jitter0_0.R_ldsc.final.RDS
    output: ../../results/applied_analysis/plots/metab_plot.gfaseed1_cn100.ldpruned_r20.01_kb1000_pvalue_jitter0_0.R_ldsc.png, ../../results/applied_analysis/gfa_results/metab_pveci_gfaseed1_cn100.ldpruned_r20.01_kb1000_pvalue_jitter0_0.R_ldsc.RDS
    cluster_jobid: Submitted batch job 16431297

Error executing rule plot_metab on cluster (jobid: 145, external: Submitted batch job 16431297, jobscript: /gpfs/accounts/jvmorr_root/jvmorr0/jvmorr/GFA_analysis/gfa_manuscript/code/revision_applied/.snakemake/tmp.vpmlb8nj/snakejob.plot_metab.145.sh). For error details see the cluster log and the log files of the involved rule(s).
[Thu Oct 31 10:01:34 2024]
Error in rule plot_metab:
    jobid: 146
    input: ../../results/applied_analysis/gfa_results/metab_gfa_gfaseed1_cn100.ldpruned_r20.01_kb1000_pvalue_jitter0_0.R_none.final.RDS
    output: ../../results/applied_analysis/plots/metab_plot.gfaseed1_cn100.ldpruned_r20.01_kb1000_pvalue_jitter0_0.R_none.png, ../../results/applied_analysis/gfa_results/metab_pveci_gfaseed1_cn100.ldpruned_r20.01_kb1000_pvalue_jitter0_0.R_none.RDS
    cluster_jobid: Submitted batch job 16431298

Error executing rule plot_metab on cluster (jobid: 146, external: Submitted batch job 16431298, jobscript: /gpfs/accounts/jvmorr_root/jvmorr0/jvmorr/GFA_analysis/gfa_manuscript/code/revision_applied/.snakemake/tmp.vpmlb8nj/snakejob.plot_metab.146.sh). For error details see the cluster log and the log files of the involved rule(s).
Exiting because a job execution failed. Look above for error message
Complete log: .snakemake/log/2024-10-31T100052.096469.snakemake.log
