Building DAG of jobs...
Using shell: /usr/bin/bash
Provided cluster nodes: 96
Job stats:
job                   count
------------------  -------
R_ldsc_gls                2
all                       1
gls_loadings_chrom       44
plot_bc                   1
topsnps_fctgls           22
total                    70

Select jobs to execute...

[Thu Oct  3 19:42:43 2024]
rule gls_loadings_chrom:
    input: ../../data/gfa_intermediate_data/bc_zmat.16.RDS, ../../results/applied_analysis/gfa_results/bc_gfa_gfaseed1_cn100.ldpruned_r20.01_kb1000_pvalue_jitter0_0.R_ldsc.final.RDS, ../../data/gfa_intermediate_data/bc_R_estimate.R_ldsc.RDS
    output: ../../results/applied_analysis/gfa_results/bc_gls_loadings.gfaseed1_cn100.ldpruned_r20.01_kb1000_pvalue_jitter0_0.R_ldsc.16.RDS
    jobid: 106
    reason: Missing output files: ../../results/applied_analysis/gfa_results/bc_gls_loadings.gfaseed1_cn100.ldpruned_r20.01_kb1000_pvalue_jitter0_0.R_ldsc.16.RDS
    wildcards: prefix=bc, fs=1_cn100, ldstring=r20.01_kb1000_pvalue_jitter0_0, Rstring=ldsc, chrom=16
    resources: mem_mb=1000, mem_mib=954, disk_mb=1000, disk_mib=954, tmpdir=<TBD>

Submitted job 106 with external jobid 'Submitted batch job 14980407'.

[Thu Oct  3 19:42:43 2024]
rule gls_loadings_chrom:
    input: ../../data/gfa_intermediate_data/metab_zmat.20.RDS, ../../results/applied_analysis/gfa_results/metab_gfa_gfaseed1_cn100.ldpruned_r20.01_kb1000_pvalue_jitter0_0.R_ldsc.final.RDS, ../../data/gfa_intermediate_data/metab_R_estimate.R_ldsc.RDS
    output: ../../results/applied_analysis/gfa_results/metab_gls_loadings.gfaseed1_cn100.ldpruned_r20.01_kb1000_pvalue_jitter0_0.R_ldsc.20.RDS
    jobid: 178
    reason: Missing output files: ../../results/applied_analysis/gfa_results/metab_gls_loadings.gfaseed1_cn100.ldpruned_r20.01_kb1000_pvalue_jitter0_0.R_ldsc.20.RDS
    wildcards: prefix=metab, fs=1_cn100, ldstring=r20.01_kb1000_pvalue_jitter0_0, Rstring=ldsc, chrom=20
    resources: mem_mb=1000, mem_mib=954, disk_mb=1000, disk_mib=954, tmpdir=<TBD>

Submitted job 178 with external jobid 'Submitted batch job 14980408'.

[Thu Oct  3 19:42:43 2024]
rule gls_loadings_chrom:
    input: ../../data/gfa_intermediate_data/bc_zmat.15.RDS, ../../results/applied_analysis/gfa_results/bc_gfa_gfaseed1_cn100.ldpruned_r20.01_kb1000_pvalue_jitter0_0.R_ldsc.final.RDS, ../../data/gfa_intermediate_data/bc_R_estimate.R_ldsc.RDS
    output: ../../results/applied_analysis/gfa_results/bc_gls_loadings.gfaseed1_cn100.ldpruned_r20.01_kb1000_pvalue_jitter0_0.R_ldsc.15.RDS
    jobid: 105
    reason: Missing output files: ../../results/applied_analysis/gfa_results/bc_gls_loadings.gfaseed1_cn100.ldpruned_r20.01_kb1000_pvalue_jitter0_0.R_ldsc.15.RDS
    wildcards: prefix=bc, fs=1_cn100, ldstring=r20.01_kb1000_pvalue_jitter0_0, Rstring=ldsc, chrom=15
    resources: mem_mb=1000, mem_mib=954, disk_mb=1000, disk_mib=954, tmpdir=<TBD>

Submitted job 105 with external jobid 'Submitted batch job 14980409'.

[Thu Oct  3 19:42:43 2024]
rule gls_loadings_chrom:
    input: ../../data/gfa_intermediate_data/bc_zmat.10.RDS, ../../results/applied_analysis/gfa_results/bc_gfa_gfaseed1_cn100.ldpruned_r20.01_kb1000_pvalue_jitter0_0.R_ldsc.final.RDS, ../../data/gfa_intermediate_data/bc_R_estimate.R_ldsc.RDS
    output: ../../results/applied_analysis/gfa_results/bc_gls_loadings.gfaseed1_cn100.ldpruned_r20.01_kb1000_pvalue_jitter0_0.R_ldsc.10.RDS
    jobid: 100
    reason: Missing output files: ../../results/applied_analysis/gfa_results/bc_gls_loadings.gfaseed1_cn100.ldpruned_r20.01_kb1000_pvalue_jitter0_0.R_ldsc.10.RDS
    wildcards: prefix=bc, fs=1_cn100, ldstring=r20.01_kb1000_pvalue_jitter0_0, Rstring=ldsc, chrom=10
    resources: mem_mb=1000, mem_mib=954, disk_mb=1000, disk_mib=954, tmpdir=<TBD>

Submitted job 100 with external jobid 'Submitted batch job 14980410'.

[Thu Oct  3 19:42:43 2024]
rule gls_loadings_chrom:
    input: ../../data/gfa_intermediate_data/metab_zmat.8.RDS, ../../results/applied_analysis/gfa_results/metab_gfa_gfaseed1_cn100.ldpruned_r20.01_kb1000_pvalue_jitter0_0.R_ldsc.final.RDS, ../../data/gfa_intermediate_data/metab_R_estimate.R_ldsc.RDS
    output: ../../results/applied_analysis/gfa_results/metab_gls_loadings.gfaseed1_cn100.ldpruned_r20.01_kb1000_pvalue_jitter0_0.R_ldsc.8.RDS
    jobid: 166
    reason: Missing output files: ../../results/applied_analysis/gfa_results/metab_gls_loadings.gfaseed1_cn100.ldpruned_r20.01_kb1000_pvalue_jitter0_0.R_ldsc.8.RDS
    wildcards: prefix=metab, fs=1_cn100, ldstring=r20.01_kb1000_pvalue_jitter0_0, Rstring=ldsc, chrom=8
    resources: mem_mb=1000, mem_mib=954, disk_mb=1000, disk_mib=954, tmpdir=<TBD>

Submitted job 166 with external jobid 'Submitted batch job 14980411'.

[Thu Oct  3 19:42:43 2024]
rule gls_loadings_chrom:
    input: ../../data/gfa_intermediate_data/metab_zmat.11.RDS, ../../results/applied_analysis/gfa_results/metab_gfa_gfaseed1_cn100.ldpruned_r20.01_kb1000_pvalue_jitter0_0.R_ldsc.final.RDS, ../../data/gfa_intermediate_data/metab_R_estimate.R_ldsc.RDS
    output: ../../results/applied_analysis/gfa_results/metab_gls_loadings.gfaseed1_cn100.ldpruned_r20.01_kb1000_pvalue_jitter0_0.R_ldsc.11.RDS
    jobid: 169
    reason: Missing output files: ../../results/applied_analysis/gfa_results/metab_gls_loadings.gfaseed1_cn100.ldpruned_r20.01_kb1000_pvalue_jitter0_0.R_ldsc.11.RDS
    wildcards: prefix=metab, fs=1_cn100, ldstring=r20.01_kb1000_pvalue_jitter0_0, Rstring=ldsc, chrom=11
    resources: mem_mb=1000, mem_mib=954, disk_mb=1000, disk_mib=954, tmpdir=<TBD>

Submitted job 169 with external jobid 'Submitted batch job 14980412'.

[Thu Oct  3 19:42:43 2024]
rule gls_loadings_chrom:
    input: ../../data/gfa_intermediate_data/bc_zmat.14.RDS, ../../results/applied_analysis/gfa_results/bc_gfa_gfaseed1_cn100.ldpruned_r20.01_kb1000_pvalue_jitter0_0.R_ldsc.final.RDS, ../../data/gfa_intermediate_data/bc_R_estimate.R_ldsc.RDS
    output: ../../results/applied_analysis/gfa_results/bc_gls_loadings.gfaseed1_cn100.ldpruned_r20.01_kb1000_pvalue_jitter0_0.R_ldsc.14.RDS
    jobid: 104
    reason: Missing output files: ../../results/applied_analysis/gfa_results/bc_gls_loadings.gfaseed1_cn100.ldpruned_r20.01_kb1000_pvalue_jitter0_0.R_ldsc.14.RDS
    wildcards: prefix=bc, fs=1_cn100, ldstring=r20.01_kb1000_pvalue_jitter0_0, Rstring=ldsc, chrom=14
    resources: mem_mb=1000, mem_mib=954, disk_mb=1000, disk_mib=954, tmpdir=<TBD>

Submitted job 104 with external jobid 'Submitted batch job 14980413'.

[Thu Oct  3 19:42:43 2024]
rule gls_loadings_chrom:
    input: ../../data/gfa_intermediate_data/metab_zmat.18.RDS, ../../results/applied_analysis/gfa_results/metab_gfa_gfaseed1_cn100.ldpruned_r20.01_kb1000_pvalue_jitter0_0.R_ldsc.final.RDS, ../../data/gfa_intermediate_data/metab_R_estimate.R_ldsc.RDS
    output: ../../results/applied_analysis/gfa_results/metab_gls_loadings.gfaseed1_cn100.ldpruned_r20.01_kb1000_pvalue_jitter0_0.R_ldsc.18.RDS
    jobid: 176
    reason: Missing output files: ../../results/applied_analysis/gfa_results/metab_gls_loadings.gfaseed1_cn100.ldpruned_r20.01_kb1000_pvalue_jitter0_0.R_ldsc.18.RDS
    wildcards: prefix=metab, fs=1_cn100, ldstring=r20.01_kb1000_pvalue_jitter0_0, Rstring=ldsc, chrom=18
    resources: mem_mb=1000, mem_mib=954, disk_mb=1000, disk_mib=954, tmpdir=<TBD>

Submitted job 176 with external jobid 'Submitted batch job 14980414'.

[Thu Oct  3 19:42:43 2024]
rule gls_loadings_chrom:
    input: ../../data/gfa_intermediate_data/bc_zmat.9.RDS, ../../results/applied_analysis/gfa_results/bc_gfa_gfaseed1_cn100.ldpruned_r20.01_kb1000_pvalue_jitter0_0.R_ldsc.final.RDS, ../../data/gfa_intermediate_data/bc_R_estimate.R_ldsc.RDS
    output: ../../results/applied_analysis/gfa_results/bc_gls_loadings.gfaseed1_cn100.ldpruned_r20.01_kb1000_pvalue_jitter0_0.R_ldsc.9.RDS
    jobid: 99
    reason: Missing output files: ../../results/applied_analysis/gfa_results/bc_gls_loadings.gfaseed1_cn100.ldpruned_r20.01_kb1000_pvalue_jitter0_0.R_ldsc.9.RDS
    wildcards: prefix=bc, fs=1_cn100, ldstring=r20.01_kb1000_pvalue_jitter0_0, Rstring=ldsc, chrom=9
    resources: mem_mb=1000, mem_mib=954, disk_mb=1000, disk_mib=954, tmpdir=<TBD>

Submitted job 99 with external jobid 'Submitted batch job 14980415'.

[Thu Oct  3 19:42:43 2024]
rule gls_loadings_chrom:
    input: ../../data/gfa_intermediate_data/metab_zmat.4.RDS, ../../results/applied_analysis/gfa_results/metab_gfa_gfaseed1_cn100.ldpruned_r20.01_kb1000_pvalue_jitter0_0.R_ldsc.final.RDS, ../../data/gfa_intermediate_data/metab_R_estimate.R_ldsc.RDS
    output: ../../results/applied_analysis/gfa_results/metab_gls_loadings.gfaseed1_cn100.ldpruned_r20.01_kb1000_pvalue_jitter0_0.R_ldsc.4.RDS
    jobid: 162
    reason: Missing output files: ../../results/applied_analysis/gfa_results/metab_gls_loadings.gfaseed1_cn100.ldpruned_r20.01_kb1000_pvalue_jitter0_0.R_ldsc.4.RDS
    wildcards: prefix=metab, fs=1_cn100, ldstring=r20.01_kb1000_pvalue_jitter0_0, Rstring=ldsc, chrom=4
    resources: mem_mb=1000, mem_mib=954, disk_mb=1000, disk_mib=954, tmpdir=<TBD>

Submitted job 162 with external jobid 'Submitted batch job 14980416'.

[Thu Oct  3 19:42:43 2024]
rule gls_loadings_chrom:
    input: ../../data/gfa_intermediate_data/bc_zmat.7.RDS, ../../results/applied_analysis/gfa_results/bc_gfa_gfaseed1_cn100.ldpruned_r20.01_kb1000_pvalue_jitter0_0.R_ldsc.final.RDS, ../../data/gfa_intermediate_data/bc_R_estimate.R_ldsc.RDS
    output: ../../results/applied_analysis/gfa_results/bc_gls_loadings.gfaseed1_cn100.ldpruned_r20.01_kb1000_pvalue_jitter0_0.R_ldsc.7.RDS
    jobid: 97
    reason: Missing output files: ../../results/applied_analysis/gfa_results/bc_gls_loadings.gfaseed1_cn100.ldpruned_r20.01_kb1000_pvalue_jitter0_0.R_ldsc.7.RDS
    wildcards: prefix=bc, fs=1_cn100, ldstring=r20.01_kb1000_pvalue_jitter0_0, Rstring=ldsc, chrom=7
    resources: mem_mb=1000, mem_mib=954, disk_mb=1000, disk_mib=954, tmpdir=<TBD>

Submitted job 97 with external jobid 'Submitted batch job 14980417'.

[Thu Oct  3 19:42:43 2024]
rule gls_loadings_chrom:
    input: ../../data/gfa_intermediate_data/metab_zmat.16.RDS, ../../results/applied_analysis/gfa_results/metab_gfa_gfaseed1_cn100.ldpruned_r20.01_kb1000_pvalue_jitter0_0.R_ldsc.final.RDS, ../../data/gfa_intermediate_data/metab_R_estimate.R_ldsc.RDS
    output: ../../results/applied_analysis/gfa_results/metab_gls_loadings.gfaseed1_cn100.ldpruned_r20.01_kb1000_pvalue_jitter0_0.R_ldsc.16.RDS
    jobid: 174
    reason: Missing output files: ../../results/applied_analysis/gfa_results/metab_gls_loadings.gfaseed1_cn100.ldpruned_r20.01_kb1000_pvalue_jitter0_0.R_ldsc.16.RDS
    wildcards: prefix=metab, fs=1_cn100, ldstring=r20.01_kb1000_pvalue_jitter0_0, Rstring=ldsc, chrom=16
    resources: mem_mb=1000, mem_mib=954, disk_mb=1000, disk_mib=954, tmpdir=<TBD>

Submitted job 174 with external jobid 'Submitted batch job 14980419'.

[Thu Oct  3 19:42:43 2024]
rule gls_loadings_chrom:
    input: ../../data/gfa_intermediate_data/metab_zmat.19.RDS, ../../results/applied_analysis/gfa_results/metab_gfa_gfaseed1_cn100.ldpruned_r20.01_kb1000_pvalue_jitter0_0.R_ldsc.final.RDS, ../../data/gfa_intermediate_data/metab_R_estimate.R_ldsc.RDS
    output: ../../results/applied_analysis/gfa_results/metab_gls_loadings.gfaseed1_cn100.ldpruned_r20.01_kb1000_pvalue_jitter0_0.R_ldsc.19.RDS
    jobid: 177
    reason: Missing output files: ../../results/applied_analysis/gfa_results/metab_gls_loadings.gfaseed1_cn100.ldpruned_r20.01_kb1000_pvalue_jitter0_0.R_ldsc.19.RDS
    wildcards: prefix=metab, fs=1_cn100, ldstring=r20.01_kb1000_pvalue_jitter0_0, Rstring=ldsc, chrom=19
    resources: mem_mb=1000, mem_mib=954, disk_mb=1000, disk_mib=954, tmpdir=<TBD>

Submitted job 177 with external jobid 'Submitted batch job 14980420'.

[Thu Oct  3 19:42:43 2024]
rule gls_loadings_chrom:
    input: ../../data/gfa_intermediate_data/metab_zmat.12.RDS, ../../results/applied_analysis/gfa_results/metab_gfa_gfaseed1_cn100.ldpruned_r20.01_kb1000_pvalue_jitter0_0.R_ldsc.final.RDS, ../../data/gfa_intermediate_data/metab_R_estimate.R_ldsc.RDS
    output: ../../results/applied_analysis/gfa_results/metab_gls_loadings.gfaseed1_cn100.ldpruned_r20.01_kb1000_pvalue_jitter0_0.R_ldsc.12.RDS
    jobid: 170
    reason: Missing output files: ../../results/applied_analysis/gfa_results/metab_gls_loadings.gfaseed1_cn100.ldpruned_r20.01_kb1000_pvalue_jitter0_0.R_ldsc.12.RDS
    wildcards: prefix=metab, fs=1_cn100, ldstring=r20.01_kb1000_pvalue_jitter0_0, Rstring=ldsc, chrom=12
    resources: mem_mb=1000, mem_mib=954, disk_mb=1000, disk_mib=954, tmpdir=<TBD>

Submitted job 170 with external jobid 'Submitted batch job 14980421'.

[Thu Oct  3 19:42:43 2024]
rule gls_loadings_chrom:
    input: ../../data/gfa_intermediate_data/bc_zmat.6.RDS, ../../results/applied_analysis/gfa_results/bc_gfa_gfaseed1_cn100.ldpruned_r20.01_kb1000_pvalue_jitter0_0.R_ldsc.final.RDS, ../../data/gfa_intermediate_data/bc_R_estimate.R_ldsc.RDS
    output: ../../results/applied_analysis/gfa_results/bc_gls_loadings.gfaseed1_cn100.ldpruned_r20.01_kb1000_pvalue_jitter0_0.R_ldsc.6.RDS
    jobid: 96
    reason: Missing output files: ../../results/applied_analysis/gfa_results/bc_gls_loadings.gfaseed1_cn100.ldpruned_r20.01_kb1000_pvalue_jitter0_0.R_ldsc.6.RDS
    wildcards: prefix=bc, fs=1_cn100, ldstring=r20.01_kb1000_pvalue_jitter0_0, Rstring=ldsc, chrom=6
    resources: mem_mb=1000, mem_mib=954, disk_mb=1000, disk_mib=954, tmpdir=<TBD>

Submitted job 96 with external jobid 'Submitted batch job 14980423'.

[Thu Oct  3 19:42:43 2024]
rule gls_loadings_chrom:
    input: ../../data/gfa_intermediate_data/bc_zmat.8.RDS, ../../results/applied_analysis/gfa_results/bc_gfa_gfaseed1_cn100.ldpruned_r20.01_kb1000_pvalue_jitter0_0.R_ldsc.final.RDS, ../../data/gfa_intermediate_data/bc_R_estimate.R_ldsc.RDS
    output: ../../results/applied_analysis/gfa_results/bc_gls_loadings.gfaseed1_cn100.ldpruned_r20.01_kb1000_pvalue_jitter0_0.R_ldsc.8.RDS
    jobid: 98
    reason: Missing output files: ../../results/applied_analysis/gfa_results/bc_gls_loadings.gfaseed1_cn100.ldpruned_r20.01_kb1000_pvalue_jitter0_0.R_ldsc.8.RDS
    wildcards: prefix=bc, fs=1_cn100, ldstring=r20.01_kb1000_pvalue_jitter0_0, Rstring=ldsc, chrom=8
    resources: mem_mb=1000, mem_mib=954, disk_mb=1000, disk_mib=954, tmpdir=<TBD>

Submitted job 98 with external jobid 'Submitted batch job 14980424'.

[Thu Oct  3 19:42:43 2024]
rule gls_loadings_chrom:
    input: ../../data/gfa_intermediate_data/metab_zmat.1.RDS, ../../results/applied_analysis/gfa_results/metab_gfa_gfaseed1_cn100.ldpruned_r20.01_kb1000_pvalue_jitter0_0.R_ldsc.final.RDS, ../../data/gfa_intermediate_data/metab_R_estimate.R_ldsc.RDS
    output: ../../results/applied_analysis/gfa_results/metab_gls_loadings.gfaseed1_cn100.ldpruned_r20.01_kb1000_pvalue_jitter0_0.R_ldsc.1.RDS
    jobid: 136
    reason: Missing output files: ../../results/applied_analysis/gfa_results/metab_gls_loadings.gfaseed1_cn100.ldpruned_r20.01_kb1000_pvalue_jitter0_0.R_ldsc.1.RDS
    wildcards: prefix=metab, fs=1_cn100, ldstring=r20.01_kb1000_pvalue_jitter0_0, Rstring=ldsc, chrom=1
    resources: mem_mb=1000, mem_mib=954, disk_mb=1000, disk_mib=954, tmpdir=<TBD>

Submitted job 136 with external jobid 'Submitted batch job 14980425'.

[Thu Oct  3 19:42:43 2024]
rule gls_loadings_chrom:
    input: ../../data/gfa_intermediate_data/bc_zmat.12.RDS, ../../results/applied_analysis/gfa_results/bc_gfa_gfaseed1_cn100.ldpruned_r20.01_kb1000_pvalue_jitter0_0.R_ldsc.final.RDS, ../../data/gfa_intermediate_data/bc_R_estimate.R_ldsc.RDS
    output: ../../results/applied_analysis/gfa_results/bc_gls_loadings.gfaseed1_cn100.ldpruned_r20.01_kb1000_pvalue_jitter0_0.R_ldsc.12.RDS
    jobid: 102
    reason: Missing output files: ../../results/applied_analysis/gfa_results/bc_gls_loadings.gfaseed1_cn100.ldpruned_r20.01_kb1000_pvalue_jitter0_0.R_ldsc.12.RDS
    wildcards: prefix=bc, fs=1_cn100, ldstring=r20.01_kb1000_pvalue_jitter0_0, Rstring=ldsc, chrom=12
    resources: mem_mb=1000, mem_mib=954, disk_mb=1000, disk_mib=954, tmpdir=<TBD>

Submitted job 102 with external jobid 'Submitted batch job 14980427'.

[Thu Oct  3 19:42:43 2024]
rule gls_loadings_chrom:
    input: ../../data/gfa_intermediate_data/bc_zmat.19.RDS, ../../results/applied_analysis/gfa_results/bc_gfa_gfaseed1_cn100.ldpruned_r20.01_kb1000_pvalue_jitter0_0.R_ldsc.final.RDS, ../../data/gfa_intermediate_data/bc_R_estimate.R_ldsc.RDS
    output: ../../results/applied_analysis/gfa_results/bc_gls_loadings.gfaseed1_cn100.ldpruned_r20.01_kb1000_pvalue_jitter0_0.R_ldsc.19.RDS
    jobid: 109
    reason: Missing output files: ../../results/applied_analysis/gfa_results/bc_gls_loadings.gfaseed1_cn100.ldpruned_r20.01_kb1000_pvalue_jitter0_0.R_ldsc.19.RDS
    wildcards: prefix=bc, fs=1_cn100, ldstring=r20.01_kb1000_pvalue_jitter0_0, Rstring=ldsc, chrom=19
    resources: mem_mb=1000, mem_mib=954, disk_mb=1000, disk_mib=954, tmpdir=<TBD>

Submitted job 109 with external jobid 'Submitted batch job 14980428'.

[Thu Oct  3 19:42:43 2024]
rule gls_loadings_chrom:
    input: ../../data/gfa_intermediate_data/bc_zmat.1.RDS, ../../results/applied_analysis/gfa_results/bc_gfa_gfaseed1_cn100.ldpruned_r20.01_kb1000_pvalue_jitter0_0.R_ldsc.final.RDS, ../../data/gfa_intermediate_data/bc_R_estimate.R_ldsc.RDS
    output: ../../results/applied_analysis/gfa_results/bc_gls_loadings.gfaseed1_cn100.ldpruned_r20.01_kb1000_pvalue_jitter0_0.R_ldsc.1.RDS
    jobid: 68
    reason: Missing output files: ../../results/applied_analysis/gfa_results/bc_gls_loadings.gfaseed1_cn100.ldpruned_r20.01_kb1000_pvalue_jitter0_0.R_ldsc.1.RDS
    wildcards: prefix=bc, fs=1_cn100, ldstring=r20.01_kb1000_pvalue_jitter0_0, Rstring=ldsc, chrom=1
    resources: mem_mb=1000, mem_mib=954, disk_mb=1000, disk_mib=954, tmpdir=<TBD>

Submitted job 68 with external jobid 'Submitted batch job 14980429'.

[Thu Oct  3 19:42:43 2024]
rule gls_loadings_chrom:
    input: ../../data/gfa_intermediate_data/metab_zmat.10.RDS, ../../results/applied_analysis/gfa_results/metab_gfa_gfaseed1_cn100.ldpruned_r20.01_kb1000_pvalue_jitter0_0.R_ldsc.final.RDS, ../../data/gfa_intermediate_data/metab_R_estimate.R_ldsc.RDS
    output: ../../results/applied_analysis/gfa_results/metab_gls_loadings.gfaseed1_cn100.ldpruned_r20.01_kb1000_pvalue_jitter0_0.R_ldsc.10.RDS
    jobid: 168
    reason: Missing output files: ../../results/applied_analysis/gfa_results/metab_gls_loadings.gfaseed1_cn100.ldpruned_r20.01_kb1000_pvalue_jitter0_0.R_ldsc.10.RDS
    wildcards: prefix=metab, fs=1_cn100, ldstring=r20.01_kb1000_pvalue_jitter0_0, Rstring=ldsc, chrom=10
    resources: mem_mb=1000, mem_mib=954, disk_mb=1000, disk_mib=954, tmpdir=<TBD>

Submitted job 168 with external jobid 'Submitted batch job 14980430'.

[Thu Oct  3 19:42:43 2024]
rule gls_loadings_chrom:
    input: ../../data/gfa_intermediate_data/metab_zmat.15.RDS, ../../results/applied_analysis/gfa_results/metab_gfa_gfaseed1_cn100.ldpruned_r20.01_kb1000_pvalue_jitter0_0.R_ldsc.final.RDS, ../../data/gfa_intermediate_data/metab_R_estimate.R_ldsc.RDS
    output: ../../results/applied_analysis/gfa_results/metab_gls_loadings.gfaseed1_cn100.ldpruned_r20.01_kb1000_pvalue_jitter0_0.R_ldsc.15.RDS
    jobid: 173
    reason: Missing output files: ../../results/applied_analysis/gfa_results/metab_gls_loadings.gfaseed1_cn100.ldpruned_r20.01_kb1000_pvalue_jitter0_0.R_ldsc.15.RDS
    wildcards: prefix=metab, fs=1_cn100, ldstring=r20.01_kb1000_pvalue_jitter0_0, Rstring=ldsc, chrom=15
    resources: mem_mb=1000, mem_mib=954, disk_mb=1000, disk_mib=954, tmpdir=<TBD>

Submitted job 173 with external jobid 'Submitted batch job 14980432'.

[Thu Oct  3 19:42:43 2024]
rule gls_loadings_chrom:
    input: ../../data/gfa_intermediate_data/bc_zmat.22.RDS, ../../results/applied_analysis/gfa_results/bc_gfa_gfaseed1_cn100.ldpruned_r20.01_kb1000_pvalue_jitter0_0.R_ldsc.final.RDS, ../../data/gfa_intermediate_data/bc_R_estimate.R_ldsc.RDS
    output: ../../results/applied_analysis/gfa_results/bc_gls_loadings.gfaseed1_cn100.ldpruned_r20.01_kb1000_pvalue_jitter0_0.R_ldsc.22.RDS
    jobid: 112
    reason: Missing output files: ../../results/applied_analysis/gfa_results/bc_gls_loadings.gfaseed1_cn100.ldpruned_r20.01_kb1000_pvalue_jitter0_0.R_ldsc.22.RDS
    wildcards: prefix=bc, fs=1_cn100, ldstring=r20.01_kb1000_pvalue_jitter0_0, Rstring=ldsc, chrom=22
    resources: mem_mb=1000, mem_mib=954, disk_mb=1000, disk_mib=954, tmpdir=<TBD>

Submitted job 112 with external jobid 'Submitted batch job 14980433'.

[Thu Oct  3 19:42:43 2024]
rule gls_loadings_chrom:
    input: ../../data/gfa_intermediate_data/bc_zmat.18.RDS, ../../results/applied_analysis/gfa_results/bc_gfa_gfaseed1_cn100.ldpruned_r20.01_kb1000_pvalue_jitter0_0.R_ldsc.final.RDS, ../../data/gfa_intermediate_data/bc_R_estimate.R_ldsc.RDS
    output: ../../results/applied_analysis/gfa_results/bc_gls_loadings.gfaseed1_cn100.ldpruned_r20.01_kb1000_pvalue_jitter0_0.R_ldsc.18.RDS
    jobid: 108
    reason: Missing output files: ../../results/applied_analysis/gfa_results/bc_gls_loadings.gfaseed1_cn100.ldpruned_r20.01_kb1000_pvalue_jitter0_0.R_ldsc.18.RDS
    wildcards: prefix=bc, fs=1_cn100, ldstring=r20.01_kb1000_pvalue_jitter0_0, Rstring=ldsc, chrom=18
    resources: mem_mb=1000, mem_mib=954, disk_mb=1000, disk_mib=954, tmpdir=<TBD>

Submitted job 108 with external jobid 'Submitted batch job 14980434'.

[Thu Oct  3 19:42:43 2024]
rule gls_loadings_chrom:
    input: ../../data/gfa_intermediate_data/bc_zmat.5.RDS, ../../results/applied_analysis/gfa_results/bc_gfa_gfaseed1_cn100.ldpruned_r20.01_kb1000_pvalue_jitter0_0.R_ldsc.final.RDS, ../../data/gfa_intermediate_data/bc_R_estimate.R_ldsc.RDS
    output: ../../results/applied_analysis/gfa_results/bc_gls_loadings.gfaseed1_cn100.ldpruned_r20.01_kb1000_pvalue_jitter0_0.R_ldsc.5.RDS
    jobid: 95
    reason: Missing output files: ../../results/applied_analysis/gfa_results/bc_gls_loadings.gfaseed1_cn100.ldpruned_r20.01_kb1000_pvalue_jitter0_0.R_ldsc.5.RDS
    wildcards: prefix=bc, fs=1_cn100, ldstring=r20.01_kb1000_pvalue_jitter0_0, Rstring=ldsc, chrom=5
    resources: mem_mb=1000, mem_mib=954, disk_mb=1000, disk_mib=954, tmpdir=<TBD>

Submitted job 95 with external jobid 'Submitted batch job 14980435'.

[Thu Oct  3 19:42:44 2024]
rule gls_loadings_chrom:
    input: ../../data/gfa_intermediate_data/bc_zmat.4.RDS, ../../results/applied_analysis/gfa_results/bc_gfa_gfaseed1_cn100.ldpruned_r20.01_kb1000_pvalue_jitter0_0.R_ldsc.final.RDS, ../../data/gfa_intermediate_data/bc_R_estimate.R_ldsc.RDS
    output: ../../results/applied_analysis/gfa_results/bc_gls_loadings.gfaseed1_cn100.ldpruned_r20.01_kb1000_pvalue_jitter0_0.R_ldsc.4.RDS
    jobid: 94
    reason: Missing output files: ../../results/applied_analysis/gfa_results/bc_gls_loadings.gfaseed1_cn100.ldpruned_r20.01_kb1000_pvalue_jitter0_0.R_ldsc.4.RDS
    wildcards: prefix=bc, fs=1_cn100, ldstring=r20.01_kb1000_pvalue_jitter0_0, Rstring=ldsc, chrom=4
    resources: mem_mb=1000, mem_mib=954, disk_mb=1000, disk_mib=954, tmpdir=<TBD>

Submitted job 94 with external jobid 'Submitted batch job 14980437'.

[Thu Oct  3 19:42:44 2024]
rule gls_loadings_chrom:
    input: ../../data/gfa_intermediate_data/metab_zmat.2.RDS, ../../results/applied_analysis/gfa_results/metab_gfa_gfaseed1_cn100.ldpruned_r20.01_kb1000_pvalue_jitter0_0.R_ldsc.final.RDS, ../../data/gfa_intermediate_data/metab_R_estimate.R_ldsc.RDS
    output: ../../results/applied_analysis/gfa_results/metab_gls_loadings.gfaseed1_cn100.ldpruned_r20.01_kb1000_pvalue_jitter0_0.R_ldsc.2.RDS
    jobid: 160
    reason: Missing output files: ../../results/applied_analysis/gfa_results/metab_gls_loadings.gfaseed1_cn100.ldpruned_r20.01_kb1000_pvalue_jitter0_0.R_ldsc.2.RDS
    wildcards: prefix=metab, fs=1_cn100, ldstring=r20.01_kb1000_pvalue_jitter0_0, Rstring=ldsc, chrom=2
    resources: mem_mb=1000, mem_mib=954, disk_mb=1000, disk_mib=954, tmpdir=<TBD>

Submitted job 160 with external jobid 'Submitted batch job 14980438'.

[Thu Oct  3 19:42:44 2024]
rule gls_loadings_chrom:
    input: ../../data/gfa_intermediate_data/bc_zmat.21.RDS, ../../results/applied_analysis/gfa_results/bc_gfa_gfaseed1_cn100.ldpruned_r20.01_kb1000_pvalue_jitter0_0.R_ldsc.final.RDS, ../../data/gfa_intermediate_data/bc_R_estimate.R_ldsc.RDS
    output: ../../results/applied_analysis/gfa_results/bc_gls_loadings.gfaseed1_cn100.ldpruned_r20.01_kb1000_pvalue_jitter0_0.R_ldsc.21.RDS
    jobid: 111
    reason: Missing output files: ../../results/applied_analysis/gfa_results/bc_gls_loadings.gfaseed1_cn100.ldpruned_r20.01_kb1000_pvalue_jitter0_0.R_ldsc.21.RDS
    wildcards: prefix=bc, fs=1_cn100, ldstring=r20.01_kb1000_pvalue_jitter0_0, Rstring=ldsc, chrom=21
    resources: mem_mb=1000, mem_mib=954, disk_mb=1000, disk_mib=954, tmpdir=<TBD>

Submitted job 111 with external jobid 'Submitted batch job 14980440'.

[Thu Oct  3 19:42:44 2024]
rule gls_loadings_chrom:
    input: ../../data/gfa_intermediate_data/metab_zmat.22.RDS, ../../results/applied_analysis/gfa_results/metab_gfa_gfaseed1_cn100.ldpruned_r20.01_kb1000_pvalue_jitter0_0.R_ldsc.final.RDS, ../../data/gfa_intermediate_data/metab_R_estimate.R_ldsc.RDS
    output: ../../results/applied_analysis/gfa_results/metab_gls_loadings.gfaseed1_cn100.ldpruned_r20.01_kb1000_pvalue_jitter0_0.R_ldsc.22.RDS
    jobid: 180
    reason: Missing output files: ../../results/applied_analysis/gfa_results/metab_gls_loadings.gfaseed1_cn100.ldpruned_r20.01_kb1000_pvalue_jitter0_0.R_ldsc.22.RDS
    wildcards: prefix=metab, fs=1_cn100, ldstring=r20.01_kb1000_pvalue_jitter0_0, Rstring=ldsc, chrom=22
    resources: mem_mb=1000, mem_mib=954, disk_mb=1000, disk_mib=954, tmpdir=<TBD>

Submitted job 180 with external jobid 'Submitted batch job 14980441'.

[Thu Oct  3 19:42:44 2024]
rule gls_loadings_chrom:
    input: ../../data/gfa_intermediate_data/metab_zmat.6.RDS, ../../results/applied_analysis/gfa_results/metab_gfa_gfaseed1_cn100.ldpruned_r20.01_kb1000_pvalue_jitter0_0.R_ldsc.final.RDS, ../../data/gfa_intermediate_data/metab_R_estimate.R_ldsc.RDS
    output: ../../results/applied_analysis/gfa_results/metab_gls_loadings.gfaseed1_cn100.ldpruned_r20.01_kb1000_pvalue_jitter0_0.R_ldsc.6.RDS
    jobid: 164
    reason: Missing output files: ../../results/applied_analysis/gfa_results/metab_gls_loadings.gfaseed1_cn100.ldpruned_r20.01_kb1000_pvalue_jitter0_0.R_ldsc.6.RDS
    wildcards: prefix=metab, fs=1_cn100, ldstring=r20.01_kb1000_pvalue_jitter0_0, Rstring=ldsc, chrom=6
    resources: mem_mb=1000, mem_mib=954, disk_mb=1000, disk_mib=954, tmpdir=<TBD>

Submitted job 164 with external jobid 'Submitted batch job 14980442'.

[Thu Oct  3 19:42:44 2024]
rule gls_loadings_chrom:
    input: ../../data/gfa_intermediate_data/bc_zmat.11.RDS, ../../results/applied_analysis/gfa_results/bc_gfa_gfaseed1_cn100.ldpruned_r20.01_kb1000_pvalue_jitter0_0.R_ldsc.final.RDS, ../../data/gfa_intermediate_data/bc_R_estimate.R_ldsc.RDS
    output: ../../results/applied_analysis/gfa_results/bc_gls_loadings.gfaseed1_cn100.ldpruned_r20.01_kb1000_pvalue_jitter0_0.R_ldsc.11.RDS
    jobid: 101
    reason: Missing output files: ../../results/applied_analysis/gfa_results/bc_gls_loadings.gfaseed1_cn100.ldpruned_r20.01_kb1000_pvalue_jitter0_0.R_ldsc.11.RDS
    wildcards: prefix=bc, fs=1_cn100, ldstring=r20.01_kb1000_pvalue_jitter0_0, Rstring=ldsc, chrom=11
    resources: mem_mb=1000, mem_mib=954, disk_mb=1000, disk_mib=954, tmpdir=<TBD>

Submitted job 101 with external jobid 'Submitted batch job 14980443'.

[Thu Oct  3 19:42:44 2024]
rule gls_loadings_chrom:
    input: ../../data/gfa_intermediate_data/bc_zmat.17.RDS, ../../results/applied_analysis/gfa_results/bc_gfa_gfaseed1_cn100.ldpruned_r20.01_kb1000_pvalue_jitter0_0.R_ldsc.final.RDS, ../../data/gfa_intermediate_data/bc_R_estimate.R_ldsc.RDS
    output: ../../results/applied_analysis/gfa_results/bc_gls_loadings.gfaseed1_cn100.ldpruned_r20.01_kb1000_pvalue_jitter0_0.R_ldsc.17.RDS
    jobid: 107
    reason: Missing output files: ../../results/applied_analysis/gfa_results/bc_gls_loadings.gfaseed1_cn100.ldpruned_r20.01_kb1000_pvalue_jitter0_0.R_ldsc.17.RDS
    wildcards: prefix=bc, fs=1_cn100, ldstring=r20.01_kb1000_pvalue_jitter0_0, Rstring=ldsc, chrom=17
    resources: mem_mb=1000, mem_mib=954, disk_mb=1000, disk_mib=954, tmpdir=<TBD>

Submitted job 107 with external jobid 'Submitted batch job 14980444'.

[Thu Oct  3 19:42:44 2024]
rule gls_loadings_chrom:
    input: ../../data/gfa_intermediate_data/metab_zmat.3.RDS, ../../results/applied_analysis/gfa_results/metab_gfa_gfaseed1_cn100.ldpruned_r20.01_kb1000_pvalue_jitter0_0.R_ldsc.final.RDS, ../../data/gfa_intermediate_data/metab_R_estimate.R_ldsc.RDS
    output: ../../results/applied_analysis/gfa_results/metab_gls_loadings.gfaseed1_cn100.ldpruned_r20.01_kb1000_pvalue_jitter0_0.R_ldsc.3.RDS
    jobid: 161
    reason: Missing output files: ../../results/applied_analysis/gfa_results/metab_gls_loadings.gfaseed1_cn100.ldpruned_r20.01_kb1000_pvalue_jitter0_0.R_ldsc.3.RDS
    wildcards: prefix=metab, fs=1_cn100, ldstring=r20.01_kb1000_pvalue_jitter0_0, Rstring=ldsc, chrom=3
    resources: mem_mb=1000, mem_mib=954, disk_mb=1000, disk_mib=954, tmpdir=<TBD>

Submitted job 161 with external jobid 'Submitted batch job 14980446'.

[Thu Oct  3 19:42:44 2024]
rule gls_loadings_chrom:
    input: ../../data/gfa_intermediate_data/metab_zmat.5.RDS, ../../results/applied_analysis/gfa_results/metab_gfa_gfaseed1_cn100.ldpruned_r20.01_kb1000_pvalue_jitter0_0.R_ldsc.final.RDS, ../../data/gfa_intermediate_data/metab_R_estimate.R_ldsc.RDS
    output: ../../results/applied_analysis/gfa_results/metab_gls_loadings.gfaseed1_cn100.ldpruned_r20.01_kb1000_pvalue_jitter0_0.R_ldsc.5.RDS
    jobid: 163
    reason: Missing output files: ../../results/applied_analysis/gfa_results/metab_gls_loadings.gfaseed1_cn100.ldpruned_r20.01_kb1000_pvalue_jitter0_0.R_ldsc.5.RDS
    wildcards: prefix=metab, fs=1_cn100, ldstring=r20.01_kb1000_pvalue_jitter0_0, Rstring=ldsc, chrom=5
    resources: mem_mb=1000, mem_mib=954, disk_mb=1000, disk_mib=954, tmpdir=<TBD>

Submitted job 163 with external jobid 'Submitted batch job 14980447'.

[Thu Oct  3 19:42:44 2024]
rule gls_loadings_chrom:
    input: ../../data/gfa_intermediate_data/bc_zmat.3.RDS, ../../results/applied_analysis/gfa_results/bc_gfa_gfaseed1_cn100.ldpruned_r20.01_kb1000_pvalue_jitter0_0.R_ldsc.final.RDS, ../../data/gfa_intermediate_data/bc_R_estimate.R_ldsc.RDS
    output: ../../results/applied_analysis/gfa_results/bc_gls_loadings.gfaseed1_cn100.ldpruned_r20.01_kb1000_pvalue_jitter0_0.R_ldsc.3.RDS
    jobid: 93
    reason: Missing output files: ../../results/applied_analysis/gfa_results/bc_gls_loadings.gfaseed1_cn100.ldpruned_r20.01_kb1000_pvalue_jitter0_0.R_ldsc.3.RDS
    wildcards: prefix=bc, fs=1_cn100, ldstring=r20.01_kb1000_pvalue_jitter0_0, Rstring=ldsc, chrom=3
    resources: mem_mb=1000, mem_mib=954, disk_mb=1000, disk_mib=954, tmpdir=<TBD>

Submitted job 93 with external jobid 'Submitted batch job 14980448'.

[Thu Oct  3 19:42:44 2024]
rule gls_loadings_chrom:
    input: ../../data/gfa_intermediate_data/metab_zmat.9.RDS, ../../results/applied_analysis/gfa_results/metab_gfa_gfaseed1_cn100.ldpruned_r20.01_kb1000_pvalue_jitter0_0.R_ldsc.final.RDS, ../../data/gfa_intermediate_data/metab_R_estimate.R_ldsc.RDS
    output: ../../results/applied_analysis/gfa_results/metab_gls_loadings.gfaseed1_cn100.ldpruned_r20.01_kb1000_pvalue_jitter0_0.R_ldsc.9.RDS
    jobid: 167
    reason: Missing output files: ../../results/applied_analysis/gfa_results/metab_gls_loadings.gfaseed1_cn100.ldpruned_r20.01_kb1000_pvalue_jitter0_0.R_ldsc.9.RDS
    wildcards: prefix=metab, fs=1_cn100, ldstring=r20.01_kb1000_pvalue_jitter0_0, Rstring=ldsc, chrom=9
    resources: mem_mb=1000, mem_mib=954, disk_mb=1000, disk_mib=954, tmpdir=<TBD>

Submitted job 167 with external jobid 'Submitted batch job 14980449'.

[Thu Oct  3 19:42:44 2024]
rule gls_loadings_chrom:
    input: ../../data/gfa_intermediate_data/bc_zmat.20.RDS, ../../results/applied_analysis/gfa_results/bc_gfa_gfaseed1_cn100.ldpruned_r20.01_kb1000_pvalue_jitter0_0.R_ldsc.final.RDS, ../../data/gfa_intermediate_data/bc_R_estimate.R_ldsc.RDS
    output: ../../results/applied_analysis/gfa_results/bc_gls_loadings.gfaseed1_cn100.ldpruned_r20.01_kb1000_pvalue_jitter0_0.R_ldsc.20.RDS
    jobid: 110
    reason: Missing output files: ../../results/applied_analysis/gfa_results/bc_gls_loadings.gfaseed1_cn100.ldpruned_r20.01_kb1000_pvalue_jitter0_0.R_ldsc.20.RDS
    wildcards: prefix=bc, fs=1_cn100, ldstring=r20.01_kb1000_pvalue_jitter0_0, Rstring=ldsc, chrom=20
    resources: mem_mb=1000, mem_mib=954, disk_mb=1000, disk_mib=954, tmpdir=<TBD>

Submitted job 110 with external jobid 'Submitted batch job 14980451'.

[Thu Oct  3 19:42:44 2024]
rule gls_loadings_chrom:
    input: ../../data/gfa_intermediate_data/metab_zmat.7.RDS, ../../results/applied_analysis/gfa_results/metab_gfa_gfaseed1_cn100.ldpruned_r20.01_kb1000_pvalue_jitter0_0.R_ldsc.final.RDS, ../../data/gfa_intermediate_data/metab_R_estimate.R_ldsc.RDS
    output: ../../results/applied_analysis/gfa_results/metab_gls_loadings.gfaseed1_cn100.ldpruned_r20.01_kb1000_pvalue_jitter0_0.R_ldsc.7.RDS
    jobid: 165
    reason: Missing output files: ../../results/applied_analysis/gfa_results/metab_gls_loadings.gfaseed1_cn100.ldpruned_r20.01_kb1000_pvalue_jitter0_0.R_ldsc.7.RDS
    wildcards: prefix=metab, fs=1_cn100, ldstring=r20.01_kb1000_pvalue_jitter0_0, Rstring=ldsc, chrom=7
    resources: mem_mb=1000, mem_mib=954, disk_mb=1000, disk_mib=954, tmpdir=<TBD>

Submitted job 165 with external jobid 'Submitted batch job 14980452'.

[Thu Oct  3 19:42:44 2024]
rule gls_loadings_chrom:
    input: ../../data/gfa_intermediate_data/metab_zmat.13.RDS, ../../results/applied_analysis/gfa_results/metab_gfa_gfaseed1_cn100.ldpruned_r20.01_kb1000_pvalue_jitter0_0.R_ldsc.final.RDS, ../../data/gfa_intermediate_data/metab_R_estimate.R_ldsc.RDS
    output: ../../results/applied_analysis/gfa_results/metab_gls_loadings.gfaseed1_cn100.ldpruned_r20.01_kb1000_pvalue_jitter0_0.R_ldsc.13.RDS
    jobid: 171
    reason: Missing output files: ../../results/applied_analysis/gfa_results/metab_gls_loadings.gfaseed1_cn100.ldpruned_r20.01_kb1000_pvalue_jitter0_0.R_ldsc.13.RDS
    wildcards: prefix=metab, fs=1_cn100, ldstring=r20.01_kb1000_pvalue_jitter0_0, Rstring=ldsc, chrom=13
    resources: mem_mb=1000, mem_mib=954, disk_mb=1000, disk_mib=954, tmpdir=<TBD>

Submitted job 171 with external jobid 'Submitted batch job 14980453'.

[Thu Oct  3 19:42:44 2024]
rule gls_loadings_chrom:
    input: ../../data/gfa_intermediate_data/bc_zmat.13.RDS, ../../results/applied_analysis/gfa_results/bc_gfa_gfaseed1_cn100.ldpruned_r20.01_kb1000_pvalue_jitter0_0.R_ldsc.final.RDS, ../../data/gfa_intermediate_data/bc_R_estimate.R_ldsc.RDS
    output: ../../results/applied_analysis/gfa_results/bc_gls_loadings.gfaseed1_cn100.ldpruned_r20.01_kb1000_pvalue_jitter0_0.R_ldsc.13.RDS
    jobid: 103
    reason: Missing output files: ../../results/applied_analysis/gfa_results/bc_gls_loadings.gfaseed1_cn100.ldpruned_r20.01_kb1000_pvalue_jitter0_0.R_ldsc.13.RDS
    wildcards: prefix=bc, fs=1_cn100, ldstring=r20.01_kb1000_pvalue_jitter0_0, Rstring=ldsc, chrom=13
    resources: mem_mb=1000, mem_mib=954, disk_mb=1000, disk_mib=954, tmpdir=<TBD>

Submitted job 103 with external jobid 'Submitted batch job 14980454'.

[Thu Oct  3 19:42:44 2024]
rule gls_loadings_chrom:
    input: ../../data/gfa_intermediate_data/metab_zmat.21.RDS, ../../results/applied_analysis/gfa_results/metab_gfa_gfaseed1_cn100.ldpruned_r20.01_kb1000_pvalue_jitter0_0.R_ldsc.final.RDS, ../../data/gfa_intermediate_data/metab_R_estimate.R_ldsc.RDS
    output: ../../results/applied_analysis/gfa_results/metab_gls_loadings.gfaseed1_cn100.ldpruned_r20.01_kb1000_pvalue_jitter0_0.R_ldsc.21.RDS
    jobid: 179
    reason: Missing output files: ../../results/applied_analysis/gfa_results/metab_gls_loadings.gfaseed1_cn100.ldpruned_r20.01_kb1000_pvalue_jitter0_0.R_ldsc.21.RDS
    wildcards: prefix=metab, fs=1_cn100, ldstring=r20.01_kb1000_pvalue_jitter0_0, Rstring=ldsc, chrom=21
    resources: mem_mb=1000, mem_mib=954, disk_mb=1000, disk_mib=954, tmpdir=<TBD>

Submitted job 179 with external jobid 'Submitted batch job 14980456'.

[Thu Oct  3 19:42:44 2024]
rule gls_loadings_chrom:
    input: ../../data/gfa_intermediate_data/bc_zmat.2.RDS, ../../results/applied_analysis/gfa_results/bc_gfa_gfaseed1_cn100.ldpruned_r20.01_kb1000_pvalue_jitter0_0.R_ldsc.final.RDS, ../../data/gfa_intermediate_data/bc_R_estimate.R_ldsc.RDS
    output: ../../results/applied_analysis/gfa_results/bc_gls_loadings.gfaseed1_cn100.ldpruned_r20.01_kb1000_pvalue_jitter0_0.R_ldsc.2.RDS
    jobid: 92
    reason: Missing output files: ../../results/applied_analysis/gfa_results/bc_gls_loadings.gfaseed1_cn100.ldpruned_r20.01_kb1000_pvalue_jitter0_0.R_ldsc.2.RDS
    wildcards: prefix=bc, fs=1_cn100, ldstring=r20.01_kb1000_pvalue_jitter0_0, Rstring=ldsc, chrom=2
    resources: mem_mb=1012, mem_mib=966, disk_mb=1012, disk_mib=966, tmpdir=<TBD>

Submitted job 92 with external jobid 'Submitted batch job 14980457'.

[Thu Oct  3 19:42:44 2024]
rule gls_loadings_chrom:
    input: ../../data/gfa_intermediate_data/metab_zmat.17.RDS, ../../results/applied_analysis/gfa_results/metab_gfa_gfaseed1_cn100.ldpruned_r20.01_kb1000_pvalue_jitter0_0.R_ldsc.final.RDS, ../../data/gfa_intermediate_data/metab_R_estimate.R_ldsc.RDS
    output: ../../results/applied_analysis/gfa_results/metab_gls_loadings.gfaseed1_cn100.ldpruned_r20.01_kb1000_pvalue_jitter0_0.R_ldsc.17.RDS
    jobid: 175
    reason: Missing output files: ../../results/applied_analysis/gfa_results/metab_gls_loadings.gfaseed1_cn100.ldpruned_r20.01_kb1000_pvalue_jitter0_0.R_ldsc.17.RDS
    wildcards: prefix=metab, fs=1_cn100, ldstring=r20.01_kb1000_pvalue_jitter0_0, Rstring=ldsc, chrom=17
    resources: mem_mb=1000, mem_mib=954, disk_mb=1000, disk_mib=954, tmpdir=<TBD>

Submitted job 175 with external jobid 'Submitted batch job 14980458'.

[Thu Oct  3 19:42:44 2024]
rule gls_loadings_chrom:
    input: ../../data/gfa_intermediate_data/metab_zmat.14.RDS, ../../results/applied_analysis/gfa_results/metab_gfa_gfaseed1_cn100.ldpruned_r20.01_kb1000_pvalue_jitter0_0.R_ldsc.final.RDS, ../../data/gfa_intermediate_data/metab_R_estimate.R_ldsc.RDS
    output: ../../results/applied_analysis/gfa_results/metab_gls_loadings.gfaseed1_cn100.ldpruned_r20.01_kb1000_pvalue_jitter0_0.R_ldsc.14.RDS
    jobid: 172
    reason: Missing output files: ../../results/applied_analysis/gfa_results/metab_gls_loadings.gfaseed1_cn100.ldpruned_r20.01_kb1000_pvalue_jitter0_0.R_ldsc.14.RDS
    wildcards: prefix=metab, fs=1_cn100, ldstring=r20.01_kb1000_pvalue_jitter0_0, Rstring=ldsc, chrom=14
    resources: mem_mb=1000, mem_mib=954, disk_mb=1000, disk_mib=954, tmpdir=<TBD>

Submitted job 172 with external jobid 'Submitted batch job 14980459'.
[Thu Oct  3 19:43:07 2024]
Finished job 178.
1 of 70 steps (1%) done
[Thu Oct  3 19:43:07 2024]
Finished job 105.
2 of 70 steps (3%) done
Select jobs to execute...

[Thu Oct  3 19:43:07 2024]
rule topsnps_fctgls:
    input: ../../results/applied_analysis/gfa_results/bc_gls_loadings.gfaseed1_cn100.ldpruned_r20.01_kb1000_pvalue_jitter0_0.R_ldsc.15.RDS
    output: ../../results/applied_analysis/gfa_results/bc_gls_loadings.gfaseed1_cn100.ldpruned_r20.01_kb1000_pvalue_jitter0_0.R_ldsc.top_snps.15.RDS
    jobid: 127
    reason: Missing output files: ../../results/applied_analysis/gfa_results/bc_gls_loadings.gfaseed1_cn100.ldpruned_r20.01_kb1000_pvalue_jitter0_0.R_ldsc.top_snps.15.RDS; Input files updated by another job: ../../results/applied_analysis/gfa_results/bc_gls_loadings.gfaseed1_cn100.ldpruned_r20.01_kb1000_pvalue_jitter0_0.R_ldsc.15.RDS
    wildcards: prefix=bc, analysis=gfaseed1_cn100.ldpruned_r20.01_kb1000_pvalue_jitter0_0.R_ldsc, chrom=15
    resources: mem_mb=1000, mem_mib=954, disk_mb=1000, disk_mib=954, tmpdir=<TBD>

Submitted job 127 with external jobid 'Submitted batch job 14980467'.
[Thu Oct  3 19:43:07 2024]
Finished job 166.
3 of 70 steps (4%) done
[Thu Oct  3 19:43:07 2024]
Finished job 169.
4 of 70 steps (6%) done
[Thu Oct  3 19:43:07 2024]
Finished job 176.
5 of 70 steps (7%) done
[Thu Oct  3 19:43:07 2024]
Finished job 162.
6 of 70 steps (9%) done
[Thu Oct  3 19:43:08 2024]
Finished job 174.
7 of 70 steps (10%) done
[Thu Oct  3 19:43:08 2024]
Finished job 177.
8 of 70 steps (11%) done
[Thu Oct  3 19:43:08 2024]
Finished job 170.
9 of 70 steps (13%) done
[Thu Oct  3 19:43:08 2024]
Finished job 136.
10 of 70 steps (14%) done
[Thu Oct  3 19:43:08 2024]
Finished job 102.
11 of 70 steps (16%) done
Select jobs to execute...

[Thu Oct  3 19:43:08 2024]
rule topsnps_fctgls:
    input: ../../results/applied_analysis/gfa_results/bc_gls_loadings.gfaseed1_cn100.ldpruned_r20.01_kb1000_pvalue_jitter0_0.R_ldsc.12.RDS
    output: ../../results/applied_analysis/gfa_results/bc_gls_loadings.gfaseed1_cn100.ldpruned_r20.01_kb1000_pvalue_jitter0_0.R_ldsc.top_snps.12.RDS
    jobid: 124
    reason: Missing output files: ../../results/applied_analysis/gfa_results/bc_gls_loadings.gfaseed1_cn100.ldpruned_r20.01_kb1000_pvalue_jitter0_0.R_ldsc.top_snps.12.RDS; Input files updated by another job: ../../results/applied_analysis/gfa_results/bc_gls_loadings.gfaseed1_cn100.ldpruned_r20.01_kb1000_pvalue_jitter0_0.R_ldsc.12.RDS
    wildcards: prefix=bc, analysis=gfaseed1_cn100.ldpruned_r20.01_kb1000_pvalue_jitter0_0.R_ldsc, chrom=12
    resources: mem_mb=1000, mem_mib=954, disk_mb=1000, disk_mib=954, tmpdir=<TBD>

Submitted job 124 with external jobid 'Submitted batch job 14980468'.
[Thu Oct  3 19:43:08 2024]
Finished job 109.
12 of 70 steps (17%) done
Select jobs to execute...

[Thu Oct  3 19:43:08 2024]
rule topsnps_fctgls:
    input: ../../results/applied_analysis/gfa_results/bc_gls_loadings.gfaseed1_cn100.ldpruned_r20.01_kb1000_pvalue_jitter0_0.R_ldsc.19.RDS
    output: ../../results/applied_analysis/gfa_results/bc_gls_loadings.gfaseed1_cn100.ldpruned_r20.01_kb1000_pvalue_jitter0_0.R_ldsc.top_snps.19.RDS
    jobid: 131
    reason: Missing output files: ../../results/applied_analysis/gfa_results/bc_gls_loadings.gfaseed1_cn100.ldpruned_r20.01_kb1000_pvalue_jitter0_0.R_ldsc.top_snps.19.RDS; Input files updated by another job: ../../results/applied_analysis/gfa_results/bc_gls_loadings.gfaseed1_cn100.ldpruned_r20.01_kb1000_pvalue_jitter0_0.R_ldsc.19.RDS
    wildcards: prefix=bc, analysis=gfaseed1_cn100.ldpruned_r20.01_kb1000_pvalue_jitter0_0.R_ldsc, chrom=19
    resources: mem_mb=1000, mem_mib=954, disk_mb=1000, disk_mib=954, tmpdir=<TBD>

Submitted job 131 with external jobid 'Submitted batch job 14980469'.
[Thu Oct  3 19:43:09 2024]
Finished job 168.
13 of 70 steps (19%) done
[Thu Oct  3 19:43:09 2024]
Finished job 173.
14 of 70 steps (20%) done
[Thu Oct  3 19:43:09 2024]
Finished job 112.
15 of 70 steps (21%) done
Select jobs to execute...

[Thu Oct  3 19:43:09 2024]
rule topsnps_fctgls:
    input: ../../results/applied_analysis/gfa_results/bc_gls_loadings.gfaseed1_cn100.ldpruned_r20.01_kb1000_pvalue_jitter0_0.R_ldsc.22.RDS
    output: ../../results/applied_analysis/gfa_results/bc_gls_loadings.gfaseed1_cn100.ldpruned_r20.01_kb1000_pvalue_jitter0_0.R_ldsc.top_snps.22.RDS
    jobid: 134
    reason: Missing output files: ../../results/applied_analysis/gfa_results/bc_gls_loadings.gfaseed1_cn100.ldpruned_r20.01_kb1000_pvalue_jitter0_0.R_ldsc.top_snps.22.RDS; Input files updated by another job: ../../results/applied_analysis/gfa_results/bc_gls_loadings.gfaseed1_cn100.ldpruned_r20.01_kb1000_pvalue_jitter0_0.R_ldsc.22.RDS
    wildcards: prefix=bc, analysis=gfaseed1_cn100.ldpruned_r20.01_kb1000_pvalue_jitter0_0.R_ldsc, chrom=22
    resources: mem_mb=1000, mem_mib=954, disk_mb=1000, disk_mib=954, tmpdir=<TBD>

Submitted job 134 with external jobid 'Submitted batch job 14980470'.
[Thu Oct  3 19:43:09 2024]
Finished job 108.
16 of 70 steps (23%) done
[Thu Oct  3 19:43:09 2024]
Finished job 160.
17 of 70 steps (24%) done
[Thu Oct  3 19:43:09 2024]
Finished job 111.
18 of 70 steps (26%) done
[Thu Oct  3 19:43:09 2024]
Finished job 180.
19 of 70 steps (27%) done
[Thu Oct  3 19:43:09 2024]
Finished job 164.
20 of 70 steps (29%) done
Select jobs to execute...

[Thu Oct  3 19:43:09 2024]
rule topsnps_fctgls:
    input: ../../results/applied_analysis/gfa_results/bc_gls_loadings.gfaseed1_cn100.ldpruned_r20.01_kb1000_pvalue_jitter0_0.R_ldsc.21.RDS
    output: ../../results/applied_analysis/gfa_results/bc_gls_loadings.gfaseed1_cn100.ldpruned_r20.01_kb1000_pvalue_jitter0_0.R_ldsc.top_snps.21.RDS
    jobid: 133
    reason: Missing output files: ../../results/applied_analysis/gfa_results/bc_gls_loadings.gfaseed1_cn100.ldpruned_r20.01_kb1000_pvalue_jitter0_0.R_ldsc.top_snps.21.RDS; Input files updated by another job: ../../results/applied_analysis/gfa_results/bc_gls_loadings.gfaseed1_cn100.ldpruned_r20.01_kb1000_pvalue_jitter0_0.R_ldsc.21.RDS
    wildcards: prefix=bc, analysis=gfaseed1_cn100.ldpruned_r20.01_kb1000_pvalue_jitter0_0.R_ldsc, chrom=21
    resources: mem_mb=1000, mem_mib=954, disk_mb=1000, disk_mib=954, tmpdir=<TBD>

Submitted job 133 with external jobid 'Submitted batch job 14980471'.

[Thu Oct  3 19:43:09 2024]
rule topsnps_fctgls:
    input: ../../results/applied_analysis/gfa_results/bc_gls_loadings.gfaseed1_cn100.ldpruned_r20.01_kb1000_pvalue_jitter0_0.R_ldsc.18.RDS
    output: ../../results/applied_analysis/gfa_results/bc_gls_loadings.gfaseed1_cn100.ldpruned_r20.01_kb1000_pvalue_jitter0_0.R_ldsc.top_snps.18.RDS
    jobid: 130
    reason: Missing output files: ../../results/applied_analysis/gfa_results/bc_gls_loadings.gfaseed1_cn100.ldpruned_r20.01_kb1000_pvalue_jitter0_0.R_ldsc.top_snps.18.RDS; Input files updated by another job: ../../results/applied_analysis/gfa_results/bc_gls_loadings.gfaseed1_cn100.ldpruned_r20.01_kb1000_pvalue_jitter0_0.R_ldsc.18.RDS
    wildcards: prefix=bc, analysis=gfaseed1_cn100.ldpruned_r20.01_kb1000_pvalue_jitter0_0.R_ldsc, chrom=18
    resources: mem_mb=1000, mem_mib=954, disk_mb=1000, disk_mib=954, tmpdir=<TBD>

Submitted job 130 with external jobid 'Submitted batch job 14980472'.
[Thu Oct  3 19:43:10 2024]
Finished job 101.
21 of 70 steps (30%) done
Select jobs to execute...

[Thu Oct  3 19:43:10 2024]
rule topsnps_fctgls:
    input: ../../results/applied_analysis/gfa_results/bc_gls_loadings.gfaseed1_cn100.ldpruned_r20.01_kb1000_pvalue_jitter0_0.R_ldsc.11.RDS
    output: ../../results/applied_analysis/gfa_results/bc_gls_loadings.gfaseed1_cn100.ldpruned_r20.01_kb1000_pvalue_jitter0_0.R_ldsc.top_snps.11.RDS
    jobid: 123
    reason: Missing output files: ../../results/applied_analysis/gfa_results/bc_gls_loadings.gfaseed1_cn100.ldpruned_r20.01_kb1000_pvalue_jitter0_0.R_ldsc.top_snps.11.RDS; Input files updated by another job: ../../results/applied_analysis/gfa_results/bc_gls_loadings.gfaseed1_cn100.ldpruned_r20.01_kb1000_pvalue_jitter0_0.R_ldsc.11.RDS
    wildcards: prefix=bc, analysis=gfaseed1_cn100.ldpruned_r20.01_kb1000_pvalue_jitter0_0.R_ldsc, chrom=11
    resources: mem_mb=1000, mem_mib=954, disk_mb=1000, disk_mib=954, tmpdir=<TBD>

Submitted job 123 with external jobid 'Submitted batch job 14980473'.
[Thu Oct  3 19:43:11 2024]
Finished job 107.
22 of 70 steps (31%) done
[Thu Oct  3 19:43:11 2024]
Finished job 161.
23 of 70 steps (33%) done
[Thu Oct  3 19:43:11 2024]
Finished job 163.
24 of 70 steps (34%) done
[Thu Oct  3 19:43:11 2024]
Finished job 167.
25 of 70 steps (36%) done
[Thu Oct  3 19:43:11 2024]
Finished job 110.
26 of 70 steps (37%) done
[Thu Oct  3 19:43:11 2024]
Finished job 165.
27 of 70 steps (39%) done
[Thu Oct  3 19:43:11 2024]
Finished job 171.
28 of 70 steps (40%) done
[Thu Oct  3 19:43:11 2024]
Finished job 103.
29 of 70 steps (41%) done
[Thu Oct  3 19:43:11 2024]
Finished job 179.
30 of 70 steps (43%) done
[Thu Oct  3 19:43:11 2024]
Finished job 175.
31 of 70 steps (44%) done
[Thu Oct  3 19:43:11 2024]
Finished job 172.
32 of 70 steps (46%) done
Select jobs to execute...

[Thu Oct  3 19:43:11 2024]
rule topsnps_fctgls:
    input: ../../results/applied_analysis/gfa_results/bc_gls_loadings.gfaseed1_cn100.ldpruned_r20.01_kb1000_pvalue_jitter0_0.R_ldsc.17.RDS
    output: ../../results/applied_analysis/gfa_results/bc_gls_loadings.gfaseed1_cn100.ldpruned_r20.01_kb1000_pvalue_jitter0_0.R_ldsc.top_snps.17.RDS
    jobid: 129
    reason: Missing output files: ../../results/applied_analysis/gfa_results/bc_gls_loadings.gfaseed1_cn100.ldpruned_r20.01_kb1000_pvalue_jitter0_0.R_ldsc.top_snps.17.RDS; Input files updated by another job: ../../results/applied_analysis/gfa_results/bc_gls_loadings.gfaseed1_cn100.ldpruned_r20.01_kb1000_pvalue_jitter0_0.R_ldsc.17.RDS
    wildcards: prefix=bc, analysis=gfaseed1_cn100.ldpruned_r20.01_kb1000_pvalue_jitter0_0.R_ldsc, chrom=17
    resources: mem_mb=1000, mem_mib=954, disk_mb=1000, disk_mib=954, tmpdir=<TBD>

Submitted job 129 with external jobid 'Submitted batch job 14980475'.

[Thu Oct  3 19:43:11 2024]
rule R_ldsc_gls:
    input: ../../results/applied_analysis/gfa_results/metab_gls_loadings.gfaseed1_cn100.ldpruned_r20.01_kb1000_pvalue_jitter0_0.R_ldsc.1.RDS, ../../results/applied_analysis/gfa_results/metab_gls_loadings.gfaseed1_cn100.ldpruned_r20.01_kb1000_pvalue_jitter0_0.R_ldsc.2.RDS, ../../results/applied_analysis/gfa_results/metab_gls_loadings.gfaseed1_cn100.ldpruned_r20.01_kb1000_pvalue_jitter0_0.R_ldsc.3.RDS, ../../results/applied_analysis/gfa_results/metab_gls_loadings.gfaseed1_cn100.ldpruned_r20.01_kb1000_pvalue_jitter0_0.R_ldsc.4.RDS, ../../results/applied_analysis/gfa_results/metab_gls_loadings.gfaseed1_cn100.ldpruned_r20.01_kb1000_pvalue_jitter0_0.R_ldsc.5.RDS, ../../results/applied_analysis/gfa_results/metab_gls_loadings.gfaseed1_cn100.ldpruned_r20.01_kb1000_pvalue_jitter0_0.R_ldsc.6.RDS, ../../results/applied_analysis/gfa_results/metab_gls_loadings.gfaseed1_cn100.ldpruned_r20.01_kb1000_pvalue_jitter0_0.R_ldsc.7.RDS, ../../results/applied_analysis/gfa_results/metab_gls_loadings.gfaseed1_cn100.ldpruned_r20.01_kb1000_pvalue_jitter0_0.R_ldsc.8.RDS, ../../results/applied_analysis/gfa_results/metab_gls_loadings.gfaseed1_cn100.ldpruned_r20.01_kb1000_pvalue_jitter0_0.R_ldsc.9.RDS, ../../results/applied_analysis/gfa_results/metab_gls_loadings.gfaseed1_cn100.ldpruned_r20.01_kb1000_pvalue_jitter0_0.R_ldsc.10.RDS, ../../results/applied_analysis/gfa_results/metab_gls_loadings.gfaseed1_cn100.ldpruned_r20.01_kb1000_pvalue_jitter0_0.R_ldsc.11.RDS, ../../results/applied_analysis/gfa_results/metab_gls_loadings.gfaseed1_cn100.ldpruned_r20.01_kb1000_pvalue_jitter0_0.R_ldsc.12.RDS, ../../results/applied_analysis/gfa_results/metab_gls_loadings.gfaseed1_cn100.ldpruned_r20.01_kb1000_pvalue_jitter0_0.R_ldsc.13.RDS, ../../results/applied_analysis/gfa_results/metab_gls_loadings.gfaseed1_cn100.ldpruned_r20.01_kb1000_pvalue_jitter0_0.R_ldsc.14.RDS, ../../results/applied_analysis/gfa_results/metab_gls_loadings.gfaseed1_cn100.ldpruned_r20.01_kb1000_pvalue_jitter0_0.R_ldsc.15.RDS, ../../results/applied_analysis/gfa_results/metab_gls_loadings.gfaseed1_cn100.ldpruned_r20.01_kb1000_pvalue_jitter0_0.R_ldsc.16.RDS, ../../results/applied_analysis/gfa_results/metab_gls_loadings.gfaseed1_cn100.ldpruned_r20.01_kb1000_pvalue_jitter0_0.R_ldsc.17.RDS, ../../results/applied_analysis/gfa_results/metab_gls_loadings.gfaseed1_cn100.ldpruned_r20.01_kb1000_pvalue_jitter0_0.R_ldsc.18.RDS, ../../results/applied_analysis/gfa_results/metab_gls_loadings.gfaseed1_cn100.ldpruned_r20.01_kb1000_pvalue_jitter0_0.R_ldsc.19.RDS, ../../results/applied_analysis/gfa_results/metab_gls_loadings.gfaseed1_cn100.ldpruned_r20.01_kb1000_pvalue_jitter0_0.R_ldsc.20.RDS, ../../results/applied_analysis/gfa_results/metab_gls_loadings.gfaseed1_cn100.ldpruned_r20.01_kb1000_pvalue_jitter0_0.R_ldsc.21.RDS, ../../results/applied_analysis/gfa_results/metab_gls_loadings.gfaseed1_cn100.ldpruned_r20.01_kb1000_pvalue_jitter0_0.R_ldsc.22.RDS, /nfs/turbo/sph-jvmorr/ld_reference_files/ldsc_reference_files/eur_w_ld_chr/1.l2.M_5_50, /nfs/turbo/sph-jvmorr/ld_reference_files/ldsc_reference_files/eur_w_ld_chr/2.l2.M_5_50, /nfs/turbo/sph-jvmorr/ld_reference_files/ldsc_reference_files/eur_w_ld_chr/3.l2.M_5_50, /nfs/turbo/sph-jvmorr/ld_reference_files/ldsc_reference_files/eur_w_ld_chr/4.l2.M_5_50, /nfs/turbo/sph-jvmorr/ld_reference_files/ldsc_reference_files/eur_w_ld_chr/5.l2.M_5_50, /nfs/turbo/sph-jvmorr/ld_reference_files/ldsc_reference_files/eur_w_ld_chr/6.l2.M_5_50, /nfs/turbo/sph-jvmorr/ld_reference_files/ldsc_reference_files/eur_w_ld_chr/7.l2.M_5_50, /nfs/turbo/sph-jvmorr/ld_reference_files/ldsc_reference_files/eur_w_ld_chr/8.l2.M_5_50, /nfs/turbo/sph-jvmorr/ld_reference_files/ldsc_reference_files/eur_w_ld_chr/9.l2.M_5_50, /nfs/turbo/sph-jvmorr/ld_reference_files/ldsc_reference_files/eur_w_ld_chr/10.l2.M_5_50, /nfs/turbo/sph-jvmorr/ld_reference_files/ldsc_reference_files/eur_w_ld_chr/11.l2.M_5_50, /nfs/turbo/sph-jvmorr/ld_reference_files/ldsc_reference_files/eur_w_ld_chr/12.l2.M_5_50, /nfs/turbo/sph-jvmorr/ld_reference_files/ldsc_reference_files/eur_w_ld_chr/13.l2.M_5_50, /nfs/turbo/sph-jvmorr/ld_reference_files/ldsc_reference_files/eur_w_ld_chr/14.l2.M_5_50, /nfs/turbo/sph-jvmorr/ld_reference_files/ldsc_reference_files/eur_w_ld_chr/15.l2.M_5_50, /nfs/turbo/sph-jvmorr/ld_reference_files/ldsc_reference_files/eur_w_ld_chr/16.l2.M_5_50, /nfs/turbo/sph-jvmorr/ld_reference_files/ldsc_reference_files/eur_w_ld_chr/17.l2.M_5_50, /nfs/turbo/sph-jvmorr/ld_reference_files/ldsc_reference_files/eur_w_ld_chr/18.l2.M_5_50, /nfs/turbo/sph-jvmorr/ld_reference_files/ldsc_reference_files/eur_w_ld_chr/19.l2.M_5_50, /nfs/turbo/sph-jvmorr/ld_reference_files/ldsc_reference_files/eur_w_ld_chr/20.l2.M_5_50, /nfs/turbo/sph-jvmorr/ld_reference_files/ldsc_reference_files/eur_w_ld_chr/21.l2.M_5_50, /nfs/turbo/sph-jvmorr/ld_reference_files/ldsc_reference_files/eur_w_ld_chr/22.l2.M_5_50, /nfs/turbo/sph-jvmorr/ld_reference_files/ldsc_reference_files/eur_w_ld_chr/1.l2.ldscore.gz, /nfs/turbo/sph-jvmorr/ld_reference_files/ldsc_reference_files/eur_w_ld_chr/2.l2.ldscore.gz, /nfs/turbo/sph-jvmorr/ld_reference_files/ldsc_reference_files/eur_w_ld_chr/3.l2.ldscore.gz, /nfs/turbo/sph-jvmorr/ld_reference_files/ldsc_reference_files/eur_w_ld_chr/4.l2.ldscore.gz, /nfs/turbo/sph-jvmorr/ld_reference_files/ldsc_reference_files/eur_w_ld_chr/5.l2.ldscore.gz, /nfs/turbo/sph-jvmorr/ld_reference_files/ldsc_reference_files/eur_w_ld_chr/6.l2.ldscore.gz, /nfs/turbo/sph-jvmorr/ld_reference_files/ldsc_reference_files/eur_w_ld_chr/7.l2.ldscore.gz, /nfs/turbo/sph-jvmorr/ld_reference_files/ldsc_reference_files/eur_w_ld_chr/8.l2.ldscore.gz, /nfs/turbo/sph-jvmorr/ld_reference_files/ldsc_reference_files/eur_w_ld_chr/9.l2.ldscore.gz, /nfs/turbo/sph-jvmorr/ld_reference_files/ldsc_reference_files/eur_w_ld_chr/10.l2.ldscore.gz, /nfs/turbo/sph-jvmorr/ld_reference_files/ldsc_reference_files/eur_w_ld_chr/11.l2.ldscore.gz, /nfs/turbo/sph-jvmorr/ld_reference_files/ldsc_reference_files/eur_w_ld_chr/12.l2.ldscore.gz, /nfs/turbo/sph-jvmorr/ld_reference_files/ldsc_reference_files/eur_w_ld_chr/13.l2.ldscore.gz, /nfs/turbo/sph-jvmorr/ld_reference_files/ldsc_reference_files/eur_w_ld_chr/14.l2.ldscore.gz, /nfs/turbo/sph-jvmorr/ld_reference_files/ldsc_reference_files/eur_w_ld_chr/15.l2.ldscore.gz, /nfs/turbo/sph-jvmorr/ld_reference_files/ldsc_reference_files/eur_w_ld_chr/16.l2.ldscore.gz, /nfs/turbo/sph-jvmorr/ld_reference_files/ldsc_reference_files/eur_w_ld_chr/17.l2.ldscore.gz, /nfs/turbo/sph-jvmorr/ld_reference_files/ldsc_reference_files/eur_w_ld_chr/18.l2.ldscore.gz, /nfs/turbo/sph-jvmorr/ld_reference_files/ldsc_reference_files/eur_w_ld_chr/19.l2.ldscore.gz, /nfs/turbo/sph-jvmorr/ld_reference_files/ldsc_reference_files/eur_w_ld_chr/20.l2.ldscore.gz, /nfs/turbo/sph-jvmorr/ld_reference_files/ldsc_reference_files/eur_w_ld_chr/21.l2.ldscore.gz, /nfs/turbo/sph-jvmorr/ld_reference_files/ldsc_reference_files/eur_w_ld_chr/22.l2.ldscore.gz
    output: ../../results/applied_analysis/gfa_results/metab_gls_loadings.gfaseed1_cn100.ldpruned_r20.01_kb1000_pvalue_jitter0_0.R_ldsc.Rgcor.RDS
    jobid: 135
    reason: Missing output files: ../../results/applied_analysis/gfa_results/metab_gls_loadings.gfaseed1_cn100.ldpruned_r20.01_kb1000_pvalue_jitter0_0.R_ldsc.Rgcor.RDS; Input files updated by another job: ../../results/applied_analysis/gfa_results/metab_gls_loadings.gfaseed1_cn100.ldpruned_r20.01_kb1000_pvalue_jitter0_0.R_ldsc.8.RDS, ../../results/applied_analysis/gfa_results/metab_gls_loadings.gfaseed1_cn100.ldpruned_r20.01_kb1000_pvalue_jitter0_0.R_ldsc.16.RDS, ../../results/applied_analysis/gfa_results/metab_gls_loadings.gfaseed1_cn100.ldpruned_r20.01_kb1000_pvalue_jitter0_0.R_ldsc.1.RDS, ../../results/applied_analysis/gfa_results/metab_gls_loadings.gfaseed1_cn100.ldpruned_r20.01_kb1000_pvalue_jitter0_0.R_ldsc.17.RDS, ../../results/applied_analysis/gfa_results/metab_gls_loadings.gfaseed1_cn100.ldpruned_r20.01_kb1000_pvalue_jitter0_0.R_ldsc.3.RDS, ../../results/applied_analysis/gfa_results/metab_gls_loadings.gfaseed1_cn100.ldpruned_r20.01_kb1000_pvalue_jitter0_0.R_ldsc.19.RDS, ../../results/applied_analysis/gfa_results/metab_gls_loadings.gfaseed1_cn100.ldpruned_r20.01_kb1000_pvalue_jitter0_0.R_ldsc.22.RDS, ../../results/applied_analysis/gfa_results/metab_gls_loadings.gfaseed1_cn100.ldpruned_r20.01_kb1000_pvalue_jitter0_0.R_ldsc.13.RDS, ../../results/applied_analysis/gfa_results/metab_gls_loadings.gfaseed1_cn100.ldpruned_r20.01_kb1000_pvalue_jitter0_0.R_ldsc.5.RDS, ../../results/applied_analysis/gfa_results/metab_gls_loadings.gfaseed1_cn100.ldpruned_r20.01_kb1000_pvalue_jitter0_0.R_ldsc.15.RDS, ../../results/applied_analysis/gfa_results/metab_gls_loadings.gfaseed1_cn100.ldpruned_r20.01_kb1000_pvalue_jitter0_0.R_ldsc.7.RDS, ../../results/applied_analysis/gfa_results/metab_gls_loadings.gfaseed1_cn100.ldpruned_r20.01_kb1000_pvalue_jitter0_0.R_ldsc.12.RDS, ../../results/applied_analysis/gfa_results/metab_gls_loadings.gfaseed1_cn100.ldpruned_r20.01_kb1000_pvalue_jitter0_0.R_ldsc.18.RDS, ../../results/applied_analysis/gfa_results/metab_gls_loadings.gfaseed1_cn100.ldpruned_r20.01_kb1000_pvalue_jitter0_0.R_ldsc.11.RDS, ../../results/applied_analysis/gfa_results/metab_gls_loadings.gfaseed1_cn100.ldpruned_r20.01_kb1000_pvalue_jitter0_0.R_ldsc.10.RDS, ../../results/applied_analysis/gfa_results/metab_gls_loadings.gfaseed1_cn100.ldpruned_r20.01_kb1000_pvalue_jitter0_0.R_ldsc.4.RDS, ../../results/applied_analysis/gfa_results/metab_gls_loadings.gfaseed1_cn100.ldpruned_r20.01_kb1000_pvalue_jitter0_0.R_ldsc.20.RDS, ../../results/applied_analysis/gfa_results/metab_gls_loadings.gfaseed1_cn100.ldpruned_r20.01_kb1000_pvalue_jitter0_0.R_ldsc.21.RDS, ../../results/applied_analysis/gfa_results/metab_gls_loadings.gfaseed1_cn100.ldpruned_r20.01_kb1000_pvalue_jitter0_0.R_ldsc.6.RDS, ../../results/applied_analysis/gfa_results/metab_gls_loadings.gfaseed1_cn100.ldpruned_r20.01_kb1000_pvalue_jitter0_0.R_ldsc.9.RDS, ../../results/applied_analysis/gfa_results/metab_gls_loadings.gfaseed1_cn100.ldpruned_r20.01_kb1000_pvalue_jitter0_0.R_ldsc.2.RDS, ../../results/applied_analysis/gfa_results/metab_gls_loadings.gfaseed1_cn100.ldpruned_r20.01_kb1000_pvalue_jitter0_0.R_ldsc.14.RDS
    wildcards: prefix=metab, analysis=gfaseed1_cn100.ldpruned_r20.01_kb1000_pvalue_jitter0_0.R_ldsc
    resources: mem_mb=1065, mem_mib=1016, disk_mb=1065, disk_mib=1016, tmpdir=<TBD>

Submitted job 135 with external jobid 'Submitted batch job 14980476'.

[Thu Oct  3 19:43:12 2024]
rule topsnps_fctgls:
    input: ../../results/applied_analysis/gfa_results/bc_gls_loadings.gfaseed1_cn100.ldpruned_r20.01_kb1000_pvalue_jitter0_0.R_ldsc.20.RDS
    output: ../../results/applied_analysis/gfa_results/bc_gls_loadings.gfaseed1_cn100.ldpruned_r20.01_kb1000_pvalue_jitter0_0.R_ldsc.top_snps.20.RDS
    jobid: 132
    reason: Missing output files: ../../results/applied_analysis/gfa_results/bc_gls_loadings.gfaseed1_cn100.ldpruned_r20.01_kb1000_pvalue_jitter0_0.R_ldsc.top_snps.20.RDS; Input files updated by another job: ../../results/applied_analysis/gfa_results/bc_gls_loadings.gfaseed1_cn100.ldpruned_r20.01_kb1000_pvalue_jitter0_0.R_ldsc.20.RDS
    wildcards: prefix=bc, analysis=gfaseed1_cn100.ldpruned_r20.01_kb1000_pvalue_jitter0_0.R_ldsc, chrom=20
    resources: mem_mb=1000, mem_mib=954, disk_mb=1000, disk_mib=954, tmpdir=<TBD>

Submitted job 132 with external jobid 'Submitted batch job 14980477'.

[Thu Oct  3 19:43:12 2024]
rule topsnps_fctgls:
    input: ../../results/applied_analysis/gfa_results/bc_gls_loadings.gfaseed1_cn100.ldpruned_r20.01_kb1000_pvalue_jitter0_0.R_ldsc.13.RDS
    output: ../../results/applied_analysis/gfa_results/bc_gls_loadings.gfaseed1_cn100.ldpruned_r20.01_kb1000_pvalue_jitter0_0.R_ldsc.top_snps.13.RDS
    jobid: 125
    reason: Missing output files: ../../results/applied_analysis/gfa_results/bc_gls_loadings.gfaseed1_cn100.ldpruned_r20.01_kb1000_pvalue_jitter0_0.R_ldsc.top_snps.13.RDS; Input files updated by another job: ../../results/applied_analysis/gfa_results/bc_gls_loadings.gfaseed1_cn100.ldpruned_r20.01_kb1000_pvalue_jitter0_0.R_ldsc.13.RDS
    wildcards: prefix=bc, analysis=gfaseed1_cn100.ldpruned_r20.01_kb1000_pvalue_jitter0_0.R_ldsc, chrom=13
    resources: mem_mb=1000, mem_mib=954, disk_mb=1000, disk_mib=954, tmpdir=<TBD>

Submitted job 125 with external jobid 'Submitted batch job 14980478'.
[Thu Oct  3 19:43:21 2024]
Finished job 106.
33 of 70 steps (47%) done
Select jobs to execute...

[Thu Oct  3 19:43:21 2024]
rule topsnps_fctgls:
    input: ../../results/applied_analysis/gfa_results/bc_gls_loadings.gfaseed1_cn100.ldpruned_r20.01_kb1000_pvalue_jitter0_0.R_ldsc.16.RDS
    output: ../../results/applied_analysis/gfa_results/bc_gls_loadings.gfaseed1_cn100.ldpruned_r20.01_kb1000_pvalue_jitter0_0.R_ldsc.top_snps.16.RDS
    jobid: 128
    reason: Missing output files: ../../results/applied_analysis/gfa_results/bc_gls_loadings.gfaseed1_cn100.ldpruned_r20.01_kb1000_pvalue_jitter0_0.R_ldsc.top_snps.16.RDS; Input files updated by another job: ../../results/applied_analysis/gfa_results/bc_gls_loadings.gfaseed1_cn100.ldpruned_r20.01_kb1000_pvalue_jitter0_0.R_ldsc.16.RDS
    wildcards: prefix=bc, analysis=gfaseed1_cn100.ldpruned_r20.01_kb1000_pvalue_jitter0_0.R_ldsc, chrom=16
    resources: mem_mb=1000, mem_mib=954, disk_mb=1000, disk_mib=954, tmpdir=<TBD>

Submitted job 128 with external jobid 'Submitted batch job 14980481'.
[Thu Oct  3 19:43:21 2024]
Finished job 100.
34 of 70 steps (49%) done
[Thu Oct  3 19:43:21 2024]
Finished job 104.
35 of 70 steps (50%) done
[Thu Oct  3 19:43:21 2024]
Finished job 99.
36 of 70 steps (51%) done
Select jobs to execute...

[Thu Oct  3 19:43:21 2024]
rule topsnps_fctgls:
    input: ../../results/applied_analysis/gfa_results/bc_gls_loadings.gfaseed1_cn100.ldpruned_r20.01_kb1000_pvalue_jitter0_0.R_ldsc.14.RDS
    output: ../../results/applied_analysis/gfa_results/bc_gls_loadings.gfaseed1_cn100.ldpruned_r20.01_kb1000_pvalue_jitter0_0.R_ldsc.top_snps.14.RDS
    jobid: 126
    reason: Missing output files: ../../results/applied_analysis/gfa_results/bc_gls_loadings.gfaseed1_cn100.ldpruned_r20.01_kb1000_pvalue_jitter0_0.R_ldsc.top_snps.14.RDS; Input files updated by another job: ../../results/applied_analysis/gfa_results/bc_gls_loadings.gfaseed1_cn100.ldpruned_r20.01_kb1000_pvalue_jitter0_0.R_ldsc.14.RDS
    wildcards: prefix=bc, analysis=gfaseed1_cn100.ldpruned_r20.01_kb1000_pvalue_jitter0_0.R_ldsc, chrom=14
    resources: mem_mb=1000, mem_mib=954, disk_mb=1000, disk_mib=954, tmpdir=<TBD>

Submitted job 126 with external jobid 'Submitted batch job 14980482'.

[Thu Oct  3 19:43:21 2024]
rule topsnps_fctgls:
    input: ../../results/applied_analysis/gfa_results/bc_gls_loadings.gfaseed1_cn100.ldpruned_r20.01_kb1000_pvalue_jitter0_0.R_ldsc.9.RDS
    output: ../../results/applied_analysis/gfa_results/bc_gls_loadings.gfaseed1_cn100.ldpruned_r20.01_kb1000_pvalue_jitter0_0.R_ldsc.top_snps.9.RDS
    jobid: 121
    reason: Missing output files: ../../results/applied_analysis/gfa_results/bc_gls_loadings.gfaseed1_cn100.ldpruned_r20.01_kb1000_pvalue_jitter0_0.R_ldsc.top_snps.9.RDS; Input files updated by another job: ../../results/applied_analysis/gfa_results/bc_gls_loadings.gfaseed1_cn100.ldpruned_r20.01_kb1000_pvalue_jitter0_0.R_ldsc.9.RDS
    wildcards: prefix=bc, analysis=gfaseed1_cn100.ldpruned_r20.01_kb1000_pvalue_jitter0_0.R_ldsc, chrom=9
    resources: mem_mb=1000, mem_mib=954, disk_mb=1000, disk_mib=954, tmpdir=<TBD>

Submitted job 121 with external jobid 'Submitted batch job 14980483'.

[Thu Oct  3 19:43:21 2024]
rule topsnps_fctgls:
    input: ../../results/applied_analysis/gfa_results/bc_gls_loadings.gfaseed1_cn100.ldpruned_r20.01_kb1000_pvalue_jitter0_0.R_ldsc.10.RDS
    output: ../../results/applied_analysis/gfa_results/bc_gls_loadings.gfaseed1_cn100.ldpruned_r20.01_kb1000_pvalue_jitter0_0.R_ldsc.top_snps.10.RDS
    jobid: 122
    reason: Missing output files: ../../results/applied_analysis/gfa_results/bc_gls_loadings.gfaseed1_cn100.ldpruned_r20.01_kb1000_pvalue_jitter0_0.R_ldsc.top_snps.10.RDS; Input files updated by another job: ../../results/applied_analysis/gfa_results/bc_gls_loadings.gfaseed1_cn100.ldpruned_r20.01_kb1000_pvalue_jitter0_0.R_ldsc.10.RDS
    wildcards: prefix=bc, analysis=gfaseed1_cn100.ldpruned_r20.01_kb1000_pvalue_jitter0_0.R_ldsc, chrom=10
    resources: mem_mb=1000, mem_mib=954, disk_mb=1000, disk_mib=954, tmpdir=<TBD>

Submitted job 122 with external jobid 'Submitted batch job 14980484'.
[Thu Oct  3 19:43:22 2024]
Finished job 97.
37 of 70 steps (53%) done
Select jobs to execute...

[Thu Oct  3 19:43:22 2024]
rule topsnps_fctgls:
    input: ../../results/applied_analysis/gfa_results/bc_gls_loadings.gfaseed1_cn100.ldpruned_r20.01_kb1000_pvalue_jitter0_0.R_ldsc.7.RDS
    output: ../../results/applied_analysis/gfa_results/bc_gls_loadings.gfaseed1_cn100.ldpruned_r20.01_kb1000_pvalue_jitter0_0.R_ldsc.top_snps.7.RDS
    jobid: 119
    reason: Missing output files: ../../results/applied_analysis/gfa_results/bc_gls_loadings.gfaseed1_cn100.ldpruned_r20.01_kb1000_pvalue_jitter0_0.R_ldsc.top_snps.7.RDS; Input files updated by another job: ../../results/applied_analysis/gfa_results/bc_gls_loadings.gfaseed1_cn100.ldpruned_r20.01_kb1000_pvalue_jitter0_0.R_ldsc.7.RDS
    wildcards: prefix=bc, analysis=gfaseed1_cn100.ldpruned_r20.01_kb1000_pvalue_jitter0_0.R_ldsc, chrom=7
    resources: mem_mb=1000, mem_mib=954, disk_mb=1000, disk_mib=954, tmpdir=<TBD>

Submitted job 119 with external jobid 'Submitted batch job 14980485'.
[Thu Oct  3 19:43:22 2024]
Finished job 96.
38 of 70 steps (54%) done
[Thu Oct  3 19:43:22 2024]
Finished job 98.
39 of 70 steps (56%) done
[Thu Oct  3 19:43:22 2024]
Finished job 68.
40 of 70 steps (57%) done
[Thu Oct  3 19:43:22 2024]
Finished job 95.
41 of 70 steps (59%) done
[Thu Oct  3 19:43:22 2024]
Finished job 94.
42 of 70 steps (60%) done
[Thu Oct  3 19:43:22 2024]
Finished job 93.
43 of 70 steps (61%) done
[Thu Oct  3 19:43:22 2024]
Finished job 92.
44 of 70 steps (63%) done
Select jobs to execute...

[Thu Oct  3 19:43:22 2024]
rule topsnps_fctgls:
    input: ../../results/applied_analysis/gfa_results/bc_gls_loadings.gfaseed1_cn100.ldpruned_r20.01_kb1000_pvalue_jitter0_0.R_ldsc.6.RDS
    output: ../../results/applied_analysis/gfa_results/bc_gls_loadings.gfaseed1_cn100.ldpruned_r20.01_kb1000_pvalue_jitter0_0.R_ldsc.top_snps.6.RDS
    jobid: 118
    reason: Missing output files: ../../results/applied_analysis/gfa_results/bc_gls_loadings.gfaseed1_cn100.ldpruned_r20.01_kb1000_pvalue_jitter0_0.R_ldsc.top_snps.6.RDS; Input files updated by another job: ../../results/applied_analysis/gfa_results/bc_gls_loadings.gfaseed1_cn100.ldpruned_r20.01_kb1000_pvalue_jitter0_0.R_ldsc.6.RDS
    wildcards: prefix=bc, analysis=gfaseed1_cn100.ldpruned_r20.01_kb1000_pvalue_jitter0_0.R_ldsc, chrom=6
    resources: mem_mb=1000, mem_mib=954, disk_mb=1000, disk_mib=954, tmpdir=<TBD>

Submitted job 118 with external jobid 'Submitted batch job 14980486'.

[Thu Oct  3 19:43:22 2024]
rule topsnps_fctgls:
    input: ../../results/applied_analysis/gfa_results/bc_gls_loadings.gfaseed1_cn100.ldpruned_r20.01_kb1000_pvalue_jitter0_0.R_ldsc.5.RDS
    output: ../../results/applied_analysis/gfa_results/bc_gls_loadings.gfaseed1_cn100.ldpruned_r20.01_kb1000_pvalue_jitter0_0.R_ldsc.top_snps.5.RDS
    jobid: 117
    reason: Missing output files: ../../results/applied_analysis/gfa_results/bc_gls_loadings.gfaseed1_cn100.ldpruned_r20.01_kb1000_pvalue_jitter0_0.R_ldsc.top_snps.5.RDS; Input files updated by another job: ../../results/applied_analysis/gfa_results/bc_gls_loadings.gfaseed1_cn100.ldpruned_r20.01_kb1000_pvalue_jitter0_0.R_ldsc.5.RDS
    wildcards: prefix=bc, analysis=gfaseed1_cn100.ldpruned_r20.01_kb1000_pvalue_jitter0_0.R_ldsc, chrom=5
    resources: mem_mb=1000, mem_mib=954, disk_mb=1000, disk_mib=954, tmpdir=<TBD>

Submitted job 117 with external jobid 'Submitted batch job 14980487'.

[Thu Oct  3 19:43:22 2024]
rule topsnps_fctgls:
    input: ../../results/applied_analysis/gfa_results/bc_gls_loadings.gfaseed1_cn100.ldpruned_r20.01_kb1000_pvalue_jitter0_0.R_ldsc.4.RDS
    output: ../../results/applied_analysis/gfa_results/bc_gls_loadings.gfaseed1_cn100.ldpruned_r20.01_kb1000_pvalue_jitter0_0.R_ldsc.top_snps.4.RDS
    jobid: 116
    reason: Missing output files: ../../results/applied_analysis/gfa_results/bc_gls_loadings.gfaseed1_cn100.ldpruned_r20.01_kb1000_pvalue_jitter0_0.R_ldsc.top_snps.4.RDS; Input files updated by another job: ../../results/applied_analysis/gfa_results/bc_gls_loadings.gfaseed1_cn100.ldpruned_r20.01_kb1000_pvalue_jitter0_0.R_ldsc.4.RDS
    wildcards: prefix=bc, analysis=gfaseed1_cn100.ldpruned_r20.01_kb1000_pvalue_jitter0_0.R_ldsc, chrom=4
    resources: mem_mb=1000, mem_mib=954, disk_mb=1000, disk_mib=954, tmpdir=<TBD>

Submitted job 116 with external jobid 'Submitted batch job 14980488'.

[Thu Oct  3 19:43:22 2024]
rule topsnps_fctgls:
    input: ../../results/applied_analysis/gfa_results/bc_gls_loadings.gfaseed1_cn100.ldpruned_r20.01_kb1000_pvalue_jitter0_0.R_ldsc.2.RDS
    output: ../../results/applied_analysis/gfa_results/bc_gls_loadings.gfaseed1_cn100.ldpruned_r20.01_kb1000_pvalue_jitter0_0.R_ldsc.top_snps.2.RDS
    jobid: 114
    reason: Missing output files: ../../results/applied_analysis/gfa_results/bc_gls_loadings.gfaseed1_cn100.ldpruned_r20.01_kb1000_pvalue_jitter0_0.R_ldsc.top_snps.2.RDS; Input files updated by another job: ../../results/applied_analysis/gfa_results/bc_gls_loadings.gfaseed1_cn100.ldpruned_r20.01_kb1000_pvalue_jitter0_0.R_ldsc.2.RDS
    wildcards: prefix=bc, analysis=gfaseed1_cn100.ldpruned_r20.01_kb1000_pvalue_jitter0_0.R_ldsc, chrom=2
    resources: mem_mb=1000, mem_mib=954, disk_mb=1000, disk_mib=954, tmpdir=<TBD>

Submitted job 114 with external jobid 'Submitted batch job 14980489'.

[Thu Oct  3 19:43:22 2024]
rule topsnps_fctgls:
    input: ../../results/applied_analysis/gfa_results/bc_gls_loadings.gfaseed1_cn100.ldpruned_r20.01_kb1000_pvalue_jitter0_0.R_ldsc.1.RDS
    output: ../../results/applied_analysis/gfa_results/bc_gls_loadings.gfaseed1_cn100.ldpruned_r20.01_kb1000_pvalue_jitter0_0.R_ldsc.top_snps.1.RDS
    jobid: 113
    reason: Missing output files: ../../results/applied_analysis/gfa_results/bc_gls_loadings.gfaseed1_cn100.ldpruned_r20.01_kb1000_pvalue_jitter0_0.R_ldsc.top_snps.1.RDS; Input files updated by another job: ../../results/applied_analysis/gfa_results/bc_gls_loadings.gfaseed1_cn100.ldpruned_r20.01_kb1000_pvalue_jitter0_0.R_ldsc.1.RDS
    wildcards: prefix=bc, analysis=gfaseed1_cn100.ldpruned_r20.01_kb1000_pvalue_jitter0_0.R_ldsc, chrom=1
    resources: mem_mb=1000, mem_mib=954, disk_mb=1000, disk_mib=954, tmpdir=<TBD>

Submitted job 113 with external jobid 'Submitted batch job 14980490'.

[Thu Oct  3 19:43:22 2024]
rule R_ldsc_gls:
    input: ../../results/applied_analysis/gfa_results/bc_gls_loadings.gfaseed1_cn100.ldpruned_r20.01_kb1000_pvalue_jitter0_0.R_ldsc.1.RDS, ../../results/applied_analysis/gfa_results/bc_gls_loadings.gfaseed1_cn100.ldpruned_r20.01_kb1000_pvalue_jitter0_0.R_ldsc.2.RDS, ../../results/applied_analysis/gfa_results/bc_gls_loadings.gfaseed1_cn100.ldpruned_r20.01_kb1000_pvalue_jitter0_0.R_ldsc.3.RDS, ../../results/applied_analysis/gfa_results/bc_gls_loadings.gfaseed1_cn100.ldpruned_r20.01_kb1000_pvalue_jitter0_0.R_ldsc.4.RDS, ../../results/applied_analysis/gfa_results/bc_gls_loadings.gfaseed1_cn100.ldpruned_r20.01_kb1000_pvalue_jitter0_0.R_ldsc.5.RDS, ../../results/applied_analysis/gfa_results/bc_gls_loadings.gfaseed1_cn100.ldpruned_r20.01_kb1000_pvalue_jitter0_0.R_ldsc.6.RDS, ../../results/applied_analysis/gfa_results/bc_gls_loadings.gfaseed1_cn100.ldpruned_r20.01_kb1000_pvalue_jitter0_0.R_ldsc.7.RDS, ../../results/applied_analysis/gfa_results/bc_gls_loadings.gfaseed1_cn100.ldpruned_r20.01_kb1000_pvalue_jitter0_0.R_ldsc.8.RDS, ../../results/applied_analysis/gfa_results/bc_gls_loadings.gfaseed1_cn100.ldpruned_r20.01_kb1000_pvalue_jitter0_0.R_ldsc.9.RDS, ../../results/applied_analysis/gfa_results/bc_gls_loadings.gfaseed1_cn100.ldpruned_r20.01_kb1000_pvalue_jitter0_0.R_ldsc.10.RDS, ../../results/applied_analysis/gfa_results/bc_gls_loadings.gfaseed1_cn100.ldpruned_r20.01_kb1000_pvalue_jitter0_0.R_ldsc.11.RDS, ../../results/applied_analysis/gfa_results/bc_gls_loadings.gfaseed1_cn100.ldpruned_r20.01_kb1000_pvalue_jitter0_0.R_ldsc.12.RDS, ../../results/applied_analysis/gfa_results/bc_gls_loadings.gfaseed1_cn100.ldpruned_r20.01_kb1000_pvalue_jitter0_0.R_ldsc.13.RDS, ../../results/applied_analysis/gfa_results/bc_gls_loadings.gfaseed1_cn100.ldpruned_r20.01_kb1000_pvalue_jitter0_0.R_ldsc.14.RDS, ../../results/applied_analysis/gfa_results/bc_gls_loadings.gfaseed1_cn100.ldpruned_r20.01_kb1000_pvalue_jitter0_0.R_ldsc.15.RDS, ../../results/applied_analysis/gfa_results/bc_gls_loadings.gfaseed1_cn100.ldpruned_r20.01_kb1000_pvalue_jitter0_0.R_ldsc.16.RDS, ../../results/applied_analysis/gfa_results/bc_gls_loadings.gfaseed1_cn100.ldpruned_r20.01_kb1000_pvalue_jitter0_0.R_ldsc.17.RDS, ../../results/applied_analysis/gfa_results/bc_gls_loadings.gfaseed1_cn100.ldpruned_r20.01_kb1000_pvalue_jitter0_0.R_ldsc.18.RDS, ../../results/applied_analysis/gfa_results/bc_gls_loadings.gfaseed1_cn100.ldpruned_r20.01_kb1000_pvalue_jitter0_0.R_ldsc.19.RDS, ../../results/applied_analysis/gfa_results/bc_gls_loadings.gfaseed1_cn100.ldpruned_r20.01_kb1000_pvalue_jitter0_0.R_ldsc.20.RDS, ../../results/applied_analysis/gfa_results/bc_gls_loadings.gfaseed1_cn100.ldpruned_r20.01_kb1000_pvalue_jitter0_0.R_ldsc.21.RDS, ../../results/applied_analysis/gfa_results/bc_gls_loadings.gfaseed1_cn100.ldpruned_r20.01_kb1000_pvalue_jitter0_0.R_ldsc.22.RDS, /nfs/turbo/sph-jvmorr/ld_reference_files/ldsc_reference_files/eur_w_ld_chr/1.l2.M_5_50, /nfs/turbo/sph-jvmorr/ld_reference_files/ldsc_reference_files/eur_w_ld_chr/2.l2.M_5_50, /nfs/turbo/sph-jvmorr/ld_reference_files/ldsc_reference_files/eur_w_ld_chr/3.l2.M_5_50, /nfs/turbo/sph-jvmorr/ld_reference_files/ldsc_reference_files/eur_w_ld_chr/4.l2.M_5_50, /nfs/turbo/sph-jvmorr/ld_reference_files/ldsc_reference_files/eur_w_ld_chr/5.l2.M_5_50, /nfs/turbo/sph-jvmorr/ld_reference_files/ldsc_reference_files/eur_w_ld_chr/6.l2.M_5_50, /nfs/turbo/sph-jvmorr/ld_reference_files/ldsc_reference_files/eur_w_ld_chr/7.l2.M_5_50, /nfs/turbo/sph-jvmorr/ld_reference_files/ldsc_reference_files/eur_w_ld_chr/8.l2.M_5_50, /nfs/turbo/sph-jvmorr/ld_reference_files/ldsc_reference_files/eur_w_ld_chr/9.l2.M_5_50, /nfs/turbo/sph-jvmorr/ld_reference_files/ldsc_reference_files/eur_w_ld_chr/10.l2.M_5_50, /nfs/turbo/sph-jvmorr/ld_reference_files/ldsc_reference_files/eur_w_ld_chr/11.l2.M_5_50, /nfs/turbo/sph-jvmorr/ld_reference_files/ldsc_reference_files/eur_w_ld_chr/12.l2.M_5_50, /nfs/turbo/sph-jvmorr/ld_reference_files/ldsc_reference_files/eur_w_ld_chr/13.l2.M_5_50, /nfs/turbo/sph-jvmorr/ld_reference_files/ldsc_reference_files/eur_w_ld_chr/14.l2.M_5_50, /nfs/turbo/sph-jvmorr/ld_reference_files/ldsc_reference_files/eur_w_ld_chr/15.l2.M_5_50, /nfs/turbo/sph-jvmorr/ld_reference_files/ldsc_reference_files/eur_w_ld_chr/16.l2.M_5_50, /nfs/turbo/sph-jvmorr/ld_reference_files/ldsc_reference_files/eur_w_ld_chr/17.l2.M_5_50, /nfs/turbo/sph-jvmorr/ld_reference_files/ldsc_reference_files/eur_w_ld_chr/18.l2.M_5_50, /nfs/turbo/sph-jvmorr/ld_reference_files/ldsc_reference_files/eur_w_ld_chr/19.l2.M_5_50, /nfs/turbo/sph-jvmorr/ld_reference_files/ldsc_reference_files/eur_w_ld_chr/20.l2.M_5_50, /nfs/turbo/sph-jvmorr/ld_reference_files/ldsc_reference_files/eur_w_ld_chr/21.l2.M_5_50, /nfs/turbo/sph-jvmorr/ld_reference_files/ldsc_reference_files/eur_w_ld_chr/22.l2.M_5_50, /nfs/turbo/sph-jvmorr/ld_reference_files/ldsc_reference_files/eur_w_ld_chr/1.l2.ldscore.gz, /nfs/turbo/sph-jvmorr/ld_reference_files/ldsc_reference_files/eur_w_ld_chr/2.l2.ldscore.gz, /nfs/turbo/sph-jvmorr/ld_reference_files/ldsc_reference_files/eur_w_ld_chr/3.l2.ldscore.gz, /nfs/turbo/sph-jvmorr/ld_reference_files/ldsc_reference_files/eur_w_ld_chr/4.l2.ldscore.gz, /nfs/turbo/sph-jvmorr/ld_reference_files/ldsc_reference_files/eur_w_ld_chr/5.l2.ldscore.gz, /nfs/turbo/sph-jvmorr/ld_reference_files/ldsc_reference_files/eur_w_ld_chr/6.l2.ldscore.gz, /nfs/turbo/sph-jvmorr/ld_reference_files/ldsc_reference_files/eur_w_ld_chr/7.l2.ldscore.gz, /nfs/turbo/sph-jvmorr/ld_reference_files/ldsc_reference_files/eur_w_ld_chr/8.l2.ldscore.gz, /nfs/turbo/sph-jvmorr/ld_reference_files/ldsc_reference_files/eur_w_ld_chr/9.l2.ldscore.gz, /nfs/turbo/sph-jvmorr/ld_reference_files/ldsc_reference_files/eur_w_ld_chr/10.l2.ldscore.gz, /nfs/turbo/sph-jvmorr/ld_reference_files/ldsc_reference_files/eur_w_ld_chr/11.l2.ldscore.gz, /nfs/turbo/sph-jvmorr/ld_reference_files/ldsc_reference_files/eur_w_ld_chr/12.l2.ldscore.gz, /nfs/turbo/sph-jvmorr/ld_reference_files/ldsc_reference_files/eur_w_ld_chr/13.l2.ldscore.gz, /nfs/turbo/sph-jvmorr/ld_reference_files/ldsc_reference_files/eur_w_ld_chr/14.l2.ldscore.gz, /nfs/turbo/sph-jvmorr/ld_reference_files/ldsc_reference_files/eur_w_ld_chr/15.l2.ldscore.gz, /nfs/turbo/sph-jvmorr/ld_reference_files/ldsc_reference_files/eur_w_ld_chr/16.l2.ldscore.gz, /nfs/turbo/sph-jvmorr/ld_reference_files/ldsc_reference_files/eur_w_ld_chr/17.l2.ldscore.gz, /nfs/turbo/sph-jvmorr/ld_reference_files/ldsc_reference_files/eur_w_ld_chr/18.l2.ldscore.gz, /nfs/turbo/sph-jvmorr/ld_reference_files/ldsc_reference_files/eur_w_ld_chr/19.l2.ldscore.gz, /nfs/turbo/sph-jvmorr/ld_reference_files/ldsc_reference_files/eur_w_ld_chr/20.l2.ldscore.gz, /nfs/turbo/sph-jvmorr/ld_reference_files/ldsc_reference_files/eur_w_ld_chr/21.l2.ldscore.gz, /nfs/turbo/sph-jvmorr/ld_reference_files/ldsc_reference_files/eur_w_ld_chr/22.l2.ldscore.gz
    output: ../../results/applied_analysis/gfa_results/bc_gls_loadings.gfaseed1_cn100.ldpruned_r20.01_kb1000_pvalue_jitter0_0.R_ldsc.Rgcor.RDS
    jobid: 67
    reason: Missing output files: ../../results/applied_analysis/gfa_results/bc_gls_loadings.gfaseed1_cn100.ldpruned_r20.01_kb1000_pvalue_jitter0_0.R_ldsc.Rgcor.RDS; Input files updated by another job: ../../results/applied_analysis/gfa_results/bc_gls_loadings.gfaseed1_cn100.ldpruned_r20.01_kb1000_pvalue_jitter0_0.R_ldsc.15.RDS, ../../results/applied_analysis/gfa_results/bc_gls_loadings.gfaseed1_cn100.ldpruned_r20.01_kb1000_pvalue_jitter0_0.R_ldsc.6.RDS, ../../results/applied_analysis/gfa_results/bc_gls_loadings.gfaseed1_cn100.ldpruned_r20.01_kb1000_pvalue_jitter0_0.R_ldsc.21.RDS, ../../results/applied_analysis/gfa_results/bc_gls_loadings.gfaseed1_cn100.ldpruned_r20.01_kb1000_pvalue_jitter0_0.R_ldsc.18.RDS, ../../results/applied_analysis/gfa_results/bc_gls_loadings.gfaseed1_cn100.ldpruned_r20.01_kb1000_pvalue_jitter0_0.R_ldsc.7.RDS, ../../results/applied_analysis/gfa_results/bc_gls_loadings.gfaseed1_cn100.ldpruned_r20.01_kb1000_pvalue_jitter0_0.R_ldsc.5.RDS, ../../results/applied_analysis/gfa_results/bc_gls_loadings.gfaseed1_cn100.ldpruned_r20.01_kb1000_pvalue_jitter0_0.R_ldsc.20.RDS, ../../results/applied_analysis/gfa_results/bc_gls_loadings.gfaseed1_cn100.ldpruned_r20.01_kb1000_pvalue_jitter0_0.R_ldsc.13.RDS, ../../results/applied_analysis/gfa_results/bc_gls_loadings.gfaseed1_cn100.ldpruned_r20.01_kb1000_pvalue_jitter0_0.R_ldsc.9.RDS, ../../results/applied_analysis/gfa_results/bc_gls_loadings.gfaseed1_cn100.ldpruned_r20.01_kb1000_pvalue_jitter0_0.R_ldsc.2.RDS, ../../results/applied_analysis/gfa_results/bc_gls_loadings.gfaseed1_cn100.ldpruned_r20.01_kb1000_pvalue_jitter0_0.R_ldsc.19.RDS, ../../results/applied_analysis/gfa_results/bc_gls_loadings.gfaseed1_cn100.ldpruned_r20.01_kb1000_pvalue_jitter0_0.R_ldsc.16.RDS, ../../results/applied_analysis/gfa_results/bc_gls_loadings.gfaseed1_cn100.ldpruned_r20.01_kb1000_pvalue_jitter0_0.R_ldsc.22.RDS, ../../results/applied_analysis/gfa_results/bc_gls_loadings.gfaseed1_cn100.ldpruned_r20.01_kb1000_pvalue_jitter0_0.R_ldsc.10.RDS, ../../results/applied_analysis/gfa_results/bc_gls_loadings.gfaseed1_cn100.ldpruned_r20.01_kb1000_pvalue_jitter0_0.R_ldsc.14.RDS, ../../results/applied_analysis/gfa_results/bc_gls_loadings.gfaseed1_cn100.ldpruned_r20.01_kb1000_pvalue_jitter0_0.R_ldsc.3.RDS, ../../results/applied_analysis/gfa_results/bc_gls_loadings.gfaseed1_cn100.ldpruned_r20.01_kb1000_pvalue_jitter0_0.R_ldsc.4.RDS, ../../results/applied_analysis/gfa_results/bc_gls_loadings.gfaseed1_cn100.ldpruned_r20.01_kb1000_pvalue_jitter0_0.R_ldsc.8.RDS, ../../results/applied_analysis/gfa_results/bc_gls_loadings.gfaseed1_cn100.ldpruned_r20.01_kb1000_pvalue_jitter0_0.R_ldsc.11.RDS, ../../results/applied_analysis/gfa_results/bc_gls_loadings.gfaseed1_cn100.ldpruned_r20.01_kb1000_pvalue_jitter0_0.R_ldsc.1.RDS, ../../results/applied_analysis/gfa_results/bc_gls_loadings.gfaseed1_cn100.ldpruned_r20.01_kb1000_pvalue_jitter0_0.R_ldsc.17.RDS, ../../results/applied_analysis/gfa_results/bc_gls_loadings.gfaseed1_cn100.ldpruned_r20.01_kb1000_pvalue_jitter0_0.R_ldsc.12.RDS
    wildcards: prefix=bc, analysis=gfaseed1_cn100.ldpruned_r20.01_kb1000_pvalue_jitter0_0.R_ldsc
    resources: mem_mb=3103, mem_mib=2960, disk_mb=3103, disk_mib=2960, tmpdir=<TBD>

Submitted job 67 with external jobid 'Submitted batch job 14980491'.

[Thu Oct  3 19:43:22 2024]
rule topsnps_fctgls:
    input: ../../results/applied_analysis/gfa_results/bc_gls_loadings.gfaseed1_cn100.ldpruned_r20.01_kb1000_pvalue_jitter0_0.R_ldsc.3.RDS
    output: ../../results/applied_analysis/gfa_results/bc_gls_loadings.gfaseed1_cn100.ldpruned_r20.01_kb1000_pvalue_jitter0_0.R_ldsc.top_snps.3.RDS
    jobid: 115
    reason: Missing output files: ../../results/applied_analysis/gfa_results/bc_gls_loadings.gfaseed1_cn100.ldpruned_r20.01_kb1000_pvalue_jitter0_0.R_ldsc.top_snps.3.RDS; Input files updated by another job: ../../results/applied_analysis/gfa_results/bc_gls_loadings.gfaseed1_cn100.ldpruned_r20.01_kb1000_pvalue_jitter0_0.R_ldsc.3.RDS
    wildcards: prefix=bc, analysis=gfaseed1_cn100.ldpruned_r20.01_kb1000_pvalue_jitter0_0.R_ldsc, chrom=3
    resources: mem_mb=1000, mem_mib=954, disk_mb=1000, disk_mib=954, tmpdir=<TBD>

Submitted job 115 with external jobid 'Submitted batch job 14980492'.

[Thu Oct  3 19:43:22 2024]
rule topsnps_fctgls:
    input: ../../results/applied_analysis/gfa_results/bc_gls_loadings.gfaseed1_cn100.ldpruned_r20.01_kb1000_pvalue_jitter0_0.R_ldsc.8.RDS
    output: ../../results/applied_analysis/gfa_results/bc_gls_loadings.gfaseed1_cn100.ldpruned_r20.01_kb1000_pvalue_jitter0_0.R_ldsc.top_snps.8.RDS
    jobid: 120
    reason: Missing output files: ../../results/applied_analysis/gfa_results/bc_gls_loadings.gfaseed1_cn100.ldpruned_r20.01_kb1000_pvalue_jitter0_0.R_ldsc.top_snps.8.RDS; Input files updated by another job: ../../results/applied_analysis/gfa_results/bc_gls_loadings.gfaseed1_cn100.ldpruned_r20.01_kb1000_pvalue_jitter0_0.R_ldsc.8.RDS
    wildcards: prefix=bc, analysis=gfaseed1_cn100.ldpruned_r20.01_kb1000_pvalue_jitter0_0.R_ldsc, chrom=8
    resources: mem_mb=1000, mem_mib=954, disk_mb=1000, disk_mib=954, tmpdir=<TBD>

Submitted job 120 with external jobid 'Submitted batch job 14980493'.
[Thu Oct  3 19:44:10 2024]
Finished job 127.
45 of 70 steps (64%) done
[Thu Oct  3 19:44:10 2024]
Finished job 124.
46 of 70 steps (66%) done
[Thu Oct  3 19:44:10 2024]
Finished job 131.
47 of 70 steps (67%) done
[Thu Oct  3 19:44:10 2024]
Finished job 134.
48 of 70 steps (69%) done
[Thu Oct  3 19:44:10 2024]
Finished job 133.
49 of 70 steps (70%) done
[Thu Oct  3 19:44:10 2024]
Finished job 130.
50 of 70 steps (71%) done
[Thu Oct  3 19:44:43 2024]
Finished job 128.
51 of 70 steps (73%) done
[Thu Oct  3 19:44:43 2024]
Finished job 126.
52 of 70 steps (74%) done
[Thu Oct  3 19:44:43 2024]
Finished job 121.
53 of 70 steps (76%) done
[Thu Oct  3 19:44:43 2024]
Finished job 122.
54 of 70 steps (77%) done
[Thu Oct  3 19:44:43 2024]
Finished job 119.
55 of 70 steps (79%) done
[Thu Oct  3 19:44:43 2024]
Finished job 118.
56 of 70 steps (80%) done
[Thu Oct  3 19:44:43 2024]
Finished job 117.
57 of 70 steps (81%) done
[Thu Oct  3 19:44:43 2024]
Finished job 116.
58 of 70 steps (83%) done
[Thu Oct  3 19:44:43 2024]
Finished job 114.
59 of 70 steps (84%) done
[Thu Oct  3 19:44:43 2024]
Finished job 113.
60 of 70 steps (86%) done
[Thu Oct  3 19:44:44 2024]
Finished job 115.
61 of 70 steps (87%) done
[Thu Oct  3 19:44:44 2024]
Finished job 120.
62 of 70 steps (89%) done
[Thu Oct  3 19:44:44 2024]
Finished job 123.
63 of 70 steps (90%) done
[Thu Oct  3 19:44:44 2024]
Finished job 129.
64 of 70 steps (91%) done
[Thu Oct  3 19:44:44 2024]
Finished job 125.
65 of 70 steps (93%) done
[Thu Oct  3 19:44:54 2024]
Finished job 132.
66 of 70 steps (94%) done
[Thu Oct  3 19:46:44 2024]
Finished job 135.
67 of 70 steps (96%) done
[Thu Oct  3 19:47:44 2024]
Finished job 67.
68 of 70 steps (97%) done
Select jobs to execute...

[Thu Oct  3 19:47:44 2024]
localrule plot_bc:
    input: ../../results/applied_analysis/gfa_results/bc_gfa_gfaseed1_cn100.ldpruned_r20.01_kb1000_pvalue_jitter0_0.R_ldsc.final.RDS, ../../results/applied_analysis/gfa_results/bc_gls_loadings.gfaseed1_cn100.ldpruned_r20.01_kb1000_pvalue_jitter0_0.R_ldsc.Rgcor.RDS, ../../results/applied_analysis/gfa_results/bc_gls_loadings.gfaseed1_cn100.ldpruned_r20.01_kb1000_pvalue_jitter0_0.R_ldsc.top_snps.1.RDS, ../../results/applied_analysis/gfa_results/bc_gls_loadings.gfaseed1_cn100.ldpruned_r20.01_kb1000_pvalue_jitter0_0.R_ldsc.top_snps.2.RDS, ../../results/applied_analysis/gfa_results/bc_gls_loadings.gfaseed1_cn100.ldpruned_r20.01_kb1000_pvalue_jitter0_0.R_ldsc.top_snps.3.RDS, ../../results/applied_analysis/gfa_results/bc_gls_loadings.gfaseed1_cn100.ldpruned_r20.01_kb1000_pvalue_jitter0_0.R_ldsc.top_snps.4.RDS, ../../results/applied_analysis/gfa_results/bc_gls_loadings.gfaseed1_cn100.ldpruned_r20.01_kb1000_pvalue_jitter0_0.R_ldsc.top_snps.5.RDS, ../../results/applied_analysis/gfa_results/bc_gls_loadings.gfaseed1_cn100.ldpruned_r20.01_kb1000_pvalue_jitter0_0.R_ldsc.top_snps.6.RDS, ../../results/applied_analysis/gfa_results/bc_gls_loadings.gfaseed1_cn100.ldpruned_r20.01_kb1000_pvalue_jitter0_0.R_ldsc.top_snps.7.RDS, ../../results/applied_analysis/gfa_results/bc_gls_loadings.gfaseed1_cn100.ldpruned_r20.01_kb1000_pvalue_jitter0_0.R_ldsc.top_snps.8.RDS, ../../results/applied_analysis/gfa_results/bc_gls_loadings.gfaseed1_cn100.ldpruned_r20.01_kb1000_pvalue_jitter0_0.R_ldsc.top_snps.9.RDS, ../../results/applied_analysis/gfa_results/bc_gls_loadings.gfaseed1_cn100.ldpruned_r20.01_kb1000_pvalue_jitter0_0.R_ldsc.top_snps.10.RDS, ../../results/applied_analysis/gfa_results/bc_gls_loadings.gfaseed1_cn100.ldpruned_r20.01_kb1000_pvalue_jitter0_0.R_ldsc.top_snps.11.RDS, ../../results/applied_analysis/gfa_results/bc_gls_loadings.gfaseed1_cn100.ldpruned_r20.01_kb1000_pvalue_jitter0_0.R_ldsc.top_snps.12.RDS, ../../results/applied_analysis/gfa_results/bc_gls_loadings.gfaseed1_cn100.ldpruned_r20.01_kb1000_pvalue_jitter0_0.R_ldsc.top_snps.13.RDS, ../../results/applied_analysis/gfa_results/bc_gls_loadings.gfaseed1_cn100.ldpruned_r20.01_kb1000_pvalue_jitter0_0.R_ldsc.top_snps.14.RDS, ../../results/applied_analysis/gfa_results/bc_gls_loadings.gfaseed1_cn100.ldpruned_r20.01_kb1000_pvalue_jitter0_0.R_ldsc.top_snps.15.RDS, ../../results/applied_analysis/gfa_results/bc_gls_loadings.gfaseed1_cn100.ldpruned_r20.01_kb1000_pvalue_jitter0_0.R_ldsc.top_snps.16.RDS, ../../results/applied_analysis/gfa_results/bc_gls_loadings.gfaseed1_cn100.ldpruned_r20.01_kb1000_pvalue_jitter0_0.R_ldsc.top_snps.17.RDS, ../../results/applied_analysis/gfa_results/bc_gls_loadings.gfaseed1_cn100.ldpruned_r20.01_kb1000_pvalue_jitter0_0.R_ldsc.top_snps.18.RDS, ../../results/applied_analysis/gfa_results/bc_gls_loadings.gfaseed1_cn100.ldpruned_r20.01_kb1000_pvalue_jitter0_0.R_ldsc.top_snps.19.RDS, ../../results/applied_analysis/gfa_results/bc_gls_loadings.gfaseed1_cn100.ldpruned_r20.01_kb1000_pvalue_jitter0_0.R_ldsc.top_snps.20.RDS, ../../results/applied_analysis/gfa_results/bc_gls_loadings.gfaseed1_cn100.ldpruned_r20.01_kb1000_pvalue_jitter0_0.R_ldsc.top_snps.21.RDS, ../../results/applied_analysis/gfa_results/bc_gls_loadings.gfaseed1_cn100.ldpruned_r20.01_kb1000_pvalue_jitter0_0.R_ldsc.top_snps.22.RDS
    output: ../../results/applied_analysis/plots/bc_plot.gfaseed1_cn100.ldpruned_r20.01_kb1000_pvalue_jitter0_0.R_ldsc.png
    jobid: 66
    reason: Missing output files: ../../results/applied_analysis/plots/bc_plot.gfaseed1_cn100.ldpruned_r20.01_kb1000_pvalue_jitter0_0.R_ldsc.png; Input files updated by another job: ../../results/applied_analysis/gfa_results/bc_gls_loadings.gfaseed1_cn100.ldpruned_r20.01_kb1000_pvalue_jitter0_0.R_ldsc.top_snps.20.RDS, ../../results/applied_analysis/gfa_results/bc_gls_loadings.gfaseed1_cn100.ldpruned_r20.01_kb1000_pvalue_jitter0_0.R_ldsc.top_snps.6.RDS, ../../results/applied_analysis/gfa_results/bc_gls_loadings.gfaseed1_cn100.ldpruned_r20.01_kb1000_pvalue_jitter0_0.R_ldsc.Rgcor.RDS, ../../results/applied_analysis/gfa_results/bc_gls_loadings.gfaseed1_cn100.ldpruned_r20.01_kb1000_pvalue_jitter0_0.R_ldsc.top_snps.1.RDS, ../../results/applied_analysis/gfa_results/bc_gls_loadings.gfaseed1_cn100.ldpruned_r20.01_kb1000_pvalue_jitter0_0.R_ldsc.top_snps.11.RDS, ../../results/applied_analysis/gfa_results/bc_gls_loadings.gfaseed1_cn100.ldpruned_r20.01_kb1000_pvalue_jitter0_0.R_ldsc.top_snps.5.RDS, ../../results/applied_analysis/gfa_results/bc_gls_loadings.gfaseed1_cn100.ldpruned_r20.01_kb1000_pvalue_jitter0_0.R_ldsc.top_snps.2.RDS, ../../results/applied_analysis/gfa_results/bc_gls_loadings.gfaseed1_cn100.ldpruned_r20.01_kb1000_pvalue_jitter0_0.R_ldsc.top_snps.14.RDS, ../../results/applied_analysis/gfa_results/bc_gls_loadings.gfaseed1_cn100.ldpruned_r20.01_kb1000_pvalue_jitter0_0.R_ldsc.top_snps.12.RDS, ../../results/applied_analysis/gfa_results/bc_gls_loadings.gfaseed1_cn100.ldpruned_r20.01_kb1000_pvalue_jitter0_0.R_ldsc.top_snps.15.RDS, ../../results/applied_analysis/gfa_results/bc_gls_loadings.gfaseed1_cn100.ldpruned_r20.01_kb1000_pvalue_jitter0_0.R_ldsc.top_snps.17.RDS, ../../results/applied_analysis/gfa_results/bc_gls_loadings.gfaseed1_cn100.ldpruned_r20.01_kb1000_pvalue_jitter0_0.R_ldsc.top_snps.19.RDS, ../../results/applied_analysis/gfa_results/bc_gls_loadings.gfaseed1_cn100.ldpruned_r20.01_kb1000_pvalue_jitter0_0.R_ldsc.top_snps.13.RDS, ../../results/applied_analysis/gfa_results/bc_gls_loadings.gfaseed1_cn100.ldpruned_r20.01_kb1000_pvalue_jitter0_0.R_ldsc.top_snps.9.RDS, ../../results/applied_analysis/gfa_results/bc_gls_loadings.gfaseed1_cn100.ldpruned_r20.01_kb1000_pvalue_jitter0_0.R_ldsc.top_snps.16.RDS, ../../results/applied_analysis/gfa_results/bc_gls_loadings.gfaseed1_cn100.ldpruned_r20.01_kb1000_pvalue_jitter0_0.R_ldsc.top_snps.21.RDS, ../../results/applied_analysis/gfa_results/bc_gls_loadings.gfaseed1_cn100.ldpruned_r20.01_kb1000_pvalue_jitter0_0.R_ldsc.top_snps.4.RDS, ../../results/applied_analysis/gfa_results/bc_gls_loadings.gfaseed1_cn100.ldpruned_r20.01_kb1000_pvalue_jitter0_0.R_ldsc.top_snps.3.RDS, ../../results/applied_analysis/gfa_results/bc_gls_loadings.gfaseed1_cn100.ldpruned_r20.01_kb1000_pvalue_jitter0_0.R_ldsc.top_snps.7.RDS, ../../results/applied_analysis/gfa_results/bc_gls_loadings.gfaseed1_cn100.ldpruned_r20.01_kb1000_pvalue_jitter0_0.R_ldsc.top_snps.22.RDS, ../../results/applied_analysis/gfa_results/bc_gls_loadings.gfaseed1_cn100.ldpruned_r20.01_kb1000_pvalue_jitter0_0.R_ldsc.top_snps.10.RDS, ../../results/applied_analysis/gfa_results/bc_gls_loadings.gfaseed1_cn100.ldpruned_r20.01_kb1000_pvalue_jitter0_0.R_ldsc.top_snps.18.RDS, ../../results/applied_analysis/gfa_results/bc_gls_loadings.gfaseed1_cn100.ldpruned_r20.01_kb1000_pvalue_jitter0_0.R_ldsc.top_snps.8.RDS
    wildcards: analysis=gfaseed1_cn100.ldpruned_r20.01_kb1000_pvalue_jitter0_0.R_ldsc
    resources: mem_mb=1000, mem_mib=954, disk_mb=1000, disk_mib=954, tmpdir=/tmp

[Thu Oct  3 19:47:50 2024]
Finished job 66.
69 of 70 steps (99%) done
Select jobs to execute...

[Thu Oct  3 19:47:51 2024]
localrule all:
    input: ../../results/applied_analysis/gfa_results/metab_gfa_gfaseed1_cn100.ldpruned_r20.01_kb1000_pvalue_jitter0_0.R_ldsc.final.RDS, ../../results/applied_analysis/gfa_results/metab_gfa_gfaseed1_cn100.ldpruned_r20.01_kb1000_pvalue_jitter0_0.R_none.final.RDS, ../../results/applied_analysis/gfa_results/metab_gfa_gfaseed1_cn100.ldpruned_r20.01_kb1000_pvalue_jitter0.5_1.R_ldsc.final.RDS, ../../results/applied_analysis/gfa_results/metab_gfa_gfaseed1_cn100.ldpruned_r20.01_kb1000_pvalue_jitter0.5_1.R_none.final.RDS, ../../results/applied_analysis/gfa_results/metab_gfa_gfaseed1_cn100.ldpruned_r20.01_kb1000_pvalue_jitter0.5_2.R_ldsc.final.RDS, ../../results/applied_analysis/gfa_results/metab_gfa_gfaseed1_cn100.ldpruned_r20.01_kb1000_pvalue_jitter0.5_2.R_none.final.RDS, ../../results/applied_analysis/gfa_results/metab_gfa_gfaseed1_cn100.ldpruned_r20.01_kb1000_pvalue_jitter0.5_3.R_ldsc.final.RDS, ../../results/applied_analysis/gfa_results/metab_gfa_gfaseed1_cn100.ldpruned_r20.01_kb1000_pvalue_jitter0.5_3.R_none.final.RDS, ../../results/applied_analysis/gfa_results/metab_gfa_gfaseed1_cn1000.ldpruned_r20.01_kb1000_pvalue_jitter0_0.R_ldsc.final.RDS, ../../results/applied_analysis/gfa_results/metab_gfa_gfaseed1_cn1000.ldpruned_r20.01_kb1000_pvalue_jitter0_0.R_none.final.RDS, ../../results/applied_analysis/gfa_results/metab_gfa_gfaseed1_cn1000.ldpruned_r20.01_kb1000_pvalue_jitter0.5_1.R_ldsc.final.RDS, ../../results/applied_analysis/gfa_results/metab_gfa_gfaseed1_cn1000.ldpruned_r20.01_kb1000_pvalue_jitter0.5_1.R_none.final.RDS, ../../results/applied_analysis/gfa_results/metab_gfa_gfaseed1_cn1000.ldpruned_r20.01_kb1000_pvalue_jitter0.5_2.R_ldsc.final.RDS, ../../results/applied_analysis/gfa_results/metab_gfa_gfaseed1_cn1000.ldpruned_r20.01_kb1000_pvalue_jitter0.5_2.R_none.final.RDS, ../../results/applied_analysis/gfa_results/metab_gfa_gfaseed1_cn1000.ldpruned_r20.01_kb1000_pvalue_jitter0.5_3.R_ldsc.final.RDS, ../../results/applied_analysis/gfa_results/metab_gfa_gfaseed1_cn1000.ldpruned_r20.01_kb1000_pvalue_jitter0.5_3.R_none.final.RDS, ../../results/applied_analysis/gfa_results/bc_gfa_gfaseed1_cn100.ldpruned_r20.01_kb1000_pvalue_jitter0_0.R_ldsc.final.RDS, ../../results/applied_analysis/gfa_results/bc_gfa_gfaseed1_cn100.ldpruned_r20.01_kb1000_pvalue_jitter0_0.R_none.final.RDS, ../../results/applied_analysis/gfa_results/bc_gfa_gfaseed1_cn100.ldpruned_r20.01_kb1000_pvalue_jitter0.5_1.R_ldsc.final.RDS, ../../results/applied_analysis/gfa_results/bc_gfa_gfaseed1_cn100.ldpruned_r20.01_kb1000_pvalue_jitter0.5_1.R_none.final.RDS, ../../results/applied_analysis/gfa_results/bc_gfa_gfaseed1_cn100.ldpruned_r20.01_kb1000_pvalue_jitter0.5_2.R_ldsc.final.RDS, ../../results/applied_analysis/gfa_results/bc_gfa_gfaseed1_cn100.ldpruned_r20.01_kb1000_pvalue_jitter0.5_2.R_none.final.RDS, ../../results/applied_analysis/gfa_results/bc_gfa_gfaseed1_cn100.ldpruned_r20.01_kb1000_pvalue_jitter0.5_3.R_ldsc.final.RDS, ../../results/applied_analysis/gfa_results/bc_gfa_gfaseed1_cn100.ldpruned_r20.01_kb1000_pvalue_jitter0.5_3.R_none.final.RDS, ../../results/applied_analysis/gfa_results/bc_gfa_gfaseed1_cn1000.ldpruned_r20.01_kb1000_pvalue_jitter0_0.R_ldsc.final.RDS, ../../results/applied_analysis/gfa_results/bc_gfa_gfaseed1_cn1000.ldpruned_r20.01_kb1000_pvalue_jitter0_0.R_none.final.RDS, ../../results/applied_analysis/gfa_results/bc_gfa_gfaseed1_cn1000.ldpruned_r20.01_kb1000_pvalue_jitter0.5_1.R_ldsc.final.RDS, ../../results/applied_analysis/gfa_results/bc_gfa_gfaseed1_cn1000.ldpruned_r20.01_kb1000_pvalue_jitter0.5_1.R_none.final.RDS, ../../results/applied_analysis/gfa_results/bc_gfa_gfaseed1_cn1000.ldpruned_r20.01_kb1000_pvalue_jitter0.5_2.R_ldsc.final.RDS, ../../results/applied_analysis/gfa_results/bc_gfa_gfaseed1_cn1000.ldpruned_r20.01_kb1000_pvalue_jitter0.5_2.R_none.final.RDS, ../../results/applied_analysis/gfa_results/bc_gfa_gfaseed1_cn1000.ldpruned_r20.01_kb1000_pvalue_jitter0.5_3.R_ldsc.final.RDS, ../../results/applied_analysis/gfa_results/bc_gfa_gfaseed1_cn1000.ldpruned_r20.01_kb1000_pvalue_jitter0.5_3.R_none.final.RDS, ../../results/applied_analysis/plots/metab_plot.gfaseed1_cn100.ldpruned_r20.01_kb1000_pvalue_jitter0_0.R_ldsc.png, ../../results/applied_analysis/plots/bc_plot.gfaseed1_cn100.ldpruned_r20.01_kb1000_pvalue_jitter0_0.R_ldsc.png, ../../results/applied_analysis/gfa_results/metab_gls_loadings.gfaseed1_cn100.ldpruned_r20.01_kb1000_pvalue_jitter0_0.R_ldsc.Rgcor.RDS, ../../results/applied_analysis/gfa_results/bc_gls_loadings.gfaseed1_cn100.ldpruned_r20.01_kb1000_pvalue_jitter0_0.R_ldsc.Rgcor.RDS
    jobid: 0
    reason: Input files updated by another job: ../../results/applied_analysis/plots/bc_plot.gfaseed1_cn100.ldpruned_r20.01_kb1000_pvalue_jitter0_0.R_ldsc.png, ../../results/applied_analysis/gfa_results/bc_gls_loadings.gfaseed1_cn100.ldpruned_r20.01_kb1000_pvalue_jitter0_0.R_ldsc.Rgcor.RDS, ../../results/applied_analysis/gfa_results/metab_gls_loadings.gfaseed1_cn100.ldpruned_r20.01_kb1000_pvalue_jitter0_0.R_ldsc.Rgcor.RDS
    resources: mem_mb=4416, mem_mib=4212, disk_mb=4416, disk_mib=4212, tmpdir=/tmp

[Thu Oct  3 19:47:51 2024]
Finished job 0.
70 of 70 steps (100%) done
Complete log: .snakemake/log/2024-10-03T194240.466183.snakemake.log
