Building DAG of jobs...
Using shell: /usr/bin/bash
Provided cluster nodes: 96
Job stats:
job      count
-----  -------
all          1
mht          2
qq           1
total        4

Select jobs to execute...

[Thu Oct  3 21:50:55 2024]
rule qq:
    input: ../../results/applied_analysis/gfa_results/bc_gls_loadings.gfaseed1_cn100.ldpruned_r20.01_kb1000_pvalue_jitter0_0.R_ldsc.1.RDS, ../../results/applied_analysis/gfa_results/bc_gls_loadings.gfaseed1_cn100.ldpruned_r20.01_kb1000_pvalue_jitter0_0.R_ldsc.2.RDS, ../../results/applied_analysis/gfa_results/bc_gls_loadings.gfaseed1_cn100.ldpruned_r20.01_kb1000_pvalue_jitter0_0.R_ldsc.3.RDS, ../../results/applied_analysis/gfa_results/bc_gls_loadings.gfaseed1_cn100.ldpruned_r20.01_kb1000_pvalue_jitter0_0.R_ldsc.4.RDS, ../../results/applied_analysis/gfa_results/bc_gls_loadings.gfaseed1_cn100.ldpruned_r20.01_kb1000_pvalue_jitter0_0.R_ldsc.5.RDS, ../../results/applied_analysis/gfa_results/bc_gls_loadings.gfaseed1_cn100.ldpruned_r20.01_kb1000_pvalue_jitter0_0.R_ldsc.6.RDS, ../../results/applied_analysis/gfa_results/bc_gls_loadings.gfaseed1_cn100.ldpruned_r20.01_kb1000_pvalue_jitter0_0.R_ldsc.7.RDS, ../../results/applied_analysis/gfa_results/bc_gls_loadings.gfaseed1_cn100.ldpruned_r20.01_kb1000_pvalue_jitter0_0.R_ldsc.8.RDS, ../../results/applied_analysis/gfa_results/bc_gls_loadings.gfaseed1_cn100.ldpruned_r20.01_kb1000_pvalue_jitter0_0.R_ldsc.9.RDS, ../../results/applied_analysis/gfa_results/bc_gls_loadings.gfaseed1_cn100.ldpruned_r20.01_kb1000_pvalue_jitter0_0.R_ldsc.10.RDS, ../../results/applied_analysis/gfa_results/bc_gls_loadings.gfaseed1_cn100.ldpruned_r20.01_kb1000_pvalue_jitter0_0.R_ldsc.11.RDS, ../../results/applied_analysis/gfa_results/bc_gls_loadings.gfaseed1_cn100.ldpruned_r20.01_kb1000_pvalue_jitter0_0.R_ldsc.12.RDS, ../../results/applied_analysis/gfa_results/bc_gls_loadings.gfaseed1_cn100.ldpruned_r20.01_kb1000_pvalue_jitter0_0.R_ldsc.13.RDS, ../../results/applied_analysis/gfa_results/bc_gls_loadings.gfaseed1_cn100.ldpruned_r20.01_kb1000_pvalue_jitter0_0.R_ldsc.14.RDS, ../../results/applied_analysis/gfa_results/bc_gls_loadings.gfaseed1_cn100.ldpruned_r20.01_kb1000_pvalue_jitter0_0.R_ldsc.15.RDS, ../../results/applied_analysis/gfa_results/bc_gls_loadings.gfaseed1_cn100.ldpruned_r20.01_kb1000_pvalue_jitter0_0.R_ldsc.16.RDS, ../../results/applied_analysis/gfa_results/bc_gls_loadings.gfaseed1_cn100.ldpruned_r20.01_kb1000_pvalue_jitter0_0.R_ldsc.17.RDS, ../../results/applied_analysis/gfa_results/bc_gls_loadings.gfaseed1_cn100.ldpruned_r20.01_kb1000_pvalue_jitter0_0.R_ldsc.18.RDS, ../../results/applied_analysis/gfa_results/bc_gls_loadings.gfaseed1_cn100.ldpruned_r20.01_kb1000_pvalue_jitter0_0.R_ldsc.19.RDS, ../../results/applied_analysis/gfa_results/bc_gls_loadings.gfaseed1_cn100.ldpruned_r20.01_kb1000_pvalue_jitter0_0.R_ldsc.20.RDS, ../../results/applied_analysis/gfa_results/bc_gls_loadings.gfaseed1_cn100.ldpruned_r20.01_kb1000_pvalue_jitter0_0.R_ldsc.21.RDS, ../../results/applied_analysis/gfa_results/bc_gls_loadings.gfaseed1_cn100.ldpruned_r20.01_kb1000_pvalue_jitter0_0.R_ldsc.22.RDS
    output: ../../results/applied_analysis/plots/bc_qqplot.gfaseed1_cn100.ldpruned_r20.01_kb1000_pvalue_jitter0_0.R_ldsc.1.png
    jobid: 182
    reason: Missing output files: ../../results/applied_analysis/plots/bc_qqplot.gfaseed1_cn100.ldpruned_r20.01_kb1000_pvalue_jitter0_0.R_ldsc.1.png
    wildcards: prefix=bc, analysis=gfaseed1_cn100.ldpruned_r20.01_kb1000_pvalue_jitter0_0.R_ldsc
    resources: mem_mb=3053, mem_mib=2912, disk_mb=3053, disk_mib=2912, tmpdir=<TBD>

Submitted job 182 with external jobid 'Submitted batch job 14988763'.

[Thu Oct  3 21:50:55 2024]
rule mht:
    input: ../../results/applied_analysis/gfa_results/metab_gls_loadings.gfaseed1_cn100.ldpruned_r20.01_kb1000_pvalue_jitter0_0.R_ldsc.1.RDS, ../../results/applied_analysis/gfa_results/metab_gls_loadings.gfaseed1_cn100.ldpruned_r20.01_kb1000_pvalue_jitter0_0.R_ldsc.2.RDS, ../../results/applied_analysis/gfa_results/metab_gls_loadings.gfaseed1_cn100.ldpruned_r20.01_kb1000_pvalue_jitter0_0.R_ldsc.3.RDS, ../../results/applied_analysis/gfa_results/metab_gls_loadings.gfaseed1_cn100.ldpruned_r20.01_kb1000_pvalue_jitter0_0.R_ldsc.4.RDS, ../../results/applied_analysis/gfa_results/metab_gls_loadings.gfaseed1_cn100.ldpruned_r20.01_kb1000_pvalue_jitter0_0.R_ldsc.5.RDS, ../../results/applied_analysis/gfa_results/metab_gls_loadings.gfaseed1_cn100.ldpruned_r20.01_kb1000_pvalue_jitter0_0.R_ldsc.6.RDS, ../../results/applied_analysis/gfa_results/metab_gls_loadings.gfaseed1_cn100.ldpruned_r20.01_kb1000_pvalue_jitter0_0.R_ldsc.7.RDS, ../../results/applied_analysis/gfa_results/metab_gls_loadings.gfaseed1_cn100.ldpruned_r20.01_kb1000_pvalue_jitter0_0.R_ldsc.8.RDS, ../../results/applied_analysis/gfa_results/metab_gls_loadings.gfaseed1_cn100.ldpruned_r20.01_kb1000_pvalue_jitter0_0.R_ldsc.9.RDS, ../../results/applied_analysis/gfa_results/metab_gls_loadings.gfaseed1_cn100.ldpruned_r20.01_kb1000_pvalue_jitter0_0.R_ldsc.10.RDS, ../../results/applied_analysis/gfa_results/metab_gls_loadings.gfaseed1_cn100.ldpruned_r20.01_kb1000_pvalue_jitter0_0.R_ldsc.11.RDS, ../../results/applied_analysis/gfa_results/metab_gls_loadings.gfaseed1_cn100.ldpruned_r20.01_kb1000_pvalue_jitter0_0.R_ldsc.12.RDS, ../../results/applied_analysis/gfa_results/metab_gls_loadings.gfaseed1_cn100.ldpruned_r20.01_kb1000_pvalue_jitter0_0.R_ldsc.13.RDS, ../../results/applied_analysis/gfa_results/metab_gls_loadings.gfaseed1_cn100.ldpruned_r20.01_kb1000_pvalue_jitter0_0.R_ldsc.14.RDS, ../../results/applied_analysis/gfa_results/metab_gls_loadings.gfaseed1_cn100.ldpruned_r20.01_kb1000_pvalue_jitter0_0.R_ldsc.15.RDS, ../../results/applied_analysis/gfa_results/metab_gls_loadings.gfaseed1_cn100.ldpruned_r20.01_kb1000_pvalue_jitter0_0.R_ldsc.16.RDS, ../../results/applied_analysis/gfa_results/metab_gls_loadings.gfaseed1_cn100.ldpruned_r20.01_kb1000_pvalue_jitter0_0.R_ldsc.17.RDS, ../../results/applied_analysis/gfa_results/metab_gls_loadings.gfaseed1_cn100.ldpruned_r20.01_kb1000_pvalue_jitter0_0.R_ldsc.18.RDS, ../../results/applied_analysis/gfa_results/metab_gls_loadings.gfaseed1_cn100.ldpruned_r20.01_kb1000_pvalue_jitter0_0.R_ldsc.19.RDS, ../../results/applied_analysis/gfa_results/metab_gls_loadings.gfaseed1_cn100.ldpruned_r20.01_kb1000_pvalue_jitter0_0.R_ldsc.20.RDS, ../../results/applied_analysis/gfa_results/metab_gls_loadings.gfaseed1_cn100.ldpruned_r20.01_kb1000_pvalue_jitter0_0.R_ldsc.21.RDS, ../../results/applied_analysis/gfa_results/metab_gls_loadings.gfaseed1_cn100.ldpruned_r20.01_kb1000_pvalue_jitter0_0.R_ldsc.22.RDS
    output: ../../results/applied_analysis/plots/metab_mhtplot.gfaseed1_cn100.ldpruned_r20.01_kb1000_pvalue_jitter0_0.R_ldsc.1.png
    jobid: 183
    reason: Missing output files: ../../results/applied_analysis/plots/metab_mhtplot.gfaseed1_cn100.ldpruned_r20.01_kb1000_pvalue_jitter0_0.R_ldsc.1.png
    wildcards: prefix=metab, analysis=gfaseed1_cn100.ldpruned_r20.01_kb1000_pvalue_jitter0_0.R_ldsc
    resources: mem_mb=1014, mem_mib=968, disk_mb=1014, disk_mib=968, tmpdir=<TBD>

Submitted job 183 with external jobid 'Submitted batch job 14988764'.

[Thu Oct  3 21:50:56 2024]
rule mht:
    input: ../../results/applied_analysis/gfa_results/bc_gls_loadings.gfaseed1_cn100.ldpruned_r20.01_kb1000_pvalue_jitter0_0.R_ldsc.1.RDS, ../../results/applied_analysis/gfa_results/bc_gls_loadings.gfaseed1_cn100.ldpruned_r20.01_kb1000_pvalue_jitter0_0.R_ldsc.2.RDS, ../../results/applied_analysis/gfa_results/bc_gls_loadings.gfaseed1_cn100.ldpruned_r20.01_kb1000_pvalue_jitter0_0.R_ldsc.3.RDS, ../../results/applied_analysis/gfa_results/bc_gls_loadings.gfaseed1_cn100.ldpruned_r20.01_kb1000_pvalue_jitter0_0.R_ldsc.4.RDS, ../../results/applied_analysis/gfa_results/bc_gls_loadings.gfaseed1_cn100.ldpruned_r20.01_kb1000_pvalue_jitter0_0.R_ldsc.5.RDS, ../../results/applied_analysis/gfa_results/bc_gls_loadings.gfaseed1_cn100.ldpruned_r20.01_kb1000_pvalue_jitter0_0.R_ldsc.6.RDS, ../../results/applied_analysis/gfa_results/bc_gls_loadings.gfaseed1_cn100.ldpruned_r20.01_kb1000_pvalue_jitter0_0.R_ldsc.7.RDS, ../../results/applied_analysis/gfa_results/bc_gls_loadings.gfaseed1_cn100.ldpruned_r20.01_kb1000_pvalue_jitter0_0.R_ldsc.8.RDS, ../../results/applied_analysis/gfa_results/bc_gls_loadings.gfaseed1_cn100.ldpruned_r20.01_kb1000_pvalue_jitter0_0.R_ldsc.9.RDS, ../../results/applied_analysis/gfa_results/bc_gls_loadings.gfaseed1_cn100.ldpruned_r20.01_kb1000_pvalue_jitter0_0.R_ldsc.10.RDS, ../../results/applied_analysis/gfa_results/bc_gls_loadings.gfaseed1_cn100.ldpruned_r20.01_kb1000_pvalue_jitter0_0.R_ldsc.11.RDS, ../../results/applied_analysis/gfa_results/bc_gls_loadings.gfaseed1_cn100.ldpruned_r20.01_kb1000_pvalue_jitter0_0.R_ldsc.12.RDS, ../../results/applied_analysis/gfa_results/bc_gls_loadings.gfaseed1_cn100.ldpruned_r20.01_kb1000_pvalue_jitter0_0.R_ldsc.13.RDS, ../../results/applied_analysis/gfa_results/bc_gls_loadings.gfaseed1_cn100.ldpruned_r20.01_kb1000_pvalue_jitter0_0.R_ldsc.14.RDS, ../../results/applied_analysis/gfa_results/bc_gls_loadings.gfaseed1_cn100.ldpruned_r20.01_kb1000_pvalue_jitter0_0.R_ldsc.15.RDS, ../../results/applied_analysis/gfa_results/bc_gls_loadings.gfaseed1_cn100.ldpruned_r20.01_kb1000_pvalue_jitter0_0.R_ldsc.16.RDS, ../../results/applied_analysis/gfa_results/bc_gls_loadings.gfaseed1_cn100.ldpruned_r20.01_kb1000_pvalue_jitter0_0.R_ldsc.17.RDS, ../../results/applied_analysis/gfa_results/bc_gls_loadings.gfaseed1_cn100.ldpruned_r20.01_kb1000_pvalue_jitter0_0.R_ldsc.18.RDS, ../../results/applied_analysis/gfa_results/bc_gls_loadings.gfaseed1_cn100.ldpruned_r20.01_kb1000_pvalue_jitter0_0.R_ldsc.19.RDS, ../../results/applied_analysis/gfa_results/bc_gls_loadings.gfaseed1_cn100.ldpruned_r20.01_kb1000_pvalue_jitter0_0.R_ldsc.20.RDS, ../../results/applied_analysis/gfa_results/bc_gls_loadings.gfaseed1_cn100.ldpruned_r20.01_kb1000_pvalue_jitter0_0.R_ldsc.21.RDS, ../../results/applied_analysis/gfa_results/bc_gls_loadings.gfaseed1_cn100.ldpruned_r20.01_kb1000_pvalue_jitter0_0.R_ldsc.22.RDS
    output: ../../results/applied_analysis/plots/bc_mhtplot.gfaseed1_cn100.ldpruned_r20.01_kb1000_pvalue_jitter0_0.R_ldsc.1.png
    jobid: 184
    reason: Missing output files: ../../results/applied_analysis/plots/bc_mhtplot.gfaseed1_cn100.ldpruned_r20.01_kb1000_pvalue_jitter0_0.R_ldsc.1.png
    wildcards: prefix=bc, analysis=gfaseed1_cn100.ldpruned_r20.01_kb1000_pvalue_jitter0_0.R_ldsc
    resources: mem_mb=3053, mem_mib=2912, disk_mb=3053, disk_mib=2912, tmpdir=<TBD>

Submitted job 184 with external jobid 'Submitted batch job 14988765'.
[Thu Oct  3 22:05:46 2024]
Finished job 183.
1 of 4 steps (25%) done
[Thu Oct  3 22:30:07 2024]
Finished job 182.
2 of 4 steps (50%) done
[Thu Oct  3 22:31:47 2024]
Finished job 184.
3 of 4 steps (75%) done
Select jobs to execute...

[Thu Oct  3 22:31:47 2024]
localrule all:
    input: ../../results/applied_analysis/gfa_results/metab_gfa_gfaseed1_cn100.ldpruned_r20.01_kb1000_pvalue_jitter0_0.R_ldsc.final.RDS, ../../results/applied_analysis/gfa_results/metab_gfa_gfaseed1_cn100.ldpruned_r20.01_kb1000_pvalue_jitter0_0.R_none.final.RDS, ../../results/applied_analysis/gfa_results/metab_gfa_gfaseed1_cn100.ldpruned_r20.01_kb1000_pvalue_jitter0.5_1.R_ldsc.final.RDS, ../../results/applied_analysis/gfa_results/metab_gfa_gfaseed1_cn100.ldpruned_r20.01_kb1000_pvalue_jitter0.5_1.R_none.final.RDS, ../../results/applied_analysis/gfa_results/metab_gfa_gfaseed1_cn100.ldpruned_r20.01_kb1000_pvalue_jitter0.5_2.R_ldsc.final.RDS, ../../results/applied_analysis/gfa_results/metab_gfa_gfaseed1_cn100.ldpruned_r20.01_kb1000_pvalue_jitter0.5_2.R_none.final.RDS, ../../results/applied_analysis/gfa_results/metab_gfa_gfaseed1_cn100.ldpruned_r20.01_kb1000_pvalue_jitter0.5_3.R_ldsc.final.RDS, ../../results/applied_analysis/gfa_results/metab_gfa_gfaseed1_cn100.ldpruned_r20.01_kb1000_pvalue_jitter0.5_3.R_none.final.RDS, ../../results/applied_analysis/gfa_results/metab_gfa_gfaseed1_cn1000.ldpruned_r20.01_kb1000_pvalue_jitter0_0.R_ldsc.final.RDS, ../../results/applied_analysis/gfa_results/metab_gfa_gfaseed1_cn1000.ldpruned_r20.01_kb1000_pvalue_jitter0_0.R_none.final.RDS, ../../results/applied_analysis/gfa_results/metab_gfa_gfaseed1_cn1000.ldpruned_r20.01_kb1000_pvalue_jitter0.5_1.R_ldsc.final.RDS, ../../results/applied_analysis/gfa_results/metab_gfa_gfaseed1_cn1000.ldpruned_r20.01_kb1000_pvalue_jitter0.5_1.R_none.final.RDS, ../../results/applied_analysis/gfa_results/metab_gfa_gfaseed1_cn1000.ldpruned_r20.01_kb1000_pvalue_jitter0.5_2.R_ldsc.final.RDS, ../../results/applied_analysis/gfa_results/metab_gfa_gfaseed1_cn1000.ldpruned_r20.01_kb1000_pvalue_jitter0.5_2.R_none.final.RDS, ../../results/applied_analysis/gfa_results/metab_gfa_gfaseed1_cn1000.ldpruned_r20.01_kb1000_pvalue_jitter0.5_3.R_ldsc.final.RDS, ../../results/applied_analysis/gfa_results/metab_gfa_gfaseed1_cn1000.ldpruned_r20.01_kb1000_pvalue_jitter0.5_3.R_none.final.RDS, ../../results/applied_analysis/gfa_results/bc_gfa_gfaseed1_cn100.ldpruned_r20.01_kb1000_pvalue_jitter0_0.R_ldsc.final.RDS, ../../results/applied_analysis/gfa_results/bc_gfa_gfaseed1_cn100.ldpruned_r20.01_kb1000_pvalue_jitter0_0.R_none.final.RDS, ../../results/applied_analysis/gfa_results/bc_gfa_gfaseed1_cn100.ldpruned_r20.01_kb1000_pvalue_jitter0.5_1.R_ldsc.final.RDS, ../../results/applied_analysis/gfa_results/bc_gfa_gfaseed1_cn100.ldpruned_r20.01_kb1000_pvalue_jitter0.5_1.R_none.final.RDS, ../../results/applied_analysis/gfa_results/bc_gfa_gfaseed1_cn100.ldpruned_r20.01_kb1000_pvalue_jitter0.5_2.R_ldsc.final.RDS, ../../results/applied_analysis/gfa_results/bc_gfa_gfaseed1_cn100.ldpruned_r20.01_kb1000_pvalue_jitter0.5_2.R_none.final.RDS, ../../results/applied_analysis/gfa_results/bc_gfa_gfaseed1_cn100.ldpruned_r20.01_kb1000_pvalue_jitter0.5_3.R_ldsc.final.RDS, ../../results/applied_analysis/gfa_results/bc_gfa_gfaseed1_cn100.ldpruned_r20.01_kb1000_pvalue_jitter0.5_3.R_none.final.RDS, ../../results/applied_analysis/gfa_results/bc_gfa_gfaseed1_cn1000.ldpruned_r20.01_kb1000_pvalue_jitter0_0.R_ldsc.final.RDS, ../../results/applied_analysis/gfa_results/bc_gfa_gfaseed1_cn1000.ldpruned_r20.01_kb1000_pvalue_jitter0_0.R_none.final.RDS, ../../results/applied_analysis/gfa_results/bc_gfa_gfaseed1_cn1000.ldpruned_r20.01_kb1000_pvalue_jitter0.5_1.R_ldsc.final.RDS, ../../results/applied_analysis/gfa_results/bc_gfa_gfaseed1_cn1000.ldpruned_r20.01_kb1000_pvalue_jitter0.5_1.R_none.final.RDS, ../../results/applied_analysis/gfa_results/bc_gfa_gfaseed1_cn1000.ldpruned_r20.01_kb1000_pvalue_jitter0.5_2.R_ldsc.final.RDS, ../../results/applied_analysis/gfa_results/bc_gfa_gfaseed1_cn1000.ldpruned_r20.01_kb1000_pvalue_jitter0.5_2.R_none.final.RDS, ../../results/applied_analysis/gfa_results/bc_gfa_gfaseed1_cn1000.ldpruned_r20.01_kb1000_pvalue_jitter0.5_3.R_ldsc.final.RDS, ../../results/applied_analysis/gfa_results/bc_gfa_gfaseed1_cn1000.ldpruned_r20.01_kb1000_pvalue_jitter0.5_3.R_none.final.RDS, ../../results/applied_analysis/plots/metab_plot.gfaseed1_cn100.ldpruned_r20.01_kb1000_pvalue_jitter0_0.R_ldsc.png, ../../results/applied_analysis/plots/bc_plot.gfaseed1_cn100.ldpruned_r20.01_kb1000_pvalue_jitter0_0.R_ldsc.png, ../../results/applied_analysis/gfa_results/metab_gls_loadings.gfaseed1_cn100.ldpruned_r20.01_kb1000_pvalue_jitter0_0.R_ldsc.Rgcor.RDS, ../../results/applied_analysis/gfa_results/bc_gls_loadings.gfaseed1_cn100.ldpruned_r20.01_kb1000_pvalue_jitter0_0.R_ldsc.Rgcor.RDS, ../../results/applied_analysis/plots/metab_qqplot.gfaseed1_cn100.ldpruned_r20.01_kb1000_pvalue_jitter0_0.R_ldsc.1.png, ../../results/applied_analysis/plots/bc_qqplot.gfaseed1_cn100.ldpruned_r20.01_kb1000_pvalue_jitter0_0.R_ldsc.1.png, ../../results/applied_analysis/plots/metab_mhtplot.gfaseed1_cn100.ldpruned_r20.01_kb1000_pvalue_jitter0_0.R_ldsc.1.png, ../../results/applied_analysis/plots/bc_mhtplot.gfaseed1_cn100.ldpruned_r20.01_kb1000_pvalue_jitter0_0.R_ldsc.1.png
    jobid: 0
    reason: Input files updated by another job: ../../results/applied_analysis/plots/bc_qqplot.gfaseed1_cn100.ldpruned_r20.01_kb1000_pvalue_jitter0_0.R_ldsc.1.png, ../../results/applied_analysis/plots/metab_mhtplot.gfaseed1_cn100.ldpruned_r20.01_kb1000_pvalue_jitter0_0.R_ldsc.1.png, ../../results/applied_analysis/plots/bc_mhtplot.gfaseed1_cn100.ldpruned_r20.01_kb1000_pvalue_jitter0_0.R_ldsc.1.png
    resources: mem_mb=4418, mem_mib=4214, disk_mb=4418, disk_mib=4214, tmpdir=/tmp

[Thu Oct  3 22:31:47 2024]
Finished job 0.
4 of 4 steps (100%) done
Complete log: .snakemake/log/2024-10-03T215054.347491.snakemake.log
