Building DAG of jobs...
Using shell: /usr/bin/bash
Provided cluster nodes: 96
Job stats:
job      count
-----  -------
all          1
mht          2
qq           1
total        4

Select jobs to execute...

[Thu Oct  3 21:45:47 2024]
rule mht:
    input: ../../results/applied_analysis/gfa_results/metab_gls_loadings.gfaseed1_cn100.ldpruned_r20.01_kb1000_pvalue_jitter0_0.R_ldsc.1.RDS, ../../results/applied_analysis/gfa_results/metab_gls_loadings.gfaseed1_cn100.ldpruned_r20.01_kb1000_pvalue_jitter0_0.R_ldsc.2.RDS, ../../results/applied_analysis/gfa_results/metab_gls_loadings.gfaseed1_cn100.ldpruned_r20.01_kb1000_pvalue_jitter0_0.R_ldsc.3.RDS, ../../results/applied_analysis/gfa_results/metab_gls_loadings.gfaseed1_cn100.ldpruned_r20.01_kb1000_pvalue_jitter0_0.R_ldsc.4.RDS, ../../results/applied_analysis/gfa_results/metab_gls_loadings.gfaseed1_cn100.ldpruned_r20.01_kb1000_pvalue_jitter0_0.R_ldsc.5.RDS, ../../results/applied_analysis/gfa_results/metab_gls_loadings.gfaseed1_cn100.ldpruned_r20.01_kb1000_pvalue_jitter0_0.R_ldsc.6.RDS, ../../results/applied_analysis/gfa_results/metab_gls_loadings.gfaseed1_cn100.ldpruned_r20.01_kb1000_pvalue_jitter0_0.R_ldsc.7.RDS, ../../results/applied_analysis/gfa_results/metab_gls_loadings.gfaseed1_cn100.ldpruned_r20.01_kb1000_pvalue_jitter0_0.R_ldsc.8.RDS, ../../results/applied_analysis/gfa_results/metab_gls_loadings.gfaseed1_cn100.ldpruned_r20.01_kb1000_pvalue_jitter0_0.R_ldsc.9.RDS, ../../results/applied_analysis/gfa_results/metab_gls_loadings.gfaseed1_cn100.ldpruned_r20.01_kb1000_pvalue_jitter0_0.R_ldsc.10.RDS, ../../results/applied_analysis/gfa_results/metab_gls_loadings.gfaseed1_cn100.ldpruned_r20.01_kb1000_pvalue_jitter0_0.R_ldsc.11.RDS, ../../results/applied_analysis/gfa_results/metab_gls_loadings.gfaseed1_cn100.ldpruned_r20.01_kb1000_pvalue_jitter0_0.R_ldsc.12.RDS, ../../results/applied_analysis/gfa_results/metab_gls_loadings.gfaseed1_cn100.ldpruned_r20.01_kb1000_pvalue_jitter0_0.R_ldsc.13.RDS, ../../results/applied_analysis/gfa_results/metab_gls_loadings.gfaseed1_cn100.ldpruned_r20.01_kb1000_pvalue_jitter0_0.R_ldsc.14.RDS, ../../results/applied_analysis/gfa_results/metab_gls_loadings.gfaseed1_cn100.ldpruned_r20.01_kb1000_pvalue_jitter0_0.R_ldsc.15.RDS, ../../results/applied_analysis/gfa_results/metab_gls_loadings.gfaseed1_cn100.ldpruned_r20.01_kb1000_pvalue_jitter0_0.R_ldsc.16.RDS, ../../results/applied_analysis/gfa_results/metab_gls_loadings.gfaseed1_cn100.ldpruned_r20.01_kb1000_pvalue_jitter0_0.R_ldsc.17.RDS, ../../results/applied_analysis/gfa_results/metab_gls_loadings.gfaseed1_cn100.ldpruned_r20.01_kb1000_pvalue_jitter0_0.R_ldsc.18.RDS, ../../results/applied_analysis/gfa_results/metab_gls_loadings.gfaseed1_cn100.ldpruned_r20.01_kb1000_pvalue_jitter0_0.R_ldsc.19.RDS, ../../results/applied_analysis/gfa_results/metab_gls_loadings.gfaseed1_cn100.ldpruned_r20.01_kb1000_pvalue_jitter0_0.R_ldsc.20.RDS, ../../results/applied_analysis/gfa_results/metab_gls_loadings.gfaseed1_cn100.ldpruned_r20.01_kb1000_pvalue_jitter0_0.R_ldsc.21.RDS, ../../results/applied_analysis/gfa_results/metab_gls_loadings.gfaseed1_cn100.ldpruned_r20.01_kb1000_pvalue_jitter0_0.R_ldsc.22.RDS
    output: ../../results/applied_analysis/plots/metab_mhtplot.gfaseed1_cn100.ldpruned_r20.01_kb1000_pvalue_jitter0_0.R_ldsc.1.png
    jobid: 183
    reason: Missing output files: ../../results/applied_analysis/plots/metab_mhtplot.gfaseed1_cn100.ldpruned_r20.01_kb1000_pvalue_jitter0_0.R_ldsc.1.png
    wildcards: prefix=metab, analysis=gfaseed1_cn100.ldpruned_r20.01_kb1000_pvalue_jitter0_0.R_ldsc
    resources: mem_mb=1014, mem_mib=968, disk_mb=1014, disk_mib=968, tmpdir=<TBD>

Submitted job 183 with external jobid 'Submitted batch job 14987585'.

[Thu Oct  3 21:45:47 2024]
rule qq:
    input: ../../results/applied_analysis/gfa_results/bc_gls_loadings.gfaseed1_cn100.ldpruned_r20.01_kb1000_pvalue_jitter0_0.R_ldsc.1.RDS, ../../results/applied_analysis/gfa_results/bc_gls_loadings.gfaseed1_cn100.ldpruned_r20.01_kb1000_pvalue_jitter0_0.R_ldsc.2.RDS, ../../results/applied_analysis/gfa_results/bc_gls_loadings.gfaseed1_cn100.ldpruned_r20.01_kb1000_pvalue_jitter0_0.R_ldsc.3.RDS, ../../results/applied_analysis/gfa_results/bc_gls_loadings.gfaseed1_cn100.ldpruned_r20.01_kb1000_pvalue_jitter0_0.R_ldsc.4.RDS, ../../results/applied_analysis/gfa_results/bc_gls_loadings.gfaseed1_cn100.ldpruned_r20.01_kb1000_pvalue_jitter0_0.R_ldsc.5.RDS, ../../results/applied_analysis/gfa_results/bc_gls_loadings.gfaseed1_cn100.ldpruned_r20.01_kb1000_pvalue_jitter0_0.R_ldsc.6.RDS, ../../results/applied_analysis/gfa_results/bc_gls_loadings.gfaseed1_cn100.ldpruned_r20.01_kb1000_pvalue_jitter0_0.R_ldsc.7.RDS, ../../results/applied_analysis/gfa_results/bc_gls_loadings.gfaseed1_cn100.ldpruned_r20.01_kb1000_pvalue_jitter0_0.R_ldsc.8.RDS, ../../results/applied_analysis/gfa_results/bc_gls_loadings.gfaseed1_cn100.ldpruned_r20.01_kb1000_pvalue_jitter0_0.R_ldsc.9.RDS, ../../results/applied_analysis/gfa_results/bc_gls_loadings.gfaseed1_cn100.ldpruned_r20.01_kb1000_pvalue_jitter0_0.R_ldsc.10.RDS, ../../results/applied_analysis/gfa_results/bc_gls_loadings.gfaseed1_cn100.ldpruned_r20.01_kb1000_pvalue_jitter0_0.R_ldsc.11.RDS, ../../results/applied_analysis/gfa_results/bc_gls_loadings.gfaseed1_cn100.ldpruned_r20.01_kb1000_pvalue_jitter0_0.R_ldsc.12.RDS, ../../results/applied_analysis/gfa_results/bc_gls_loadings.gfaseed1_cn100.ldpruned_r20.01_kb1000_pvalue_jitter0_0.R_ldsc.13.RDS, ../../results/applied_analysis/gfa_results/bc_gls_loadings.gfaseed1_cn100.ldpruned_r20.01_kb1000_pvalue_jitter0_0.R_ldsc.14.RDS, ../../results/applied_analysis/gfa_results/bc_gls_loadings.gfaseed1_cn100.ldpruned_r20.01_kb1000_pvalue_jitter0_0.R_ldsc.15.RDS, ../../results/applied_analysis/gfa_results/bc_gls_loadings.gfaseed1_cn100.ldpruned_r20.01_kb1000_pvalue_jitter0_0.R_ldsc.16.RDS, ../../results/applied_analysis/gfa_results/bc_gls_loadings.gfaseed1_cn100.ldpruned_r20.01_kb1000_pvalue_jitter0_0.R_ldsc.17.RDS, ../../results/applied_analysis/gfa_results/bc_gls_loadings.gfaseed1_cn100.ldpruned_r20.01_kb1000_pvalue_jitter0_0.R_ldsc.18.RDS, ../../results/applied_analysis/gfa_results/bc_gls_loadings.gfaseed1_cn100.ldpruned_r20.01_kb1000_pvalue_jitter0_0.R_ldsc.19.RDS, ../../results/applied_analysis/gfa_results/bc_gls_loadings.gfaseed1_cn100.ldpruned_r20.01_kb1000_pvalue_jitter0_0.R_ldsc.20.RDS, ../../results/applied_analysis/gfa_results/bc_gls_loadings.gfaseed1_cn100.ldpruned_r20.01_kb1000_pvalue_jitter0_0.R_ldsc.21.RDS, ../../results/applied_analysis/gfa_results/bc_gls_loadings.gfaseed1_cn100.ldpruned_r20.01_kb1000_pvalue_jitter0_0.R_ldsc.22.RDS
    output: ../../results/applied_analysis/plots/bc_qqplot.gfaseed1_cn100.ldpruned_r20.01_kb1000_pvalue_jitter0_0.R_ldsc.1.png
    jobid: 182
    reason: Missing output files: ../../results/applied_analysis/plots/bc_qqplot.gfaseed1_cn100.ldpruned_r20.01_kb1000_pvalue_jitter0_0.R_ldsc.1.png
    wildcards: prefix=bc, analysis=gfaseed1_cn100.ldpruned_r20.01_kb1000_pvalue_jitter0_0.R_ldsc
    resources: mem_mb=3053, mem_mib=2912, disk_mb=3053, disk_mib=2912, tmpdir=<TBD>

Submitted job 182 with external jobid 'Submitted batch job 14987586'.

[Thu Oct  3 21:45:47 2024]
rule mht:
    input: ../../results/applied_analysis/gfa_results/bc_gls_loadings.gfaseed1_cn100.ldpruned_r20.01_kb1000_pvalue_jitter0_0.R_ldsc.1.RDS, ../../results/applied_analysis/gfa_results/bc_gls_loadings.gfaseed1_cn100.ldpruned_r20.01_kb1000_pvalue_jitter0_0.R_ldsc.2.RDS, ../../results/applied_analysis/gfa_results/bc_gls_loadings.gfaseed1_cn100.ldpruned_r20.01_kb1000_pvalue_jitter0_0.R_ldsc.3.RDS, ../../results/applied_analysis/gfa_results/bc_gls_loadings.gfaseed1_cn100.ldpruned_r20.01_kb1000_pvalue_jitter0_0.R_ldsc.4.RDS, ../../results/applied_analysis/gfa_results/bc_gls_loadings.gfaseed1_cn100.ldpruned_r20.01_kb1000_pvalue_jitter0_0.R_ldsc.5.RDS, ../../results/applied_analysis/gfa_results/bc_gls_loadings.gfaseed1_cn100.ldpruned_r20.01_kb1000_pvalue_jitter0_0.R_ldsc.6.RDS, ../../results/applied_analysis/gfa_results/bc_gls_loadings.gfaseed1_cn100.ldpruned_r20.01_kb1000_pvalue_jitter0_0.R_ldsc.7.RDS, ../../results/applied_analysis/gfa_results/bc_gls_loadings.gfaseed1_cn100.ldpruned_r20.01_kb1000_pvalue_jitter0_0.R_ldsc.8.RDS, ../../results/applied_analysis/gfa_results/bc_gls_loadings.gfaseed1_cn100.ldpruned_r20.01_kb1000_pvalue_jitter0_0.R_ldsc.9.RDS, ../../results/applied_analysis/gfa_results/bc_gls_loadings.gfaseed1_cn100.ldpruned_r20.01_kb1000_pvalue_jitter0_0.R_ldsc.10.RDS, ../../results/applied_analysis/gfa_results/bc_gls_loadings.gfaseed1_cn100.ldpruned_r20.01_kb1000_pvalue_jitter0_0.R_ldsc.11.RDS, ../../results/applied_analysis/gfa_results/bc_gls_loadings.gfaseed1_cn100.ldpruned_r20.01_kb1000_pvalue_jitter0_0.R_ldsc.12.RDS, ../../results/applied_analysis/gfa_results/bc_gls_loadings.gfaseed1_cn100.ldpruned_r20.01_kb1000_pvalue_jitter0_0.R_ldsc.13.RDS, ../../results/applied_analysis/gfa_results/bc_gls_loadings.gfaseed1_cn100.ldpruned_r20.01_kb1000_pvalue_jitter0_0.R_ldsc.14.RDS, ../../results/applied_analysis/gfa_results/bc_gls_loadings.gfaseed1_cn100.ldpruned_r20.01_kb1000_pvalue_jitter0_0.R_ldsc.15.RDS, ../../results/applied_analysis/gfa_results/bc_gls_loadings.gfaseed1_cn100.ldpruned_r20.01_kb1000_pvalue_jitter0_0.R_ldsc.16.RDS, ../../results/applied_analysis/gfa_results/bc_gls_loadings.gfaseed1_cn100.ldpruned_r20.01_kb1000_pvalue_jitter0_0.R_ldsc.17.RDS, ../../results/applied_analysis/gfa_results/bc_gls_loadings.gfaseed1_cn100.ldpruned_r20.01_kb1000_pvalue_jitter0_0.R_ldsc.18.RDS, ../../results/applied_analysis/gfa_results/bc_gls_loadings.gfaseed1_cn100.ldpruned_r20.01_kb1000_pvalue_jitter0_0.R_ldsc.19.RDS, ../../results/applied_analysis/gfa_results/bc_gls_loadings.gfaseed1_cn100.ldpruned_r20.01_kb1000_pvalue_jitter0_0.R_ldsc.20.RDS, ../../results/applied_analysis/gfa_results/bc_gls_loadings.gfaseed1_cn100.ldpruned_r20.01_kb1000_pvalue_jitter0_0.R_ldsc.21.RDS, ../../results/applied_analysis/gfa_results/bc_gls_loadings.gfaseed1_cn100.ldpruned_r20.01_kb1000_pvalue_jitter0_0.R_ldsc.22.RDS
    output: ../../results/applied_analysis/plots/bc_mhtplot.gfaseed1_cn100.ldpruned_r20.01_kb1000_pvalue_jitter0_0.R_ldsc.1.png
    jobid: 184
    reason: Missing output files: ../../results/applied_analysis/plots/bc_mhtplot.gfaseed1_cn100.ldpruned_r20.01_kb1000_pvalue_jitter0_0.R_ldsc.1.png
    wildcards: prefix=bc, analysis=gfaseed1_cn100.ldpruned_r20.01_kb1000_pvalue_jitter0_0.R_ldsc
    resources: mem_mb=3053, mem_mib=2912, disk_mb=3053, disk_mib=2912, tmpdir=<TBD>

Submitted job 184 with external jobid 'Submitted batch job 14987587'.
Will exit after finishing currently running jobs (scheduler).
Will exit after finishing currently running jobs (scheduler).
