Building DAG of jobs...
Using shell: /usr/bin/bash
Provided cores: 1 (use --cores to define parallelism)
Rules claiming more threads will be scaled down.
Provided resources: mem_mb=1000, mem_mib=954, disk_mb=1000, disk_mib=954
Select jobs to execute...

[Thu Oct 31 12:36:33 2024]
rule plot_metab:
    input: ../../results/applied_analysis/gfa_results/metab_gfa_gfaseed1_cn100.ldpruned_r20.01_kb1000_pvalue_jitter0_0.R_none.final.RDS
    output: ../../results/applied_analysis/plots/metab_plot.gfaseed1_cn100.ldpruned_r20.01_kb1000_pvalue_jitter0_0.R_none.png, ../../results/applied_analysis/gfa_results/metab_pveci_gfaseed1_cn100.ldpruned_r20.01_kb1000_pvalue_jitter0_0.R_none.RDS
    jobid: 0
    reason: Forced execution
    wildcards: analysis=gfaseed1_cn100.ldpruned_r20.01_kb1000_pvalue_jitter0_0.R_none
    resources: mem_mb=1000, mem_mib=954, disk_mb=1000, disk_mib=954, tmpdir=/tmp


Attaching package: ‘dplyr’

The following objects are masked from ‘package:stats’:

    filter, lag

The following objects are masked from ‘package:base’:

    intersect, setdiff, setequal, union

Loading required package: viridisLite
Scale for fill is already present.
Adding another scale for fill, which will replace the existing scale.
Computing intervals for pve

Not cleaning up /gpfs/accounts/jvmorr_root/jvmorr0/jvmorr/GFA_analysis/gfa_manuscript/code/revision_applied/.snakemake/scripts/tmp_wwg4npv.12_plot_metab.R
[Thu Oct 31 12:38:16 2024]
Finished job 0.
1 of 1 steps (100%) done
