R version 4.3.1 (2023-06-16)
Platform: x86_64-pc-linux-gnu (64-bit)
Running under: Red Hat Enterprise Linux 8.8 (Ootpa)

Matrix products: default
BLAS:   /sw/pkgs/arc/stacks/gcc/10.3.0/R/4.3.1/lib64/R/lib/libRblas.so 
LAPACK: /sw/pkgs/arc/stacks/gcc/10.3.0/R/4.3.1/lib64/R/lib/libRlapack.so;  LAPACK version 3.11.0

locale:
 [1] LC_CTYPE=en_US.UTF-8       LC_NUMERIC=C              
 [3] LC_TIME=en_US.UTF-8        LC_COLLATE=en_US.UTF-8    
 [5] LC_MONETARY=en_US.UTF-8    LC_MESSAGES=en_US.UTF-8   
 [7] LC_PAPER=en_US.UTF-8       LC_NAME=C                 
 [9] LC_ADDRESS=C               LC_TELEPHONE=C            
[11] LC_MEASUREMENT=en_US.UTF-8 LC_IDENTIFICATION=C       

time zone: America/Detroit
tzcode source: system (glibc)

attached base packages:
[1] stats     graphics  grDevices utils     datasets  methods   base     

other attached packages:
[1] viridis_0.6.4     viridisLite_0.4.2 GFA_0.1.2.0333    stringr_1.5.1    
[5] ggplot2_3.5.1     dplyr_1.1.4      

loaded via a namespace (and not attached):
 [1] softImpute_1.4-1     gtable_0.3.5         flashier_1.0.54     
 [4] htmlwidgets_1.6.4    ggrepel_0.9.6        ebnm_1.1-34         
 [7] lattice_0.21-8       tzdb_0.4.0           quadprog_1.5-8      
[10] vctrs_0.6.4          tools_4.3.1          generics_0.1.3      
[13] parallel_4.3.1       Polychrome_1.5.1     tibble_3.2.1        
[16] fansi_1.0.6          pkgconfig_2.0.3      Matrix_1.6-1        
[19] data.table_1.16.0    SQUAREM_2021.1       RColorBrewer_1.1-3  
[22] RcppParallel_5.1.9   scatterplot3d_0.3-44 lifecycle_1.0.4     
[25] truncnorm_1.0-9      compiler_4.3.1       progress_1.2.3      
[28] munsell_0.5.1        RhpcBLASctl_0.23-42  htmltools_0.5.8.1   
[31] lazyeval_0.2.2       plotly_4.10.4        pillar_1.9.0        
[34] crayon_1.5.3         tidyr_1.3.1          uwot_0.2.2          
[37] trust_0.1-8          gtools_3.9.5         tidyselect_1.2.1    
[40] digest_0.6.37        Rtsne_0.17           stringi_1.8.2       
[43] reshape2_1.4.4       purrr_1.0.2          ashr_2.2-63         
[46] splines_4.3.1        cowplot_1.1.3        fastmap_1.2.0       
[49] grid_4.3.1           colorspace_2.1-1     cli_3.6.2           
[52] invgamma_1.1         magrittr_2.0.3       utf8_1.2.4          
[55] readr_2.1.5          withr_3.0.1          prettyunits_1.2.0   
[58] scales_1.3.0         horseshoe_0.2.0      httr_1.4.7          
[61] fastTopics_0.6-192   gridExtra_2.3        deconvolveR_1.2-1   
[64] hms_1.1.3            lpSolve_5.6.20       pbapply_1.7-2       
[67] irlba_2.3.5.1        rlang_1.1.2          Rcpp_1.0.12         
[70] mixsqp_0.3-54        glue_1.7.0           jsonlite_1.8.9      
[73] plyr_1.8.9           R6_2.5.1            
