Building DAG of jobs...
Using shell: /usr/bin/bash
Provided cluster nodes: 96
Job stats:
job        count
-------  -------
all            1
collect        1
gfa_R         96
total         98

Select jobs to execute...

[Mon Aug 19 14:01:23 2024]
rule gfa_R:
    input: ../../results/simulation_results/simulate/simulate.B1.3.0.RDS, ../../results/simulation_results/R_ests/R_ests.B1.3.0.RDS
    output: ../../results/simulation_results/gfa/gfa_pt0.05_random_1e-3.B1.3.0.RDS
    jobid: 147
    reason: Missing output files: ../../results/simulation_results/gfa/gfa_pt0.05_random_1e-3.B1.3.0.RDS
    wildcards: Rstring=pt0.05, ldtype=random, pthresh=1e-3, scenario=B1, ndense=3, rep=0
    resources: mem_mb=1895, mem_mib=1808, disk_mb=1895, disk_mib=1808, tmpdir=<TBD>

Submitted job 147 with external jobid 'Submitted batch job 12632370'.

[Mon Aug 19 14:01:23 2024]
rule gfa_R:
    input: ../../results/simulation_results/simulate/simulate.A.3.0.RDS, ../../results/simulation_results/R_ests/R_ests.A.3.0.RDS
    output: ../../results/simulation_results/gfa/gfa_none_pval_1.A.3.0.RDS
    jobid: 87
    reason: Missing output files: ../../results/simulation_results/gfa/gfa_none_pval_1.A.3.0.RDS
    wildcards: Rstring=none, ldtype=pval, pthresh=1, scenario=A, ndense=3, rep=0
    resources: mem_mb=1895, mem_mib=1808, disk_mb=1895, disk_mib=1808, tmpdir=<TBD>

Submitted job 87 with external jobid 'Submitted batch job 12632371'.

[Mon Aug 19 14:01:23 2024]
rule gfa_R:
    input: ../../results/simulation_results/simulate/simulate.B1.3.0.RDS, ../../results/simulation_results/R_ests/R_ests.B1.3.0.RDS
    output: ../../results/simulation_results/gfa/gfa_pt0.05_pval_1e-3.B1.3.0.RDS
    jobid: 115
    reason: Missing output files: ../../results/simulation_results/gfa/gfa_pt0.05_pval_1e-3.B1.3.0.RDS
    wildcards: Rstring=pt0.05, ldtype=pval, pthresh=1e-3, scenario=B1, ndense=3, rep=0
    resources: mem_mb=1895, mem_mib=1808, disk_mb=1895, disk_mib=1808, tmpdir=<TBD>

Submitted job 115 with external jobid 'Submitted batch job 12632372'.

[Mon Aug 19 14:01:23 2024]
rule gfa_R:
    input: ../../results/simulation_results/simulate/simulate.A.12.0.RDS, ../../results/simulation_results/R_ests/R_ests.A.12.0.RDS
    output: ../../results/simulation_results/gfa/gfa_none_pval_1.A.12.0.RDS
    jobid: 88
    reason: Missing output files: ../../results/simulation_results/gfa/gfa_none_pval_1.A.12.0.RDS
    wildcards: Rstring=none, ldtype=pval, pthresh=1, scenario=A, ndense=12, rep=0
    resources: mem_mb=1928, mem_mib=1839, disk_mb=1928, disk_mib=1839, tmpdir=<TBD>

Submitted job 88 with external jobid 'Submitted batch job 12632373'.

[Mon Aug 19 14:01:23 2024]
rule gfa_R:
    input: ../../results/simulation_results/simulate/simulate.B2.3.0.RDS, ../../results/simulation_results/R_ests/R_ests.B2.3.0.RDS
    output: ../../results/simulation_results/gfa/gfa_pt0.05_random_1e-3.B2.3.0.RDS
    jobid: 148
    reason: Missing output files: ../../results/simulation_results/gfa/gfa_pt0.05_random_1e-3.B2.3.0.RDS
    wildcards: Rstring=pt0.05, ldtype=random, pthresh=1e-3, scenario=B2, ndense=3, rep=0
    resources: mem_mb=1895, mem_mib=1808, disk_mb=1895, disk_mib=1808, tmpdir=<TBD>

Submitted job 148 with external jobid 'Submitted batch job 12632374'.

[Mon Aug 19 14:01:23 2024]
rule gfa_R:
    input: ../../results/simulation_results/simulate/simulate.A.0.0.RDS, ../../results/simulation_results/R_ests/R_ests.A.0.0.RDS
    output: ../../results/simulation_results/gfa/gfa_pt0.05_pval_1.A.0.0.RDS
    jobid: 74
    reason: Missing output files: ../../results/simulation_results/gfa/gfa_pt0.05_pval_1.A.0.0.RDS
    wildcards: Rstring=pt0.05, ldtype=pval, pthresh=1, scenario=A, ndense=0, rep=0
    resources: mem_mb=1836, mem_mib=1751, disk_mb=1836, disk_mib=1751, tmpdir=<TBD>

Submitted job 74 with external jobid 'Submitted batch job 12632375'.

[Mon Aug 19 14:01:23 2024]
rule gfa_R:
    input: ../../results/simulation_results/simulate/simulate.B3.3.0.RDS, ../../results/simulation_results/R_ests/R_ests.B3.3.0.RDS
    output: ../../results/simulation_results/gfa/gfa_none_random_1.B3.3.0.RDS
    jobid: 137
    reason: Missing output files: ../../results/simulation_results/gfa/gfa_none_random_1.B3.3.0.RDS
    wildcards: Rstring=none, ldtype=random, pthresh=1, scenario=B3, ndense=3, rep=0
    resources: mem_mb=1895, mem_mib=1808, disk_mb=1895, disk_mib=1808, tmpdir=<TBD>

Submitted job 137 with external jobid 'Submitted batch job 12632376'.

[Mon Aug 19 14:01:24 2024]
rule gfa_R:
    input: ../../results/simulation_results/simulate/simulate.B1.0.0.RDS, ../../results/simulation_results/R_ests/R_ests.B1.0.0.RDS
    output: ../../results/simulation_results/gfa/gfa_none_pval_1.B1.0.0.RDS
    jobid: 89
    reason: Missing output files: ../../results/simulation_results/gfa/gfa_none_pval_1.B1.0.0.RDS
    wildcards: Rstring=none, ldtype=pval, pthresh=1, scenario=B1, ndense=0, rep=0
    resources: mem_mb=1836, mem_mib=1751, disk_mb=1836, disk_mib=1751, tmpdir=<TBD>

Submitted job 89 with external jobid 'Submitted batch job 12632377'.

[Mon Aug 19 14:01:24 2024]
rule gfa_R:
    input: ../../results/simulation_results/simulate/simulate.B3.3.0.RDS, ../../results/simulation_results/R_ests/R_ests.B3.3.0.RDS
    output: ../../results/simulation_results/gfa/gfa_pt0.05_random_1e-3.B3.3.0.RDS
    jobid: 149
    reason: Missing output files: ../../results/simulation_results/gfa/gfa_pt0.05_random_1e-3.B3.3.0.RDS
    wildcards: Rstring=pt0.05, ldtype=random, pthresh=1e-3, scenario=B3, ndense=3, rep=0
    resources: mem_mb=1895, mem_mib=1808, disk_mb=1895, disk_mib=1808, tmpdir=<TBD>

Submitted job 149 with external jobid 'Submitted batch job 12632378'.

[Mon Aug 19 14:01:24 2024]
rule gfa_R:
    input: ../../results/simulation_results/simulate/simulate.B2.3.0.RDS, ../../results/simulation_results/R_ests/R_ests.B2.3.0.RDS
    output: ../../results/simulation_results/gfa/gfa_pt0.05_pval_1e-3.B2.3.0.RDS
    jobid: 116
    reason: Missing output files: ../../results/simulation_results/gfa/gfa_pt0.05_pval_1e-3.B2.3.0.RDS
    wildcards: Rstring=pt0.05, ldtype=pval, pthresh=1e-3, scenario=B2, ndense=3, rep=0
    resources: mem_mb=1895, mem_mib=1808, disk_mb=1895, disk_mib=1808, tmpdir=<TBD>

Submitted job 116 with external jobid 'Submitted batch job 12632379'.

[Mon Aug 19 14:01:24 2024]
rule gfa_R:
    input: ../../results/simulation_results/simulate/simulate.A.3.0.RDS, ../../results/simulation_results/R_ests/R_ests.A.3.0.RDS
    output: ../../results/simulation_results/gfa/gfa_none_random_1e-3.A.3.0.RDS
    jobid: 150
    reason: Missing output files: ../../results/simulation_results/gfa/gfa_none_random_1e-3.A.3.0.RDS
    wildcards: Rstring=none, ldtype=random, pthresh=1e-3, scenario=A, ndense=3, rep=0
    resources: mem_mb=1895, mem_mib=1808, disk_mb=1895, disk_mib=1808, tmpdir=<TBD>

Submitted job 150 with external jobid 'Submitted batch job 12632380'.

[Mon Aug 19 14:01:24 2024]
rule gfa_R:
    input: ../../results/simulation_results/simulate/simulate.B1.3.0.RDS, ../../results/simulation_results/R_ests/R_ests.B1.3.0.RDS
    output: ../../results/simulation_results/gfa/gfa_none_pval_1.B1.3.0.RDS
    jobid: 90
    reason: Missing output files: ../../results/simulation_results/gfa/gfa_none_pval_1.B1.3.0.RDS
    wildcards: Rstring=none, ldtype=pval, pthresh=1, scenario=B1, ndense=3, rep=0
    resources: mem_mb=1895, mem_mib=1808, disk_mb=1895, disk_mib=1808, tmpdir=<TBD>

Submitted job 90 with external jobid 'Submitted batch job 12632381'.

[Mon Aug 19 14:01:24 2024]
rule gfa_R:
    input: ../../results/simulation_results/simulate/simulate.B2.3.0.RDS, ../../results/simulation_results/R_ests/R_ests.B2.3.0.RDS
    output: ../../results/simulation_results/gfa/gfa_none_pval_1e-3.B2.3.0.RDS
    jobid: 120
    reason: Missing output files: ../../results/simulation_results/gfa/gfa_none_pval_1e-3.B2.3.0.RDS
    wildcards: Rstring=none, ldtype=pval, pthresh=1e-3, scenario=B2, ndense=3, rep=0
    resources: mem_mb=1895, mem_mib=1808, disk_mb=1895, disk_mib=1808, tmpdir=<TBD>

Submitted job 120 with external jobid 'Submitted batch job 12632382'.

[Mon Aug 19 14:01:24 2024]
rule gfa_R:
    input: ../../results/simulation_results/simulate/simulate.A.3.0.RDS, ../../results/simulation_results/R_ests/R_ests.A.3.0.RDS
    output: ../../results/simulation_results/gfa/gfa_oracle_random_1.A.3.0.RDS
    jobid: 138
    reason: Missing output files: ../../results/simulation_results/gfa/gfa_oracle_random_1.A.3.0.RDS
    wildcards: Rstring=oracle, ldtype=random, pthresh=1, scenario=A, ndense=3, rep=0
    resources: mem_mb=1895, mem_mib=1808, disk_mb=1895, disk_mib=1808, tmpdir=<TBD>

Submitted job 138 with external jobid 'Submitted batch job 12632383'.

[Mon Aug 19 14:01:24 2024]
rule gfa_R:
    input: ../../results/simulation_results/simulate/simulate.B1.12.0.RDS, ../../results/simulation_results/R_ests/R_ests.B1.12.0.RDS
    output: ../../results/simulation_results/gfa/gfa_none_pval_1.B1.12.0.RDS
    jobid: 91
    reason: Missing output files: ../../results/simulation_results/gfa/gfa_none_pval_1.B1.12.0.RDS
    wildcards: Rstring=none, ldtype=pval, pthresh=1, scenario=B1, ndense=12, rep=0
    resources: mem_mb=1928, mem_mib=1839, disk_mb=1928, disk_mib=1839, tmpdir=<TBD>

Submitted job 91 with external jobid 'Submitted batch job 12632384'.

[Mon Aug 19 14:01:24 2024]
rule gfa_R:
    input: ../../results/simulation_results/simulate/simulate.B1.3.0.RDS, ../../results/simulation_results/R_ests/R_ests.B1.3.0.RDS
    output: ../../results/simulation_results/gfa/gfa_none_random_1e-3.B1.3.0.RDS
    jobid: 151
    reason: Missing output files: ../../results/simulation_results/gfa/gfa_none_random_1e-3.B1.3.0.RDS
    wildcards: Rstring=none, ldtype=random, pthresh=1e-3, scenario=B1, ndense=3, rep=0
    resources: mem_mb=1895, mem_mib=1808, disk_mb=1895, disk_mib=1808, tmpdir=<TBD>

Submitted job 151 with external jobid 'Submitted batch job 12632385'.

[Mon Aug 19 14:01:24 2024]
rule gfa_R:
    input: ../../results/simulation_results/simulate/simulate.A.3.0.RDS, ../../results/simulation_results/R_ests/R_ests.A.3.0.RDS
    output: ../../results/simulation_results/gfa/gfa_pt0.05_pval_1.A.3.0.RDS
    jobid: 75
    reason: Missing output files: ../../results/simulation_results/gfa/gfa_pt0.05_pval_1.A.3.0.RDS
    wildcards: Rstring=pt0.05, ldtype=pval, pthresh=1, scenario=A, ndense=3, rep=0
    resources: mem_mb=1895, mem_mib=1808, disk_mb=1895, disk_mib=1808, tmpdir=<TBD>

Submitted job 75 with external jobid 'Submitted batch job 12632386'.

[Mon Aug 19 14:01:24 2024]
rule gfa_R:
    input: ../../results/simulation_results/simulate/simulate.B3.3.0.RDS, ../../results/simulation_results/R_ests/R_ests.B3.3.0.RDS
    output: ../../results/simulation_results/gfa/gfa_pt0.05_pval_1e-3.B3.3.0.RDS
    jobid: 117
    reason: Missing output files: ../../results/simulation_results/gfa/gfa_pt0.05_pval_1e-3.B3.3.0.RDS
    wildcards: Rstring=pt0.05, ldtype=pval, pthresh=1e-3, scenario=B3, ndense=3, rep=0
    resources: mem_mb=1895, mem_mib=1808, disk_mb=1895, disk_mib=1808, tmpdir=<TBD>

Submitted job 117 with external jobid 'Submitted batch job 12632387'.

[Mon Aug 19 14:01:24 2024]
rule gfa_R:
    input: ../../results/simulation_results/simulate/simulate.B2.0.0.RDS, ../../results/simulation_results/R_ests/R_ests.B2.0.0.RDS
    output: ../../results/simulation_results/gfa/gfa_none_pval_1.B2.0.0.RDS
    jobid: 92
    reason: Missing output files: ../../results/simulation_results/gfa/gfa_none_pval_1.B2.0.0.RDS
    wildcards: Rstring=none, ldtype=pval, pthresh=1, scenario=B2, ndense=0, rep=0
    resources: mem_mb=1837, mem_mib=1752, disk_mb=1837, disk_mib=1752, tmpdir=<TBD>

Submitted job 92 with external jobid 'Submitted batch job 12632388'.

[Mon Aug 19 14:01:24 2024]
rule gfa_R:
    input: ../../results/simulation_results/simulate/simulate.B2.3.0.RDS, ../../results/simulation_results/R_ests/R_ests.B2.3.0.RDS
    output: ../../results/simulation_results/gfa/gfa_none_random_1e-3.B2.3.0.RDS
    jobid: 152
    reason: Missing output files: ../../results/simulation_results/gfa/gfa_none_random_1e-3.B2.3.0.RDS
    wildcards: Rstring=none, ldtype=random, pthresh=1e-3, scenario=B2, ndense=3, rep=0
    resources: mem_mb=1895, mem_mib=1808, disk_mb=1895, disk_mib=1808, tmpdir=<TBD>

Submitted job 152 with external jobid 'Submitted batch job 12632389'.

[Mon Aug 19 14:01:24 2024]
rule gfa_R:
    input: ../../results/simulation_results/simulate/simulate.B1.3.0.RDS, ../../results/simulation_results/R_ests/R_ests.B1.3.0.RDS
    output: ../../results/simulation_results/gfa/gfa_none_pval_1e-3.B1.3.0.RDS
    jobid: 119
    reason: Missing output files: ../../results/simulation_results/gfa/gfa_none_pval_1e-3.B1.3.0.RDS
    wildcards: Rstring=none, ldtype=pval, pthresh=1e-3, scenario=B1, ndense=3, rep=0
    resources: mem_mb=1895, mem_mib=1808, disk_mb=1895, disk_mib=1808, tmpdir=<TBD>

Submitted job 119 with external jobid 'Submitted batch job 12632390'.

[Mon Aug 19 14:01:24 2024]
rule gfa_R:
    input: ../../results/simulation_results/simulate/simulate.B2.3.0.RDS, ../../results/simulation_results/R_ests/R_ests.B2.3.0.RDS
    output: ../../results/simulation_results/gfa/gfa_none_pval_1.B2.3.0.RDS
    jobid: 93
    reason: Missing output files: ../../results/simulation_results/gfa/gfa_none_pval_1.B2.3.0.RDS
    wildcards: Rstring=none, ldtype=pval, pthresh=1, scenario=B2, ndense=3, rep=0
    resources: mem_mb=1895, mem_mib=1808, disk_mb=1895, disk_mib=1808, tmpdir=<TBD>

Submitted job 93 with external jobid 'Submitted batch job 12632391'.

[Mon Aug 19 14:01:24 2024]
rule gfa_R:
    input: ../../results/simulation_results/simulate/simulate.B3.3.0.RDS, ../../results/simulation_results/R_ests/R_ests.B3.3.0.RDS
    output: ../../results/simulation_results/gfa/gfa_none_random_1e-3.B3.3.0.RDS
    jobid: 153
    reason: Missing output files: ../../results/simulation_results/gfa/gfa_none_random_1e-3.B3.3.0.RDS
    wildcards: Rstring=none, ldtype=random, pthresh=1e-3, scenario=B3, ndense=3, rep=0
    resources: mem_mb=1895, mem_mib=1808, disk_mb=1895, disk_mib=1808, tmpdir=<TBD>

Submitted job 153 with external jobid 'Submitted batch job 12632392'.

[Mon Aug 19 14:01:24 2024]
rule gfa_R:
    input: ../../results/simulation_results/simulate/simulate.A.12.0.RDS, ../../results/simulation_results/R_ests/R_ests.A.12.0.RDS
    output: ../../results/simulation_results/gfa/gfa_pt0.05_pval_1.A.12.0.RDS
    jobid: 76
    reason: Missing output files: ../../results/simulation_results/gfa/gfa_pt0.05_pval_1.A.12.0.RDS
    wildcards: Rstring=pt0.05, ldtype=pval, pthresh=1, scenario=A, ndense=12, rep=0
    resources: mem_mb=1928, mem_mib=1839, disk_mb=1928, disk_mib=1839, tmpdir=<TBD>

Submitted job 76 with external jobid 'Submitted batch job 12632393'.

[Mon Aug 19 14:01:24 2024]
rule gfa_R:
    input: ../../results/simulation_results/simulate/simulate.A.3.0.RDS, ../../results/simulation_results/R_ests/R_ests.A.3.0.RDS
    output: ../../results/simulation_results/gfa/gfa_none_pval_1e-3.A.3.0.RDS
    jobid: 118
    reason: Missing output files: ../../results/simulation_results/gfa/gfa_none_pval_1e-3.A.3.0.RDS
    wildcards: Rstring=none, ldtype=pval, pthresh=1e-3, scenario=A, ndense=3, rep=0
    resources: mem_mb=1895, mem_mib=1808, disk_mb=1895, disk_mib=1808, tmpdir=<TBD>

Submitted job 118 with external jobid 'Submitted batch job 12632394'.

[Mon Aug 19 14:01:24 2024]
rule gfa_R:
    input: ../../results/simulation_results/simulate/simulate.A.0.0.RDS, ../../results/simulation_results/R_ests/R_ests.A.0.0.RDS
    output: ../../results/simulation_results/gfa/gfa_ldsc_pval_1.A.0.0.RDS
    jobid: 50
    reason: Missing output files: ../../results/simulation_results/gfa/gfa_ldsc_pval_1.A.0.0.RDS
    wildcards: Rstring=ldsc, ldtype=pval, pthresh=1, scenario=A, ndense=0, rep=0
    resources: mem_mb=1836, mem_mib=1751, disk_mb=1836, disk_mib=1751, tmpdir=<TBD>

Submitted job 50 with external jobid 'Submitted batch job 12632395'.

[Mon Aug 19 14:01:24 2024]
rule gfa_R:
    input: ../../results/simulation_results/simulate/simulate.B2.12.0.RDS, ../../results/simulation_results/R_ests/R_ests.B2.12.0.RDS
    output: ../../results/simulation_results/gfa/gfa_none_pval_1.B2.12.0.RDS
    jobid: 94
    reason: Missing output files: ../../results/simulation_results/gfa/gfa_none_pval_1.B2.12.0.RDS
    wildcards: Rstring=none, ldtype=pval, pthresh=1, scenario=B2, ndense=12, rep=0
    resources: mem_mb=1928, mem_mib=1839, disk_mb=1928, disk_mib=1839, tmpdir=<TBD>

Submitted job 94 with external jobid 'Submitted batch job 12632396'.

[Mon Aug 19 14:01:24 2024]
rule gfa_R:
    input: ../../results/simulation_results/simulate/simulate.A.3.0.RDS, ../../results/simulation_results/R_ests/R_ests.A.3.0.RDS
    output: ../../results/simulation_results/gfa/gfa_oracle_random_1e-3.A.3.0.RDS
    jobid: 154
    reason: Missing output files: ../../results/simulation_results/gfa/gfa_oracle_random_1e-3.A.3.0.RDS
    wildcards: Rstring=oracle, ldtype=random, pthresh=1e-3, scenario=A, ndense=3, rep=0
    resources: mem_mb=1895, mem_mib=1808, disk_mb=1895, disk_mib=1808, tmpdir=<TBD>

Submitted job 154 with external jobid 'Submitted batch job 12632397'.

[Mon Aug 19 14:01:25 2024]
rule gfa_R:
    input: ../../results/simulation_results/simulate/simulate.B1.3.0.RDS, ../../results/simulation_results/R_ests/R_ests.B1.3.0.RDS
    output: ../../results/simulation_results/gfa/gfa_oracle_pval_1e-3.B1.3.0.RDS
    jobid: 123
    reason: Missing output files: ../../results/simulation_results/gfa/gfa_oracle_pval_1e-3.B1.3.0.RDS
    wildcards: Rstring=oracle, ldtype=pval, pthresh=1e-3, scenario=B1, ndense=3, rep=0
    resources: mem_mb=1895, mem_mib=1808, disk_mb=1895, disk_mib=1808, tmpdir=<TBD>

Submitted job 123 with external jobid 'Submitted batch job 12632398'.

[Mon Aug 19 14:01:25 2024]
rule gfa_R:
    input: ../../results/simulation_results/simulate/simulate.A.3.0.RDS, ../../results/simulation_results/R_ests/R_ests.A.3.0.RDS
    output: ../../results/simulation_results/gfa/gfa_ldsc_pval_1.A.3.0.RDS
    jobid: 52
    reason: Missing output files: ../../results/simulation_results/gfa/gfa_ldsc_pval_1.A.3.0.RDS
    wildcards: Rstring=ldsc, ldtype=pval, pthresh=1, scenario=A, ndense=3, rep=0
    resources: mem_mb=1895, mem_mib=1808, disk_mb=1895, disk_mib=1808, tmpdir=<TBD>

Submitted job 52 with external jobid 'Submitted batch job 12632399'.

[Mon Aug 19 14:01:25 2024]
rule gfa_R:
    input: ../../results/simulation_results/simulate/simulate.B3.0.0.RDS, ../../results/simulation_results/R_ests/R_ests.B3.0.0.RDS
    output: ../../results/simulation_results/gfa/gfa_none_pval_1.B3.0.0.RDS
    jobid: 95
    reason: Missing output files: ../../results/simulation_results/gfa/gfa_none_pval_1.B3.0.0.RDS
    wildcards: Rstring=none, ldtype=pval, pthresh=1, scenario=B3, ndense=0, rep=0
    resources: mem_mb=1836, mem_mib=1751, disk_mb=1836, disk_mib=1751, tmpdir=<TBD>

Submitted job 95 with external jobid 'Submitted batch job 12632400'.

[Mon Aug 19 14:01:25 2024]
rule gfa_R:
    input: ../../results/simulation_results/simulate/simulate.B1.3.0.RDS, ../../results/simulation_results/R_ests/R_ests.B1.3.0.RDS
    output: ../../results/simulation_results/gfa/gfa_oracle_random_1e-3.B1.3.0.RDS
    jobid: 155
    reason: Missing output files: ../../results/simulation_results/gfa/gfa_oracle_random_1e-3.B1.3.0.RDS
    wildcards: Rstring=oracle, ldtype=random, pthresh=1e-3, scenario=B1, ndense=3, rep=0
    resources: mem_mb=1895, mem_mib=1808, disk_mb=1895, disk_mib=1808, tmpdir=<TBD>

Submitted job 155 with external jobid 'Submitted batch job 12632401'.

[Mon Aug 19 14:01:25 2024]
rule gfa_R:
    input: ../../results/simulation_results/simulate/simulate.B1.0.0.RDS, ../../results/simulation_results/R_ests/R_ests.B1.0.0.RDS
    output: ../../results/simulation_results/gfa/gfa_pt0.05_pval_1.B1.0.0.RDS
    jobid: 77
    reason: Missing output files: ../../results/simulation_results/gfa/gfa_pt0.05_pval_1.B1.0.0.RDS
    wildcards: Rstring=pt0.05, ldtype=pval, pthresh=1, scenario=B1, ndense=0, rep=0
    resources: mem_mb=1836, mem_mib=1751, disk_mb=1836, disk_mib=1751, tmpdir=<TBD>

Submitted job 77 with external jobid 'Submitted batch job 12632402'.

[Mon Aug 19 14:01:25 2024]
rule gfa_R:
    input: ../../results/simulation_results/simulate/simulate.B2.3.0.RDS, ../../results/simulation_results/R_ests/R_ests.B2.3.0.RDS
    output: ../../results/simulation_results/gfa/gfa_oracle_pval_1e-3.B2.3.0.RDS
    jobid: 124
    reason: Missing output files: ../../results/simulation_results/gfa/gfa_oracle_pval_1e-3.B2.3.0.RDS
    wildcards: Rstring=oracle, ldtype=pval, pthresh=1e-3, scenario=B2, ndense=3, rep=0
    resources: mem_mb=1895, mem_mib=1808, disk_mb=1895, disk_mib=1808, tmpdir=<TBD>

Submitted job 124 with external jobid 'Submitted batch job 12632403'.

[Mon Aug 19 14:01:25 2024]
rule gfa_R:
    input: ../../results/simulation_results/simulate/simulate.B3.3.0.RDS, ../../results/simulation_results/R_ests/R_ests.B3.3.0.RDS
    output: ../../results/simulation_results/gfa/gfa_none_pval_1.B3.3.0.RDS
    jobid: 96
    reason: Missing output files: ../../results/simulation_results/gfa/gfa_none_pval_1.B3.3.0.RDS
    wildcards: Rstring=none, ldtype=pval, pthresh=1, scenario=B3, ndense=3, rep=0
    resources: mem_mb=1895, mem_mib=1808, disk_mb=1895, disk_mib=1808, tmpdir=<TBD>

Submitted job 96 with external jobid 'Submitted batch job 12632404'.

[Mon Aug 19 14:01:25 2024]
rule gfa_R:
    input: ../../results/simulation_results/simulate/simulate.B2.3.0.RDS, ../../results/simulation_results/R_ests/R_ests.B2.3.0.RDS
    output: ../../results/simulation_results/gfa/gfa_oracle_random_1e-3.B2.3.0.RDS
    jobid: 156
    reason: Missing output files: ../../results/simulation_results/gfa/gfa_oracle_random_1e-3.B2.3.0.RDS
    wildcards: Rstring=oracle, ldtype=random, pthresh=1e-3, scenario=B2, ndense=3, rep=0
    resources: mem_mb=1895, mem_mib=1808, disk_mb=1895, disk_mib=1808, tmpdir=<TBD>

Submitted job 156 with external jobid 'Submitted batch job 12632405'.

[Mon Aug 19 14:01:25 2024]
rule gfa_R:
    input: ../../results/simulation_results/simulate/simulate.B3.3.0.RDS, ../../results/simulation_results/R_ests/R_ests.B3.3.0.RDS
    output: ../../results/simulation_results/gfa/gfa_none_pval_1e-3.B3.3.0.RDS
    jobid: 121
    reason: Missing output files: ../../results/simulation_results/gfa/gfa_none_pval_1e-3.B3.3.0.RDS
    wildcards: Rstring=none, ldtype=pval, pthresh=1e-3, scenario=B3, ndense=3, rep=0
    resources: mem_mb=1895, mem_mib=1808, disk_mb=1895, disk_mib=1808, tmpdir=<TBD>

Submitted job 121 with external jobid 'Submitted batch job 12632406'.

[Mon Aug 19 14:01:25 2024]
rule gfa_R:
    input: ../../results/simulation_results/simulate/simulate.B3.3.0.RDS, ../../results/simulation_results/R_ests/R_ests.B3.3.0.RDS
    output: ../../results/simulation_results/gfa/gfa_oracle_pval_1e-3.B3.3.0.RDS
    jobid: 125
    reason: Missing output files: ../../results/simulation_results/gfa/gfa_oracle_pval_1e-3.B3.3.0.RDS
    wildcards: Rstring=oracle, ldtype=pval, pthresh=1e-3, scenario=B3, ndense=3, rep=0
    resources: mem_mb=1895, mem_mib=1808, disk_mb=1895, disk_mib=1808, tmpdir=<TBD>

Submitted job 125 with external jobid 'Submitted batch job 12632407'.

[Mon Aug 19 14:01:25 2024]
rule gfa_R:
    input: ../../results/simulation_results/simulate/simulate.A.12.0.RDS, ../../results/simulation_results/R_ests/R_ests.A.12.0.RDS
    output: ../../results/simulation_results/gfa/gfa_ldsc_pval_1.A.12.0.RDS
    jobid: 54
    reason: Missing output files: ../../results/simulation_results/gfa/gfa_ldsc_pval_1.A.12.0.RDS
    wildcards: Rstring=ldsc, ldtype=pval, pthresh=1, scenario=A, ndense=12, rep=0
    resources: mem_mb=1928, mem_mib=1839, disk_mb=1928, disk_mib=1839, tmpdir=<TBD>

Submitted job 54 with external jobid 'Submitted batch job 12632408'.

[Mon Aug 19 14:01:25 2024]
rule gfa_R:
    input: ../../results/simulation_results/simulate/simulate.B3.12.0.RDS, ../../results/simulation_results/R_ests/R_ests.B3.12.0.RDS
    output: ../../results/simulation_results/gfa/gfa_none_pval_1.B3.12.0.RDS
    jobid: 97
    reason: Missing output files: ../../results/simulation_results/gfa/gfa_none_pval_1.B3.12.0.RDS
    wildcards: Rstring=none, ldtype=pval, pthresh=1, scenario=B3, ndense=12, rep=0
    resources: mem_mb=1929, mem_mib=1840, disk_mb=1929, disk_mib=1840, tmpdir=<TBD>

Submitted job 97 with external jobid 'Submitted batch job 12632409'.

[Mon Aug 19 14:01:25 2024]
rule gfa_R:
    input: ../../results/simulation_results/simulate/simulate.B3.3.0.RDS, ../../results/simulation_results/R_ests/R_ests.B3.3.0.RDS
    output: ../../results/simulation_results/gfa/gfa_oracle_random_1e-3.B3.3.0.RDS
    jobid: 157
    reason: Missing output files: ../../results/simulation_results/gfa/gfa_oracle_random_1e-3.B3.3.0.RDS
    wildcards: Rstring=oracle, ldtype=random, pthresh=1e-3, scenario=B3, ndense=3, rep=0
    resources: mem_mb=1895, mem_mib=1808, disk_mb=1895, disk_mib=1808, tmpdir=<TBD>

Submitted job 157 with external jobid 'Submitted batch job 12632410'.

[Mon Aug 19 14:01:25 2024]
rule gfa_R:
    input: ../../results/simulation_results/simulate/simulate.B1.3.0.RDS, ../../results/simulation_results/R_ests/R_ests.B1.3.0.RDS
    output: ../../results/simulation_results/gfa/gfa_pt0.05_pval_1.B1.3.0.RDS
    jobid: 78
    reason: Missing output files: ../../results/simulation_results/gfa/gfa_pt0.05_pval_1.B1.3.0.RDS
    wildcards: Rstring=pt0.05, ldtype=pval, pthresh=1, scenario=B1, ndense=3, rep=0
    resources: mem_mb=1895, mem_mib=1808, disk_mb=1895, disk_mib=1808, tmpdir=<TBD>

Submitted job 78 with external jobid 'Submitted batch job 12632411'.

[Mon Aug 19 14:01:25 2024]
rule gfa_R:
    input: ../../results/simulation_results/simulate/simulate.A.3.0.RDS, ../../results/simulation_results/R_ests/R_ests.A.3.0.RDS
    output: ../../results/simulation_results/gfa/gfa_ldsc_random_1.A.3.0.RDS
    jobid: 126
    reason: Missing output files: ../../results/simulation_results/gfa/gfa_ldsc_random_1.A.3.0.RDS
    wildcards: Rstring=ldsc, ldtype=random, pthresh=1, scenario=A, ndense=3, rep=0
    resources: mem_mb=1895, mem_mib=1808, disk_mb=1895, disk_mib=1808, tmpdir=<TBD>

Submitted job 126 with external jobid 'Submitted batch job 12632412'.

[Mon Aug 19 14:01:25 2024]
rule gfa_R:
    input: ../../results/simulation_results/simulate/simulate.A.0.0.RDS, ../../results/simulation_results/R_ests/R_ests.A.0.0.RDS
    output: ../../results/simulation_results/gfa/gfa_oracle_pval_1.A.0.0.RDS
    jobid: 98
    reason: Missing output files: ../../results/simulation_results/gfa/gfa_oracle_pval_1.A.0.0.RDS
    wildcards: Rstring=oracle, ldtype=pval, pthresh=1, scenario=A, ndense=0, rep=0
    resources: mem_mb=1836, mem_mib=1751, disk_mb=1836, disk_mib=1751, tmpdir=<TBD>

Submitted job 98 with external jobid 'Submitted batch job 12632413'.

[Mon Aug 19 14:01:25 2024]
rule gfa_R:
    input: ../../results/simulation_results/simulate/simulate.B1.3.0.RDS, ../../results/simulation_results/R_ests/R_ests.B1.3.0.RDS
    output: ../../results/simulation_results/gfa/gfa_ldsc_random_1.B1.3.0.RDS
    jobid: 127
    reason: Missing output files: ../../results/simulation_results/gfa/gfa_ldsc_random_1.B1.3.0.RDS
    wildcards: Rstring=ldsc, ldtype=random, pthresh=1, scenario=B1, ndense=3, rep=0
    resources: mem_mb=1895, mem_mib=1808, disk_mb=1895, disk_mib=1808, tmpdir=<TBD>

Submitted job 127 with external jobid 'Submitted batch job 12632414'.

[Mon Aug 19 14:01:25 2024]
rule gfa_R:
    input: ../../results/simulation_results/simulate/simulate.B1.0.0.RDS, ../../results/simulation_results/R_ests/R_ests.B1.0.0.RDS
    output: ../../results/simulation_results/gfa/gfa_ldsc_pval_1.B1.0.0.RDS
    jobid: 56
    reason: Missing output files: ../../results/simulation_results/gfa/gfa_ldsc_pval_1.B1.0.0.RDS
    wildcards: Rstring=ldsc, ldtype=pval, pthresh=1, scenario=B1, ndense=0, rep=0
    resources: mem_mb=1836, mem_mib=1751, disk_mb=1836, disk_mib=1751, tmpdir=<TBD>

Submitted job 56 with external jobid 'Submitted batch job 12632415'.

[Mon Aug 19 14:01:25 2024]
rule gfa_R:
    input: ../../results/simulation_results/simulate/simulate.A.3.0.RDS, ../../results/simulation_results/R_ests/R_ests.A.3.0.RDS
    output: ../../results/simulation_results/gfa/gfa_oracle_pval_1.A.3.0.RDS
    jobid: 99
    reason: Missing output files: ../../results/simulation_results/gfa/gfa_oracle_pval_1.A.3.0.RDS
    wildcards: Rstring=oracle, ldtype=pval, pthresh=1, scenario=A, ndense=3, rep=0
    resources: mem_mb=1895, mem_mib=1808, disk_mb=1895, disk_mib=1808, tmpdir=<TBD>

Submitted job 99 with external jobid 'Submitted batch job 12632416'.

[Mon Aug 19 14:01:25 2024]
rule gfa_R:
    input: ../../results/simulation_results/simulate/simulate.B1.12.0.RDS, ../../results/simulation_results/R_ests/R_ests.B1.12.0.RDS
    output: ../../results/simulation_results/gfa/gfa_pt0.05_pval_1.B1.12.0.RDS
    jobid: 79
    reason: Missing output files: ../../results/simulation_results/gfa/gfa_pt0.05_pval_1.B1.12.0.RDS
    wildcards: Rstring=pt0.05, ldtype=pval, pthresh=1, scenario=B1, ndense=12, rep=0
    resources: mem_mb=1928, mem_mib=1839, disk_mb=1928, disk_mib=1839, tmpdir=<TBD>

Submitted job 79 with external jobid 'Submitted batch job 12632417'.

[Mon Aug 19 14:01:25 2024]
rule gfa_R:
    input: ../../results/simulation_results/simulate/simulate.B2.3.0.RDS, ../../results/simulation_results/R_ests/R_ests.B2.3.0.RDS
    output: ../../results/simulation_results/gfa/gfa_ldsc_random_1.B2.3.0.RDS
    jobid: 128
    reason: Missing output files: ../../results/simulation_results/gfa/gfa_ldsc_random_1.B2.3.0.RDS
    wildcards: Rstring=ldsc, ldtype=random, pthresh=1, scenario=B2, ndense=3, rep=0
    resources: mem_mb=1895, mem_mib=1808, disk_mb=1895, disk_mib=1808, tmpdir=<TBD>

Submitted job 128 with external jobid 'Submitted batch job 12632418'.

[Mon Aug 19 14:01:25 2024]
rule gfa_R:
    input: ../../results/simulation_results/simulate/simulate.A.12.0.RDS, ../../results/simulation_results/R_ests/R_ests.A.12.0.RDS
    output: ../../results/simulation_results/gfa/gfa_oracle_pval_1.A.12.0.RDS
    jobid: 100
    reason: Missing output files: ../../results/simulation_results/gfa/gfa_oracle_pval_1.A.12.0.RDS
    wildcards: Rstring=oracle, ldtype=pval, pthresh=1, scenario=A, ndense=12, rep=0
    resources: mem_mb=1928, mem_mib=1839, disk_mb=1928, disk_mib=1839, tmpdir=<TBD>

Submitted job 100 with external jobid 'Submitted batch job 12632419'.

[Mon Aug 19 14:01:25 2024]
rule gfa_R:
    input: ../../results/simulation_results/simulate/simulate.B3.3.0.RDS, ../../results/simulation_results/R_ests/R_ests.B3.3.0.RDS
    output: ../../results/simulation_results/gfa/gfa_ldsc_random_1.B3.3.0.RDS
    jobid: 129
    reason: Missing output files: ../../results/simulation_results/gfa/gfa_ldsc_random_1.B3.3.0.RDS
    wildcards: Rstring=ldsc, ldtype=random, pthresh=1, scenario=B3, ndense=3, rep=0
    resources: mem_mb=1895, mem_mib=1808, disk_mb=1895, disk_mib=1808, tmpdir=<TBD>

Submitted job 129 with external jobid 'Submitted batch job 12632420'.

[Mon Aug 19 14:01:25 2024]
rule gfa_R:
    input: ../../results/simulation_results/simulate/simulate.B1.3.0.RDS, ../../results/simulation_results/R_ests/R_ests.B1.3.0.RDS
    output: ../../results/simulation_results/gfa/gfa_ldsc_pval_1.B1.3.0.RDS
    jobid: 58
    reason: Missing output files: ../../results/simulation_results/gfa/gfa_ldsc_pval_1.B1.3.0.RDS
    wildcards: Rstring=ldsc, ldtype=pval, pthresh=1, scenario=B1, ndense=3, rep=0
    resources: mem_mb=1895, mem_mib=1808, disk_mb=1895, disk_mib=1808, tmpdir=<TBD>

Submitted job 58 with external jobid 'Submitted batch job 12632421'.

[Mon Aug 19 14:01:25 2024]
rule gfa_R:
    input: ../../results/simulation_results/simulate/simulate.B1.0.0.RDS, ../../results/simulation_results/R_ests/R_ests.B1.0.0.RDS
    output: ../../results/simulation_results/gfa/gfa_oracle_pval_1.B1.0.0.RDS
    jobid: 101
    reason: Missing output files: ../../results/simulation_results/gfa/gfa_oracle_pval_1.B1.0.0.RDS
    wildcards: Rstring=oracle, ldtype=pval, pthresh=1, scenario=B1, ndense=0, rep=0
    resources: mem_mb=1836, mem_mib=1751, disk_mb=1836, disk_mib=1751, tmpdir=<TBD>

Submitted job 101 with external jobid 'Submitted batch job 12632422'.

[Mon Aug 19 14:01:25 2024]
rule gfa_R:
    input: ../../results/simulation_results/simulate/simulate.B2.0.0.RDS, ../../results/simulation_results/R_ests/R_ests.B2.0.0.RDS
    output: ../../results/simulation_results/gfa/gfa_pt0.05_pval_1.B2.0.0.RDS
    jobid: 80
    reason: Missing output files: ../../results/simulation_results/gfa/gfa_pt0.05_pval_1.B2.0.0.RDS
    wildcards: Rstring=pt0.05, ldtype=pval, pthresh=1, scenario=B2, ndense=0, rep=0
    resources: mem_mb=1837, mem_mib=1752, disk_mb=1837, disk_mib=1752, tmpdir=<TBD>

Submitted job 80 with external jobid 'Submitted batch job 12632423'.

[Mon Aug 19 14:01:25 2024]
rule gfa_R:
    input: ../../results/simulation_results/simulate/simulate.A.3.0.RDS, ../../results/simulation_results/R_ests/R_ests.A.3.0.RDS
    output: ../../results/simulation_results/gfa/gfa_pt0.05_random_1.A.3.0.RDS
    jobid: 130
    reason: Missing output files: ../../results/simulation_results/gfa/gfa_pt0.05_random_1.A.3.0.RDS
    wildcards: Rstring=pt0.05, ldtype=random, pthresh=1, scenario=A, ndense=3, rep=0
    resources: mem_mb=1895, mem_mib=1808, disk_mb=1895, disk_mib=1808, tmpdir=<TBD>

Submitted job 130 with external jobid 'Submitted batch job 12632424'.

[Mon Aug 19 14:01:25 2024]
rule gfa_R:
    input: ../../results/simulation_results/simulate/simulate.B1.3.0.RDS, ../../results/simulation_results/R_ests/R_ests.B1.3.0.RDS
    output: ../../results/simulation_results/gfa/gfa_oracle_pval_1.B1.3.0.RDS
    jobid: 102
    reason: Missing output files: ../../results/simulation_results/gfa/gfa_oracle_pval_1.B1.3.0.RDS
    wildcards: Rstring=oracle, ldtype=pval, pthresh=1, scenario=B1, ndense=3, rep=0
    resources: mem_mb=1895, mem_mib=1808, disk_mb=1895, disk_mib=1808, tmpdir=<TBD>

Submitted job 102 with external jobid 'Submitted batch job 12632425'.

[Mon Aug 19 14:01:25 2024]
rule gfa_R:
    input: ../../results/simulation_results/simulate/simulate.A.3.0.RDS, ../../results/simulation_results/R_ests/R_ests.A.3.0.RDS
    output: ../../results/simulation_results/gfa/gfa_oracle_pval_1e-3.A.3.0.RDS
    jobid: 122
    reason: Missing output files: ../../results/simulation_results/gfa/gfa_oracle_pval_1e-3.A.3.0.RDS
    wildcards: Rstring=oracle, ldtype=pval, pthresh=1e-3, scenario=A, ndense=3, rep=0
    resources: mem_mb=1895, mem_mib=1808, disk_mb=1895, disk_mib=1808, tmpdir=<TBD>

Submitted job 122 with external jobid 'Submitted batch job 12632426'.

[Mon Aug 19 14:01:25 2024]
rule gfa_R:
    input: ../../results/simulation_results/simulate/simulate.B1.3.0.RDS, ../../results/simulation_results/R_ests/R_ests.B1.3.0.RDS
    output: ../../results/simulation_results/gfa/gfa_pt0.05_random_1.B1.3.0.RDS
    jobid: 131
    reason: Missing output files: ../../results/simulation_results/gfa/gfa_pt0.05_random_1.B1.3.0.RDS
    wildcards: Rstring=pt0.05, ldtype=random, pthresh=1, scenario=B1, ndense=3, rep=0
    resources: mem_mb=1895, mem_mib=1808, disk_mb=1895, disk_mib=1808, tmpdir=<TBD>

Submitted job 131 with external jobid 'Submitted batch job 12632427'.

[Mon Aug 19 14:01:25 2024]
rule gfa_R:
    input: ../../results/simulation_results/simulate/simulate.B1.12.0.RDS, ../../results/simulation_results/R_ests/R_ests.B1.12.0.RDS
    output: ../../results/simulation_results/gfa/gfa_ldsc_pval_1.B1.12.0.RDS
    jobid: 60
    reason: Missing output files: ../../results/simulation_results/gfa/gfa_ldsc_pval_1.B1.12.0.RDS
    wildcards: Rstring=ldsc, ldtype=pval, pthresh=1, scenario=B1, ndense=12, rep=0
    resources: mem_mb=1928, mem_mib=1839, disk_mb=1928, disk_mib=1839, tmpdir=<TBD>

Submitted job 60 with external jobid 'Submitted batch job 12632428'.

[Mon Aug 19 14:01:25 2024]
rule gfa_R:
    input: ../../results/simulation_results/simulate/simulate.B1.12.0.RDS, ../../results/simulation_results/R_ests/R_ests.B1.12.0.RDS
    output: ../../results/simulation_results/gfa/gfa_oracle_pval_1.B1.12.0.RDS
    jobid: 103
    reason: Missing output files: ../../results/simulation_results/gfa/gfa_oracle_pval_1.B1.12.0.RDS
    wildcards: Rstring=oracle, ldtype=pval, pthresh=1, scenario=B1, ndense=12, rep=0
    resources: mem_mb=1928, mem_mib=1839, disk_mb=1928, disk_mib=1839, tmpdir=<TBD>

Submitted job 103 with external jobid 'Submitted batch job 12632429'.

[Mon Aug 19 14:01:25 2024]
rule gfa_R:
    input: ../../results/simulation_results/simulate/simulate.B2.3.0.RDS, ../../results/simulation_results/R_ests/R_ests.B2.3.0.RDS
    output: ../../results/simulation_results/gfa/gfa_pt0.05_pval_1.B2.3.0.RDS
    jobid: 81
    reason: Missing output files: ../../results/simulation_results/gfa/gfa_pt0.05_pval_1.B2.3.0.RDS
    wildcards: Rstring=pt0.05, ldtype=pval, pthresh=1, scenario=B2, ndense=3, rep=0
    resources: mem_mb=1895, mem_mib=1808, disk_mb=1895, disk_mib=1808, tmpdir=<TBD>

Submitted job 81 with external jobid 'Submitted batch job 12632430'.

[Mon Aug 19 14:01:25 2024]
rule gfa_R:
    input: ../../results/simulation_results/simulate/simulate.B2.3.0.RDS, ../../results/simulation_results/R_ests/R_ests.B2.3.0.RDS
    output: ../../results/simulation_results/gfa/gfa_pt0.05_random_1.B2.3.0.RDS
    jobid: 132
    reason: Missing output files: ../../results/simulation_results/gfa/gfa_pt0.05_random_1.B2.3.0.RDS
    wildcards: Rstring=pt0.05, ldtype=random, pthresh=1, scenario=B2, ndense=3, rep=0
    resources: mem_mb=1895, mem_mib=1808, disk_mb=1895, disk_mib=1808, tmpdir=<TBD>

Submitted job 132 with external jobid 'Submitted batch job 12632431'.

[Mon Aug 19 14:01:25 2024]
rule gfa_R:
    input: ../../results/simulation_results/simulate/simulate.B2.0.0.RDS, ../../results/simulation_results/R_ests/R_ests.B2.0.0.RDS
    output: ../../results/simulation_results/gfa/gfa_oracle_pval_1.B2.0.0.RDS
    jobid: 104
    reason: Missing output files: ../../results/simulation_results/gfa/gfa_oracle_pval_1.B2.0.0.RDS
    wildcards: Rstring=oracle, ldtype=pval, pthresh=1, scenario=B2, ndense=0, rep=0
    resources: mem_mb=1837, mem_mib=1752, disk_mb=1837, disk_mib=1752, tmpdir=<TBD>

Submitted job 104 with external jobid 'Submitted batch job 12632432'.

[Mon Aug 19 14:01:25 2024]
rule gfa_R:
    input: ../../results/simulation_results/simulate/simulate.B3.3.0.RDS, ../../results/simulation_results/R_ests/R_ests.B3.3.0.RDS
    output: ../../results/simulation_results/gfa/gfa_pt0.05_random_1.B3.3.0.RDS
    jobid: 133
    reason: Missing output files: ../../results/simulation_results/gfa/gfa_pt0.05_random_1.B3.3.0.RDS
    wildcards: Rstring=pt0.05, ldtype=random, pthresh=1, scenario=B3, ndense=3, rep=0
    resources: mem_mb=1895, mem_mib=1808, disk_mb=1895, disk_mib=1808, tmpdir=<TBD>

Submitted job 133 with external jobid 'Submitted batch job 12632433'.

[Mon Aug 19 14:01:25 2024]
rule gfa_R:
    input: ../../results/simulation_results/simulate/simulate.B2.0.0.RDS, ../../results/simulation_results/R_ests/R_ests.B2.0.0.RDS
    output: ../../results/simulation_results/gfa/gfa_ldsc_pval_1.B2.0.0.RDS
    jobid: 62
    reason: Missing output files: ../../results/simulation_results/gfa/gfa_ldsc_pval_1.B2.0.0.RDS
    wildcards: Rstring=ldsc, ldtype=pval, pthresh=1, scenario=B2, ndense=0, rep=0
    resources: mem_mb=1837, mem_mib=1752, disk_mb=1837, disk_mib=1752, tmpdir=<TBD>

Submitted job 62 with external jobid 'Submitted batch job 12632434'.

[Mon Aug 19 14:01:25 2024]
rule gfa_R:
    input: ../../results/simulation_results/simulate/simulate.B2.3.0.RDS, ../../results/simulation_results/R_ests/R_ests.B2.3.0.RDS
    output: ../../results/simulation_results/gfa/gfa_oracle_pval_1.B2.3.0.RDS
    jobid: 105
    reason: Missing output files: ../../results/simulation_results/gfa/gfa_oracle_pval_1.B2.3.0.RDS
    wildcards: Rstring=oracle, ldtype=pval, pthresh=1, scenario=B2, ndense=3, rep=0
    resources: mem_mb=1895, mem_mib=1808, disk_mb=1895, disk_mib=1808, tmpdir=<TBD>

Submitted job 105 with external jobid 'Submitted batch job 12632435'.

[Mon Aug 19 14:01:25 2024]
rule gfa_R:
    input: ../../results/simulation_results/simulate/simulate.B2.12.0.RDS, ../../results/simulation_results/R_ests/R_ests.B2.12.0.RDS
    output: ../../results/simulation_results/gfa/gfa_pt0.05_pval_1.B2.12.0.RDS
    jobid: 82
    reason: Missing output files: ../../results/simulation_results/gfa/gfa_pt0.05_pval_1.B2.12.0.RDS
    wildcards: Rstring=pt0.05, ldtype=pval, pthresh=1, scenario=B2, ndense=12, rep=0
    resources: mem_mb=1928, mem_mib=1839, disk_mb=1928, disk_mib=1839, tmpdir=<TBD>

Submitted job 82 with external jobid 'Submitted batch job 12632436'.

[Mon Aug 19 14:01:25 2024]
rule gfa_R:
    input: ../../results/simulation_results/simulate/simulate.A.3.0.RDS, ../../results/simulation_results/R_ests/R_ests.A.3.0.RDS
    output: ../../results/simulation_results/gfa/gfa_none_random_1.A.3.0.RDS
    jobid: 134
    reason: Missing output files: ../../results/simulation_results/gfa/gfa_none_random_1.A.3.0.RDS
    wildcards: Rstring=none, ldtype=random, pthresh=1, scenario=A, ndense=3, rep=0
    resources: mem_mb=1895, mem_mib=1808, disk_mb=1895, disk_mib=1808, tmpdir=<TBD>

Submitted job 134 with external jobid 'Submitted batch job 12632437'.

[Mon Aug 19 14:01:25 2024]
rule gfa_R:
    input: ../../results/simulation_results/simulate/simulate.B2.12.0.RDS, ../../results/simulation_results/R_ests/R_ests.B2.12.0.RDS
    output: ../../results/simulation_results/gfa/gfa_oracle_pval_1.B2.12.0.RDS
    jobid: 106
    reason: Missing output files: ../../results/simulation_results/gfa/gfa_oracle_pval_1.B2.12.0.RDS
    wildcards: Rstring=oracle, ldtype=pval, pthresh=1, scenario=B2, ndense=12, rep=0
    resources: mem_mb=1928, mem_mib=1839, disk_mb=1928, disk_mib=1839, tmpdir=<TBD>

Submitted job 106 with external jobid 'Submitted batch job 12632438'.

[Mon Aug 19 14:01:25 2024]
rule gfa_R:
    input: ../../results/simulation_results/simulate/simulate.B1.3.0.RDS, ../../results/simulation_results/R_ests/R_ests.B1.3.0.RDS
    output: ../../results/simulation_results/gfa/gfa_oracle_random_1.B1.3.0.RDS
    jobid: 139
    reason: Missing output files: ../../results/simulation_results/gfa/gfa_oracle_random_1.B1.3.0.RDS
    wildcards: Rstring=oracle, ldtype=random, pthresh=1, scenario=B1, ndense=3, rep=0
    resources: mem_mb=1895, mem_mib=1808, disk_mb=1895, disk_mib=1808, tmpdir=<TBD>

Submitted job 139 with external jobid 'Submitted batch job 12632439'.

[Mon Aug 19 14:01:25 2024]
rule gfa_R:
    input: ../../results/simulation_results/simulate/simulate.B2.3.0.RDS, ../../results/simulation_results/R_ests/R_ests.B2.3.0.RDS
    output: ../../results/simulation_results/gfa/gfa_ldsc_pval_1.B2.3.0.RDS
    jobid: 64
    reason: Missing output files: ../../results/simulation_results/gfa/gfa_ldsc_pval_1.B2.3.0.RDS
    wildcards: Rstring=ldsc, ldtype=pval, pthresh=1, scenario=B2, ndense=3, rep=0
    resources: mem_mb=1895, mem_mib=1808, disk_mb=1895, disk_mib=1808, tmpdir=<TBD>

Submitted job 64 with external jobid 'Submitted batch job 12632440'.

[Mon Aug 19 14:01:26 2024]
rule gfa_R:
    input: ../../results/simulation_results/simulate/simulate.B3.0.0.RDS, ../../results/simulation_results/R_ests/R_ests.B3.0.0.RDS
    output: ../../results/simulation_results/gfa/gfa_oracle_pval_1.B3.0.0.RDS
    jobid: 107
    reason: Missing output files: ../../results/simulation_results/gfa/gfa_oracle_pval_1.B3.0.0.RDS
    wildcards: Rstring=oracle, ldtype=pval, pthresh=1, scenario=B3, ndense=0, rep=0
    resources: mem_mb=1836, mem_mib=1751, disk_mb=1836, disk_mib=1751, tmpdir=<TBD>

Submitted job 107 with external jobid 'Submitted batch job 12632441'.

[Mon Aug 19 14:01:27 2024]
rule gfa_R:
    input: ../../results/simulation_results/simulate/simulate.B2.3.0.RDS, ../../results/simulation_results/R_ests/R_ests.B2.3.0.RDS
    output: ../../results/simulation_results/gfa/gfa_oracle_random_1.B2.3.0.RDS
    jobid: 140
    reason: Missing output files: ../../results/simulation_results/gfa/gfa_oracle_random_1.B2.3.0.RDS
    wildcards: Rstring=oracle, ldtype=random, pthresh=1, scenario=B2, ndense=3, rep=0
    resources: mem_mb=1895, mem_mib=1808, disk_mb=1895, disk_mib=1808, tmpdir=<TBD>

Submitted job 140 with external jobid 'Submitted batch job 12632442'.

[Mon Aug 19 14:01:27 2024]
rule gfa_R:
    input: ../../results/simulation_results/simulate/simulate.B3.0.0.RDS, ../../results/simulation_results/R_ests/R_ests.B3.0.0.RDS
    output: ../../results/simulation_results/gfa/gfa_pt0.05_pval_1.B3.0.0.RDS
    jobid: 83
    reason: Missing output files: ../../results/simulation_results/gfa/gfa_pt0.05_pval_1.B3.0.0.RDS
    wildcards: Rstring=pt0.05, ldtype=pval, pthresh=1, scenario=B3, ndense=0, rep=0
    resources: mem_mb=1836, mem_mib=1751, disk_mb=1836, disk_mib=1751, tmpdir=<TBD>

Submitted job 83 with external jobid 'Submitted batch job 12632443'.

[Mon Aug 19 14:01:27 2024]
rule gfa_R:
    input: ../../results/simulation_results/simulate/simulate.B3.3.0.RDS, ../../results/simulation_results/R_ests/R_ests.B3.3.0.RDS
    output: ../../results/simulation_results/gfa/gfa_oracle_pval_1.B3.3.0.RDS
    jobid: 108
    reason: Missing output files: ../../results/simulation_results/gfa/gfa_oracle_pval_1.B3.3.0.RDS
    wildcards: Rstring=oracle, ldtype=pval, pthresh=1, scenario=B3, ndense=3, rep=0
    resources: mem_mb=1895, mem_mib=1808, disk_mb=1895, disk_mib=1808, tmpdir=<TBD>

Submitted job 108 with external jobid 'Submitted batch job 12632444'.

[Mon Aug 19 14:01:27 2024]
rule gfa_R:
    input: ../../results/simulation_results/simulate/simulate.B2.3.0.RDS, ../../results/simulation_results/R_ests/R_ests.B2.3.0.RDS
    output: ../../results/simulation_results/gfa/gfa_none_random_1.B2.3.0.RDS
    jobid: 136
    reason: Missing output files: ../../results/simulation_results/gfa/gfa_none_random_1.B2.3.0.RDS
    wildcards: Rstring=none, ldtype=random, pthresh=1, scenario=B2, ndense=3, rep=0
    resources: mem_mb=1895, mem_mib=1808, disk_mb=1895, disk_mib=1808, tmpdir=<TBD>

Submitted job 136 with external jobid 'Submitted batch job 12632445'.

[Mon Aug 19 14:01:27 2024]
rule gfa_R:
    input: ../../results/simulation_results/simulate/simulate.B1.3.0.RDS, ../../results/simulation_results/R_ests/R_ests.B1.3.0.RDS
    output: ../../results/simulation_results/gfa/gfa_none_random_1.B1.3.0.RDS
    jobid: 135
    reason: Missing output files: ../../results/simulation_results/gfa/gfa_none_random_1.B1.3.0.RDS
    wildcards: Rstring=none, ldtype=random, pthresh=1, scenario=B1, ndense=3, rep=0
    resources: mem_mb=1895, mem_mib=1808, disk_mb=1895, disk_mib=1808, tmpdir=<TBD>

Submitted job 135 with external jobid 'Submitted batch job 12632446'.

[Mon Aug 19 14:01:27 2024]
rule gfa_R:
    input: ../../results/simulation_results/simulate/simulate.B3.3.0.RDS, ../../results/simulation_results/R_ests/R_ests.B3.3.0.RDS
    output: ../../results/simulation_results/gfa/gfa_oracle_random_1.B3.3.0.RDS
    jobid: 141
    reason: Missing output files: ../../results/simulation_results/gfa/gfa_oracle_random_1.B3.3.0.RDS
    wildcards: Rstring=oracle, ldtype=random, pthresh=1, scenario=B3, ndense=3, rep=0
    resources: mem_mb=1895, mem_mib=1808, disk_mb=1895, disk_mib=1808, tmpdir=<TBD>

Submitted job 141 with external jobid 'Submitted batch job 12632447'.

[Mon Aug 19 14:01:27 2024]
rule gfa_R:
    input: ../../results/simulation_results/simulate/simulate.B2.12.0.RDS, ../../results/simulation_results/R_ests/R_ests.B2.12.0.RDS
    output: ../../results/simulation_results/gfa/gfa_ldsc_pval_1.B2.12.0.RDS
    jobid: 66
    reason: Missing output files: ../../results/simulation_results/gfa/gfa_ldsc_pval_1.B2.12.0.RDS
    wildcards: Rstring=ldsc, ldtype=pval, pthresh=1, scenario=B2, ndense=12, rep=0
    resources: mem_mb=1928, mem_mib=1839, disk_mb=1928, disk_mib=1839, tmpdir=<TBD>

Submitted job 66 with external jobid 'Submitted batch job 12632448'.

[Mon Aug 19 14:01:27 2024]
rule gfa_R:
    input: ../../results/simulation_results/simulate/simulate.B3.12.0.RDS, ../../results/simulation_results/R_ests/R_ests.B3.12.0.RDS
    output: ../../results/simulation_results/gfa/gfa_oracle_pval_1.B3.12.0.RDS
    jobid: 109
    reason: Missing output files: ../../results/simulation_results/gfa/gfa_oracle_pval_1.B3.12.0.RDS
    wildcards: Rstring=oracle, ldtype=pval, pthresh=1, scenario=B3, ndense=12, rep=0
    resources: mem_mb=1929, mem_mib=1840, disk_mb=1929, disk_mib=1840, tmpdir=<TBD>

Submitted job 109 with external jobid 'Submitted batch job 12632449'.

[Mon Aug 19 14:01:27 2024]
rule gfa_R:
    input: ../../results/simulation_results/simulate/simulate.B3.3.0.RDS, ../../results/simulation_results/R_ests/R_ests.B3.3.0.RDS
    output: ../../results/simulation_results/gfa/gfa_pt0.05_pval_1.B3.3.0.RDS
    jobid: 84
    reason: Missing output files: ../../results/simulation_results/gfa/gfa_pt0.05_pval_1.B3.3.0.RDS
    wildcards: Rstring=pt0.05, ldtype=pval, pthresh=1, scenario=B3, ndense=3, rep=0
    resources: mem_mb=1895, mem_mib=1808, disk_mb=1895, disk_mib=1808, tmpdir=<TBD>

Submitted job 84 with external jobid 'Submitted batch job 12632450'.

[Mon Aug 19 14:01:27 2024]
rule gfa_R:
    input: ../../results/simulation_results/simulate/simulate.A.3.0.RDS, ../../results/simulation_results/R_ests/R_ests.A.3.0.RDS
    output: ../../results/simulation_results/gfa/gfa_ldsc_random_1e-3.A.3.0.RDS
    jobid: 142
    reason: Missing output files: ../../results/simulation_results/gfa/gfa_ldsc_random_1e-3.A.3.0.RDS
    wildcards: Rstring=ldsc, ldtype=random, pthresh=1e-3, scenario=A, ndense=3, rep=0
    resources: mem_mb=1895, mem_mib=1808, disk_mb=1895, disk_mib=1808, tmpdir=<TBD>

Submitted job 142 with external jobid 'Submitted batch job 12632451'.

[Mon Aug 19 14:01:27 2024]
rule gfa_R:
    input: ../../results/simulation_results/simulate/simulate.A.3.0.RDS, ../../results/simulation_results/R_ests/R_ests.A.3.0.RDS
    output: ../../results/simulation_results/gfa/gfa_ldsc_pval_1e-3.A.3.0.RDS
    jobid: 110
    reason: Missing output files: ../../results/simulation_results/gfa/gfa_ldsc_pval_1e-3.A.3.0.RDS
    wildcards: Rstring=ldsc, ldtype=pval, pthresh=1e-3, scenario=A, ndense=3, rep=0
    resources: mem_mb=1895, mem_mib=1808, disk_mb=1895, disk_mib=1808, tmpdir=<TBD>

Submitted job 110 with external jobid 'Submitted batch job 12632452'.

[Mon Aug 19 14:01:27 2024]
rule gfa_R:
    input: ../../results/simulation_results/simulate/simulate.B1.3.0.RDS, ../../results/simulation_results/R_ests/R_ests.B1.3.0.RDS
    output: ../../results/simulation_results/gfa/gfa_ldsc_random_1e-3.B1.3.0.RDS
    jobid: 143
    reason: Missing output files: ../../results/simulation_results/gfa/gfa_ldsc_random_1e-3.B1.3.0.RDS
    wildcards: Rstring=ldsc, ldtype=random, pthresh=1e-3, scenario=B1, ndense=3, rep=0
    resources: mem_mb=1895, mem_mib=1808, disk_mb=1895, disk_mib=1808, tmpdir=<TBD>

Submitted job 143 with external jobid 'Submitted batch job 12632453'.

[Mon Aug 19 14:01:27 2024]
rule gfa_R:
    input: ../../results/simulation_results/simulate/simulate.B3.0.0.RDS, ../../results/simulation_results/R_ests/R_ests.B3.0.0.RDS
    output: ../../results/simulation_results/gfa/gfa_ldsc_pval_1.B3.0.0.RDS
    jobid: 68
    reason: Missing output files: ../../results/simulation_results/gfa/gfa_ldsc_pval_1.B3.0.0.RDS
    wildcards: Rstring=ldsc, ldtype=pval, pthresh=1, scenario=B3, ndense=0, rep=0
    resources: mem_mb=1836, mem_mib=1751, disk_mb=1836, disk_mib=1751, tmpdir=<TBD>

Submitted job 68 with external jobid 'Submitted batch job 12632454'.

[Mon Aug 19 14:01:27 2024]
rule gfa_R:
    input: ../../results/simulation_results/simulate/simulate.B1.3.0.RDS, ../../results/simulation_results/R_ests/R_ests.B1.3.0.RDS
    output: ../../results/simulation_results/gfa/gfa_ldsc_pval_1e-3.B1.3.0.RDS
    jobid: 111
    reason: Missing output files: ../../results/simulation_results/gfa/gfa_ldsc_pval_1e-3.B1.3.0.RDS
    wildcards: Rstring=ldsc, ldtype=pval, pthresh=1e-3, scenario=B1, ndense=3, rep=0
    resources: mem_mb=1895, mem_mib=1808, disk_mb=1895, disk_mib=1808, tmpdir=<TBD>

Submitted job 111 with external jobid 'Submitted batch job 12632455'.

[Mon Aug 19 14:01:27 2024]
rule gfa_R:
    input: ../../results/simulation_results/simulate/simulate.B3.12.0.RDS, ../../results/simulation_results/R_ests/R_ests.B3.12.0.RDS
    output: ../../results/simulation_results/gfa/gfa_pt0.05_pval_1.B3.12.0.RDS
    jobid: 85
    reason: Missing output files: ../../results/simulation_results/gfa/gfa_pt0.05_pval_1.B3.12.0.RDS
    wildcards: Rstring=pt0.05, ldtype=pval, pthresh=1, scenario=B3, ndense=12, rep=0
    resources: mem_mb=1929, mem_mib=1840, disk_mb=1929, disk_mib=1840, tmpdir=<TBD>

Submitted job 85 with external jobid 'Submitted batch job 12632456'.

[Mon Aug 19 14:01:27 2024]
rule gfa_R:
    input: ../../results/simulation_results/simulate/simulate.B2.3.0.RDS, ../../results/simulation_results/R_ests/R_ests.B2.3.0.RDS
    output: ../../results/simulation_results/gfa/gfa_ldsc_random_1e-3.B2.3.0.RDS
    jobid: 144
    reason: Missing output files: ../../results/simulation_results/gfa/gfa_ldsc_random_1e-3.B2.3.0.RDS
    wildcards: Rstring=ldsc, ldtype=random, pthresh=1e-3, scenario=B2, ndense=3, rep=0
    resources: mem_mb=1895, mem_mib=1808, disk_mb=1895, disk_mib=1808, tmpdir=<TBD>

Submitted job 144 with external jobid 'Submitted batch job 12632457'.

[Mon Aug 19 14:01:27 2024]
rule gfa_R:
    input: ../../results/simulation_results/simulate/simulate.B2.3.0.RDS, ../../results/simulation_results/R_ests/R_ests.B2.3.0.RDS
    output: ../../results/simulation_results/gfa/gfa_ldsc_pval_1e-3.B2.3.0.RDS
    jobid: 112
    reason: Missing output files: ../../results/simulation_results/gfa/gfa_ldsc_pval_1e-3.B2.3.0.RDS
    wildcards: Rstring=ldsc, ldtype=pval, pthresh=1e-3, scenario=B2, ndense=3, rep=0
    resources: mem_mb=1895, mem_mib=1808, disk_mb=1895, disk_mib=1808, tmpdir=<TBD>

Submitted job 112 with external jobid 'Submitted batch job 12632458'.

[Mon Aug 19 14:01:27 2024]
rule gfa_R:
    input: ../../results/simulation_results/simulate/simulate.B3.3.0.RDS, ../../results/simulation_results/R_ests/R_ests.B3.3.0.RDS
    output: ../../results/simulation_results/gfa/gfa_ldsc_random_1e-3.B3.3.0.RDS
    jobid: 145
    reason: Missing output files: ../../results/simulation_results/gfa/gfa_ldsc_random_1e-3.B3.3.0.RDS
    wildcards: Rstring=ldsc, ldtype=random, pthresh=1e-3, scenario=B3, ndense=3, rep=0
    resources: mem_mb=1895, mem_mib=1808, disk_mb=1895, disk_mib=1808, tmpdir=<TBD>

Submitted job 145 with external jobid 'Submitted batch job 12632459'.

[Mon Aug 19 14:01:27 2024]
rule gfa_R:
    input: ../../results/simulation_results/simulate/simulate.B3.3.0.RDS, ../../results/simulation_results/R_ests/R_ests.B3.3.0.RDS
    output: ../../results/simulation_results/gfa/gfa_ldsc_pval_1.B3.3.0.RDS
    jobid: 70
    reason: Missing output files: ../../results/simulation_results/gfa/gfa_ldsc_pval_1.B3.3.0.RDS
    wildcards: Rstring=ldsc, ldtype=pval, pthresh=1, scenario=B3, ndense=3, rep=0
    resources: mem_mb=1895, mem_mib=1808, disk_mb=1895, disk_mib=1808, tmpdir=<TBD>

Submitted job 70 with external jobid 'Submitted batch job 12632460'.

[Mon Aug 19 14:01:27 2024]
rule gfa_R:
    input: ../../results/simulation_results/simulate/simulate.B3.3.0.RDS, ../../results/simulation_results/R_ests/R_ests.B3.3.0.RDS
    output: ../../results/simulation_results/gfa/gfa_ldsc_pval_1e-3.B3.3.0.RDS
    jobid: 113
    reason: Missing output files: ../../results/simulation_results/gfa/gfa_ldsc_pval_1e-3.B3.3.0.RDS
    wildcards: Rstring=ldsc, ldtype=pval, pthresh=1e-3, scenario=B3, ndense=3, rep=0
    resources: mem_mb=1895, mem_mib=1808, disk_mb=1895, disk_mib=1808, tmpdir=<TBD>

Submitted job 113 with external jobid 'Submitted batch job 12632461'.

[Mon Aug 19 14:01:27 2024]
rule gfa_R:
    input: ../../results/simulation_results/simulate/simulate.A.0.0.RDS, ../../results/simulation_results/R_ests/R_ests.A.0.0.RDS
    output: ../../results/simulation_results/gfa/gfa_none_pval_1.A.0.0.RDS
    jobid: 86
    reason: Missing output files: ../../results/simulation_results/gfa/gfa_none_pval_1.A.0.0.RDS
    wildcards: Rstring=none, ldtype=pval, pthresh=1, scenario=A, ndense=0, rep=0
    resources: mem_mb=1836, mem_mib=1751, disk_mb=1836, disk_mib=1751, tmpdir=<TBD>

Submitted job 86 with external jobid 'Submitted batch job 12632462'.

[Mon Aug 19 14:01:27 2024]
rule gfa_R:
    input: ../../results/simulation_results/simulate/simulate.A.3.0.RDS, ../../results/simulation_results/R_ests/R_ests.A.3.0.RDS
    output: ../../results/simulation_results/gfa/gfa_pt0.05_random_1e-3.A.3.0.RDS
    jobid: 146
    reason: Missing output files: ../../results/simulation_results/gfa/gfa_pt0.05_random_1e-3.A.3.0.RDS
    wildcards: Rstring=pt0.05, ldtype=random, pthresh=1e-3, scenario=A, ndense=3, rep=0
    resources: mem_mb=1895, mem_mib=1808, disk_mb=1895, disk_mib=1808, tmpdir=<TBD>

Submitted job 146 with external jobid 'Submitted batch job 12632463'.

[Mon Aug 19 14:01:27 2024]
rule gfa_R:
    input: ../../results/simulation_results/simulate/simulate.A.3.0.RDS, ../../results/simulation_results/R_ests/R_ests.A.3.0.RDS
    output: ../../results/simulation_results/gfa/gfa_pt0.05_pval_1e-3.A.3.0.RDS
    jobid: 114
    reason: Missing output files: ../../results/simulation_results/gfa/gfa_pt0.05_pval_1e-3.A.3.0.RDS
    wildcards: Rstring=pt0.05, ldtype=pval, pthresh=1e-3, scenario=A, ndense=3, rep=0
    resources: mem_mb=1895, mem_mib=1808, disk_mb=1895, disk_mib=1808, tmpdir=<TBD>

Submitted job 114 with external jobid 'Submitted batch job 12632464'.

[Mon Aug 19 14:01:27 2024]
rule gfa_R:
    input: ../../results/simulation_results/simulate/simulate.B3.12.0.RDS, ../../results/simulation_results/R_ests/R_ests.B3.12.0.RDS
    output: ../../results/simulation_results/gfa/gfa_ldsc_pval_1.B3.12.0.RDS
    jobid: 72
    reason: Missing output files: ../../results/simulation_results/gfa/gfa_ldsc_pval_1.B3.12.0.RDS
    wildcards: Rstring=ldsc, ldtype=pval, pthresh=1, scenario=B3, ndense=12, rep=0
    resources: mem_mb=1929, mem_mib=1840, disk_mb=1929, disk_mib=1840, tmpdir=<TBD>

Submitted job 72 with external jobid 'Submitted batch job 12632465'.
[Mon Aug 19 14:02:49 2024]
Finished job 148.
1 of 98 steps (1%) done
[Mon Aug 19 14:02:51 2024]
Finished job 150.
2 of 98 steps (2%) done
[Mon Aug 19 14:02:58 2024]
Finished job 142.
3 of 98 steps (3%) done
[Mon Aug 19 14:03:09 2024]
Finished job 138.
4 of 98 steps (4%) done
[Mon Aug 19 14:03:27 2024]
Finished job 149.
5 of 98 steps (5%) done
[Mon Aug 19 14:03:46 2024]
Finished job 147.
6 of 98 steps (6%) done
[Mon Aug 19 14:04:05 2024]
Finished job 120.
7 of 98 steps (7%) done
[Mon Aug 19 14:04:06 2024]
Finished job 118.
8 of 98 steps (8%) done
[Mon Aug 19 14:04:25 2024]
Finished job 154.
9 of 98 steps (9%) done
[Mon Aug 19 14:04:27 2024]
Finished job 130.
10 of 98 steps (10%) done
[Mon Aug 19 14:04:29 2024]
Finished job 135.
11 of 98 steps (11%) done
[Mon Aug 19 14:04:41 2024]
Finished job 115.
12 of 98 steps (12%) done
[Mon Aug 19 14:04:41 2024]
Finished job 88.
13 of 98 steps (13%) done
[Mon Aug 19 14:04:48 2024]
Finished job 143.
14 of 98 steps (14%) done
[Mon Aug 19 14:05:00 2024]
Finished job 153.
15 of 98 steps (15%) done
[Mon Aug 19 14:05:01 2024]
Finished job 95.
16 of 98 steps (16%) done
[Mon Aug 19 14:05:01 2024]
Finished job 155.
17 of 98 steps (17%) done
[Mon Aug 19 14:05:01 2024]
Finished job 156.
18 of 98 steps (18%) done
[Mon Aug 19 14:05:04 2024]
Finished job 134.
19 of 98 steps (19%) done
[Mon Aug 19 14:05:18 2024]
Finished job 116.
20 of 98 steps (20%) done
[Mon Aug 19 14:05:18 2024]
Finished job 90.
21 of 98 steps (21%) done
[Mon Aug 19 14:05:18 2024]
Finished job 152.
22 of 98 steps (22%) done
[Mon Aug 19 14:05:35 2024]
Finished job 151.
23 of 98 steps (23%) done
[Mon Aug 19 14:05:36 2024]
Finished job 121.
24 of 98 steps (24%) done
[Mon Aug 19 14:05:37 2024]
Finished job 157.
25 of 98 steps (26%) done
[Mon Aug 19 14:05:37 2024]
Finished job 127.
26 of 98 steps (27%) done
[Mon Aug 19 14:05:38 2024]
Finished job 129.
27 of 98 steps (28%) done
[Mon Aug 19 14:05:42 2024]
Finished job 146.
28 of 98 steps (29%) done
[Mon Aug 19 14:05:52 2024]
Finished job 87.
29 of 98 steps (30%) done
[Mon Aug 19 14:05:52 2024]
Finished job 119.
30 of 98 steps (31%) done
[Mon Aug 19 14:05:54 2024]
Finished job 126.
31 of 98 steps (32%) done
[Mon Aug 19 14:05:55 2024]
Finished job 122.
32 of 98 steps (33%) done
[Mon Aug 19 14:05:57 2024]
Finished job 110.
33 of 98 steps (34%) done
[Mon Aug 19 14:06:08 2024]
Finished job 137.
34 of 98 steps (35%) done
[Mon Aug 19 14:06:08 2024]
Finished job 89.
35 of 98 steps (36%) done
[Mon Aug 19 14:06:10 2024]
Finished job 128.
36 of 98 steps (37%) done
[Mon Aug 19 14:06:10 2024]
Finished job 100.
37 of 98 steps (38%) done
[Mon Aug 19 14:06:11 2024]
Finished job 131.
38 of 98 steps (39%) done
[Mon Aug 19 14:06:12 2024]
Finished job 139.
39 of 98 steps (40%) done
[Mon Aug 19 14:06:13 2024]
Finished job 144.
40 of 98 steps (41%) done
[Mon Aug 19 14:06:24 2024]
Finished job 74.
41 of 98 steps (42%) done
[Mon Aug 19 14:06:40 2024]
Finished job 99.
42 of 98 steps (43%) done
[Mon Aug 19 14:06:55 2024]
Finished job 124.
43 of 98 steps (44%) done
[Mon Aug 19 14:06:57 2024]
Finished job 136.
44 of 98 steps (45%) done
[Mon Aug 19 14:06:58 2024]
Finished job 145.
45 of 98 steps (46%) done
[Mon Aug 19 14:07:10 2024]
Finished job 97.
46 of 98 steps (47%) done
[Mon Aug 19 14:07:11 2024]
Finished job 60.
47 of 98 steps (48%) done
[Mon Aug 19 14:07:25 2024]
Finished job 76.
48 of 98 steps (49%) done
[Mon Aug 19 14:07:25 2024]
Finished job 123.
49 of 98 steps (50%) done
[Mon Aug 19 14:07:26 2024]
Finished job 56.
50 of 98 steps (51%) done
[Mon Aug 19 14:07:39 2024]
Finished job 79.
51 of 98 steps (52%) done
[Mon Aug 19 14:07:39 2024]
Finished job 101.
52 of 98 steps (53%) done
[Mon Aug 19 14:07:41 2024]
Finished job 132.
53 of 98 steps (54%) done
[Mon Aug 19 14:07:41 2024]
Finished job 140.
54 of 98 steps (55%) done
[Mon Aug 19 14:07:43 2024]
Finished job 112.
55 of 98 steps (56%) done
[Mon Aug 19 14:07:53 2024]
Finished job 93.
56 of 98 steps (57%) done
[Mon Aug 19 14:07:53 2024]
Finished job 50.
57 of 98 steps (58%) done
[Mon Aug 19 14:07:55 2024]
Finished job 141.
58 of 98 steps (59%) done
[Mon Aug 19 14:07:56 2024]
Finished job 114.
59 of 98 steps (60%) done
[Mon Aug 19 14:08:06 2024]
Finished job 77.
60 of 98 steps (61%) done
Removing temporary output ../../results/simulation_results/simulate/simulate.B1.0.0.RDS.
[Mon Aug 19 14:08:06 2024]
Finished job 54.
61 of 98 steps (62%) done
Removing temporary output ../../results/simulation_results/simulate/simulate.A.12.0.RDS.
[Mon Aug 19 14:08:09 2024]
Finished job 111.
62 of 98 steps (63%) done
[Mon Aug 19 14:08:19 2024]
Finished job 96.
63 of 98 steps (64%) done
[Mon Aug 19 14:08:20 2024]
Finished job 58.
64 of 98 steps (65%) done
[Mon Aug 19 14:08:21 2024]
Finished job 64.
65 of 98 steps (66%) done
[Mon Aug 19 14:08:33 2024]
Finished job 92.
66 of 98 steps (67%) done
[Mon Aug 19 14:08:33 2024]
Finished job 52.
67 of 98 steps (68%) done
[Mon Aug 19 14:08:34 2024]
Finished job 102.
68 of 98 steps (69%) done
[Mon Aug 19 14:08:34 2024]
Finished job 103.
69 of 98 steps (70%) done
[Mon Aug 19 14:08:34 2024]
Finished job 81.
70 of 98 steps (71%) done
[Mon Aug 19 14:08:46 2024]
Finished job 94.
71 of 98 steps (72%) done
[Mon Aug 19 14:08:58 2024]
Finished job 98.
72 of 98 steps (73%) done
[Mon Aug 19 14:08:58 2024]
Finished job 106.
73 of 98 steps (74%) done
[Mon Aug 19 14:09:09 2024]
Finished job 91.
74 of 98 steps (76%) done
Removing temporary output ../../results/simulation_results/simulate/simulate.B1.12.0.RDS.
[Mon Aug 19 14:09:22 2024]
Finished job 105.
75 of 98 steps (77%) done
Removing temporary output ../../results/simulation_results/simulate/simulate.B2.3.0.RDS.
[Mon Aug 19 14:09:47 2024]
Finished job 108.
76 of 98 steps (78%) done
[Mon Aug 19 14:09:47 2024]
Finished job 86.
77 of 98 steps (79%) done
Removing temporary output ../../results/simulation_results/simulate/simulate.A.0.0.RDS.
[Mon Aug 19 14:09:58 2024]
Finished job 75.
78 of 98 steps (80%) done
Removing temporary output ../../results/simulation_results/simulate/simulate.A.3.0.RDS.
[Mon Aug 19 14:10:09 2024]
Finished job 78.
79 of 98 steps (81%) done
Removing temporary output ../../results/simulation_results/simulate/simulate.B1.3.0.RDS.
[Mon Aug 19 14:10:09 2024]
Finished job 80.
80 of 98 steps (82%) done
[Mon Aug 19 14:10:09 2024]
Finished job 133.
81 of 98 steps (83%) done
[Mon Aug 19 14:10:10 2024]
Finished job 68.
82 of 98 steps (84%) done
[Mon Aug 19 14:10:20 2024]
Finished job 107.
83 of 98 steps (85%) done
[Mon Aug 19 14:11:04 2024]
Finished job 84.
84 of 98 steps (86%) done
[Mon Aug 19 14:11:15 2024]
Finished job 66.
85 of 98 steps (87%) done
[Mon Aug 19 14:11:16 2024]
Finished job 85.
86 of 98 steps (88%) done
[Mon Aug 19 14:11:27 2024]
Finished job 117.
87 of 98 steps (89%) done
[Mon Aug 19 14:11:46 2024]
Finished job 82.
88 of 98 steps (90%) done
Removing temporary output ../../results/simulation_results/simulate/simulate.B2.12.0.RDS.
[Mon Aug 19 14:11:46 2024]
Finished job 83.
89 of 98 steps (91%) done
Removing temporary output ../../results/simulation_results/simulate/simulate.B3.0.0.RDS.
[Mon Aug 19 14:11:46 2024]
Finished job 109.
90 of 98 steps (92%) done
[Mon Aug 19 14:12:16 2024]
Finished job 104.
91 of 98 steps (93%) done
[Mon Aug 19 14:12:36 2024]
Finished job 62.
92 of 98 steps (94%) done
Removing temporary output ../../results/simulation_results/simulate/simulate.B2.0.0.RDS.
[Mon Aug 19 14:12:47 2024]
Finished job 125.
93 of 98 steps (95%) done
[Mon Aug 19 14:14:16 2024]
Finished job 70.
94 of 98 steps (96%) done
[Mon Aug 19 14:15:47 2024]
Finished job 113.
95 of 98 steps (97%) done
Removing temporary output ../../results/simulation_results/simulate/simulate.B3.3.0.RDS.
[Mon Aug 19 14:16:36 2024]
Finished job 72.
96 of 98 steps (98%) done
Removing temporary output ../../results/simulation_results/simulate/simulate.B3.12.0.RDS.
Select jobs to execute...

[Mon Aug 19 14:16:36 2024]
rule collect:
    input: ../../results/simulation_results/svd/svd_0_5e-8.A.0.0.RDS, ../../results/simulation_results/svd/svd_0_5e-8.A.3.0.RDS, ../../results/simulation_results/svd/svd_0_5e-8.A.12.0.RDS, ../../results/simulation_results/svd/svd_0_5e-8.B1.0.0.RDS, ../../results/simulation_results/svd/svd_0_5e-8.B1.3.0.RDS, ../../results/simulation_results/svd/svd_0_5e-8.B1.12.0.RDS, ../../results/simulation_results/svd/svd_0_5e-8.B2.0.0.RDS, ../../results/simulation_results/svd/svd_0_5e-8.B2.3.0.RDS, ../../results/simulation_results/svd/svd_0_5e-8.B2.12.0.RDS, ../../results/simulation_results/svd/svd_0_5e-8.B3.0.0.RDS, ../../results/simulation_results/svd/svd_0_5e-8.B3.3.0.RDS, ../../results/simulation_results/svd/svd_0_5e-8.B3.12.0.RDS, ../../results/simulation_results/svd/svd_4_5e-8.A.0.0.RDS, ../../results/simulation_results/svd/svd_4_5e-8.A.3.0.RDS, ../../results/simulation_results/svd/svd_4_5e-8.A.12.0.RDS, ../../results/simulation_results/svd/svd_4_5e-8.B1.0.0.RDS, ../../results/simulation_results/svd/svd_4_5e-8.B1.3.0.RDS, ../../results/simulation_results/svd/svd_4_5e-8.B1.12.0.RDS, ../../results/simulation_results/svd/svd_4_5e-8.B2.0.0.RDS, ../../results/simulation_results/svd/svd_4_5e-8.B2.3.0.RDS, ../../results/simulation_results/svd/svd_4_5e-8.B2.12.0.RDS, ../../results/simulation_results/svd/svd_4_5e-8.B3.0.0.RDS, ../../results/simulation_results/svd/svd_4_5e-8.B3.3.0.RDS, ../../results/simulation_results/svd/svd_4_5e-8.B3.12.0.RDS, ../../results/simulation_results/spc/spc_5e-8.A.0.0.RDS, ../../results/simulation_results/spc/spc_5e-8.A.3.0.RDS, ../../results/simulation_results/spc/spc_5e-8.A.12.0.RDS, ../../results/simulation_results/spc/spc_5e-8.B1.0.0.RDS, ../../results/simulation_results/spc/spc_5e-8.B1.3.0.RDS, ../../results/simulation_results/spc/spc_5e-8.B1.12.0.RDS, ../../results/simulation_results/spc/spc_5e-8.B2.0.0.RDS, ../../results/simulation_results/spc/spc_5e-8.B2.3.0.RDS, ../../results/simulation_results/spc/spc_5e-8.B2.12.0.RDS, ../../results/simulation_results/spc/spc_5e-8.B3.0.0.RDS, ../../results/simulation_results/spc/spc_5e-8.B3.3.0.RDS, ../../results/simulation_results/spc/spc_5e-8.B3.12.0.RDS, ../../results/simulation_results/gfa/gfa_ldsc_pval_1.A.0.0.RDS, ../../results/simulation_results/gfa/gfa_ldsc_pval_1.A.3.0.RDS, ../../results/simulation_results/gfa/gfa_ldsc_pval_1.A.12.0.RDS, ../../results/simulation_results/gfa/gfa_ldsc_pval_1.B1.0.0.RDS, ../../results/simulation_results/gfa/gfa_ldsc_pval_1.B1.3.0.RDS, ../../results/simulation_results/gfa/gfa_ldsc_pval_1.B1.12.0.RDS, ../../results/simulation_results/gfa/gfa_ldsc_pval_1.B2.0.0.RDS, ../../results/simulation_results/gfa/gfa_ldsc_pval_1.B2.3.0.RDS, ../../results/simulation_results/gfa/gfa_ldsc_pval_1.B2.12.0.RDS, ../../results/simulation_results/gfa/gfa_ldsc_pval_1.B3.0.0.RDS, ../../results/simulation_results/gfa/gfa_ldsc_pval_1.B3.3.0.RDS, ../../results/simulation_results/gfa/gfa_ldsc_pval_1.B3.12.0.RDS, ../../results/simulation_results/gfa/gfa_pt0.05_pval_1.A.0.0.RDS, ../../results/simulation_results/gfa/gfa_pt0.05_pval_1.A.3.0.RDS, ../../results/simulation_results/gfa/gfa_pt0.05_pval_1.A.12.0.RDS, ../../results/simulation_results/gfa/gfa_pt0.05_pval_1.B1.0.0.RDS, ../../results/simulation_results/gfa/gfa_pt0.05_pval_1.B1.3.0.RDS, ../../results/simulation_results/gfa/gfa_pt0.05_pval_1.B1.12.0.RDS, ../../results/simulation_results/gfa/gfa_pt0.05_pval_1.B2.0.0.RDS, ../../results/simulation_results/gfa/gfa_pt0.05_pval_1.B2.3.0.RDS, ../../results/simulation_results/gfa/gfa_pt0.05_pval_1.B2.12.0.RDS, ../../results/simulation_results/gfa/gfa_pt0.05_pval_1.B3.0.0.RDS, ../../results/simulation_results/gfa/gfa_pt0.05_pval_1.B3.3.0.RDS, ../../results/simulation_results/gfa/gfa_pt0.05_pval_1.B3.12.0.RDS, ../../results/simulation_results/gfa/gfa_none_pval_1.A.0.0.RDS, ../../results/simulation_results/gfa/gfa_none_pval_1.A.3.0.RDS, ../../results/simulation_results/gfa/gfa_none_pval_1.A.12.0.RDS, ../../results/simulation_results/gfa/gfa_none_pval_1.B1.0.0.RDS, ../../results/simulation_results/gfa/gfa_none_pval_1.B1.3.0.RDS, ../../results/simulation_results/gfa/gfa_none_pval_1.B1.12.0.RDS, ../../results/simulation_results/gfa/gfa_none_pval_1.B2.0.0.RDS, ../../results/simulation_results/gfa/gfa_none_pval_1.B2.3.0.RDS, ../../results/simulation_results/gfa/gfa_none_pval_1.B2.12.0.RDS, ../../results/simulation_results/gfa/gfa_none_pval_1.B3.0.0.RDS, ../../results/simulation_results/gfa/gfa_none_pval_1.B3.3.0.RDS, ../../results/simulation_results/gfa/gfa_none_pval_1.B3.12.0.RDS, ../../results/simulation_results/gfa/gfa_oracle_pval_1.A.0.0.RDS, ../../results/simulation_results/gfa/gfa_oracle_pval_1.A.3.0.RDS, ../../results/simulation_results/gfa/gfa_oracle_pval_1.A.12.0.RDS, ../../results/simulation_results/gfa/gfa_oracle_pval_1.B1.0.0.RDS, ../../results/simulation_results/gfa/gfa_oracle_pval_1.B1.3.0.RDS, ../../results/simulation_results/gfa/gfa_oracle_pval_1.B1.12.0.RDS, ../../results/simulation_results/gfa/gfa_oracle_pval_1.B2.0.0.RDS, ../../results/simulation_results/gfa/gfa_oracle_pval_1.B2.3.0.RDS, ../../results/simulation_results/gfa/gfa_oracle_pval_1.B2.12.0.RDS, ../../results/simulation_results/gfa/gfa_oracle_pval_1.B3.0.0.RDS, ../../results/simulation_results/gfa/gfa_oracle_pval_1.B3.3.0.RDS, ../../results/simulation_results/gfa/gfa_oracle_pval_1.B3.12.0.RDS, ../../results/simulation_results/gfa/gfa_ldsc_pval_1.A.3.0.RDS, ../../results/simulation_results/gfa/gfa_ldsc_pval_1.B1.3.0.RDS, ../../results/simulation_results/gfa/gfa_ldsc_pval_1.B2.3.0.RDS, ../../results/simulation_results/gfa/gfa_ldsc_pval_1.B3.3.0.RDS, ../../results/simulation_results/gfa/gfa_pt0.05_pval_1.A.3.0.RDS, ../../results/simulation_results/gfa/gfa_pt0.05_pval_1.B1.3.0.RDS, ../../results/simulation_results/gfa/gfa_pt0.05_pval_1.B2.3.0.RDS, ../../results/simulation_results/gfa/gfa_pt0.05_pval_1.B3.3.0.RDS, ../../results/simulation_results/gfa/gfa_none_pval_1.A.3.0.RDS, ../../results/simulation_results/gfa/gfa_none_pval_1.B1.3.0.RDS, ../../results/simulation_results/gfa/gfa_none_pval_1.B2.3.0.RDS, ../../results/simulation_results/gfa/gfa_none_pval_1.B3.3.0.RDS, ../../results/simulation_results/gfa/gfa_oracle_pval_1.A.3.0.RDS, ../../results/simulation_results/gfa/gfa_oracle_pval_1.B1.3.0.RDS, ../../results/simulation_results/gfa/gfa_oracle_pval_1.B2.3.0.RDS, ../../results/simulation_results/gfa/gfa_oracle_pval_1.B3.3.0.RDS, ../../results/simulation_results/gfa/gfa_ldsc_pval_1e-3.A.3.0.RDS, ../../results/simulation_results/gfa/gfa_ldsc_pval_1e-3.B1.3.0.RDS, ../../results/simulation_results/gfa/gfa_ldsc_pval_1e-3.B2.3.0.RDS, ../../results/simulation_results/gfa/gfa_ldsc_pval_1e-3.B3.3.0.RDS, ../../results/simulation_results/gfa/gfa_pt0.05_pval_1e-3.A.3.0.RDS, ../../results/simulation_results/gfa/gfa_pt0.05_pval_1e-3.B1.3.0.RDS, ../../results/simulation_results/gfa/gfa_pt0.05_pval_1e-3.B2.3.0.RDS, ../../results/simulation_results/gfa/gfa_pt0.05_pval_1e-3.B3.3.0.RDS, ../../results/simulation_results/gfa/gfa_none_pval_1e-3.A.3.0.RDS, ../../results/simulation_results/gfa/gfa_none_pval_1e-3.B1.3.0.RDS, ../../results/simulation_results/gfa/gfa_none_pval_1e-3.B2.3.0.RDS, ../../results/simulation_results/gfa/gfa_none_pval_1e-3.B3.3.0.RDS, ../../results/simulation_results/gfa/gfa_oracle_pval_1e-3.A.3.0.RDS, ../../results/simulation_results/gfa/gfa_oracle_pval_1e-3.B1.3.0.RDS, ../../results/simulation_results/gfa/gfa_oracle_pval_1e-3.B2.3.0.RDS, ../../results/simulation_results/gfa/gfa_oracle_pval_1e-3.B3.3.0.RDS, ../../results/simulation_results/gfa/gfa_ldsc_random_1.A.3.0.RDS, ../../results/simulation_results/gfa/gfa_ldsc_random_1.B1.3.0.RDS, ../../results/simulation_results/gfa/gfa_ldsc_random_1.B2.3.0.RDS, ../../results/simulation_results/gfa/gfa_ldsc_random_1.B3.3.0.RDS, ../../results/simulation_results/gfa/gfa_pt0.05_random_1.A.3.0.RDS, ../../results/simulation_results/gfa/gfa_pt0.05_random_1.B1.3.0.RDS, ../../results/simulation_results/gfa/gfa_pt0.05_random_1.B2.3.0.RDS, ../../results/simulation_results/gfa/gfa_pt0.05_random_1.B3.3.0.RDS, ../../results/simulation_results/gfa/gfa_none_random_1.A.3.0.RDS, ../../results/simulation_results/gfa/gfa_none_random_1.B1.3.0.RDS, ../../results/simulation_results/gfa/gfa_none_random_1.B2.3.0.RDS, ../../results/simulation_results/gfa/gfa_none_random_1.B3.3.0.RDS, ../../results/simulation_results/gfa/gfa_oracle_random_1.A.3.0.RDS, ../../results/simulation_results/gfa/gfa_oracle_random_1.B1.3.0.RDS, ../../results/simulation_results/gfa/gfa_oracle_random_1.B2.3.0.RDS, ../../results/simulation_results/gfa/gfa_oracle_random_1.B3.3.0.RDS, ../../results/simulation_results/gfa/gfa_ldsc_random_1e-3.A.3.0.RDS, ../../results/simulation_results/gfa/gfa_ldsc_random_1e-3.B1.3.0.RDS, ../../results/simulation_results/gfa/gfa_ldsc_random_1e-3.B2.3.0.RDS, ../../results/simulation_results/gfa/gfa_ldsc_random_1e-3.B3.3.0.RDS, ../../results/simulation_results/gfa/gfa_pt0.05_random_1e-3.A.3.0.RDS, ../../results/simulation_results/gfa/gfa_pt0.05_random_1e-3.B1.3.0.RDS, ../../results/simulation_results/gfa/gfa_pt0.05_random_1e-3.B2.3.0.RDS, ../../results/simulation_results/gfa/gfa_pt0.05_random_1e-3.B3.3.0.RDS, ../../results/simulation_results/gfa/gfa_none_random_1e-3.A.3.0.RDS, ../../results/simulation_results/gfa/gfa_none_random_1e-3.B1.3.0.RDS, ../../results/simulation_results/gfa/gfa_none_random_1e-3.B2.3.0.RDS, ../../results/simulation_results/gfa/gfa_none_random_1e-3.B3.3.0.RDS, ../../results/simulation_results/gfa/gfa_oracle_random_1e-3.A.3.0.RDS, ../../results/simulation_results/gfa/gfa_oracle_random_1e-3.B1.3.0.RDS, ../../results/simulation_results/gfa/gfa_oracle_random_1e-3.B2.3.0.RDS, ../../results/simulation_results/gfa/gfa_oracle_random_1e-3.B3.3.0.RDS, ../../results/simulation_results/ml/ml_6.A.0.0.RDS, ../../results/simulation_results/ml/ml_6.A.3.0.RDS, ../../results/simulation_results/ml/ml_6.A.12.0.RDS, ../../results/simulation_results/ml/ml_6.B1.0.0.RDS, ../../results/simulation_results/ml/ml_6.B1.3.0.RDS, ../../results/simulation_results/ml/ml_6.B1.12.0.RDS, ../../results/simulation_results/ml/ml_6.B2.0.0.RDS, ../../results/simulation_results/ml/ml_6.B2.3.0.RDS, ../../results/simulation_results/ml/ml_6.B2.12.0.RDS, ../../results/simulation_results/ml/ml_6.B3.0.0.RDS, ../../results/simulation_results/ml/ml_6.B3.3.0.RDS, ../../results/simulation_results/ml/ml_6.B3.12.0.RDS, ../../results/simulation_results/ml/ml_12.A.0.0.RDS, ../../results/simulation_results/ml/ml_12.A.3.0.RDS, ../../results/simulation_results/ml/ml_12.A.12.0.RDS, ../../results/simulation_results/ml/ml_12.B1.0.0.RDS, ../../results/simulation_results/ml/ml_12.B1.3.0.RDS, ../../results/simulation_results/ml/ml_12.B1.12.0.RDS, ../../results/simulation_results/ml/ml_12.B2.0.0.RDS, ../../results/simulation_results/ml/ml_12.B2.3.0.RDS, ../../results/simulation_results/ml/ml_12.B2.12.0.RDS, ../../results/simulation_results/ml/ml_12.B3.0.0.RDS, ../../results/simulation_results/ml/ml_12.B3.3.0.RDS, ../../results/simulation_results/ml/ml_12.B3.12.0.RDS
    output: ../../results/simulation_results/full_results.RDS
    jobid: 1
    reason: Missing output files: ../../results/simulation_results/full_results.RDS; Input files updated by another job: ../../results/simulation_results/gfa/gfa_ldsc_pval_1.A.3.0.RDS, ../../results/simulation_results/gfa/gfa_ldsc_pval_1.B1.12.0.RDS, ../../results/simulation_results/gfa/gfa_oracle_random_1.A.3.0.RDS, ../../results/simulation_results/gfa/gfa_ldsc_pval_1.B2.12.0.RDS, ../../results/simulation_results/gfa/gfa_oracle_pval_1.A.0.0.RDS, ../../results/simulation_results/gfa/gfa_oracle_pval_1.B3.0.0.RDS, ../../results/simulation_results/gfa/gfa_pt0.05_random_1.B1.3.0.RDS, ../../results/simulation_results/gfa/gfa_ldsc_pval_1e-3.B3.3.0.RDS, ../../results/simulation_results/gfa/gfa_oracle_random_1.B2.3.0.RDS, ../../results/simulation_results/gfa/gfa_pt0.05_random_1e-3.B1.3.0.RDS, ../../results/simulation_results/gfa/gfa_none_pval_1.B1.12.0.RDS, ../../results/simulation_results/gfa/gfa_none_random_1e-3.B1.3.0.RDS, ../../results/simulation_results/gfa/gfa_oracle_pval_1.B1.12.0.RDS, ../../results/simulation_results/gfa/gfa_oracle_pval_1e-3.A.3.0.RDS, ../../results/simulation_results/gfa/gfa_ldsc_pval_1.A.0.0.RDS, ../../results/simulation_results/gfa/gfa_pt0.05_pval_1e-3.B2.3.0.RDS, ../../results/simulation_results/gfa/gfa_ldsc_random_1.B1.3.0.RDS, ../../results/simulation_results/gfa/gfa_ldsc_random_1e-3.A.3.0.RDS, ../../results/simulation_results/gfa/gfa_none_pval_1e-3.A.3.0.RDS, ../../results/simulation_results/gfa/gfa_none_random_1.B1.3.0.RDS, ../../results/simulation_results/gfa/gfa_none_pval_1.B3.3.0.RDS, ../../results/simulation_results/gfa/gfa_pt0.05_random_1.B2.3.0.RDS, ../../results/simulation_results/gfa/gfa_none_pval_1.A.0.0.RDS, ../../results/simulation_results/gfa/gfa_ldsc_pval_1e-3.B2.3.0.RDS, ../../results/simulation_results/gfa/gfa_oracle_pval_1.A.3.0.RDS, ../../results/simulation_results/gfa/gfa_pt0.05_pval_1.B2.3.0.RDS, ../../results/simulation_results/gfa/gfa_ldsc_pval_1.B1.0.0.RDS, ../../results/simulation_results/gfa/gfa_none_pval_1.B1.0.0.RDS, ../../results/simulation_results/gfa/gfa_ldsc_random_1e-3.B2.3.0.RDS, ../../results/simulation_results/gfa/gfa_none_pval_1.A.12.0.RDS, ../../results/simulation_results/gfa/gfa_none_random_1e-3.A.3.0.RDS, ../../results/simulation_results/gfa/gfa_pt0.05_pval_1e-3.B1.3.0.RDS, ../../results/simulation_results/gfa/gfa_none_random_1.A.3.0.RDS, ../../results/simulation_results/gfa/gfa_ldsc_random_1e-3.B1.3.0.RDS, ../../results/simulation_results/gfa/gfa_ldsc_random_1e-3.B3.3.0.RDS, ../../results/simulation_results/gfa/gfa_none_pval_1.B1.3.0.RDS, ../../results/simulation_results/gfa/gfa_none_pval_1e-3.B2.3.0.RDS, ../../results/simulation_results/gfa/gfa_ldsc_pval_1.B1.3.0.RDS, ../../results/simulation_results/gfa/gfa_pt0.05_pval_1e-3.B3.3.0.RDS, ../../results/simulation_results/gfa/gfa_oracle_pval_1e-3.B1.3.0.RDS, ../../results/simulation_results/gfa/gfa_ldsc_pval_1.B2.0.0.RDS, ../../results/simulation_results/gfa/gfa_ldsc_pval_1.B2.3.0.RDS, ../../results/simulation_results/gfa/gfa_pt0.05_pval_1.A.3.0.RDS, ../../results/simulation_results/gfa/gfa_oracle_pval_1.B2.12.0.RDS, ../../results/simulation_results/gfa/gfa_none_random_1e-3.B3.3.0.RDS, ../../results/simulation_results/gfa/gfa_oracle_pval_1.B3.3.0.RDS, ../../results/simulation_results/gfa/gfa_none_pval_1.B2.3.0.RDS, ../../results/simulation_results/gfa/gfa_pt0.05_random_1e-3.A.3.0.RDS, ../../results/simulation_results/gfa/gfa_none_random_1.B2.3.0.RDS, ../../results/simulation_results/gfa/gfa_none_pval_1e-3.B3.3.0.RDS, ../../results/simulation_results/gfa/gfa_oracle_pval_1.B1.3.0.RDS, ../../results/simulation_results/gfa/gfa_pt0.05_pval_1.B1.0.0.RDS, ../../results/simulation_results/gfa/gfa_none_pval_1e-3.B1.3.0.RDS, ../../results/simulation_results/gfa/gfa_pt0.05_pval_1e-3.A.3.0.RDS, ../../results/simulation_results/gfa/gfa_oracle_pval_1.B1.0.0.RDS, ../../results/simulation_results/gfa/gfa_ldsc_pval_1.B3.12.0.RDS, ../../results/simulation_results/gfa/gfa_pt0.05_pval_1.B2.12.0.RDS, ../../results/simulation_results/gfa/gfa_oracle_pval_1e-3.B2.3.0.RDS, ../../results/simulation_results/gfa/gfa_none_random_1.B3.3.0.RDS, ../../results/simulation_results/gfa/gfa_oracle_pval_1.A.12.0.RDS, ../../results/simulation_results/gfa/gfa_oracle_pval_1e-3.B3.3.0.RDS, ../../results/simulation_results/gfa/gfa_oracle_random_1e-3.B3.3.0.RDS, ../../results/simulation_results/gfa/gfa_ldsc_pval_1.B3.3.0.RDS, ../../results/simulation_results/gfa/gfa_pt0.05_pval_1.B3.3.0.RDS, ../../results/simulation_results/gfa/gfa_oracle_pval_1.B2.0.0.RDS, ../../results/simulation_results/gfa/gfa_none_pval_1.B3.12.0.RDS, ../../results/simulation_results/gfa/gfa_oracle_random_1e-3.B2.3.0.RDS, ../../results/simulation_results/gfa/gfa_none_pval_1.B2.12.0.RDS, ../../results/simulation_results/gfa/gfa_none_random_1e-3.B2.3.0.RDS, ../../results/simulation_results/gfa/gfa_pt0.05_pval_1.B3.0.0.RDS, ../../results/simulation_results/gfa/gfa_oracle_random_1e-3.B1.3.0.RDS, ../../results/simulation_results/gfa/gfa_ldsc_random_1.A.3.0.RDS, ../../results/simulation_results/gfa/gfa_pt0.05_random_1.A.3.0.RDS, ../../results/simulation_results/gfa/gfa_pt0.05_pval_1.B2.0.0.RDS, ../../results/simulation_results/gfa/gfa_ldsc_pval_1e-3.B1.3.0.RDS, ../../results/simulation_results/gfa/gfa_pt0.05_pval_1.A.12.0.RDS, ../../results/simulation_results/gfa/gfa_ldsc_pval_1e-3.A.3.0.RDS, ../../results/simulation_results/gfa/gfa_pt0.05_pval_1.B3.12.0.RDS, ../../results/simulation_results/gfa/gfa_pt0.05_pval_1.B1.3.0.RDS, ../../results/simulation_results/gfa/gfa_oracle_pval_1.B3.12.0.RDS, ../../results/simulation_results/gfa/gfa_oracle_random_1.B1.3.0.RDS, ../../results/simulation_results/gfa/gfa_ldsc_pval_1.B3.0.0.RDS, ../../results/simulation_results/gfa/gfa_pt0.05_pval_1.A.0.0.RDS, ../../results/simulation_results/gfa/gfa_oracle_pval_1.B2.3.0.RDS, ../../results/simulation_results/gfa/gfa_ldsc_pval_1.A.12.0.RDS, ../../results/simulation_results/gfa/gfa_pt0.05_pval_1.B1.12.0.RDS, ../../results/simulation_results/gfa/gfa_oracle_random_1.B3.3.0.RDS, ../../results/simulation_results/gfa/gfa_none_pval_1.B3.0.0.RDS, ../../results/simulation_results/gfa/gfa_pt0.05_random_1e-3.B2.3.0.RDS, ../../results/simulation_results/gfa/gfa_ldsc_random_1.B3.3.0.RDS, ../../results/simulation_results/gfa/gfa_none_pval_1.A.3.0.RDS, ../../results/simulation_results/gfa/gfa_ldsc_random_1.B2.3.0.RDS, ../../results/simulation_results/gfa/gfa_pt0.05_random_1e-3.B3.3.0.RDS, ../../results/simulation_results/gfa/gfa_none_pval_1.B2.0.0.RDS, ../../results/simulation_results/gfa/gfa_pt0.05_random_1.B3.3.0.RDS, ../../results/simulation_results/gfa/gfa_oracle_random_1e-3.A.3.0.RDS
    resources: mem_mb=24833, mem_mib=23683, disk_mb=24833, disk_mib=23683, tmpdir=<TBD>

Submitted job 1 with external jobid 'Submitted batch job 12632905'.
[Mon Aug 19 14:16:46 2024]
Error in rule collect:
    jobid: 1
    input: ../../results/simulation_results/svd/svd_0_5e-8.A.0.0.RDS, ../../results/simulation_results/svd/svd_0_5e-8.A.3.0.RDS, ../../results/simulation_results/svd/svd_0_5e-8.A.12.0.RDS, ../../results/simulation_results/svd/svd_0_5e-8.B1.0.0.RDS, ../../results/simulation_results/svd/svd_0_5e-8.B1.3.0.RDS, ../../results/simulation_results/svd/svd_0_5e-8.B1.12.0.RDS, ../../results/simulation_results/svd/svd_0_5e-8.B2.0.0.RDS, ../../results/simulation_results/svd/svd_0_5e-8.B2.3.0.RDS, ../../results/simulation_results/svd/svd_0_5e-8.B2.12.0.RDS, ../../results/simulation_results/svd/svd_0_5e-8.B3.0.0.RDS, ../../results/simulation_results/svd/svd_0_5e-8.B3.3.0.RDS, ../../results/simulation_results/svd/svd_0_5e-8.B3.12.0.RDS, ../../results/simulation_results/svd/svd_4_5e-8.A.0.0.RDS, ../../results/simulation_results/svd/svd_4_5e-8.A.3.0.RDS, ../../results/simulation_results/svd/svd_4_5e-8.A.12.0.RDS, ../../results/simulation_results/svd/svd_4_5e-8.B1.0.0.RDS, ../../results/simulation_results/svd/svd_4_5e-8.B1.3.0.RDS, ../../results/simulation_results/svd/svd_4_5e-8.B1.12.0.RDS, ../../results/simulation_results/svd/svd_4_5e-8.B2.0.0.RDS, ../../results/simulation_results/svd/svd_4_5e-8.B2.3.0.RDS, ../../results/simulation_results/svd/svd_4_5e-8.B2.12.0.RDS, ../../results/simulation_results/svd/svd_4_5e-8.B3.0.0.RDS, ../../results/simulation_results/svd/svd_4_5e-8.B3.3.0.RDS, ../../results/simulation_results/svd/svd_4_5e-8.B3.12.0.RDS, ../../results/simulation_results/spc/spc_5e-8.A.0.0.RDS, ../../results/simulation_results/spc/spc_5e-8.A.3.0.RDS, ../../results/simulation_results/spc/spc_5e-8.A.12.0.RDS, ../../results/simulation_results/spc/spc_5e-8.B1.0.0.RDS, ../../results/simulation_results/spc/spc_5e-8.B1.3.0.RDS, ../../results/simulation_results/spc/spc_5e-8.B1.12.0.RDS, ../../results/simulation_results/spc/spc_5e-8.B2.0.0.RDS, ../../results/simulation_results/spc/spc_5e-8.B2.3.0.RDS, ../../results/simulation_results/spc/spc_5e-8.B2.12.0.RDS, ../../results/simulation_results/spc/spc_5e-8.B3.0.0.RDS, ../../results/simulation_results/spc/spc_5e-8.B3.3.0.RDS, ../../results/simulation_results/spc/spc_5e-8.B3.12.0.RDS, ../../results/simulation_results/gfa/gfa_ldsc_pval_1.A.0.0.RDS, ../../results/simulation_results/gfa/gfa_ldsc_pval_1.A.3.0.RDS, ../../results/simulation_results/gfa/gfa_ldsc_pval_1.A.12.0.RDS, ../../results/simulation_results/gfa/gfa_ldsc_pval_1.B1.0.0.RDS, ../../results/simulation_results/gfa/gfa_ldsc_pval_1.B1.3.0.RDS, ../../results/simulation_results/gfa/gfa_ldsc_pval_1.B1.12.0.RDS, ../../results/simulation_results/gfa/gfa_ldsc_pval_1.B2.0.0.RDS, ../../results/simulation_results/gfa/gfa_ldsc_pval_1.B2.3.0.RDS, ../../results/simulation_results/gfa/gfa_ldsc_pval_1.B2.12.0.RDS, ../../results/simulation_results/gfa/gfa_ldsc_pval_1.B3.0.0.RDS, ../../results/simulation_results/gfa/gfa_ldsc_pval_1.B3.3.0.RDS, ../../results/simulation_results/gfa/gfa_ldsc_pval_1.B3.12.0.RDS, ../../results/simulation_results/gfa/gfa_pt0.05_pval_1.A.0.0.RDS, ../../results/simulation_results/gfa/gfa_pt0.05_pval_1.A.3.0.RDS, ../../results/simulation_results/gfa/gfa_pt0.05_pval_1.A.12.0.RDS, ../../results/simulation_results/gfa/gfa_pt0.05_pval_1.B1.0.0.RDS, ../../results/simulation_results/gfa/gfa_pt0.05_pval_1.B1.3.0.RDS, ../../results/simulation_results/gfa/gfa_pt0.05_pval_1.B1.12.0.RDS, ../../results/simulation_results/gfa/gfa_pt0.05_pval_1.B2.0.0.RDS, ../../results/simulation_results/gfa/gfa_pt0.05_pval_1.B2.3.0.RDS, ../../results/simulation_results/gfa/gfa_pt0.05_pval_1.B2.12.0.RDS, ../../results/simulation_results/gfa/gfa_pt0.05_pval_1.B3.0.0.RDS, ../../results/simulation_results/gfa/gfa_pt0.05_pval_1.B3.3.0.RDS, ../../results/simulation_results/gfa/gfa_pt0.05_pval_1.B3.12.0.RDS, ../../results/simulation_results/gfa/gfa_none_pval_1.A.0.0.RDS, ../../results/simulation_results/gfa/gfa_none_pval_1.A.3.0.RDS, ../../results/simulation_results/gfa/gfa_none_pval_1.A.12.0.RDS, ../../results/simulation_results/gfa/gfa_none_pval_1.B1.0.0.RDS, ../../results/simulation_results/gfa/gfa_none_pval_1.B1.3.0.RDS, ../../results/simulation_results/gfa/gfa_none_pval_1.B1.12.0.RDS, ../../results/simulation_results/gfa/gfa_none_pval_1.B2.0.0.RDS, ../../results/simulation_results/gfa/gfa_none_pval_1.B2.3.0.RDS, ../../results/simulation_results/gfa/gfa_none_pval_1.B2.12.0.RDS, ../../results/simulation_results/gfa/gfa_none_pval_1.B3.0.0.RDS, ../../results/simulation_results/gfa/gfa_none_pval_1.B3.3.0.RDS, ../../results/simulation_results/gfa/gfa_none_pval_1.B3.12.0.RDS, ../../results/simulation_results/gfa/gfa_oracle_pval_1.A.0.0.RDS, ../../results/simulation_results/gfa/gfa_oracle_pval_1.A.3.0.RDS, ../../results/simulation_results/gfa/gfa_oracle_pval_1.A.12.0.RDS, ../../results/simulation_results/gfa/gfa_oracle_pval_1.B1.0.0.RDS, ../../results/simulation_results/gfa/gfa_oracle_pval_1.B1.3.0.RDS, ../../results/simulation_results/gfa/gfa_oracle_pval_1.B1.12.0.RDS, ../../results/simulation_results/gfa/gfa_oracle_pval_1.B2.0.0.RDS, ../../results/simulation_results/gfa/gfa_oracle_pval_1.B2.3.0.RDS, ../../results/simulation_results/gfa/gfa_oracle_pval_1.B2.12.0.RDS, ../../results/simulation_results/gfa/gfa_oracle_pval_1.B3.0.0.RDS, ../../results/simulation_results/gfa/gfa_oracle_pval_1.B3.3.0.RDS, ../../results/simulation_results/gfa/gfa_oracle_pval_1.B3.12.0.RDS, ../../results/simulation_results/gfa/gfa_ldsc_pval_1.A.3.0.RDS, ../../results/simulation_results/gfa/gfa_ldsc_pval_1.B1.3.0.RDS, ../../results/simulation_results/gfa/gfa_ldsc_pval_1.B2.3.0.RDS, ../../results/simulation_results/gfa/gfa_ldsc_pval_1.B3.3.0.RDS, ../../results/simulation_results/gfa/gfa_pt0.05_pval_1.A.3.0.RDS, ../../results/simulation_results/gfa/gfa_pt0.05_pval_1.B1.3.0.RDS, ../../results/simulation_results/gfa/gfa_pt0.05_pval_1.B2.3.0.RDS, ../../results/simulation_results/gfa/gfa_pt0.05_pval_1.B3.3.0.RDS, ../../results/simulation_results/gfa/gfa_none_pval_1.A.3.0.RDS, ../../results/simulation_results/gfa/gfa_none_pval_1.B1.3.0.RDS, ../../results/simulation_results/gfa/gfa_none_pval_1.B2.3.0.RDS, ../../results/simulation_results/gfa/gfa_none_pval_1.B3.3.0.RDS, ../../results/simulation_results/gfa/gfa_oracle_pval_1.A.3.0.RDS, ../../results/simulation_results/gfa/gfa_oracle_pval_1.B1.3.0.RDS, ../../results/simulation_results/gfa/gfa_oracle_pval_1.B2.3.0.RDS, ../../results/simulation_results/gfa/gfa_oracle_pval_1.B3.3.0.RDS, ../../results/simulation_results/gfa/gfa_ldsc_pval_1e-3.A.3.0.RDS, ../../results/simulation_results/gfa/gfa_ldsc_pval_1e-3.B1.3.0.RDS, ../../results/simulation_results/gfa/gfa_ldsc_pval_1e-3.B2.3.0.RDS, ../../results/simulation_results/gfa/gfa_ldsc_pval_1e-3.B3.3.0.RDS, ../../results/simulation_results/gfa/gfa_pt0.05_pval_1e-3.A.3.0.RDS, ../../results/simulation_results/gfa/gfa_pt0.05_pval_1e-3.B1.3.0.RDS, ../../results/simulation_results/gfa/gfa_pt0.05_pval_1e-3.B2.3.0.RDS, ../../results/simulation_results/gfa/gfa_pt0.05_pval_1e-3.B3.3.0.RDS, ../../results/simulation_results/gfa/gfa_none_pval_1e-3.A.3.0.RDS, ../../results/simulation_results/gfa/gfa_none_pval_1e-3.B1.3.0.RDS, ../../results/simulation_results/gfa/gfa_none_pval_1e-3.B2.3.0.RDS, ../../results/simulation_results/gfa/gfa_none_pval_1e-3.B3.3.0.RDS, ../../results/simulation_results/gfa/gfa_oracle_pval_1e-3.A.3.0.RDS, ../../results/simulation_results/gfa/gfa_oracle_pval_1e-3.B1.3.0.RDS, ../../results/simulation_results/gfa/gfa_oracle_pval_1e-3.B2.3.0.RDS, ../../results/simulation_results/gfa/gfa_oracle_pval_1e-3.B3.3.0.RDS, ../../results/simulation_results/gfa/gfa_ldsc_random_1.A.3.0.RDS, ../../results/simulation_results/gfa/gfa_ldsc_random_1.B1.3.0.RDS, ../../results/simulation_results/gfa/gfa_ldsc_random_1.B2.3.0.RDS, ../../results/simulation_results/gfa/gfa_ldsc_random_1.B3.3.0.RDS, ../../results/simulation_results/gfa/gfa_pt0.05_random_1.A.3.0.RDS, ../../results/simulation_results/gfa/gfa_pt0.05_random_1.B1.3.0.RDS, ../../results/simulation_results/gfa/gfa_pt0.05_random_1.B2.3.0.RDS, ../../results/simulation_results/gfa/gfa_pt0.05_random_1.B3.3.0.RDS, ../../results/simulation_results/gfa/gfa_none_random_1.A.3.0.RDS, ../../results/simulation_results/gfa/gfa_none_random_1.B1.3.0.RDS, ../../results/simulation_results/gfa/gfa_none_random_1.B2.3.0.RDS, ../../results/simulation_results/gfa/gfa_none_random_1.B3.3.0.RDS, ../../results/simulation_results/gfa/gfa_oracle_random_1.A.3.0.RDS, ../../results/simulation_results/gfa/gfa_oracle_random_1.B1.3.0.RDS, ../../results/simulation_results/gfa/gfa_oracle_random_1.B2.3.0.RDS, ../../results/simulation_results/gfa/gfa_oracle_random_1.B3.3.0.RDS, ../../results/simulation_results/gfa/gfa_ldsc_random_1e-3.A.3.0.RDS, ../../results/simulation_results/gfa/gfa_ldsc_random_1e-3.B1.3.0.RDS, ../../results/simulation_results/gfa/gfa_ldsc_random_1e-3.B2.3.0.RDS, ../../results/simulation_results/gfa/gfa_ldsc_random_1e-3.B3.3.0.RDS, ../../results/simulation_results/gfa/gfa_pt0.05_random_1e-3.A.3.0.RDS, ../../results/simulation_results/gfa/gfa_pt0.05_random_1e-3.B1.3.0.RDS, ../../results/simulation_results/gfa/gfa_pt0.05_random_1e-3.B2.3.0.RDS, ../../results/simulation_results/gfa/gfa_pt0.05_random_1e-3.B3.3.0.RDS, ../../results/simulation_results/gfa/gfa_none_random_1e-3.A.3.0.RDS, ../../results/simulation_results/gfa/gfa_none_random_1e-3.B1.3.0.RDS, ../../results/simulation_results/gfa/gfa_none_random_1e-3.B2.3.0.RDS, ../../results/simulation_results/gfa/gfa_none_random_1e-3.B3.3.0.RDS, ../../results/simulation_results/gfa/gfa_oracle_random_1e-3.A.3.0.RDS, ../../results/simulation_results/gfa/gfa_oracle_random_1e-3.B1.3.0.RDS, ../../results/simulation_results/gfa/gfa_oracle_random_1e-3.B2.3.0.RDS, ../../results/simulation_results/gfa/gfa_oracle_random_1e-3.B3.3.0.RDS, ../../results/simulation_results/ml/ml_6.A.0.0.RDS, ../../results/simulation_results/ml/ml_6.A.3.0.RDS, ../../results/simulation_results/ml/ml_6.A.12.0.RDS, ../../results/simulation_results/ml/ml_6.B1.0.0.RDS, ../../results/simulation_results/ml/ml_6.B1.3.0.RDS, ../../results/simulation_results/ml/ml_6.B1.12.0.RDS, ../../results/simulation_results/ml/ml_6.B2.0.0.RDS, ../../results/simulation_results/ml/ml_6.B2.3.0.RDS, ../../results/simulation_results/ml/ml_6.B2.12.0.RDS, ../../results/simulation_results/ml/ml_6.B3.0.0.RDS, ../../results/simulation_results/ml/ml_6.B3.3.0.RDS, ../../results/simulation_results/ml/ml_6.B3.12.0.RDS, ../../results/simulation_results/ml/ml_12.A.0.0.RDS, ../../results/simulation_results/ml/ml_12.A.3.0.RDS, ../../results/simulation_results/ml/ml_12.A.12.0.RDS, ../../results/simulation_results/ml/ml_12.B1.0.0.RDS, ../../results/simulation_results/ml/ml_12.B1.3.0.RDS, ../../results/simulation_results/ml/ml_12.B1.12.0.RDS, ../../results/simulation_results/ml/ml_12.B2.0.0.RDS, ../../results/simulation_results/ml/ml_12.B2.3.0.RDS, ../../results/simulation_results/ml/ml_12.B2.12.0.RDS, ../../results/simulation_results/ml/ml_12.B3.0.0.RDS, ../../results/simulation_results/ml/ml_12.B3.3.0.RDS, ../../results/simulation_results/ml/ml_12.B3.12.0.RDS
    output: ../../results/simulation_results/full_results.RDS
    cluster_jobid: Submitted batch job 12632905

Error executing rule collect on cluster (jobid: 1, external: Submitted batch job 12632905, jobscript: /gpfs/accounts/jvmorr_root/jvmorr0/jvmorr/GFA_code_ocean/git_repository/gfa_manuscript/code/simulations/.snakemake/tmp.vc38p9e0/snakejob.collect.1.sh). For error details see the cluster log and the log files of the involved rule(s).
Exiting because a job execution failed. Look above for error message
Complete log: .snakemake/log/2024-08-19T140122.015303.snakemake.log
