Building DAG of jobs...
Using shell: /usr/bin/bash
Provided cluster nodes: 96
Job stats:
job         count
--------  -------
all             1
collect         1
estR           12
gfa_R          48
ml             24
simulate       12
spc            12
svd            24
total         134

Select jobs to execute...

[Mon Aug 19 06:26:02 2024]
rule simulate:
    output: ../../results/simulation_results/simulate/simulate.B2.0.0.RDS
    jobid: 15
    reason: Missing output files: ../../results/simulation_results/simulate/simulate.B2.0.0.RDS
    wildcards: scenario=B2, ndense=0, rep=0
    resources: mem_mb=1000, mem_mib=954, disk_mb=1000, disk_mib=954, tmpdir=<TBD>

Submitted job 15 with external jobid 'Submitted batch job 12603621'.

[Mon Aug 19 06:26:02 2024]
rule simulate:
    output: ../../results/simulation_results/simulate/simulate.A.12.0.RDS
    jobid: 7
    reason: Missing output files: ../../results/simulation_results/simulate/simulate.A.12.0.RDS
    wildcards: scenario=A, ndense=12, rep=0
    resources: mem_mb=1000, mem_mib=954, disk_mb=1000, disk_mib=954, tmpdir=<TBD>

Submitted job 7 with external jobid 'Submitted batch job 12603622'.

[Mon Aug 19 06:26:02 2024]
rule simulate:
    output: ../../results/simulation_results/simulate/simulate.B2.3.0.RDS
    jobid: 17
    reason: Missing output files: ../../results/simulation_results/simulate/simulate.B2.3.0.RDS
    wildcards: scenario=B2, ndense=3, rep=0
    resources: mem_mb=1000, mem_mib=954, disk_mb=1000, disk_mib=954, tmpdir=<TBD>

Submitted job 17 with external jobid 'Submitted batch job 12603623'.

[Mon Aug 19 06:26:03 2024]
rule simulate:
    output: ../../results/simulation_results/simulate/simulate.A.0.0.RDS
    jobid: 3
    reason: Missing output files: ../../results/simulation_results/simulate/simulate.A.0.0.RDS
    wildcards: scenario=A, ndense=0, rep=0
    resources: mem_mb=1000, mem_mib=954, disk_mb=1000, disk_mib=954, tmpdir=<TBD>

Submitted job 3 with external jobid 'Submitted batch job 12603624'.

[Mon Aug 19 06:26:03 2024]
rule simulate:
    output: ../../results/simulation_results/simulate/simulate.B1.0.0.RDS
    jobid: 9
    reason: Missing output files: ../../results/simulation_results/simulate/simulate.B1.0.0.RDS
    wildcards: scenario=B1, ndense=0, rep=0
    resources: mem_mb=1000, mem_mib=954, disk_mb=1000, disk_mib=954, tmpdir=<TBD>

Submitted job 9 with external jobid 'Submitted batch job 12603625'.

[Mon Aug 19 06:26:03 2024]
rule simulate:
    output: ../../results/simulation_results/simulate/simulate.B2.12.0.RDS
    jobid: 19
    reason: Missing output files: ../../results/simulation_results/simulate/simulate.B2.12.0.RDS
    wildcards: scenario=B2, ndense=12, rep=0
    resources: mem_mb=1000, mem_mib=954, disk_mb=1000, disk_mib=954, tmpdir=<TBD>

Submitted job 19 with external jobid 'Submitted batch job 12603626'.

[Mon Aug 19 06:26:03 2024]
rule simulate:
    output: ../../results/simulation_results/simulate/simulate.A.3.0.RDS
    jobid: 5
    reason: Missing output files: ../../results/simulation_results/simulate/simulate.A.3.0.RDS
    wildcards: scenario=A, ndense=3, rep=0
    resources: mem_mb=1000, mem_mib=954, disk_mb=1000, disk_mib=954, tmpdir=<TBD>

Submitted job 5 with external jobid 'Submitted batch job 12603627'.

[Mon Aug 19 06:26:03 2024]
rule simulate:
    output: ../../results/simulation_results/simulate/simulate.B3.0.0.RDS
    jobid: 21
    reason: Missing output files: ../../results/simulation_results/simulate/simulate.B3.0.0.RDS
    wildcards: scenario=B3, ndense=0, rep=0
    resources: mem_mb=1000, mem_mib=954, disk_mb=1000, disk_mib=954, tmpdir=<TBD>

Submitted job 21 with external jobid 'Submitted batch job 12603628'.

[Mon Aug 19 06:26:03 2024]
rule simulate:
    output: ../../results/simulation_results/simulate/simulate.B3.3.0.RDS
    jobid: 23
    reason: Missing output files: ../../results/simulation_results/simulate/simulate.B3.3.0.RDS
    wildcards: scenario=B3, ndense=3, rep=0
    resources: mem_mb=1000, mem_mib=954, disk_mb=1000, disk_mib=954, tmpdir=<TBD>

Submitted job 23 with external jobid 'Submitted batch job 12603629'.

[Mon Aug 19 06:26:03 2024]
rule simulate:
    output: ../../results/simulation_results/simulate/simulate.B1.12.0.RDS
    jobid: 13
    reason: Missing output files: ../../results/simulation_results/simulate/simulate.B1.12.0.RDS
    wildcards: scenario=B1, ndense=12, rep=0
    resources: mem_mb=1000, mem_mib=954, disk_mb=1000, disk_mib=954, tmpdir=<TBD>

Submitted job 13 with external jobid 'Submitted batch job 12603630'.

[Mon Aug 19 06:26:03 2024]
rule simulate:
    output: ../../results/simulation_results/simulate/simulate.B1.3.0.RDS
    jobid: 11
    reason: Missing output files: ../../results/simulation_results/simulate/simulate.B1.3.0.RDS
    wildcards: scenario=B1, ndense=3, rep=0
    resources: mem_mb=1000, mem_mib=954, disk_mb=1000, disk_mib=954, tmpdir=<TBD>

Submitted job 11 with external jobid 'Submitted batch job 12603631'.

[Mon Aug 19 06:26:03 2024]
rule simulate:
    output: ../../results/simulation_results/simulate/simulate.B3.12.0.RDS
    jobid: 25
    reason: Missing output files: ../../results/simulation_results/simulate/simulate.B3.12.0.RDS
    wildcards: scenario=B3, ndense=12, rep=0
    resources: mem_mb=1000, mem_mib=954, disk_mb=1000, disk_mib=954, tmpdir=<TBD>

Submitted job 25 with external jobid 'Submitted batch job 12603632'.
[Mon Aug 19 06:28:36 2024]
Error in rule simulate:
    jobid: 25
    output: ../../results/simulation_results/simulate/simulate.B3.12.0.RDS
    cluster_jobid: Submitted batch job 12603632

Error executing rule simulate on cluster (jobid: 25, external: Submitted batch job 12603632, jobscript: /gpfs/accounts/jvmorr_root/jvmorr0/jvmorr/GFA_code_ocean/git_repository/gfa_manuscript/code/simulations/.snakemake/tmp.669n5qkt/snakejob.simulate.25.sh). For error details see the cluster log and the log files of the involved rule(s).
[Mon Aug 19 06:28:47 2024]
Error in rule simulate:
    jobid: 23
    output: ../../results/simulation_results/simulate/simulate.B3.3.0.RDS
    cluster_jobid: Submitted batch job 12603629

Error executing rule simulate on cluster (jobid: 23, external: Submitted batch job 12603629, jobscript: /gpfs/accounts/jvmorr_root/jvmorr0/jvmorr/GFA_code_ocean/git_repository/gfa_manuscript/code/simulations/.snakemake/tmp.669n5qkt/snakejob.simulate.23.sh). For error details see the cluster log and the log files of the involved rule(s).
[Mon Aug 19 06:28:58 2024]
Error in rule simulate:
    jobid: 9
    output: ../../results/simulation_results/simulate/simulate.B1.0.0.RDS
    cluster_jobid: Submitted batch job 12603625

Error executing rule simulate on cluster (jobid: 9, external: Submitted batch job 12603625, jobscript: /gpfs/accounts/jvmorr_root/jvmorr0/jvmorr/GFA_code_ocean/git_repository/gfa_manuscript/code/simulations/.snakemake/tmp.669n5qkt/snakejob.simulate.9.sh). For error details see the cluster log and the log files of the involved rule(s).
[Mon Aug 19 06:28:58 2024]
Error in rule simulate:
    jobid: 13
    output: ../../results/simulation_results/simulate/simulate.B1.12.0.RDS
    cluster_jobid: Submitted batch job 12603630

Error executing rule simulate on cluster (jobid: 13, external: Submitted batch job 12603630, jobscript: /gpfs/accounts/jvmorr_root/jvmorr0/jvmorr/GFA_code_ocean/git_repository/gfa_manuscript/code/simulations/.snakemake/tmp.669n5qkt/snakejob.simulate.13.sh). For error details see the cluster log and the log files of the involved rule(s).
[Mon Aug 19 06:28:58 2024]
Error in rule simulate:
    jobid: 11
    output: ../../results/simulation_results/simulate/simulate.B1.3.0.RDS
    cluster_jobid: Submitted batch job 12603631

Error executing rule simulate on cluster (jobid: 11, external: Submitted batch job 12603631, jobscript: /gpfs/accounts/jvmorr_root/jvmorr0/jvmorr/GFA_code_ocean/git_repository/gfa_manuscript/code/simulations/.snakemake/tmp.669n5qkt/snakejob.simulate.11.sh). For error details see the cluster log and the log files of the involved rule(s).
[Mon Aug 19 06:29:08 2024]
Error in rule simulate:
    jobid: 15
    output: ../../results/simulation_results/simulate/simulate.B2.0.0.RDS
    cluster_jobid: Submitted batch job 12603621

Error executing rule simulate on cluster (jobid: 15, external: Submitted batch job 12603621, jobscript: /gpfs/accounts/jvmorr_root/jvmorr0/jvmorr/GFA_code_ocean/git_repository/gfa_manuscript/code/simulations/.snakemake/tmp.669n5qkt/snakejob.simulate.15.sh). For error details see the cluster log and the log files of the involved rule(s).
[Mon Aug 19 06:29:08 2024]
Error in rule simulate:
    jobid: 7
    output: ../../results/simulation_results/simulate/simulate.A.12.0.RDS
    cluster_jobid: Submitted batch job 12603622

Error executing rule simulate on cluster (jobid: 7, external: Submitted batch job 12603622, jobscript: /gpfs/accounts/jvmorr_root/jvmorr0/jvmorr/GFA_code_ocean/git_repository/gfa_manuscript/code/simulations/.snakemake/tmp.669n5qkt/snakejob.simulate.7.sh). For error details see the cluster log and the log files of the involved rule(s).
[Mon Aug 19 06:29:08 2024]
Error in rule simulate:
    jobid: 17
    output: ../../results/simulation_results/simulate/simulate.B2.3.0.RDS
    cluster_jobid: Submitted batch job 12603623

Error executing rule simulate on cluster (jobid: 17, external: Submitted batch job 12603623, jobscript: /gpfs/accounts/jvmorr_root/jvmorr0/jvmorr/GFA_code_ocean/git_repository/gfa_manuscript/code/simulations/.snakemake/tmp.669n5qkt/snakejob.simulate.17.sh). For error details see the cluster log and the log files of the involved rule(s).
[Mon Aug 19 06:29:08 2024]
Error in rule simulate:
    jobid: 3
    output: ../../results/simulation_results/simulate/simulate.A.0.0.RDS
    cluster_jobid: Submitted batch job 12603624

Error executing rule simulate on cluster (jobid: 3, external: Submitted batch job 12603624, jobscript: /gpfs/accounts/jvmorr_root/jvmorr0/jvmorr/GFA_code_ocean/git_repository/gfa_manuscript/code/simulations/.snakemake/tmp.669n5qkt/snakejob.simulate.3.sh). For error details see the cluster log and the log files of the involved rule(s).
[Mon Aug 19 06:29:08 2024]
Error in rule simulate:
    jobid: 19
    output: ../../results/simulation_results/simulate/simulate.B2.12.0.RDS
    cluster_jobid: Submitted batch job 12603626

Error executing rule simulate on cluster (jobid: 19, external: Submitted batch job 12603626, jobscript: /gpfs/accounts/jvmorr_root/jvmorr0/jvmorr/GFA_code_ocean/git_repository/gfa_manuscript/code/simulations/.snakemake/tmp.669n5qkt/snakejob.simulate.19.sh). For error details see the cluster log and the log files of the involved rule(s).
[Mon Aug 19 06:29:08 2024]
Error in rule simulate:
    jobid: 5
    output: ../../results/simulation_results/simulate/simulate.A.3.0.RDS
    cluster_jobid: Submitted batch job 12603627

Error executing rule simulate on cluster (jobid: 5, external: Submitted batch job 12603627, jobscript: /gpfs/accounts/jvmorr_root/jvmorr0/jvmorr/GFA_code_ocean/git_repository/gfa_manuscript/code/simulations/.snakemake/tmp.669n5qkt/snakejob.simulate.5.sh). For error details see the cluster log and the log files of the involved rule(s).
[Mon Aug 19 06:29:08 2024]
Error in rule simulate:
    jobid: 21
    output: ../../results/simulation_results/simulate/simulate.B3.0.0.RDS
    cluster_jobid: Submitted batch job 12603628

Error executing rule simulate on cluster (jobid: 21, external: Submitted batch job 12603628, jobscript: /gpfs/accounts/jvmorr_root/jvmorr0/jvmorr/GFA_code_ocean/git_repository/gfa_manuscript/code/simulations/.snakemake/tmp.669n5qkt/snakejob.simulate.21.sh). For error details see the cluster log and the log files of the involved rule(s).
Exiting because a job execution failed. Look above for error message
Complete log: .snakemake/log/2024-08-19T062601.702449.snakemake.log
